-- Found ament_cmake: 1.3.11 (/opt/ros/humble/share/ament_cmake/cmake)
-- Override CMake install command with custom implementation using symlinks instead of copying resources
-- Found builtin_interfaces: 1.2.1 (/opt/ros/humble/share/builtin_interfaces/cmake)
-- Found rosidl_generator_c: 3.1.6 (/opt/ros/humble/share/rosidl_generator_c/cmake)
-- Found rosidl_adapter: 3.1.6 (/opt/ros/humble/share/rosidl_adapter/cmake)
-- Found rosidl_generator_cpp: 3.1.6 (/opt/ros/humble/share/rosidl_generator_cpp/cmake)
-- Using all available rosidl_typesupport_c: rosidl_typesupport_fastrtps_c;rosidl_typesupport_introspection_c
-- Using all available rosidl_typesupport_cpp: rosidl_typesupport_fastrtps_cpp;rosidl_typesupport_introspection_cpp
-- Found rosidl_default_generators: 1.2.0 (/opt/ros/humble/share/rosidl_default_generators/cmake)
[31mCMake Error at /opt/ros/humble/share/rosidl_cmake/cmake/rosidl_generate_interfaces.cmake:93 (message):
  rosidl_generate_interfaces() the passed file
  'action/ArithmeticChecker.action' doesn't exist relative to the
  CMAKE_CURRENT_SOURCE_DIR
  '/home/noh0906/robot_ws/src/msg_srv_action_interface_example'
Call Stack (most recent call first):
  CMakeLists.txt:36 (rosidl_generate_interfaces)

[0m
-- Configuring incomplete, errors occurred!
See also "/home/noh0906/robot_ws/build/msg_srv_action_interface_example/CMakeFiles/CMakeOutput.log".
gmake: *** [Makefile:1179: cmake_check_build_system] 오류 1
