[0.719s] Invoking command in '/home/noh0906/robot_ws/build/turtle_pkg': PYTHONPATH=/home/noh0906/robot_ws/build/turtle_pkg/prefix_override:/usr/lib/python3/dist-packages/colcon_core/task/python/colcon_distutils_commands:/home/noh0906/robot_ws/install/turtle_pkg/lib/python3.10/site-packages:${PYTHONPATH} /usr/bin/python3 -W ignore:setup.py install is deprecated -W ignore:easy_install command is deprecated setup.py develop --editable --build-directory /home/noh0906/robot_ws/build/turtle_pkg/build --no-deps symlink_data
[0.996s] running develop
[1.160s] running egg_info
[1.161s] writing turtle_pkg.egg-info/PKG-INFO
[1.162s] writing dependency_links to turtle_pkg.egg-info/dependency_links.txt
[1.162s] writing entry points to turtle_pkg.egg-info/entry_points.txt
[1.162s] writing requirements to turtle_pkg.egg-info/requires.txt
[1.162s] writing top-level names to turtle_pkg.egg-info/top_level.txt
[1.163s] reading manifest file 'turtle_pkg.egg-info/SOURCES.txt'
[1.164s] writing manifest file 'turtle_pkg.egg-info/SOURCES.txt'
[1.166s] running build_ext
[1.166s] Creating /home/noh0906/robot_ws/install/turtle_pkg/lib/python3.10/site-packages/turtle-pkg.egg-link (link to .)
[1.167s] Installing dist_turtle_action_server script to /home/noh0906/robot_ws/install/turtle_pkg/lib/turtle_pkg
[1.167s] Installing multi_thread_sub = turtle_pkg.multi.thread.sub:mainmy_multi_thread script to /home/noh0906/robot_ws/install/turtle_pkg/lib/turtle_pkg
[1.167s] Installing my_service_server script to /home/noh0906/robot_ws/install/turtle_pkg/lib/turtle_pkg
[1.168s] Installing turtle_cmd_and_pose script to /home/noh0906/robot_ws/install/turtle_pkg/lib/turtle_pkg
[1.168s] Installing turtle_pub script to /home/noh0906/robot_ws/install/turtle_pkg/lib/turtle_pkg
[1.168s] 
[1.168s] Installed /home/noh0906/robot_ws/build/turtle_pkg
[1.168s] running symlink_data
[1.199s] Invoked command in '/home/noh0906/robot_ws/build/turtle_pkg' returned '0': PYTHONPATH=/home/noh0906/robot_ws/build/turtle_pkg/prefix_override:/usr/lib/python3/dist-packages/colcon_core/task/python/colcon_distutils_commands:/home/noh0906/robot_ws/install/turtle_pkg/lib/python3.10/site-packages:${PYTHONPATH} /usr/bin/python3 -W ignore:setup.py install is deprecated -W ignore:easy_install command is deprecated setup.py develop --editable --build-directory /home/noh0906/robot_ws/build/turtle_pkg/build --no-deps symlink_data
