[0.677s] Invoking command in '/home/noh0906/robot_ws/build/topic_service_action_rclpy_example': PYTHONPATH=/home/noh0906/robot_ws/build/topic_service_action_rclpy_example/prefix_override:/usr/lib/python3/dist-packages/colcon_core/task/python/colcon_distutils_commands:/home/noh0906/robot_ws/install/topic_service_action_rclpy_example/lib/python3.10/site-packages:${PYTHONPATH} /usr/bin/python3 -W ignore:setup.py install is deprecated -W ignore:easy_install command is deprecated setup.py develop --editable --build-directory /home/noh0906/robot_ws/build/topic_service_action_rclpy_example/build --no-deps symlink_data
[0.956s] running develop
[1.121s] running egg_info
[1.121s] writing topic_service_action_rclpy_example.egg-info/PKG-INFO
[1.121s] writing dependency_links to topic_service_action_rclpy_example.egg-info/dependency_links.txt
[1.121s] writing entry points to topic_service_action_rclpy_example.egg-info/entry_points.txt
[1.123s] writing requirements to topic_service_action_rclpy_example.egg-info/requires.txt
[1.123s] writing top-level names to topic_service_action_rclpy_example.egg-info/top_level.txt
[1.124s] reading manifest file 'topic_service_action_rclpy_example.egg-info/SOURCES.txt'
[1.124s] writing manifest file 'topic_service_action_rclpy_example.egg-info/SOURCES.txt'
[1.126s] running build_ext
[1.127s] Creating /home/noh0906/robot_ws/install/topic_service_action_rclpy_example/lib/python3.10/site-packages/topic-service-action-rclpy-example.egg-link (link to .)
[1.127s] Installing argument script to /home/noh0906/robot_ws/install/topic_service_action_rclpy_example/lib/topic_service_action_rclpy_example
[1.127s] Installing arithmetic.launch script to /home/noh0906/robot_ws/install/topic_service_action_rclpy_example/lib/topic_service_action_rclpy_example
[1.128s] Installing arithmetic_action_server script to /home/noh0906/robot_ws/install/topic_service_action_rclpy_example/lib/topic_service_action_rclpy_example
[1.128s] Installing arithmetic_checker script to /home/noh0906/robot_ws/install/topic_service_action_rclpy_example/lib/topic_service_action_rclpy_example
[1.128s] Installing calculator script to /home/noh0906/robot_ws/install/topic_service_action_rclpy_example/lib/topic_service_action_rclpy_example
[1.129s] Installing multi_thread script to /home/noh0906/robot_ws/install/topic_service_action_rclpy_example/lib/topic_service_action_rclpy_example
[1.129s] Installing operator script to /home/noh0906/robot_ws/install/topic_service_action_rclpy_example/lib/topic_service_action_rclpy_example
[1.129s] 
[1.129s] Installed /home/noh0906/robot_ws/build/topic_service_action_rclpy_example
[1.129s] running symlink_data
[1.164s] Invoked command in '/home/noh0906/robot_ws/build/topic_service_action_rclpy_example' returned '0': PYTHONPATH=/home/noh0906/robot_ws/build/topic_service_action_rclpy_example/prefix_override:/usr/lib/python3/dist-packages/colcon_core/task/python/colcon_distutils_commands:/home/noh0906/robot_ws/install/topic_service_action_rclpy_example/lib/python3.10/site-packages:${PYTHONPATH} /usr/bin/python3 -W ignore:setup.py install is deprecated -W ignore:easy_install command is deprecated setup.py develop --editable --build-directory /home/noh0906/robot_ws/build/topic_service_action_rclpy_example/build --no-deps symlink_data
