[0.106s] DEBUG:colcon:Command line arguments: ['/usr/bin/colcon', 'build', '--symlink-install']
[0.106s] DEBUG:colcon:Parsed command line arguments: Namespace(log_base=None, log_level=None, verb_name='build', build_base='build', install_base='install', merge_install=False, symlink_install=True, test_result_base=None, continue_on_error=False, executor='parallel', parallel_workers=2, event_handlers=None, ignore_user_meta=False, metas=['./colcon.meta'], base_paths=['.'], packages_ignore=None, packages_ignore_regex=None, paths=None, packages_up_to=None, packages_up_to_regex=None, packages_above=None, packages_above_and_dependencies=None, packages_above_depth=None, packages_select_by_dep=None, packages_skip_by_dep=None, packages_skip_up_to=None, packages_select_build_failed=False, packages_skip_build_finished=False, packages_select_test_failures=False, packages_skip_test_passed=False, packages_select=None, packages_skip=None, packages_select_regex=None, packages_skip_regex=None, packages_start=None, packages_end=None, allow_overriding=[], cmake_args=None, cmake_target=None, cmake_target_skip_unavailable=False, cmake_clean_cache=False, cmake_clean_first=False, cmake_force_configure=False, ament_cmake_args=None, catkin_cmake_args=None, catkin_skip_building_tests=False, mixin_files=None, mixin=None, verb_parser=<colcon_mixin.mixin.mixin_argument.MixinArgumentDecorator object at 0x7645f6a82860>, verb_extension=<colcon_core.verb.build.BuildVerb object at 0x7645f6a82260>, main=<bound method BuildVerb.main of <colcon_core.verb.build.BuildVerb object at 0x7645f6a82260>>, mixin_verb=('build',))
[0.302s] Level 1:colcon.colcon_core.package_discovery:discover_packages(colcon_meta) check parameters
[0.302s] Level 1:colcon.colcon_core.package_discovery:discover_packages(recursive) check parameters
[0.302s] Level 1:colcon.colcon_core.package_discovery:discover_packages(ignore) check parameters
[0.302s] Level 1:colcon.colcon_core.package_discovery:discover_packages(path) check parameters
[0.302s] Level 1:colcon.colcon_core.package_discovery:discover_packages(colcon_meta) discover
[0.302s] Level 1:colcon.colcon_core.package_discovery:discover_packages(recursive) discover
[0.302s] INFO:colcon.colcon_core.package_discovery:Crawling recursively for packages in '/home/noh0906/robot_ws'
[0.302s] Level 1:colcon.colcon_core.package_identification:_identify(.) by extensions ['ignore', 'ignore_ament_install']
[0.303s] Level 1:colcon.colcon_core.package_identification:_identify(.) by extension 'ignore'
[0.303s] Level 1:colcon.colcon_core.package_identification:_identify(.) by extension 'ignore_ament_install'
[0.303s] Level 1:colcon.colcon_core.package_identification:_identify(.) by extensions ['colcon_pkg']
[0.303s] Level 1:colcon.colcon_core.package_identification:_identify(.) by extension 'colcon_pkg'
[0.303s] Level 1:colcon.colcon_core.package_identification:_identify(.) by extensions ['colcon_meta']
[0.303s] Level 1:colcon.colcon_core.package_identification:_identify(.) by extension 'colcon_meta'
[0.303s] Level 1:colcon.colcon_core.package_identification:_identify(.) by extensions ['ros']
[0.303s] Level 1:colcon.colcon_core.package_identification:_identify(.) by extension 'ros'
[0.313s] Level 1:colcon.colcon_core.package_identification:_identify(.) by extensions ['cmake', 'python']
[0.313s] Level 1:colcon.colcon_core.package_identification:_identify(.) by extension 'cmake'
[0.313s] Level 1:colcon.colcon_core.package_identification:_identify(.) by extension 'python'
[0.313s] Level 1:colcon.colcon_core.package_identification:_identify(.) by extensions ['python_setup_py']
[0.313s] Level 1:colcon.colcon_core.package_identification:_identify(.) by extension 'python_setup_py'
[0.313s] Level 1:colcon.colcon_core.package_identification:_identify(action﻿) by extensions ['ignore', 'ignore_ament_install']
[0.313s] Level 1:colcon.colcon_core.package_identification:_identify(action﻿) by extension 'ignore'
[0.313s] Level 1:colcon.colcon_core.package_identification:_identify(action﻿) by extension 'ignore_ament_install'
[0.313s] Level 1:colcon.colcon_core.package_identification:_identify(action﻿) by extensions ['colcon_pkg']
[0.313s] Level 1:colcon.colcon_core.package_identification:_identify(action﻿) by extension 'colcon_pkg'
[0.313s] Level 1:colcon.colcon_core.package_identification:_identify(action﻿) by extensions ['colcon_meta']
[0.313s] Level 1:colcon.colcon_core.package_identification:_identify(action﻿) by extension 'colcon_meta'
[0.313s] Level 1:colcon.colcon_core.package_identification:_identify(action﻿) by extensions ['ros']
[0.313s] Level 1:colcon.colcon_core.package_identification:_identify(action﻿) by extension 'ros'
[0.313s] Level 1:colcon.colcon_core.package_identification:_identify(action﻿) by extensions ['cmake', 'python']
[0.313s] Level 1:colcon.colcon_core.package_identification:_identify(action﻿) by extension 'cmake'
[0.314s] Level 1:colcon.colcon_core.package_identification:_identify(action﻿) by extension 'python'
[0.314s] Level 1:colcon.colcon_core.package_identification:_identify(action﻿) by extensions ['python_setup_py']
[0.314s] Level 1:colcon.colcon_core.package_identification:_identify(action﻿) by extension 'python_setup_py'
[0.314s] Level 1:colcon.colcon_core.package_identification:_identify(build) by extensions ['ignore', 'ignore_ament_install']
[0.314s] Level 1:colcon.colcon_core.package_identification:_identify(build) by extension 'ignore'
[0.314s] Level 1:colcon.colcon_core.package_identification:_identify(build) ignored
[0.314s] Level 1:colcon.colcon_core.package_identification:_identify(install) by extensions ['ignore', 'ignore_ament_install']
[0.314s] Level 1:colcon.colcon_core.package_identification:_identify(install) by extension 'ignore'
[0.314s] Level 1:colcon.colcon_core.package_identification:_identify(install) ignored
[0.314s] Level 1:colcon.colcon_core.package_identification:_identify(log) by extensions ['ignore', 'ignore_ament_install']
[0.314s] Level 1:colcon.colcon_core.package_identification:_identify(log) by extension 'ignore'
[0.314s] Level 1:colcon.colcon_core.package_identification:_identify(log) ignored
[0.314s] Level 1:colcon.colcon_core.package_identification:_identify(msg) by extensions ['ignore', 'ignore_ament_install']
[0.314s] Level 1:colcon.colcon_core.package_identification:_identify(msg) by extension 'ignore'
[0.315s] Level 1:colcon.colcon_core.package_identification:_identify(msg) by extension 'ignore_ament_install'
[0.315s] Level 1:colcon.colcon_core.package_identification:_identify(msg) by extensions ['colcon_pkg']
[0.315s] Level 1:colcon.colcon_core.package_identification:_identify(msg) by extension 'colcon_pkg'
[0.315s] Level 1:colcon.colcon_core.package_identification:_identify(msg) by extensions ['colcon_meta']
[0.315s] Level 1:colcon.colcon_core.package_identification:_identify(msg) by extension 'colcon_meta'
[0.315s] Level 1:colcon.colcon_core.package_identification:_identify(msg) by extensions ['ros']
[0.315s] Level 1:colcon.colcon_core.package_identification:_identify(msg) by extension 'ros'
[0.315s] Level 1:colcon.colcon_core.package_identification:_identify(msg) by extensions ['cmake', 'python']
[0.315s] Level 1:colcon.colcon_core.package_identification:_identify(msg) by extension 'cmake'
[0.315s] Level 1:colcon.colcon_core.package_identification:_identify(msg) by extension 'python'
[0.315s] Level 1:colcon.colcon_core.package_identification:_identify(msg) by extensions ['python_setup_py']
[0.315s] Level 1:colcon.colcon_core.package_identification:_identify(msg) by extension 'python_setup_py'
[0.315s] Level 1:colcon.colcon_core.package_identification:_identify(src) by extensions ['ignore', 'ignore_ament_install']
[0.315s] Level 1:colcon.colcon_core.package_identification:_identify(src) by extension 'ignore'
[0.315s] Level 1:colcon.colcon_core.package_identification:_identify(src) by extension 'ignore_ament_install'
[0.315s] Level 1:colcon.colcon_core.package_identification:_identify(src) by extensions ['colcon_pkg']
[0.315s] Level 1:colcon.colcon_core.package_identification:_identify(src) by extension 'colcon_pkg'
[0.315s] Level 1:colcon.colcon_core.package_identification:_identify(src) by extensions ['colcon_meta']
[0.315s] Level 1:colcon.colcon_core.package_identification:_identify(src) by extension 'colcon_meta'
[0.315s] Level 1:colcon.colcon_core.package_identification:_identify(src) by extensions ['ros']
[0.315s] Level 1:colcon.colcon_core.package_identification:_identify(src) by extension 'ros'
[0.315s] Level 1:colcon.colcon_core.package_identification:_identify(src) by extensions ['cmake', 'python']
[0.315s] Level 1:colcon.colcon_core.package_identification:_identify(src) by extension 'cmake'
[0.315s] Level 1:colcon.colcon_core.package_identification:_identify(src) by extension 'python'
[0.315s] Level 1:colcon.colcon_core.package_identification:_identify(src) by extensions ['python_setup_py']
[0.315s] Level 1:colcon.colcon_core.package_identification:_identify(src) by extension 'python_setup_py'
[0.316s] Level 1:colcon.colcon_core.package_identification:_identify(src/msg_srv_action_interface_example) by extensions ['ignore', 'ignore_ament_install']
[0.316s] Level 1:colcon.colcon_core.package_identification:_identify(src/msg_srv_action_interface_example) by extension 'ignore'
[0.316s] Level 1:colcon.colcon_core.package_identification:_identify(src/msg_srv_action_interface_example) by extension 'ignore_ament_install'
[0.316s] Level 1:colcon.colcon_core.package_identification:_identify(src/msg_srv_action_interface_example) by extensions ['colcon_pkg']
[0.316s] Level 1:colcon.colcon_core.package_identification:_identify(src/msg_srv_action_interface_example) by extension 'colcon_pkg'
[0.316s] Level 1:colcon.colcon_core.package_identification:_identify(src/msg_srv_action_interface_example) by extensions ['colcon_meta']
[0.316s] Level 1:colcon.colcon_core.package_identification:_identify(src/msg_srv_action_interface_example) by extension 'colcon_meta'
[0.316s] Level 1:colcon.colcon_core.package_identification:_identify(src/msg_srv_action_interface_example) by extensions ['ros']
[0.316s] Level 1:colcon.colcon_core.package_identification:_identify(src/msg_srv_action_interface_example) by extension 'ros'
[0.319s] DEBUG:colcon.colcon_core.package_identification:Package 'src/msg_srv_action_interface_example' with type 'ros.ament_cmake' and name 'msg_srv_action_interface_example'
[0.319s] Level 1:colcon.colcon_core.package_identification:_identify(src/my_first_package_msgs) by extensions ['ignore', 'ignore_ament_install']
[0.319s] Level 1:colcon.colcon_core.package_identification:_identify(src/my_first_package_msgs) by extension 'ignore'
[0.319s] Level 1:colcon.colcon_core.package_identification:_identify(src/my_first_package_msgs) by extension 'ignore_ament_install'
[0.320s] Level 1:colcon.colcon_core.package_identification:_identify(src/my_first_package_msgs) by extensions ['colcon_pkg']
[0.320s] Level 1:colcon.colcon_core.package_identification:_identify(src/my_first_package_msgs) by extension 'colcon_pkg'
[0.320s] Level 1:colcon.colcon_core.package_identification:_identify(src/my_first_package_msgs) by extensions ['colcon_meta']
[0.320s] Level 1:colcon.colcon_core.package_identification:_identify(src/my_first_package_msgs) by extension 'colcon_meta'
[0.320s] Level 1:colcon.colcon_core.package_identification:_identify(src/my_first_package_msgs) by extensions ['ros']
[0.320s] Level 1:colcon.colcon_core.package_identification:_identify(src/my_first_package_msgs) by extension 'ros'
[0.320s] DEBUG:colcon.colcon_core.package_identification:Package 'src/my_first_package_msgs' with type 'ros.ament_cmake' and name 'my_first_package_msgs'
[0.320s] Level 1:colcon.colcon_core.package_identification:_identify(src/my_first_ros_rclpy_pkg) by extensions ['ignore', 'ignore_ament_install']
[0.320s] Level 1:colcon.colcon_core.package_identification:_identify(src/my_first_ros_rclpy_pkg) by extension 'ignore'
[0.320s] Level 1:colcon.colcon_core.package_identification:_identify(src/my_first_ros_rclpy_pkg) by extension 'ignore_ament_install'
[0.320s] Level 1:colcon.colcon_core.package_identification:_identify(src/my_first_ros_rclpy_pkg) by extensions ['colcon_pkg']
[0.320s] Level 1:colcon.colcon_core.package_identification:_identify(src/my_first_ros_rclpy_pkg) by extension 'colcon_pkg'
[0.321s] Level 1:colcon.colcon_core.package_identification:_identify(src/my_first_ros_rclpy_pkg) by extensions ['colcon_meta']
[0.321s] Level 1:colcon.colcon_core.package_identification:_identify(src/my_first_ros_rclpy_pkg) by extension 'colcon_meta'
[0.321s] Level 1:colcon.colcon_core.package_identification:_identify(src/my_first_ros_rclpy_pkg) by extensions ['ros']
[0.321s] Level 1:colcon.colcon_core.package_identification:_identify(src/my_first_ros_rclpy_pkg) by extension 'ros'
[0.321s] DEBUG:colcon.colcon_core.package_identification:Package 'src/my_first_ros_rclpy_pkg' with type 'ros.ament_python' and name 'my_first_ros_rclpy_pkg'
[0.321s] Level 1:colcon.colcon_core.package_identification:_identify(src/my_move_turtle_pkg) by extensions ['ignore', 'ignore_ament_install']
[0.321s] Level 1:colcon.colcon_core.package_identification:_identify(src/my_move_turtle_pkg) by extension 'ignore'
[0.321s] Level 1:colcon.colcon_core.package_identification:_identify(src/my_move_turtle_pkg) by extension 'ignore_ament_install'
[0.321s] Level 1:colcon.colcon_core.package_identification:_identify(src/my_move_turtle_pkg) by extensions ['colcon_pkg']
[0.321s] Level 1:colcon.colcon_core.package_identification:_identify(src/my_move_turtle_pkg) by extension 'colcon_pkg'
[0.321s] Level 1:colcon.colcon_core.package_identification:_identify(src/my_move_turtle_pkg) by extensions ['colcon_meta']
[0.321s] Level 1:colcon.colcon_core.package_identification:_identify(src/my_move_turtle_pkg) by extension 'colcon_meta'
[0.322s] Level 1:colcon.colcon_core.package_identification:_identify(src/my_move_turtle_pkg) by extensions ['ros']
[0.322s] Level 1:colcon.colcon_core.package_identification:_identify(src/my_move_turtle_pkg) by extension 'ros'
[0.322s] DEBUG:colcon.colcon_core.package_identification:Package 'src/my_move_turtle_pkg' with type 'ros.ament_python' and name 'turtle_pkg'
[0.322s] Level 1:colcon.colcon_core.package_identification:_identify(src/my_turtlebot_pkg) by extensions ['ignore', 'ignore_ament_install']
[0.322s] Level 1:colcon.colcon_core.package_identification:_identify(src/my_turtlebot_pkg) by extension 'ignore'
[0.323s] Level 1:colcon.colcon_core.package_identification:_identify(src/my_turtlebot_pkg) by extension 'ignore_ament_install'
[0.323s] Level 1:colcon.colcon_core.package_identification:_identify(src/my_turtlebot_pkg) by extensions ['colcon_pkg']
[0.323s] Level 1:colcon.colcon_core.package_identification:_identify(src/my_turtlebot_pkg) by extension 'colcon_pkg'
[0.323s] Level 1:colcon.colcon_core.package_identification:_identify(src/my_turtlebot_pkg) by extensions ['colcon_meta']
[0.323s] Level 1:colcon.colcon_core.package_identification:_identify(src/my_turtlebot_pkg) by extension 'colcon_meta'
[0.323s] Level 1:colcon.colcon_core.package_identification:_identify(src/my_turtlebot_pkg) by extensions ['ros']
[0.323s] Level 1:colcon.colcon_core.package_identification:_identify(src/my_turtlebot_pkg) by extension 'ros'
[0.323s] DEBUG:colcon.colcon_core.package_identification:Package 'src/my_turtlebot_pkg' with type 'ros.ament_python' and name 'my_turtlebot_pkg'
[0.323s] Level 1:colcon.colcon_core.package_identification:_identify(src/ros_time_pkg) by extensions ['ignore', 'ignore_ament_install']
[0.323s] Level 1:colcon.colcon_core.package_identification:_identify(src/ros_time_pkg) by extension 'ignore'
[0.323s] Level 1:colcon.colcon_core.package_identification:_identify(src/ros_time_pkg) by extension 'ignore_ament_install'
[0.323s] Level 1:colcon.colcon_core.package_identification:_identify(src/ros_time_pkg) by extensions ['colcon_pkg']
[0.323s] Level 1:colcon.colcon_core.package_identification:_identify(src/ros_time_pkg) by extension 'colcon_pkg'
[0.324s] Level 1:colcon.colcon_core.package_identification:_identify(src/ros_time_pkg) by extensions ['colcon_meta']
[0.324s] Level 1:colcon.colcon_core.package_identification:_identify(src/ros_time_pkg) by extension 'colcon_meta'
[0.324s] Level 1:colcon.colcon_core.package_identification:_identify(src/ros_time_pkg) by extensions ['ros']
[0.324s] Level 1:colcon.colcon_core.package_identification:_identify(src/ros_time_pkg) by extension 'ros'
[0.324s] DEBUG:colcon.colcon_core.package_identification:Package 'src/ros_time_pkg' with type 'ros.ament_python' and name 'ros_time_pkg'
[0.324s] Level 1:colcon.colcon_core.package_identification:_identify(src/topic_service_action_rclpy_example) by extensions ['ignore', 'ignore_ament_install']
[0.324s] Level 1:colcon.colcon_core.package_identification:_identify(src/topic_service_action_rclpy_example) by extension 'ignore'
[0.324s] Level 1:colcon.colcon_core.package_identification:_identify(src/topic_service_action_rclpy_example) by extension 'ignore_ament_install'
[0.324s] Level 1:colcon.colcon_core.package_identification:_identify(src/topic_service_action_rclpy_example) by extensions ['colcon_pkg']
[0.324s] Level 1:colcon.colcon_core.package_identification:_identify(src/topic_service_action_rclpy_example) by extension 'colcon_pkg'
[0.324s] Level 1:colcon.colcon_core.package_identification:_identify(src/topic_service_action_rclpy_example) by extensions ['colcon_meta']
[0.324s] Level 1:colcon.colcon_core.package_identification:_identify(src/topic_service_action_rclpy_example) by extension 'colcon_meta'
[0.324s] Level 1:colcon.colcon_core.package_identification:_identify(src/topic_service_action_rclpy_example) by extensions ['ros']
[0.325s] Level 1:colcon.colcon_core.package_identification:_identify(src/topic_service_action_rclpy_example) by extension 'ros'
[0.325s] DEBUG:colcon.colcon_core.package_identification:Package 'src/topic_service_action_rclpy_example' with type 'ros.ament_python' and name 'topic_service_action_rclpy_example'
[0.325s] Level 1:colcon.colcon_core.package_identification:_identify(srv) by extensions ['ignore', 'ignore_ament_install']
[0.325s] Level 1:colcon.colcon_core.package_identification:_identify(srv) by extension 'ignore'
[0.325s] Level 1:colcon.colcon_core.package_identification:_identify(srv) by extension 'ignore_ament_install'
[0.325s] Level 1:colcon.colcon_core.package_identification:_identify(srv) by extensions ['colcon_pkg']
[0.325s] Level 1:colcon.colcon_core.package_identification:_identify(srv) by extension 'colcon_pkg'
[0.325s] Level 1:colcon.colcon_core.package_identification:_identify(srv) by extensions ['colcon_meta']
[0.325s] Level 1:colcon.colcon_core.package_identification:_identify(srv) by extension 'colcon_meta'
[0.325s] Level 1:colcon.colcon_core.package_identification:_identify(srv) by extensions ['ros']
[0.325s] Level 1:colcon.colcon_core.package_identification:_identify(srv) by extension 'ros'
[0.325s] Level 1:colcon.colcon_core.package_identification:_identify(srv) by extensions ['cmake', 'python']
[0.325s] Level 1:colcon.colcon_core.package_identification:_identify(srv) by extension 'cmake'
[0.325s] Level 1:colcon.colcon_core.package_identification:_identify(srv) by extension 'python'
[0.325s] Level 1:colcon.colcon_core.package_identification:_identify(srv) by extensions ['python_setup_py']
[0.326s] Level 1:colcon.colcon_core.package_identification:_identify(srv) by extension 'python_setup_py'
[0.326s] Level 1:colcon.colcon_core.package_discovery:discover_packages(recursive) using defaults
[0.326s] Level 1:colcon.colcon_core.package_discovery:discover_packages(ignore) discover
[0.326s] Level 1:colcon.colcon_core.package_discovery:discover_packages(ignore) using defaults
[0.326s] Level 1:colcon.colcon_core.package_discovery:discover_packages(path) discover
[0.326s] Level 1:colcon.colcon_core.package_discovery:discover_packages(path) using defaults
[0.346s] Level 1:colcon.colcon_core.package_discovery:discover_packages(prefix_path) check parameters
[0.346s] Level 1:colcon.colcon_core.package_discovery:discover_packages(prefix_path) discover
[0.348s] DEBUG:colcon.colcon_installed_package_information.package_discovery:Found 15 installed packages in /home/noh0906/turtlebot3_ws/install
[0.349s] DEBUG:colcon.colcon_installed_package_information.package_discovery:Found 7 installed packages in /home/noh0906/robot_ws/install
[0.350s] DEBUG:colcon.colcon_installed_package_information.package_discovery:Found 421 installed packages in /opt/ros/humble
[0.353s] Level 1:colcon.colcon_core.package_discovery:discover_packages(prefix_path) using defaults
[0.394s] Level 5:colcon.colcon_core.verb:set package 'msg_srv_action_interface_example' build argument 'cmake_args' from command line to 'None'
[0.394s] Level 5:colcon.colcon_core.verb:set package 'msg_srv_action_interface_example' build argument 'cmake_target' from command line to 'None'
[0.394s] Level 5:colcon.colcon_core.verb:set package 'msg_srv_action_interface_example' build argument 'cmake_target_skip_unavailable' from command line to 'False'
[0.394s] Level 5:colcon.colcon_core.verb:set package 'msg_srv_action_interface_example' build argument 'cmake_clean_cache' from command line to 'False'
[0.394s] Level 5:colcon.colcon_core.verb:set package 'msg_srv_action_interface_example' build argument 'cmake_clean_first' from command line to 'False'
[0.394s] Level 5:colcon.colcon_core.verb:set package 'msg_srv_action_interface_example' build argument 'cmake_force_configure' from command line to 'False'
[0.394s] Level 5:colcon.colcon_core.verb:set package 'msg_srv_action_interface_example' build argument 'ament_cmake_args' from command line to 'None'
[0.395s] Level 5:colcon.colcon_core.verb:set package 'msg_srv_action_interface_example' build argument 'catkin_cmake_args' from command line to 'None'
[0.395s] Level 5:colcon.colcon_core.verb:set package 'msg_srv_action_interface_example' build argument 'catkin_skip_building_tests' from command line to 'False'
[0.395s] DEBUG:colcon.colcon_core.verb:Building package 'msg_srv_action_interface_example' with the following arguments: {'ament_cmake_args': None, 'build_base': '/home/noh0906/robot_ws/build/msg_srv_action_interface_example', 'catkin_cmake_args': None, 'catkin_skip_building_tests': False, 'cmake_args': None, 'cmake_clean_cache': False, 'cmake_clean_first': False, 'cmake_force_configure': False, 'cmake_target': None, 'cmake_target_skip_unavailable': False, 'install_base': '/home/noh0906/robot_ws/install/msg_srv_action_interface_example', 'merge_install': False, 'path': '/home/noh0906/robot_ws/src/msg_srv_action_interface_example', 'symlink_install': True, 'test_result_base': None}
[0.395s] Level 5:colcon.colcon_core.verb:set package 'my_first_package_msgs' build argument 'cmake_args' from command line to 'None'
[0.395s] Level 5:colcon.colcon_core.verb:set package 'my_first_package_msgs' build argument 'cmake_target' from command line to 'None'
[0.395s] Level 5:colcon.colcon_core.verb:set package 'my_first_package_msgs' build argument 'cmake_target_skip_unavailable' from command line to 'False'
[0.395s] Level 5:colcon.colcon_core.verb:set package 'my_first_package_msgs' build argument 'cmake_clean_cache' from command line to 'False'
[0.395s] Level 5:colcon.colcon_core.verb:set package 'my_first_package_msgs' build argument 'cmake_clean_first' from command line to 'False'
[0.395s] Level 5:colcon.colcon_core.verb:set package 'my_first_package_msgs' build argument 'cmake_force_configure' from command line to 'False'
[0.395s] Level 5:colcon.colcon_core.verb:set package 'my_first_package_msgs' build argument 'ament_cmake_args' from command line to 'None'
[0.395s] Level 5:colcon.colcon_core.verb:set package 'my_first_package_msgs' build argument 'catkin_cmake_args' from command line to 'None'
[0.395s] Level 5:colcon.colcon_core.verb:set package 'my_first_package_msgs' build argument 'catkin_skip_building_tests' from command line to 'False'
[0.395s] DEBUG:colcon.colcon_core.verb:Building package 'my_first_package_msgs' with the following arguments: {'ament_cmake_args': None, 'build_base': '/home/noh0906/robot_ws/build/my_first_package_msgs', 'catkin_cmake_args': None, 'catkin_skip_building_tests': False, 'cmake_args': None, 'cmake_clean_cache': False, 'cmake_clean_first': False, 'cmake_force_configure': False, 'cmake_target': None, 'cmake_target_skip_unavailable': False, 'install_base': '/home/noh0906/robot_ws/install/my_first_package_msgs', 'merge_install': False, 'path': '/home/noh0906/robot_ws/src/my_first_package_msgs', 'symlink_install': True, 'test_result_base': None}
[0.396s] Level 5:colcon.colcon_core.verb:set package 'my_first_ros_rclpy_pkg' build argument 'cmake_args' from command line to 'None'
[0.396s] Level 5:colcon.colcon_core.verb:set package 'my_first_ros_rclpy_pkg' build argument 'cmake_target' from command line to 'None'
[0.396s] Level 5:colcon.colcon_core.verb:set package 'my_first_ros_rclpy_pkg' build argument 'cmake_target_skip_unavailable' from command line to 'False'
[0.396s] Level 5:colcon.colcon_core.verb:set package 'my_first_ros_rclpy_pkg' build argument 'cmake_clean_cache' from command line to 'False'
[0.396s] Level 5:colcon.colcon_core.verb:set package 'my_first_ros_rclpy_pkg' build argument 'cmake_clean_first' from command line to 'False'
[0.396s] Level 5:colcon.colcon_core.verb:set package 'my_first_ros_rclpy_pkg' build argument 'cmake_force_configure' from command line to 'False'
[0.396s] Level 5:colcon.colcon_core.verb:set package 'my_first_ros_rclpy_pkg' build argument 'ament_cmake_args' from command line to 'None'
[0.396s] Level 5:colcon.colcon_core.verb:set package 'my_first_ros_rclpy_pkg' build argument 'catkin_cmake_args' from command line to 'None'
[0.396s] Level 5:colcon.colcon_core.verb:set package 'my_first_ros_rclpy_pkg' build argument 'catkin_skip_building_tests' from command line to 'False'
[0.396s] DEBUG:colcon.colcon_core.verb:Building package 'my_first_ros_rclpy_pkg' with the following arguments: {'ament_cmake_args': None, 'build_base': '/home/noh0906/robot_ws/build/my_first_ros_rclpy_pkg', 'catkin_cmake_args': None, 'catkin_skip_building_tests': False, 'cmake_args': None, 'cmake_clean_cache': False, 'cmake_clean_first': False, 'cmake_force_configure': False, 'cmake_target': None, 'cmake_target_skip_unavailable': False, 'install_base': '/home/noh0906/robot_ws/install/my_first_ros_rclpy_pkg', 'merge_install': False, 'path': '/home/noh0906/robot_ws/src/my_first_ros_rclpy_pkg', 'symlink_install': True, 'test_result_base': None}
[0.396s] Level 5:colcon.colcon_core.verb:set package 'my_turtlebot_pkg' build argument 'cmake_args' from command line to 'None'
[0.396s] Level 5:colcon.colcon_core.verb:set package 'my_turtlebot_pkg' build argument 'cmake_target' from command line to 'None'
[0.396s] Level 5:colcon.colcon_core.verb:set package 'my_turtlebot_pkg' build argument 'cmake_target_skip_unavailable' from command line to 'False'
[0.396s] Level 5:colcon.colcon_core.verb:set package 'my_turtlebot_pkg' build argument 'cmake_clean_cache' from command line to 'False'
[0.396s] Level 5:colcon.colcon_core.verb:set package 'my_turtlebot_pkg' build argument 'cmake_clean_first' from command line to 'False'
[0.396s] Level 5:colcon.colcon_core.verb:set package 'my_turtlebot_pkg' build argument 'cmake_force_configure' from command line to 'False'
[0.396s] Level 5:colcon.colcon_core.verb:set package 'my_turtlebot_pkg' build argument 'ament_cmake_args' from command line to 'None'
[0.396s] Level 5:colcon.colcon_core.verb:set package 'my_turtlebot_pkg' build argument 'catkin_cmake_args' from command line to 'None'
[0.396s] Level 5:colcon.colcon_core.verb:set package 'my_turtlebot_pkg' build argument 'catkin_skip_building_tests' from command line to 'False'
[0.396s] DEBUG:colcon.colcon_core.verb:Building package 'my_turtlebot_pkg' with the following arguments: {'ament_cmake_args': None, 'build_base': '/home/noh0906/robot_ws/build/my_turtlebot_pkg', 'catkin_cmake_args': None, 'catkin_skip_building_tests': False, 'cmake_args': None, 'cmake_clean_cache': False, 'cmake_clean_first': False, 'cmake_force_configure': False, 'cmake_target': None, 'cmake_target_skip_unavailable': False, 'install_base': '/home/noh0906/robot_ws/install/my_turtlebot_pkg', 'merge_install': False, 'path': '/home/noh0906/robot_ws/src/my_turtlebot_pkg', 'symlink_install': True, 'test_result_base': None}
[0.397s] Level 5:colcon.colcon_core.verb:set package 'ros_time_pkg' build argument 'cmake_args' from command line to 'None'
[0.397s] Level 5:colcon.colcon_core.verb:set package 'ros_time_pkg' build argument 'cmake_target' from command line to 'None'
[0.397s] Level 5:colcon.colcon_core.verb:set package 'ros_time_pkg' build argument 'cmake_target_skip_unavailable' from command line to 'False'
[0.397s] Level 5:colcon.colcon_core.verb:set package 'ros_time_pkg' build argument 'cmake_clean_cache' from command line to 'False'
[0.397s] Level 5:colcon.colcon_core.verb:set package 'ros_time_pkg' build argument 'cmake_clean_first' from command line to 'False'
[0.397s] Level 5:colcon.colcon_core.verb:set package 'ros_time_pkg' build argument 'cmake_force_configure' from command line to 'False'
[0.397s] Level 5:colcon.colcon_core.verb:set package 'ros_time_pkg' build argument 'ament_cmake_args' from command line to 'None'
[0.397s] Level 5:colcon.colcon_core.verb:set package 'ros_time_pkg' build argument 'catkin_cmake_args' from command line to 'None'
[0.397s] Level 5:colcon.colcon_core.verb:set package 'ros_time_pkg' build argument 'catkin_skip_building_tests' from command line to 'False'
[0.397s] DEBUG:colcon.colcon_core.verb:Building package 'ros_time_pkg' with the following arguments: {'ament_cmake_args': None, 'build_base': '/home/noh0906/robot_ws/build/ros_time_pkg', 'catkin_cmake_args': None, 'catkin_skip_building_tests': False, 'cmake_args': None, 'cmake_clean_cache': False, 'cmake_clean_first': False, 'cmake_force_configure': False, 'cmake_target': None, 'cmake_target_skip_unavailable': False, 'install_base': '/home/noh0906/robot_ws/install/ros_time_pkg', 'merge_install': False, 'path': '/home/noh0906/robot_ws/src/ros_time_pkg', 'symlink_install': True, 'test_result_base': None}
[0.397s] Level 5:colcon.colcon_core.verb:set package 'topic_service_action_rclpy_example' build argument 'cmake_args' from command line to 'None'
[0.397s] Level 5:colcon.colcon_core.verb:set package 'topic_service_action_rclpy_example' build argument 'cmake_target' from command line to 'None'
[0.397s] Level 5:colcon.colcon_core.verb:set package 'topic_service_action_rclpy_example' build argument 'cmake_target_skip_unavailable' from command line to 'False'
[0.397s] Level 5:colcon.colcon_core.verb:set package 'topic_service_action_rclpy_example' build argument 'cmake_clean_cache' from command line to 'False'
[0.397s] Level 5:colcon.colcon_core.verb:set package 'topic_service_action_rclpy_example' build argument 'cmake_clean_first' from command line to 'False'
[0.397s] Level 5:colcon.colcon_core.verb:set package 'topic_service_action_rclpy_example' build argument 'cmake_force_configure' from command line to 'False'
[0.397s] Level 5:colcon.colcon_core.verb:set package 'topic_service_action_rclpy_example' build argument 'ament_cmake_args' from command line to 'None'
[0.397s] Level 5:colcon.colcon_core.verb:set package 'topic_service_action_rclpy_example' build argument 'catkin_cmake_args' from command line to 'None'
[0.397s] Level 5:colcon.colcon_core.verb:set package 'topic_service_action_rclpy_example' build argument 'catkin_skip_building_tests' from command line to 'False'
[0.397s] DEBUG:colcon.colcon_core.verb:Building package 'topic_service_action_rclpy_example' with the following arguments: {'ament_cmake_args': None, 'build_base': '/home/noh0906/robot_ws/build/topic_service_action_rclpy_example', 'catkin_cmake_args': None, 'catkin_skip_building_tests': False, 'cmake_args': None, 'cmake_clean_cache': False, 'cmake_clean_first': False, 'cmake_force_configure': False, 'cmake_target': None, 'cmake_target_skip_unavailable': False, 'install_base': '/home/noh0906/robot_ws/install/topic_service_action_rclpy_example', 'merge_install': False, 'path': '/home/noh0906/robot_ws/src/topic_service_action_rclpy_example', 'symlink_install': True, 'test_result_base': None}
[0.398s] Level 5:colcon.colcon_core.verb:set package 'turtle_pkg' build argument 'cmake_args' from command line to 'None'
[0.398s] Level 5:colcon.colcon_core.verb:set package 'turtle_pkg' build argument 'cmake_target' from command line to 'None'
[0.398s] Level 5:colcon.colcon_core.verb:set package 'turtle_pkg' build argument 'cmake_target_skip_unavailable' from command line to 'False'
[0.398s] Level 5:colcon.colcon_core.verb:set package 'turtle_pkg' build argument 'cmake_clean_cache' from command line to 'False'
[0.398s] Level 5:colcon.colcon_core.verb:set package 'turtle_pkg' build argument 'cmake_clean_first' from command line to 'False'
[0.398s] Level 5:colcon.colcon_core.verb:set package 'turtle_pkg' build argument 'cmake_force_configure' from command line to 'False'
[0.398s] Level 5:colcon.colcon_core.verb:set package 'turtle_pkg' build argument 'ament_cmake_args' from command line to 'None'
[0.398s] Level 5:colcon.colcon_core.verb:set package 'turtle_pkg' build argument 'catkin_cmake_args' from command line to 'None'
[0.398s] Level 5:colcon.colcon_core.verb:set package 'turtle_pkg' build argument 'catkin_skip_building_tests' from command line to 'False'
[0.398s] DEBUG:colcon.colcon_core.verb:Building package 'turtle_pkg' with the following arguments: {'ament_cmake_args': None, 'build_base': '/home/noh0906/robot_ws/build/turtle_pkg', 'catkin_cmake_args': None, 'catkin_skip_building_tests': False, 'cmake_args': None, 'cmake_clean_cache': False, 'cmake_clean_first': False, 'cmake_force_configure': False, 'cmake_target': None, 'cmake_target_skip_unavailable': False, 'install_base': '/home/noh0906/robot_ws/install/turtle_pkg', 'merge_install': False, 'path': '/home/noh0906/robot_ws/src/my_move_turtle_pkg', 'symlink_install': True, 'test_result_base': None}
[0.398s] INFO:colcon.colcon_core.executor:Executing jobs using 'parallel' executor
[0.399s] DEBUG:colcon.colcon_parallel_executor.executor.parallel:run_until_complete
[0.399s] INFO:colcon.colcon_ros.task.ament_cmake.build:Building ROS package in '/home/noh0906/robot_ws/src/msg_srv_action_interface_example' with build type 'ament_cmake'
[0.399s] INFO:colcon.colcon_cmake.task.cmake.build:Building CMake package in '/home/noh0906/robot_ws/src/msg_srv_action_interface_example'
[0.402s] INFO:colcon.colcon_core.plugin_system:Skipping extension 'colcon_core.shell.bat': Not used on non-Windows systems
[0.402s] INFO:colcon.colcon_core.shell:Skip shell extension 'powershell' for command environment: Not usable outside of PowerShell
[0.402s] DEBUG:colcon.colcon_core.shell:Skip shell extension 'dsv' for command environment
[0.407s] INFO:colcon.colcon_ros.task.ament_cmake.build:Building ROS package in '/home/noh0906/robot_ws/src/my_first_package_msgs' with build type 'ament_cmake'
[0.407s] INFO:colcon.colcon_cmake.task.cmake.build:Building CMake package in '/home/noh0906/robot_ws/src/my_first_package_msgs'
[0.407s] INFO:colcon.colcon_core.shell:Skip shell extension 'powershell' for command environment: Not usable outside of PowerShell
[0.407s] DEBUG:colcon.colcon_core.shell:Skip shell extension 'dsv' for command environment
[0.428s] DEBUG:colcon.colcon_core.event_handler.log_command:Invoking command in '/home/noh0906/robot_ws/build/msg_srv_action_interface_example': CMAKE_PREFIX_PATH=${CMAKE_PREFIX_PATH}:/home/noh0906/turtlebot3_ws/install/turtlebot3_teleop:/home/noh0906/turtlebot3_ws/install/turtlebot3_example:/home/noh0906/turtlebot3_ws/install/turtlebot3_dqn:/home/noh0906/robot_ws/install/turtle_pkg:/home/noh0906/robot_ws/install/topic_service_action_rclpy_example:/home/noh0906/robot_ws/install/ros_time_pkg:/home/noh0906/robot_ws/install/my_move_turtle_pkg:/home/noh0906/robot_ws/install/my_first_ros_rclpy_pkg:/opt/ros/humble /usr/bin/cmake --build /home/noh0906/robot_ws/build/msg_srv_action_interface_example -- -j2 -l2
[0.435s] DEBUG:colcon.colcon_core.event_handler.log_command:Invoking command in '/home/noh0906/robot_ws/build/my_first_package_msgs': CMAKE_PREFIX_PATH=${CMAKE_PREFIX_PATH}:/home/noh0906/turtlebot3_ws/install/turtlebot3_teleop:/home/noh0906/turtlebot3_ws/install/turtlebot3_example:/home/noh0906/turtlebot3_ws/install/turtlebot3_dqn:/home/noh0906/robot_ws/install/turtle_pkg:/home/noh0906/robot_ws/install/topic_service_action_rclpy_example:/home/noh0906/robot_ws/install/ros_time_pkg:/home/noh0906/robot_ws/install/my_move_turtle_pkg:/home/noh0906/robot_ws/install/my_first_ros_rclpy_pkg:/opt/ros/humble /usr/bin/cmake --build /home/noh0906/robot_ws/build/my_first_package_msgs -- -j2 -l2
[1.462s] DEBUG:colcon.colcon_core.event_handler.log_command:Invoked command in '/home/noh0906/robot_ws/build/my_first_package_msgs' returned '0': CMAKE_PREFIX_PATH=${CMAKE_PREFIX_PATH}:/home/noh0906/turtlebot3_ws/install/turtlebot3_teleop:/home/noh0906/turtlebot3_ws/install/turtlebot3_example:/home/noh0906/turtlebot3_ws/install/turtlebot3_dqn:/home/noh0906/robot_ws/install/turtle_pkg:/home/noh0906/robot_ws/install/topic_service_action_rclpy_example:/home/noh0906/robot_ws/install/ros_time_pkg:/home/noh0906/robot_ws/install/my_move_turtle_pkg:/home/noh0906/robot_ws/install/my_first_ros_rclpy_pkg:/opt/ros/humble /usr/bin/cmake --build /home/noh0906/robot_ws/build/my_first_package_msgs -- -j2 -l2
[1.485s] DEBUG:colcon.colcon_core.event_handler.log_command:Invoking command in '/home/noh0906/robot_ws/build/my_first_package_msgs': CMAKE_PREFIX_PATH=${CMAKE_PREFIX_PATH}:/home/noh0906/turtlebot3_ws/install/turtlebot3_teleop:/home/noh0906/turtlebot3_ws/install/turtlebot3_example:/home/noh0906/turtlebot3_ws/install/turtlebot3_dqn:/home/noh0906/robot_ws/install/turtle_pkg:/home/noh0906/robot_ws/install/topic_service_action_rclpy_example:/home/noh0906/robot_ws/install/ros_time_pkg:/home/noh0906/robot_ws/install/my_move_turtle_pkg:/home/noh0906/robot_ws/install/my_first_ros_rclpy_pkg:/opt/ros/humble /usr/bin/cmake --install /home/noh0906/robot_ws/build/my_first_package_msgs
[1.645s] Level 1:colcon.colcon_core.environment:create_environment_scripts_only(my_first_package_msgs)
[1.646s] DEBUG:colcon.colcon_core.event_handler.log_command:Invoked command in '/home/noh0906/robot_ws/build/my_first_package_msgs' returned '0': CMAKE_PREFIX_PATH=${CMAKE_PREFIX_PATH}:/home/noh0906/turtlebot3_ws/install/turtlebot3_teleop:/home/noh0906/turtlebot3_ws/install/turtlebot3_example:/home/noh0906/turtlebot3_ws/install/turtlebot3_dqn:/home/noh0906/robot_ws/install/turtle_pkg:/home/noh0906/robot_ws/install/topic_service_action_rclpy_example:/home/noh0906/robot_ws/install/ros_time_pkg:/home/noh0906/robot_ws/install/my_move_turtle_pkg:/home/noh0906/robot_ws/install/my_first_ros_rclpy_pkg:/opt/ros/humble /usr/bin/cmake --install /home/noh0906/robot_ws/build/my_first_package_msgs
[1.654s] Level 1:colcon.colcon_core.environment:checking '/home/noh0906/robot_ws/install/my_first_package_msgs' for CMake module files
[1.659s] Level 1:colcon.colcon_core.environment:checking '/home/noh0906/robot_ws/install/my_first_package_msgs' for CMake config files
[1.661s] Level 1:colcon.colcon_core.shell:create_environment_hook('my_first_package_msgs', 'cmake_prefix_path')
[1.661s] INFO:colcon.colcon_core.shell:Creating environment hook '/home/noh0906/robot_ws/install/my_first_package_msgs/share/my_first_package_msgs/hook/cmake_prefix_path.ps1'
[1.671s] INFO:colcon.colcon_core.shell:Creating environment descriptor '/home/noh0906/robot_ws/install/my_first_package_msgs/share/my_first_package_msgs/hook/cmake_prefix_path.dsv'
[1.672s] INFO:colcon.colcon_core.shell:Creating environment hook '/home/noh0906/robot_ws/install/my_first_package_msgs/share/my_first_package_msgs/hook/cmake_prefix_path.sh'
[1.676s] Level 1:colcon.colcon_core.environment:checking '/home/noh0906/robot_ws/install/my_first_package_msgs/lib'
[1.676s] Level 1:colcon.colcon_core.shell:create_environment_hook('my_first_package_msgs', 'ld_library_path_lib')
[1.677s] INFO:colcon.colcon_core.shell:Creating environment hook '/home/noh0906/robot_ws/install/my_first_package_msgs/share/my_first_package_msgs/hook/ld_library_path_lib.ps1'
[1.679s] INFO:colcon.colcon_core.shell:Creating environment descriptor '/home/noh0906/robot_ws/install/my_first_package_msgs/share/my_first_package_msgs/hook/ld_library_path_lib.dsv'
[1.681s] INFO:colcon.colcon_core.shell:Creating environment hook '/home/noh0906/robot_ws/install/my_first_package_msgs/share/my_first_package_msgs/hook/ld_library_path_lib.sh'
[1.682s] Level 1:colcon.colcon_core.environment:checking '/home/noh0906/robot_ws/install/my_first_package_msgs/bin'
[1.682s] Level 1:colcon.colcon_core.environment:checking '/home/noh0906/robot_ws/install/my_first_package_msgs/lib/pkgconfig/my_first_package_msgs.pc'
[1.682s] Level 1:colcon.colcon_core.environment:checking '/home/noh0906/robot_ws/install/my_first_package_msgs/lib/python3.10/site-packages'
[1.682s] Level 1:colcon.colcon_core.environment:checking '/home/noh0906/robot_ws/install/my_first_package_msgs/bin'
[1.683s] INFO:colcon.colcon_core.shell:Creating package script '/home/noh0906/robot_ws/install/my_first_package_msgs/share/my_first_package_msgs/package.ps1'
[1.686s] INFO:colcon.colcon_core.shell:Creating package descriptor '/home/noh0906/robot_ws/install/my_first_package_msgs/share/my_first_package_msgs/package.dsv'
[1.687s] INFO:colcon.colcon_core.shell:Creating package script '/home/noh0906/robot_ws/install/my_first_package_msgs/share/my_first_package_msgs/package.sh'
[1.692s] INFO:colcon.colcon_core.shell:Creating package script '/home/noh0906/robot_ws/install/my_first_package_msgs/share/my_first_package_msgs/package.bash'
[1.693s] INFO:colcon.colcon_core.shell:Creating package script '/home/noh0906/robot_ws/install/my_first_package_msgs/share/my_first_package_msgs/package.zsh'
[1.700s] Level 1:colcon.colcon_core.environment:create_file_with_runtime_dependencies(/home/noh0906/robot_ws/install/my_first_package_msgs/share/colcon-core/packages/my_first_package_msgs)
[1.701s] Level 1:colcon.colcon_core.environment:create_environment_scripts_only(my_first_package_msgs)
[1.701s] Level 1:colcon.colcon_core.environment:checking '/home/noh0906/robot_ws/install/my_first_package_msgs' for CMake module files
[1.702s] Level 1:colcon.colcon_core.environment:checking '/home/noh0906/robot_ws/install/my_first_package_msgs' for CMake config files
[1.703s] Level 1:colcon.colcon_core.shell:create_environment_hook('my_first_package_msgs', 'cmake_prefix_path')
[1.703s] INFO:colcon.colcon_core.shell:Creating environment hook '/home/noh0906/robot_ws/install/my_first_package_msgs/share/my_first_package_msgs/hook/cmake_prefix_path.ps1'
[1.704s] INFO:colcon.colcon_core.shell:Creating environment descriptor '/home/noh0906/robot_ws/install/my_first_package_msgs/share/my_first_package_msgs/hook/cmake_prefix_path.dsv'
[1.704s] INFO:colcon.colcon_core.shell:Creating environment hook '/home/noh0906/robot_ws/install/my_first_package_msgs/share/my_first_package_msgs/hook/cmake_prefix_path.sh'
[1.705s] Level 1:colcon.colcon_core.environment:checking '/home/noh0906/robot_ws/install/my_first_package_msgs/lib'
[1.705s] Level 1:colcon.colcon_core.shell:create_environment_hook('my_first_package_msgs', 'ld_library_path_lib')
[1.706s] INFO:colcon.colcon_core.shell:Creating environment hook '/home/noh0906/robot_ws/install/my_first_package_msgs/share/my_first_package_msgs/hook/ld_library_path_lib.ps1'
[1.707s] INFO:colcon.colcon_core.shell:Creating environment descriptor '/home/noh0906/robot_ws/install/my_first_package_msgs/share/my_first_package_msgs/hook/ld_library_path_lib.dsv'
[1.708s] INFO:colcon.colcon_core.shell:Creating environment hook '/home/noh0906/robot_ws/install/my_first_package_msgs/share/my_first_package_msgs/hook/ld_library_path_lib.sh'
[1.708s] Level 1:colcon.colcon_core.environment:checking '/home/noh0906/robot_ws/install/my_first_package_msgs/bin'
[1.708s] Level 1:colcon.colcon_core.environment:checking '/home/noh0906/robot_ws/install/my_first_package_msgs/lib/pkgconfig/my_first_package_msgs.pc'
[1.709s] Level 1:colcon.colcon_core.environment:checking '/home/noh0906/robot_ws/install/my_first_package_msgs/lib/python3.10/site-packages'
[1.709s] Level 1:colcon.colcon_core.environment:checking '/home/noh0906/robot_ws/install/my_first_package_msgs/bin'
[1.709s] INFO:colcon.colcon_core.shell:Creating package script '/home/noh0906/robot_ws/install/my_first_package_msgs/share/my_first_package_msgs/package.ps1'
[1.710s] INFO:colcon.colcon_core.shell:Creating package descriptor '/home/noh0906/robot_ws/install/my_first_package_msgs/share/my_first_package_msgs/package.dsv'
[1.711s] INFO:colcon.colcon_core.shell:Creating package script '/home/noh0906/robot_ws/install/my_first_package_msgs/share/my_first_package_msgs/package.sh'
[1.712s] INFO:colcon.colcon_core.shell:Creating package script '/home/noh0906/robot_ws/install/my_first_package_msgs/share/my_first_package_msgs/package.bash'
[1.712s] INFO:colcon.colcon_core.shell:Creating package script '/home/noh0906/robot_ws/install/my_first_package_msgs/share/my_first_package_msgs/package.zsh'
[1.713s] Level 1:colcon.colcon_core.environment:create_file_with_runtime_dependencies(/home/noh0906/robot_ws/install/my_first_package_msgs/share/colcon-core/packages/my_first_package_msgs)
[1.714s] INFO:colcon.colcon_ros.task.ament_python.build:Building ROS package in '/home/noh0906/robot_ws/src/my_first_ros_rclpy_pkg' with build type 'ament_python'
[1.714s] Level 1:colcon.colcon_core.shell:create_environment_hook('my_first_ros_rclpy_pkg', 'ament_prefix_path')
[1.714s] INFO:colcon.colcon_core.shell:Creating environment hook '/home/noh0906/robot_ws/install/my_first_ros_rclpy_pkg/share/my_first_ros_rclpy_pkg/hook/ament_prefix_path.ps1'
[1.717s] INFO:colcon.colcon_core.shell:Creating environment descriptor '/home/noh0906/robot_ws/install/my_first_ros_rclpy_pkg/share/my_first_ros_rclpy_pkg/hook/ament_prefix_path.dsv'
[1.717s] INFO:colcon.colcon_core.shell:Creating environment hook '/home/noh0906/robot_ws/install/my_first_ros_rclpy_pkg/share/my_first_ros_rclpy_pkg/hook/ament_prefix_path.sh'
[1.718s] INFO:colcon.colcon_core.shell:Skip shell extension 'powershell' for command environment: Not usable outside of PowerShell
[1.718s] DEBUG:colcon.colcon_core.shell:Skip shell extension 'dsv' for command environment
[2.060s] INFO:colcon.colcon_core.task.python.build:Building Python package in '/home/noh0906/robot_ws/src/my_first_ros_rclpy_pkg'
[2.060s] INFO:colcon.colcon_core.shell:Skip shell extension 'powershell' for command environment: Not usable outside of PowerShell
[2.060s] DEBUG:colcon.colcon_core.shell:Skip shell extension 'dsv' for command environment
[2.066s] DEBUG:colcon.colcon_core.event_handler.log_command:Invoked command in '/home/noh0906/robot_ws/build/msg_srv_action_interface_example' returned '0': CMAKE_PREFIX_PATH=${CMAKE_PREFIX_PATH}:/home/noh0906/turtlebot3_ws/install/turtlebot3_teleop:/home/noh0906/turtlebot3_ws/install/turtlebot3_example:/home/noh0906/turtlebot3_ws/install/turtlebot3_dqn:/home/noh0906/robot_ws/install/turtle_pkg:/home/noh0906/robot_ws/install/topic_service_action_rclpy_example:/home/noh0906/robot_ws/install/ros_time_pkg:/home/noh0906/robot_ws/install/my_move_turtle_pkg:/home/noh0906/robot_ws/install/my_first_ros_rclpy_pkg:/opt/ros/humble /usr/bin/cmake --build /home/noh0906/robot_ws/build/msg_srv_action_interface_example -- -j2 -l2
[2.070s] DEBUG:colcon.colcon_core.event_handler.log_command:Invoking command in '/home/noh0906/robot_ws/build/msg_srv_action_interface_example': CMAKE_PREFIX_PATH=${CMAKE_PREFIX_PATH}:/home/noh0906/turtlebot3_ws/install/turtlebot3_teleop:/home/noh0906/turtlebot3_ws/install/turtlebot3_example:/home/noh0906/turtlebot3_ws/install/turtlebot3_dqn:/home/noh0906/robot_ws/install/turtle_pkg:/home/noh0906/robot_ws/install/topic_service_action_rclpy_example:/home/noh0906/robot_ws/install/ros_time_pkg:/home/noh0906/robot_ws/install/my_move_turtle_pkg:/home/noh0906/robot_ws/install/my_first_ros_rclpy_pkg:/opt/ros/humble /usr/bin/cmake --install /home/noh0906/robot_ws/build/msg_srv_action_interface_example
[2.278s] Level 1:colcon.colcon_core.environment:create_environment_scripts_only(msg_srv_action_interface_example)
[2.279s] Level 1:colcon.colcon_core.environment:checking '/home/noh0906/robot_ws/install/msg_srv_action_interface_example' for CMake module files
[2.279s] Level 1:colcon.colcon_core.environment:checking '/home/noh0906/robot_ws/install/msg_srv_action_interface_example' for CMake config files
[2.281s] DEBUG:colcon.colcon_core.event_handler.log_command:Invoked command in '/home/noh0906/robot_ws/build/msg_srv_action_interface_example' returned '0': CMAKE_PREFIX_PATH=${CMAKE_PREFIX_PATH}:/home/noh0906/turtlebot3_ws/install/turtlebot3_teleop:/home/noh0906/turtlebot3_ws/install/turtlebot3_example:/home/noh0906/turtlebot3_ws/install/turtlebot3_dqn:/home/noh0906/robot_ws/install/turtle_pkg:/home/noh0906/robot_ws/install/topic_service_action_rclpy_example:/home/noh0906/robot_ws/install/ros_time_pkg:/home/noh0906/robot_ws/install/my_move_turtle_pkg:/home/noh0906/robot_ws/install/my_first_ros_rclpy_pkg:/opt/ros/humble /usr/bin/cmake --install /home/noh0906/robot_ws/build/msg_srv_action_interface_example
[2.282s] Level 1:colcon.colcon_core.shell:create_environment_hook('msg_srv_action_interface_example', 'cmake_prefix_path')
[2.282s] INFO:colcon.colcon_core.shell:Creating environment hook '/home/noh0906/robot_ws/install/msg_srv_action_interface_example/share/msg_srv_action_interface_example/hook/cmake_prefix_path.ps1'
[2.285s] INFO:colcon.colcon_core.shell:Creating environment descriptor '/home/noh0906/robot_ws/install/msg_srv_action_interface_example/share/msg_srv_action_interface_example/hook/cmake_prefix_path.dsv'
[2.285s] INFO:colcon.colcon_core.shell:Creating environment hook '/home/noh0906/robot_ws/install/msg_srv_action_interface_example/share/msg_srv_action_interface_example/hook/cmake_prefix_path.sh'
[2.287s] Level 1:colcon.colcon_core.environment:checking '/home/noh0906/robot_ws/install/msg_srv_action_interface_example/lib'
[2.287s] Level 1:colcon.colcon_core.shell:create_environment_hook('msg_srv_action_interface_example', 'ld_library_path_lib')
[2.287s] INFO:colcon.colcon_core.shell:Creating environment hook '/home/noh0906/robot_ws/install/msg_srv_action_interface_example/share/msg_srv_action_interface_example/hook/ld_library_path_lib.ps1'
[2.288s] INFO:colcon.colcon_core.shell:Creating environment descriptor '/home/noh0906/robot_ws/install/msg_srv_action_interface_example/share/msg_srv_action_interface_example/hook/ld_library_path_lib.dsv'
[2.288s] INFO:colcon.colcon_core.shell:Creating environment hook '/home/noh0906/robot_ws/install/msg_srv_action_interface_example/share/msg_srv_action_interface_example/hook/ld_library_path_lib.sh'
[2.291s] Level 1:colcon.colcon_core.environment:checking '/home/noh0906/robot_ws/install/msg_srv_action_interface_example/bin'
[2.291s] Level 1:colcon.colcon_core.environment:checking '/home/noh0906/robot_ws/install/msg_srv_action_interface_example/lib/pkgconfig/msg_srv_action_interface_example.pc'
[2.291s] Level 1:colcon.colcon_core.environment:checking '/home/noh0906/robot_ws/install/msg_srv_action_interface_example/lib/python3.10/site-packages'
[2.291s] Level 1:colcon.colcon_core.environment:checking '/home/noh0906/robot_ws/install/msg_srv_action_interface_example/bin'
[2.292s] INFO:colcon.colcon_core.shell:Creating package script '/home/noh0906/robot_ws/install/msg_srv_action_interface_example/share/msg_srv_action_interface_example/package.ps1'
[2.293s] INFO:colcon.colcon_core.shell:Creating package descriptor '/home/noh0906/robot_ws/install/msg_srv_action_interface_example/share/msg_srv_action_interface_example/package.dsv'
[2.297s] INFO:colcon.colcon_core.shell:Creating package script '/home/noh0906/robot_ws/install/msg_srv_action_interface_example/share/msg_srv_action_interface_example/package.sh'
[2.299s] INFO:colcon.colcon_core.shell:Creating package script '/home/noh0906/robot_ws/install/msg_srv_action_interface_example/share/msg_srv_action_interface_example/package.bash'
[2.299s] INFO:colcon.colcon_core.shell:Creating package script '/home/noh0906/robot_ws/install/msg_srv_action_interface_example/share/msg_srv_action_interface_example/package.zsh'
[2.300s] Level 1:colcon.colcon_core.environment:create_file_with_runtime_dependencies(/home/noh0906/robot_ws/install/msg_srv_action_interface_example/share/colcon-core/packages/msg_srv_action_interface_example)
[2.301s] Level 1:colcon.colcon_core.environment:create_environment_scripts_only(msg_srv_action_interface_example)
[2.303s] Level 1:colcon.colcon_core.environment:checking '/home/noh0906/robot_ws/install/msg_srv_action_interface_example' for CMake module files
[2.303s] Level 1:colcon.colcon_core.environment:checking '/home/noh0906/robot_ws/install/msg_srv_action_interface_example' for CMake config files
[2.306s] Level 1:colcon.colcon_core.shell:create_environment_hook('msg_srv_action_interface_example', 'cmake_prefix_path')
[2.307s] INFO:colcon.colcon_core.shell:Creating environment hook '/home/noh0906/robot_ws/install/msg_srv_action_interface_example/share/msg_srv_action_interface_example/hook/cmake_prefix_path.ps1'
[2.308s] INFO:colcon.colcon_core.shell:Creating environment descriptor '/home/noh0906/robot_ws/install/msg_srv_action_interface_example/share/msg_srv_action_interface_example/hook/cmake_prefix_path.dsv'
[2.309s] INFO:colcon.colcon_core.shell:Creating environment hook '/home/noh0906/robot_ws/install/msg_srv_action_interface_example/share/msg_srv_action_interface_example/hook/cmake_prefix_path.sh'
[2.309s] Level 1:colcon.colcon_core.environment:checking '/home/noh0906/robot_ws/install/msg_srv_action_interface_example/lib'
[2.310s] Level 1:colcon.colcon_core.shell:create_environment_hook('msg_srv_action_interface_example', 'ld_library_path_lib')
[2.312s] INFO:colcon.colcon_core.shell:Creating environment hook '/home/noh0906/robot_ws/install/msg_srv_action_interface_example/share/msg_srv_action_interface_example/hook/ld_library_path_lib.ps1'
[2.312s] INFO:colcon.colcon_core.shell:Creating environment descriptor '/home/noh0906/robot_ws/install/msg_srv_action_interface_example/share/msg_srv_action_interface_example/hook/ld_library_path_lib.dsv'
[2.315s] INFO:colcon.colcon_core.shell:Creating environment hook '/home/noh0906/robot_ws/install/msg_srv_action_interface_example/share/msg_srv_action_interface_example/hook/ld_library_path_lib.sh'
[2.316s] Level 1:colcon.colcon_core.environment:checking '/home/noh0906/robot_ws/install/msg_srv_action_interface_example/bin'
[2.318s] Level 1:colcon.colcon_core.environment:checking '/home/noh0906/robot_ws/install/msg_srv_action_interface_example/lib/pkgconfig/msg_srv_action_interface_example.pc'
[2.318s] Level 1:colcon.colcon_core.environment:checking '/home/noh0906/robot_ws/install/msg_srv_action_interface_example/lib/python3.10/site-packages'
[2.318s] Level 1:colcon.colcon_core.environment:checking '/home/noh0906/robot_ws/install/msg_srv_action_interface_example/bin'
[2.318s] INFO:colcon.colcon_core.shell:Creating package script '/home/noh0906/robot_ws/install/msg_srv_action_interface_example/share/msg_srv_action_interface_example/package.ps1'
[2.319s] INFO:colcon.colcon_core.shell:Creating package descriptor '/home/noh0906/robot_ws/install/msg_srv_action_interface_example/share/msg_srv_action_interface_example/package.dsv'
[2.322s] INFO:colcon.colcon_core.shell:Creating package script '/home/noh0906/robot_ws/install/msg_srv_action_interface_example/share/msg_srv_action_interface_example/package.sh'
[2.322s] INFO:colcon.colcon_core.shell:Creating package script '/home/noh0906/robot_ws/install/msg_srv_action_interface_example/share/msg_srv_action_interface_example/package.bash'
[2.323s] INFO:colcon.colcon_core.shell:Creating package script '/home/noh0906/robot_ws/install/msg_srv_action_interface_example/share/msg_srv_action_interface_example/package.zsh'
[2.324s] Level 1:colcon.colcon_core.environment:create_file_with_runtime_dependencies(/home/noh0906/robot_ws/install/msg_srv_action_interface_example/share/colcon-core/packages/msg_srv_action_interface_example)
[2.327s] INFO:colcon.colcon_ros.task.ament_python.build:Building ROS package in '/home/noh0906/robot_ws/src/my_turtlebot_pkg' with build type 'ament_python'
[2.327s] Level 1:colcon.colcon_core.shell:create_environment_hook('my_turtlebot_pkg', 'ament_prefix_path')
[2.327s] INFO:colcon.colcon_core.shell:Creating environment hook '/home/noh0906/robot_ws/install/my_turtlebot_pkg/share/my_turtlebot_pkg/hook/ament_prefix_path.ps1'
[2.328s] INFO:colcon.colcon_core.shell:Creating environment descriptor '/home/noh0906/robot_ws/install/my_turtlebot_pkg/share/my_turtlebot_pkg/hook/ament_prefix_path.dsv'
[2.328s] INFO:colcon.colcon_core.shell:Creating environment hook '/home/noh0906/robot_ws/install/my_turtlebot_pkg/share/my_turtlebot_pkg/hook/ament_prefix_path.sh'
[2.332s] INFO:colcon.colcon_core.shell:Skip shell extension 'powershell' for command environment: Not usable outside of PowerShell
[2.332s] DEBUG:colcon.colcon_core.shell:Skip shell extension 'dsv' for command environment
[3.003s] INFO:colcon.colcon_core.task.python.build:Building Python package in '/home/noh0906/robot_ws/src/my_turtlebot_pkg'
[3.004s] INFO:colcon.colcon_core.shell:Skip shell extension 'powershell' for command environment: Not usable outside of PowerShell
[3.004s] DEBUG:colcon.colcon_core.shell:Skip shell extension 'dsv' for command environment
[3.163s] DEBUG:colcon.colcon_core.event_handler.log_command:Invoking command in '/home/noh0906/robot_ws/build/my_first_ros_rclpy_pkg': PYTHONPATH=/home/noh0906/robot_ws/build/my_first_ros_rclpy_pkg/prefix_override:/usr/lib/python3/dist-packages/colcon_core/task/python/colcon_distutils_commands:/home/noh0906/robot_ws/install/my_first_ros_rclpy_pkg/lib/python3.10/site-packages:${PYTHONPATH} /usr/bin/python3 -W ignore:setup.py install is deprecated -W ignore:easy_install command is deprecated setup.py develop --editable --build-directory /home/noh0906/robot_ws/build/my_first_ros_rclpy_pkg/build --no-deps symlink_data
[3.972s] DEBUG:colcon.colcon_core.event_handler.log_command:Invoking command in '/home/noh0906/robot_ws/build/my_turtlebot_pkg': PYTHONPATH=/home/noh0906/robot_ws/build/my_turtlebot_pkg/prefix_override:/usr/lib/python3/dist-packages/colcon_core/task/python/colcon_distutils_commands:/home/noh0906/robot_ws/install/my_turtlebot_pkg/lib/python3.10/site-packages:${PYTHONPATH} /usr/bin/python3 -W ignore:setup.py install is deprecated -W ignore:easy_install command is deprecated setup.py develop --editable --build-directory /home/noh0906/robot_ws/build/my_turtlebot_pkg/build --no-deps symlink_data
[4.142s] Level 1:colcon.colcon_core.shell:create_environment_hook('my_first_ros_rclpy_pkg', 'pythonpath_develop')
[4.142s] INFO:colcon.colcon_core.shell:Creating environment hook '/home/noh0906/robot_ws/build/my_first_ros_rclpy_pkg/share/my_first_ros_rclpy_pkg/hook/pythonpath_develop.ps1'
[4.145s] DEBUG:colcon.colcon_core.event_handler.log_command:Invoked command in '/home/noh0906/robot_ws/build/my_first_ros_rclpy_pkg' returned '0': PYTHONPATH=/home/noh0906/robot_ws/build/my_first_ros_rclpy_pkg/prefix_override:/usr/lib/python3/dist-packages/colcon_core/task/python/colcon_distutils_commands:/home/noh0906/robot_ws/install/my_first_ros_rclpy_pkg/lib/python3.10/site-packages:${PYTHONPATH} /usr/bin/python3 -W ignore:setup.py install is deprecated -W ignore:easy_install command is deprecated setup.py develop --editable --build-directory /home/noh0906/robot_ws/build/my_first_ros_rclpy_pkg/build --no-deps symlink_data
[4.145s] INFO:colcon.colcon_core.shell:Creating environment descriptor '/home/noh0906/robot_ws/build/my_first_ros_rclpy_pkg/share/my_first_ros_rclpy_pkg/hook/pythonpath_develop.dsv'
[4.146s] INFO:colcon.colcon_core.shell:Creating environment hook '/home/noh0906/robot_ws/build/my_first_ros_rclpy_pkg/share/my_first_ros_rclpy_pkg/hook/pythonpath_develop.sh'
[4.147s] Level 1:colcon.colcon_core.environment:checking '/home/noh0906/robot_ws/install/my_first_ros_rclpy_pkg' for CMake module files
[4.147s] Level 1:colcon.colcon_core.environment:checking '/home/noh0906/robot_ws/install/my_first_ros_rclpy_pkg' for CMake config files
[4.148s] Level 1:colcon.colcon_core.environment:checking '/home/noh0906/robot_ws/install/my_first_ros_rclpy_pkg/lib'
[4.148s] Level 1:colcon.colcon_core.environment:checking '/home/noh0906/robot_ws/install/my_first_ros_rclpy_pkg/bin'
[4.148s] Level 1:colcon.colcon_core.environment:checking '/home/noh0906/robot_ws/install/my_first_ros_rclpy_pkg/lib/pkgconfig/my_first_ros_rclpy_pkg.pc'
[4.148s] Level 1:colcon.colcon_core.environment:checking '/home/noh0906/robot_ws/install/my_first_ros_rclpy_pkg/lib/python3.10/site-packages'
[4.149s] Level 1:colcon.colcon_core.shell:create_environment_hook('my_first_ros_rclpy_pkg', 'pythonpath')
[4.149s] INFO:colcon.colcon_core.shell:Creating environment hook '/home/noh0906/robot_ws/install/my_first_ros_rclpy_pkg/share/my_first_ros_rclpy_pkg/hook/pythonpath.ps1'
[4.149s] INFO:colcon.colcon_core.shell:Creating environment descriptor '/home/noh0906/robot_ws/install/my_first_ros_rclpy_pkg/share/my_first_ros_rclpy_pkg/hook/pythonpath.dsv'
[4.151s] INFO:colcon.colcon_core.shell:Creating environment hook '/home/noh0906/robot_ws/install/my_first_ros_rclpy_pkg/share/my_first_ros_rclpy_pkg/hook/pythonpath.sh'
[4.153s] Level 1:colcon.colcon_core.environment:checking '/home/noh0906/robot_ws/install/my_first_ros_rclpy_pkg/bin'
[4.153s] Level 1:colcon.colcon_core.environment:create_environment_scripts_only(my_first_ros_rclpy_pkg)
[4.154s] INFO:colcon.colcon_core.shell:Creating package script '/home/noh0906/robot_ws/install/my_first_ros_rclpy_pkg/share/my_first_ros_rclpy_pkg/package.ps1'
[4.155s] INFO:colcon.colcon_core.shell:Creating package descriptor '/home/noh0906/robot_ws/install/my_first_ros_rclpy_pkg/share/my_first_ros_rclpy_pkg/package.dsv'
[4.156s] INFO:colcon.colcon_core.shell:Creating package script '/home/noh0906/robot_ws/install/my_first_ros_rclpy_pkg/share/my_first_ros_rclpy_pkg/package.sh'
[4.156s] INFO:colcon.colcon_core.shell:Creating package script '/home/noh0906/robot_ws/install/my_first_ros_rclpy_pkg/share/my_first_ros_rclpy_pkg/package.bash'
[4.157s] INFO:colcon.colcon_core.shell:Creating package script '/home/noh0906/robot_ws/install/my_first_ros_rclpy_pkg/share/my_first_ros_rclpy_pkg/package.zsh'
[4.158s] Level 1:colcon.colcon_core.environment:create_file_with_runtime_dependencies(/home/noh0906/robot_ws/install/my_first_ros_rclpy_pkg/share/colcon-core/packages/my_first_ros_rclpy_pkg)
[4.158s] INFO:colcon.colcon_ros.task.ament_python.build:Building ROS package in '/home/noh0906/robot_ws/src/ros_time_pkg' with build type 'ament_python'
[4.159s] Level 1:colcon.colcon_core.shell:create_environment_hook('ros_time_pkg', 'ament_prefix_path')
[4.159s] INFO:colcon.colcon_core.shell:Creating environment hook '/home/noh0906/robot_ws/install/ros_time_pkg/share/ros_time_pkg/hook/ament_prefix_path.ps1'
[4.161s] INFO:colcon.colcon_core.shell:Creating environment descriptor '/home/noh0906/robot_ws/install/ros_time_pkg/share/ros_time_pkg/hook/ament_prefix_path.dsv'
[4.162s] INFO:colcon.colcon_core.shell:Creating environment hook '/home/noh0906/robot_ws/install/ros_time_pkg/share/ros_time_pkg/hook/ament_prefix_path.sh'
[4.163s] INFO:colcon.colcon_core.shell:Skip shell extension 'powershell' for command environment: Not usable outside of PowerShell
[4.163s] DEBUG:colcon.colcon_core.shell:Skip shell extension 'dsv' for command environment
[4.504s] INFO:colcon.colcon_core.task.python.build:Building Python package in '/home/noh0906/robot_ws/src/ros_time_pkg'
[4.504s] INFO:colcon.colcon_core.shell:Skip shell extension 'powershell' for command environment: Not usable outside of PowerShell
[4.504s] DEBUG:colcon.colcon_core.shell:Skip shell extension 'dsv' for command environment
[4.587s] Level 1:colcon.colcon_core.shell:create_environment_hook('my_turtlebot_pkg', 'pythonpath_develop')
[4.587s] DEBUG:colcon.colcon_core.event_handler.log_command:Invoked command in '/home/noh0906/robot_ws/build/my_turtlebot_pkg' returned '0': PYTHONPATH=/home/noh0906/robot_ws/build/my_turtlebot_pkg/prefix_override:/usr/lib/python3/dist-packages/colcon_core/task/python/colcon_distutils_commands:/home/noh0906/robot_ws/install/my_turtlebot_pkg/lib/python3.10/site-packages:${PYTHONPATH} /usr/bin/python3 -W ignore:setup.py install is deprecated -W ignore:easy_install command is deprecated setup.py develop --editable --build-directory /home/noh0906/robot_ws/build/my_turtlebot_pkg/build --no-deps symlink_data
[4.588s] INFO:colcon.colcon_core.shell:Creating environment hook '/home/noh0906/robot_ws/build/my_turtlebot_pkg/share/my_turtlebot_pkg/hook/pythonpath_develop.ps1'
[4.588s] INFO:colcon.colcon_core.shell:Creating environment descriptor '/home/noh0906/robot_ws/build/my_turtlebot_pkg/share/my_turtlebot_pkg/hook/pythonpath_develop.dsv'
[4.589s] INFO:colcon.colcon_core.shell:Creating environment hook '/home/noh0906/robot_ws/build/my_turtlebot_pkg/share/my_turtlebot_pkg/hook/pythonpath_develop.sh'
[4.589s] Level 1:colcon.colcon_core.environment:checking '/home/noh0906/robot_ws/install/my_turtlebot_pkg' for CMake module files
[4.589s] Level 1:colcon.colcon_core.environment:checking '/home/noh0906/robot_ws/install/my_turtlebot_pkg' for CMake config files
[4.590s] Level 1:colcon.colcon_core.environment:checking '/home/noh0906/robot_ws/install/my_turtlebot_pkg/lib'
[4.590s] Level 1:colcon.colcon_core.environment:checking '/home/noh0906/robot_ws/install/my_turtlebot_pkg/bin'
[4.590s] Level 1:colcon.colcon_core.environment:checking '/home/noh0906/robot_ws/install/my_turtlebot_pkg/lib/pkgconfig/my_turtlebot_pkg.pc'
[4.590s] Level 1:colcon.colcon_core.environment:checking '/home/noh0906/robot_ws/install/my_turtlebot_pkg/lib/python3.10/site-packages'
[4.590s] Level 1:colcon.colcon_core.shell:create_environment_hook('my_turtlebot_pkg', 'pythonpath')
[4.590s] INFO:colcon.colcon_core.shell:Creating environment hook '/home/noh0906/robot_ws/install/my_turtlebot_pkg/share/my_turtlebot_pkg/hook/pythonpath.ps1'
[4.591s] INFO:colcon.colcon_core.shell:Creating environment descriptor '/home/noh0906/robot_ws/install/my_turtlebot_pkg/share/my_turtlebot_pkg/hook/pythonpath.dsv'
[4.591s] INFO:colcon.colcon_core.shell:Creating environment hook '/home/noh0906/robot_ws/install/my_turtlebot_pkg/share/my_turtlebot_pkg/hook/pythonpath.sh'
[4.591s] Level 1:colcon.colcon_core.environment:checking '/home/noh0906/robot_ws/install/my_turtlebot_pkg/bin'
[4.591s] Level 1:colcon.colcon_core.environment:create_environment_scripts_only(my_turtlebot_pkg)
[4.592s] INFO:colcon.colcon_core.shell:Creating package script '/home/noh0906/robot_ws/install/my_turtlebot_pkg/share/my_turtlebot_pkg/package.ps1'
[4.592s] INFO:colcon.colcon_core.shell:Creating package descriptor '/home/noh0906/robot_ws/install/my_turtlebot_pkg/share/my_turtlebot_pkg/package.dsv'
[4.593s] INFO:colcon.colcon_core.shell:Creating package script '/home/noh0906/robot_ws/install/my_turtlebot_pkg/share/my_turtlebot_pkg/package.sh'
[4.593s] INFO:colcon.colcon_core.shell:Creating package script '/home/noh0906/robot_ws/install/my_turtlebot_pkg/share/my_turtlebot_pkg/package.bash'
[4.595s] INFO:colcon.colcon_core.shell:Creating package script '/home/noh0906/robot_ws/install/my_turtlebot_pkg/share/my_turtlebot_pkg/package.zsh'
[4.597s] Level 1:colcon.colcon_core.environment:create_file_with_runtime_dependencies(/home/noh0906/robot_ws/install/my_turtlebot_pkg/share/colcon-core/packages/my_turtlebot_pkg)
[4.598s] INFO:colcon.colcon_ros.task.ament_python.build:Building ROS package in '/home/noh0906/robot_ws/src/topic_service_action_rclpy_example' with build type 'ament_python'
[4.598s] Level 1:colcon.colcon_core.shell:create_environment_hook('topic_service_action_rclpy_example', 'ament_prefix_path')
[4.598s] INFO:colcon.colcon_core.shell:Creating environment hook '/home/noh0906/robot_ws/install/topic_service_action_rclpy_example/share/topic_service_action_rclpy_example/hook/ament_prefix_path.ps1'
[4.599s] INFO:colcon.colcon_core.shell:Creating environment descriptor '/home/noh0906/robot_ws/install/topic_service_action_rclpy_example/share/topic_service_action_rclpy_example/hook/ament_prefix_path.dsv'
[4.599s] INFO:colcon.colcon_core.shell:Creating environment hook '/home/noh0906/robot_ws/install/topic_service_action_rclpy_example/share/topic_service_action_rclpy_example/hook/ament_prefix_path.sh'
[4.600s] INFO:colcon.colcon_core.shell:Skip shell extension 'powershell' for command environment: Not usable outside of PowerShell
[4.600s] DEBUG:colcon.colcon_core.shell:Skip shell extension 'dsv' for command environment
[5.060s] INFO:colcon.colcon_core.task.python.build:Building Python package in '/home/noh0906/robot_ws/src/topic_service_action_rclpy_example'
[5.060s] INFO:colcon.colcon_core.shell:Skip shell extension 'powershell' for command environment: Not usable outside of PowerShell
[5.060s] DEBUG:colcon.colcon_core.shell:Skip shell extension 'dsv' for command environment
[5.174s] DEBUG:colcon.colcon_core.event_handler.log_command:Invoking command in '/home/noh0906/robot_ws/build/ros_time_pkg': PYTHONPATH=/home/noh0906/robot_ws/build/ros_time_pkg/prefix_override:/usr/lib/python3/dist-packages/colcon_core/task/python/colcon_distutils_commands:/home/noh0906/robot_ws/install/ros_time_pkg/lib/python3.10/site-packages:${PYTHONPATH} /usr/bin/python3 -W ignore:setup.py install is deprecated -W ignore:easy_install command is deprecated setup.py develop --editable --build-directory /home/noh0906/robot_ws/build/ros_time_pkg/build --no-deps symlink_data
[5.793s] DEBUG:colcon.colcon_core.event_handler.log_command:Invoking command in '/home/noh0906/robot_ws/build/topic_service_action_rclpy_example': PYTHONPATH=/home/noh0906/robot_ws/build/topic_service_action_rclpy_example/prefix_override:/usr/lib/python3/dist-packages/colcon_core/task/python/colcon_distutils_commands:/home/noh0906/robot_ws/install/topic_service_action_rclpy_example/lib/python3.10/site-packages:${PYTHONPATH} /usr/bin/python3 -W ignore:setup.py install is deprecated -W ignore:easy_install command is deprecated setup.py develop --editable --build-directory /home/noh0906/robot_ws/build/topic_service_action_rclpy_example/build --no-deps symlink_data
[6.261s] Level 1:colcon.colcon_core.shell:create_environment_hook('ros_time_pkg', 'pythonpath_develop')
[6.262s] DEBUG:colcon.colcon_core.event_handler.log_command:Invoked command in '/home/noh0906/robot_ws/build/ros_time_pkg' returned '0': PYTHONPATH=/home/noh0906/robot_ws/build/ros_time_pkg/prefix_override:/usr/lib/python3/dist-packages/colcon_core/task/python/colcon_distutils_commands:/home/noh0906/robot_ws/install/ros_time_pkg/lib/python3.10/site-packages:${PYTHONPATH} /usr/bin/python3 -W ignore:setup.py install is deprecated -W ignore:easy_install command is deprecated setup.py develop --editable --build-directory /home/noh0906/robot_ws/build/ros_time_pkg/build --no-deps symlink_data
[6.263s] INFO:colcon.colcon_core.shell:Creating environment hook '/home/noh0906/robot_ws/build/ros_time_pkg/share/ros_time_pkg/hook/pythonpath_develop.ps1'
[6.263s] INFO:colcon.colcon_core.shell:Creating environment descriptor '/home/noh0906/robot_ws/build/ros_time_pkg/share/ros_time_pkg/hook/pythonpath_develop.dsv'
[6.265s] INFO:colcon.colcon_core.shell:Creating environment hook '/home/noh0906/robot_ws/build/ros_time_pkg/share/ros_time_pkg/hook/pythonpath_develop.sh'
[6.267s] Level 1:colcon.colcon_core.environment:checking '/home/noh0906/robot_ws/install/ros_time_pkg' for CMake module files
[6.267s] Level 1:colcon.colcon_core.environment:checking '/home/noh0906/robot_ws/install/ros_time_pkg' for CMake config files
[6.268s] Level 1:colcon.colcon_core.environment:checking '/home/noh0906/robot_ws/install/ros_time_pkg/lib'
[6.268s] Level 1:colcon.colcon_core.environment:checking '/home/noh0906/robot_ws/install/ros_time_pkg/bin'
[6.270s] Level 1:colcon.colcon_core.environment:checking '/home/noh0906/robot_ws/install/ros_time_pkg/lib/pkgconfig/ros_time_pkg.pc'
[6.271s] Level 1:colcon.colcon_core.environment:checking '/home/noh0906/robot_ws/install/ros_time_pkg/lib/python3.10/site-packages'
[6.271s] Level 1:colcon.colcon_core.shell:create_environment_hook('ros_time_pkg', 'pythonpath')
[6.271s] INFO:colcon.colcon_core.shell:Creating environment hook '/home/noh0906/robot_ws/install/ros_time_pkg/share/ros_time_pkg/hook/pythonpath.ps1'
[6.272s] INFO:colcon.colcon_core.shell:Creating environment descriptor '/home/noh0906/robot_ws/install/ros_time_pkg/share/ros_time_pkg/hook/pythonpath.dsv'
[6.273s] INFO:colcon.colcon_core.shell:Creating environment hook '/home/noh0906/robot_ws/install/ros_time_pkg/share/ros_time_pkg/hook/pythonpath.sh'
[6.275s] Level 1:colcon.colcon_core.environment:checking '/home/noh0906/robot_ws/install/ros_time_pkg/bin'
[6.275s] Level 1:colcon.colcon_core.environment:create_environment_scripts_only(ros_time_pkg)
[6.275s] INFO:colcon.colcon_core.shell:Creating package script '/home/noh0906/robot_ws/install/ros_time_pkg/share/ros_time_pkg/package.ps1'
[6.276s] INFO:colcon.colcon_core.shell:Creating package descriptor '/home/noh0906/robot_ws/install/ros_time_pkg/share/ros_time_pkg/package.dsv'
[6.276s] INFO:colcon.colcon_core.shell:Creating package script '/home/noh0906/robot_ws/install/ros_time_pkg/share/ros_time_pkg/package.sh'
[6.277s] INFO:colcon.colcon_core.shell:Creating package script '/home/noh0906/robot_ws/install/ros_time_pkg/share/ros_time_pkg/package.bash'
[6.277s] INFO:colcon.colcon_core.shell:Creating package script '/home/noh0906/robot_ws/install/ros_time_pkg/share/ros_time_pkg/package.zsh'
[6.278s] Level 1:colcon.colcon_core.environment:create_file_with_runtime_dependencies(/home/noh0906/robot_ws/install/ros_time_pkg/share/colcon-core/packages/ros_time_pkg)
[6.279s] INFO:colcon.colcon_ros.task.ament_python.build:Building ROS package in '/home/noh0906/robot_ws/src/my_move_turtle_pkg' with build type 'ament_python'
[6.279s] Level 1:colcon.colcon_core.shell:create_environment_hook('turtle_pkg', 'ament_prefix_path')
[6.280s] INFO:colcon.colcon_core.shell:Creating environment hook '/home/noh0906/robot_ws/install/turtle_pkg/share/turtle_pkg/hook/ament_prefix_path.ps1'
[6.280s] INFO:colcon.colcon_core.shell:Creating environment descriptor '/home/noh0906/robot_ws/install/turtle_pkg/share/turtle_pkg/hook/ament_prefix_path.dsv'
[6.282s] INFO:colcon.colcon_core.shell:Creating environment hook '/home/noh0906/robot_ws/install/turtle_pkg/share/turtle_pkg/hook/ament_prefix_path.sh'
[6.284s] INFO:colcon.colcon_core.shell:Skip shell extension 'powershell' for command environment: Not usable outside of PowerShell
[6.284s] DEBUG:colcon.colcon_core.shell:Skip shell extension 'dsv' for command environment
[6.767s] INFO:colcon.colcon_core.task.python.build:Building Python package in '/home/noh0906/robot_ws/src/my_move_turtle_pkg'
[6.768s] INFO:colcon.colcon_core.shell:Skip shell extension 'powershell' for command environment: Not usable outside of PowerShell
[6.768s] DEBUG:colcon.colcon_core.shell:Skip shell extension 'dsv' for command environment
[7.095s] Level 1:colcon.colcon_core.shell:create_environment_hook('topic_service_action_rclpy_example', 'pythonpath_develop')
[7.095s] INFO:colcon.colcon_core.shell:Creating environment hook '/home/noh0906/robot_ws/build/topic_service_action_rclpy_example/share/topic_service_action_rclpy_example/hook/pythonpath_develop.ps1'
[7.096s] INFO:colcon.colcon_core.shell:Creating environment descriptor '/home/noh0906/robot_ws/build/topic_service_action_rclpy_example/share/topic_service_action_rclpy_example/hook/pythonpath_develop.dsv'
[7.098s] DEBUG:colcon.colcon_core.event_handler.log_command:Invoked command in '/home/noh0906/robot_ws/build/topic_service_action_rclpy_example' returned '0': PYTHONPATH=/home/noh0906/robot_ws/build/topic_service_action_rclpy_example/prefix_override:/usr/lib/python3/dist-packages/colcon_core/task/python/colcon_distutils_commands:/home/noh0906/robot_ws/install/topic_service_action_rclpy_example/lib/python3.10/site-packages:${PYTHONPATH} /usr/bin/python3 -W ignore:setup.py install is deprecated -W ignore:easy_install command is deprecated setup.py develop --editable --build-directory /home/noh0906/robot_ws/build/topic_service_action_rclpy_example/build --no-deps symlink_data
[7.098s] INFO:colcon.colcon_core.shell:Creating environment hook '/home/noh0906/robot_ws/build/topic_service_action_rclpy_example/share/topic_service_action_rclpy_example/hook/pythonpath_develop.sh'
[7.101s] Level 1:colcon.colcon_core.environment:checking '/home/noh0906/robot_ws/install/topic_service_action_rclpy_example' for CMake module files
[7.101s] Level 1:colcon.colcon_core.environment:checking '/home/noh0906/robot_ws/install/topic_service_action_rclpy_example' for CMake config files
[7.102s] Level 1:colcon.colcon_core.environment:checking '/home/noh0906/robot_ws/install/topic_service_action_rclpy_example/lib'
[7.102s] Level 1:colcon.colcon_core.environment:checking '/home/noh0906/robot_ws/install/topic_service_action_rclpy_example/bin'
[7.102s] Level 1:colcon.colcon_core.environment:checking '/home/noh0906/robot_ws/install/topic_service_action_rclpy_example/lib/pkgconfig/topic_service_action_rclpy_example.pc'
[7.102s] Level 1:colcon.colcon_core.environment:checking '/home/noh0906/robot_ws/install/topic_service_action_rclpy_example/lib/python3.10/site-packages'
[7.102s] Level 1:colcon.colcon_core.shell:create_environment_hook('topic_service_action_rclpy_example', 'pythonpath')
[7.104s] INFO:colcon.colcon_core.shell:Creating environment hook '/home/noh0906/robot_ws/install/topic_service_action_rclpy_example/share/topic_service_action_rclpy_example/hook/pythonpath.ps1'
[7.107s] INFO:colcon.colcon_core.shell:Creating environment descriptor '/home/noh0906/robot_ws/install/topic_service_action_rclpy_example/share/topic_service_action_rclpy_example/hook/pythonpath.dsv'
[7.108s] INFO:colcon.colcon_core.shell:Creating environment hook '/home/noh0906/robot_ws/install/topic_service_action_rclpy_example/share/topic_service_action_rclpy_example/hook/pythonpath.sh'
[7.111s] Level 1:colcon.colcon_core.environment:checking '/home/noh0906/robot_ws/install/topic_service_action_rclpy_example/bin'
[7.111s] Level 1:colcon.colcon_core.environment:create_environment_scripts_only(topic_service_action_rclpy_example)
[7.112s] INFO:colcon.colcon_core.shell:Creating package script '/home/noh0906/robot_ws/install/topic_service_action_rclpy_example/share/topic_service_action_rclpy_example/package.ps1'
[7.116s] INFO:colcon.colcon_core.shell:Creating package descriptor '/home/noh0906/robot_ws/install/topic_service_action_rclpy_example/share/topic_service_action_rclpy_example/package.dsv'
[7.117s] INFO:colcon.colcon_core.shell:Creating package script '/home/noh0906/robot_ws/install/topic_service_action_rclpy_example/share/topic_service_action_rclpy_example/package.sh'
[7.120s] INFO:colcon.colcon_core.shell:Creating package script '/home/noh0906/robot_ws/install/topic_service_action_rclpy_example/share/topic_service_action_rclpy_example/package.bash'
[7.120s] INFO:colcon.colcon_core.shell:Creating package script '/home/noh0906/robot_ws/install/topic_service_action_rclpy_example/share/topic_service_action_rclpy_example/package.zsh'
[7.122s] Level 1:colcon.colcon_core.environment:create_file_with_runtime_dependencies(/home/noh0906/robot_ws/install/topic_service_action_rclpy_example/share/colcon-core/packages/topic_service_action_rclpy_example)
[7.357s] DEBUG:colcon.colcon_core.event_handler.log_command:Invoking command in '/home/noh0906/robot_ws/build/turtle_pkg': PYTHONPATH=/home/noh0906/robot_ws/build/turtle_pkg/prefix_override:/usr/lib/python3/dist-packages/colcon_core/task/python/colcon_distutils_commands:/home/noh0906/robot_ws/install/turtle_pkg/lib/python3.10/site-packages:${PYTHONPATH} /usr/bin/python3 -W ignore:setup.py install is deprecated -W ignore:easy_install command is deprecated setup.py develop --editable --build-directory /home/noh0906/robot_ws/build/turtle_pkg/build --no-deps symlink_data
[7.859s] Level 1:colcon.colcon_core.shell:create_environment_hook('turtle_pkg', 'pythonpath_develop')
[7.859s] INFO:colcon.colcon_core.shell:Creating environment hook '/home/noh0906/robot_ws/build/turtle_pkg/share/turtle_pkg/hook/pythonpath_develop.ps1'
[7.860s] DEBUG:colcon.colcon_core.event_handler.log_command:Invoked command in '/home/noh0906/robot_ws/build/turtle_pkg' returned '0': PYTHONPATH=/home/noh0906/robot_ws/build/turtle_pkg/prefix_override:/usr/lib/python3/dist-packages/colcon_core/task/python/colcon_distutils_commands:/home/noh0906/robot_ws/install/turtle_pkg/lib/python3.10/site-packages:${PYTHONPATH} /usr/bin/python3 -W ignore:setup.py install is deprecated -W ignore:easy_install command is deprecated setup.py develop --editable --build-directory /home/noh0906/robot_ws/build/turtle_pkg/build --no-deps symlink_data
[7.860s] INFO:colcon.colcon_core.shell:Creating environment descriptor '/home/noh0906/robot_ws/build/turtle_pkg/share/turtle_pkg/hook/pythonpath_develop.dsv'
[7.861s] INFO:colcon.colcon_core.shell:Creating environment hook '/home/noh0906/robot_ws/build/turtle_pkg/share/turtle_pkg/hook/pythonpath_develop.sh'
[7.862s] Level 1:colcon.colcon_core.environment:checking '/home/noh0906/robot_ws/install/turtle_pkg' for CMake module files
[7.862s] Level 1:colcon.colcon_core.environment:checking '/home/noh0906/robot_ws/install/turtle_pkg' for CMake config files
[7.862s] Level 1:colcon.colcon_core.environment:checking '/home/noh0906/robot_ws/install/turtle_pkg/lib'
[7.862s] Level 1:colcon.colcon_core.environment:checking '/home/noh0906/robot_ws/install/turtle_pkg/bin'
[7.862s] Level 1:colcon.colcon_core.environment:checking '/home/noh0906/robot_ws/install/turtle_pkg/lib/pkgconfig/turtle_pkg.pc'
[7.863s] Level 1:colcon.colcon_core.environment:checking '/home/noh0906/robot_ws/install/turtle_pkg/lib/python3.10/site-packages'
[7.863s] Level 1:colcon.colcon_core.shell:create_environment_hook('turtle_pkg', 'pythonpath')
[7.863s] INFO:colcon.colcon_core.shell:Creating environment hook '/home/noh0906/robot_ws/install/turtle_pkg/share/turtle_pkg/hook/pythonpath.ps1'
[7.863s] INFO:colcon.colcon_core.shell:Creating environment descriptor '/home/noh0906/robot_ws/install/turtle_pkg/share/turtle_pkg/hook/pythonpath.dsv'
[7.864s] INFO:colcon.colcon_core.shell:Creating environment hook '/home/noh0906/robot_ws/install/turtle_pkg/share/turtle_pkg/hook/pythonpath.sh'
[7.864s] Level 1:colcon.colcon_core.environment:checking '/home/noh0906/robot_ws/install/turtle_pkg/bin'
[7.864s] Level 1:colcon.colcon_core.environment:create_environment_scripts_only(turtle_pkg)
[7.865s] INFO:colcon.colcon_core.shell:Creating package script '/home/noh0906/robot_ws/install/turtle_pkg/share/turtle_pkg/package.ps1'
[7.865s] INFO:colcon.colcon_core.shell:Creating package descriptor '/home/noh0906/robot_ws/install/turtle_pkg/share/turtle_pkg/package.dsv'
[7.866s] INFO:colcon.colcon_core.shell:Creating package script '/home/noh0906/robot_ws/install/turtle_pkg/share/turtle_pkg/package.sh'
[7.867s] INFO:colcon.colcon_core.shell:Creating package script '/home/noh0906/robot_ws/install/turtle_pkg/share/turtle_pkg/package.bash'
[7.867s] INFO:colcon.colcon_core.shell:Creating package script '/home/noh0906/robot_ws/install/turtle_pkg/share/turtle_pkg/package.zsh'
[7.868s] Level 1:colcon.colcon_core.environment:create_file_with_runtime_dependencies(/home/noh0906/robot_ws/install/turtle_pkg/share/colcon-core/packages/turtle_pkg)
[7.868s] DEBUG:colcon.colcon_parallel_executor.executor.parallel:closing loop
[7.868s] DEBUG:colcon.colcon_parallel_executor.executor.parallel:loop closed
[7.869s] DEBUG:colcon.colcon_parallel_executor.executor.parallel:run_until_complete finished with '0'
[7.869s] DEBUG:colcon.colcon_core.event_reactor:joining thread
[7.874s] INFO:colcon.colcon_core.plugin_system:Skipping extension 'colcon_notification.desktop_notification.terminal_notifier': Not used on non-Darwin systems
[7.875s] INFO:colcon.colcon_core.plugin_system:Skipping extension 'colcon_notification.desktop_notification.win32': Not used on non-Windows systems
[7.875s] INFO:colcon.colcon_notification.desktop_notification:Sending desktop notification using 'notify2'
[7.889s] DEBUG:colcon.colcon_core.event_reactor:joined thread
[7.890s] INFO:colcon.colcon_core.shell:Creating prefix script '/home/noh0906/robot_ws/install/local_setup.ps1'
[7.891s] INFO:colcon.colcon_core.shell:Creating prefix util module '/home/noh0906/robot_ws/install/_local_setup_util_ps1.py'
[7.892s] INFO:colcon.colcon_core.shell:Creating prefix chain script '/home/noh0906/robot_ws/install/setup.ps1'
[7.895s] INFO:colcon.colcon_core.shell:Creating prefix script '/home/noh0906/robot_ws/install/local_setup.sh'
[7.897s] INFO:colcon.colcon_core.shell:Creating prefix util module '/home/noh0906/robot_ws/install/_local_setup_util_sh.py'
[7.898s] INFO:colcon.colcon_core.shell:Creating prefix chain script '/home/noh0906/robot_ws/install/setup.sh'
[7.900s] INFO:colcon.colcon_core.shell:Creating prefix script '/home/noh0906/robot_ws/install/local_setup.bash'
[7.902s] INFO:colcon.colcon_core.shell:Creating prefix chain script '/home/noh0906/robot_ws/install/setup.bash'
[7.904s] INFO:colcon.colcon_core.shell:Creating prefix script '/home/noh0906/robot_ws/install/local_setup.zsh'
[7.905s] INFO:colcon.colcon_core.shell:Creating prefix chain script '/home/noh0906/robot_ws/install/setup.zsh'
