[2.264s] Invoking command in '/home/noh0906/robot_ws/build/turtle_pkg': PYTHONPATH=/home/noh0906/robot_ws/build/turtle_pkg/prefix_override:/usr/lib/python3/dist-packages/colcon_core/task/python/colcon_distutils_commands:/home/noh0906/robot_ws/install/turtle_pkg/lib/python3.10/site-packages:${PYTHONPATH} /usr/bin/python3 -W ignore:setup.py install is deprecated -W ignore:easy_install command is deprecated setup.py develop --editable --build-directory /home/noh0906/robot_ws/build/turtle_pkg/build --no-deps symlink_data
[3.129s] running develop
[3.659s] running egg_info
[3.659s] writing turtle_pkg.egg-info/PKG-INFO
[3.659s] writing dependency_links to turtle_pkg.egg-info/dependency_links.txt
[3.660s] writing entry points to turtle_pkg.egg-info/entry_points.txt
[3.660s] writing requirements to turtle_pkg.egg-info/requires.txt
[3.660s] writing top-level names to turtle_pkg.egg-info/top_level.txt
[3.662s] reading manifest file 'turtle_pkg.egg-info/SOURCES.txt'
[3.662s] writing manifest file 'turtle_pkg.egg-info/SOURCES.txt'
[3.674s] running build_ext
[3.674s] Creating /home/noh0906/robot_ws/install/turtle_pkg/lib/python3.10/site-packages/turtle-pkg.egg-link (link to .)
[3.676s] Installing dist_turtle_action_server script to /home/noh0906/robot_ws/install/turtle_pkg/lib/turtle_pkg
[3.676s] Installing my_multi_thread script to /home/noh0906/robot_ws/install/turtle_pkg/lib/turtle_pkg
[3.678s] Installing my_service_server script to /home/noh0906/robot_ws/install/turtle_pkg/lib/turtle_pkg
[3.678s] Installing my_subscriber script to /home/noh0906/robot_ws/install/turtle_pkg/lib/turtle_pkg
[3.678s] Installing turtle_cmd_and_pose script to /home/noh0906/robot_ws/install/turtle_pkg/lib/turtle_pkg
[3.679s] Installing turtle_pub script to /home/noh0906/robot_ws/install/turtle_pkg/lib/turtle_pkg
[3.684s] Installing turtlesim_and_teleop.launch script to /home/noh0906/robot_ws/install/turtle_pkg/lib/turtle_pkg
[3.684s] 
[3.692s] Installed /home/noh0906/robot_ws/build/turtle_pkg
[3.692s] running symlink_data
[3.779s] Invoked command in '/home/noh0906/robot_ws/build/turtle_pkg' returned '0': PYTHONPATH=/home/noh0906/robot_ws/build/turtle_pkg/prefix_override:/usr/lib/python3/dist-packages/colcon_core/task/python/colcon_distutils_commands:/home/noh0906/robot_ws/install/turtle_pkg/lib/python3.10/site-packages:${PYTHONPATH} /usr/bin/python3 -W ignore:setup.py install is deprecated -W ignore:easy_install command is deprecated setup.py develop --editable --build-directory /home/noh0906/robot_ws/build/turtle_pkg/build --no-deps symlink_data
