[0.031s] Invoking command in '/home/noh0906/robot_ws/build/msg_srv_action_interface_example': CMAKE_PREFIX_PATH=${CMAKE_PREFIX_PATH}:/home/noh0906/turtlebot3_ws/install/turtlebot3_teleop:/home/noh0906/turtlebot3_ws/install/turtlebot3_example:/home/noh0906/turtlebot3_ws/install/turtlebot3_dqn:/home/noh0906/robot_ws/install/turtle_pkg:/home/noh0906/robot_ws/install/topic_service_action_rclpy_example:/home/noh0906/robot_ws/install/ros_time_pkg:/home/noh0906/robot_ws/install/my_move_turtle_pkg:/home/noh0906/robot_ws/install/my_first_ros_rclpy_pkg:/opt/ros/humble /usr/bin/cmake --build /home/noh0906/robot_ws/build/msg_srv_action_interface_example -- -j2 -l2
[0.086s] [  2%] Built target msg_srv_action_interface_example__cpp
[0.114s] [ 12%] Built target msg_srv_action_interface_example__rosidl_generator_c
[0.148s] [ 12%] Built target ament_cmake_python_symlink_msg_srv_action_interface_example
[0.175s] [ 23%] Built target msg_srv_action_interface_example__rosidl_typesupport_cpp
[0.204s] [ 34%] Built target msg_srv_action_interface_example__rosidl_typesupport_fastrtps_c
[0.235s] [ 44%] Built target msg_srv_action_interface_example__rosidl_typesupport_fastrtps_cpp
[0.264s] [ 55%] Built target msg_srv_action_interface_example__rosidl_typesupport_introspection_c
[0.294s] [ 65%] Built target msg_srv_action_interface_example__rosidl_typesupport_c
[0.322s] [ 76%] Built target msg_srv_action_interface_example__rosidl_typesupport_introspection_cpp
[0.622s] running egg_info
[0.622s] writing msg_srv_action_interface_example.egg-info/PKG-INFO
[0.622s] writing dependency_links to msg_srv_action_interface_example.egg-info/dependency_links.txt
[0.623s] writing top-level names to msg_srv_action_interface_example.egg-info/top_level.txt
[0.626s] reading manifest file 'msg_srv_action_interface_example.egg-info/SOURCES.txt'
[0.634s] writing manifest file 'msg_srv_action_interface_example.egg-info/SOURCES.txt'
[0.663s] [ 76%] Built target ament_cmake_python_build_msg_srv_action_interface_example_egg
[0.686s] [ 76%] Built target msg_srv_action_interface_example
[0.706s] [ 78%] Built target msg_srv_action_interface_example__py
[0.734s] [ 87%] Built target msg_srv_action_interface_example__rosidl_generator_py
[0.759s] [ 91%] Built target msg_srv_action_interface_example__rosidl_typesupport_fastrtps_c__pyext
[0.783s] [ 95%] Built target msg_srv_action_interface_example__rosidl_typesupport_introspection_c__pyext
[0.809s] [100%] Built target msg_srv_action_interface_example__rosidl_typesupport_c__pyext
[0.827s] Invoked command in '/home/noh0906/robot_ws/build/msg_srv_action_interface_example' returned '0': CMAKE_PREFIX_PATH=${CMAKE_PREFIX_PATH}:/home/noh0906/turtlebot3_ws/install/turtlebot3_teleop:/home/noh0906/turtlebot3_ws/install/turtlebot3_example:/home/noh0906/turtlebot3_ws/install/turtlebot3_dqn:/home/noh0906/robot_ws/install/turtle_pkg:/home/noh0906/robot_ws/install/topic_service_action_rclpy_example:/home/noh0906/robot_ws/install/ros_time_pkg:/home/noh0906/robot_ws/install/my_move_turtle_pkg:/home/noh0906/robot_ws/install/my_first_ros_rclpy_pkg:/opt/ros/humble /usr/bin/cmake --build /home/noh0906/robot_ws/build/msg_srv_action_interface_example -- -j2 -l2
[0.842s] Invoking command in '/home/noh0906/robot_ws/build/msg_srv_action_interface_example': CMAKE_PREFIX_PATH=${CMAKE_PREFIX_PATH}:/home/noh0906/turtlebot3_ws/install/turtlebot3_teleop:/home/noh0906/turtlebot3_ws/install/turtlebot3_example:/home/noh0906/turtlebot3_ws/install/turtlebot3_dqn:/home/noh0906/robot_ws/install/turtle_pkg:/home/noh0906/robot_ws/install/topic_service_action_rclpy_example:/home/noh0906/robot_ws/install/ros_time_pkg:/home/noh0906/robot_ws/install/my_move_turtle_pkg:/home/noh0906/robot_ws/install/my_first_ros_rclpy_pkg:/opt/ros/humble /usr/bin/cmake --install /home/noh0906/robot_ws/build/msg_srv_action_interface_example
[0.851s] -- Install configuration: ""
[0.853s] -- Execute custom install script
[0.853s] -- Up-to-date symlink: /home/noh0906/robot_ws/install/msg_srv_action_interface_example/share/ament_index/resource_index/rosidl_interfaces/msg_srv_action_interface_example
[0.854s] -- Up-to-date symlink: /home/noh0906/robot_ws/install/msg_srv_action_interface_example/include/msg_srv_action_interface_example/msg_srv_action_interface_example/action/arithmetic_checker.h
[0.856s] -- Up-to-date symlink: /home/noh0906/robot_ws/install/msg_srv_action_interface_example/include/msg_srv_action_interface_example/msg_srv_action_interface_example/action/detail/arithmetic_checker__functions.h
[0.856s] -- Up-to-date symlink: /home/noh0906/robot_ws/install/msg_srv_action_interface_example/include/msg_srv_action_interface_example/msg_srv_action_interface_example/action/detail/arithmetic_checker__struct.h
[0.856s] -- Up-to-date symlink: /home/noh0906/robot_ws/install/msg_srv_action_interface_example/include/msg_srv_action_interface_example/msg_srv_action_interface_example/action/detail/arithmetic_checker__type_support.h
[0.856s] -- Up-to-date symlink: /home/noh0906/robot_ws/install/msg_srv_action_interface_example/include/msg_srv_action_interface_example/msg_srv_action_interface_example/msg/arithmetic_argument.h
[0.856s] -- Up-to-date symlink: /home/noh0906/robot_ws/install/msg_srv_action_interface_example/include/msg_srv_action_interface_example/msg_srv_action_interface_example/msg/detail/arithmetic_argument__functions.h
[0.857s] -- Up-to-date symlink: /home/noh0906/robot_ws/install/msg_srv_action_interface_example/include/msg_srv_action_interface_example/msg_srv_action_interface_example/msg/detail/arithmetic_argument__struct.h
[0.857s] -- Up-to-date symlink: /home/noh0906/robot_ws/install/msg_srv_action_interface_example/include/msg_srv_action_interface_example/msg_srv_action_interface_example/msg/detail/arithmetic_argument__type_support.h
[0.857s] -- Up-to-date symlink: /home/noh0906/robot_ws/install/msg_srv_action_interface_example/include/msg_srv_action_interface_example/msg_srv_action_interface_example/msg/rosidl_generator_c__visibility_control.h
[0.857s] -- Up-to-date symlink: /home/noh0906/robot_ws/install/msg_srv_action_interface_example/include/msg_srv_action_interface_example/msg_srv_action_interface_example/srv/arithmetic_operator.h
[0.857s] -- Up-to-date symlink: /home/noh0906/robot_ws/install/msg_srv_action_interface_example/include/msg_srv_action_interface_example/msg_srv_action_interface_example/srv/detail/arithmetic_operator__functions.h
[0.857s] -- Up-to-date symlink: /home/noh0906/robot_ws/install/msg_srv_action_interface_example/include/msg_srv_action_interface_example/msg_srv_action_interface_example/srv/detail/arithmetic_operator__struct.h
[0.857s] -- Up-to-date symlink: /home/noh0906/robot_ws/install/msg_srv_action_interface_example/include/msg_srv_action_interface_example/msg_srv_action_interface_example/srv/detail/arithmetic_operator__type_support.h
[0.857s] -- Up-to-date symlink: /home/noh0906/robot_ws/install/msg_srv_action_interface_example/share/msg_srv_action_interface_example/environment/library_path.sh
[0.857s] -- Up-to-date symlink: /home/noh0906/robot_ws/install/msg_srv_action_interface_example/share/msg_srv_action_interface_example/environment/library_path.dsv
[0.861s] -- Up-to-date symlink: /home/noh0906/robot_ws/install/msg_srv_action_interface_example/include/msg_srv_action_interface_example/msg_srv_action_interface_example/action/detail/arithmetic_checker__rosidl_typesupport_fastrtps_c.h
[0.861s] -- Up-to-date symlink: /home/noh0906/robot_ws/install/msg_srv_action_interface_example/include/msg_srv_action_interface_example/msg_srv_action_interface_example/msg/detail/arithmetic_argument__rosidl_typesupport_fastrtps_c.h
[0.861s] -- Up-to-date symlink: /home/noh0906/robot_ws/install/msg_srv_action_interface_example/include/msg_srv_action_interface_example/msg_srv_action_interface_example/msg/rosidl_typesupport_fastrtps_c__visibility_control.h
[0.861s] -- Up-to-date symlink: /home/noh0906/robot_ws/install/msg_srv_action_interface_example/include/msg_srv_action_interface_example/msg_srv_action_interface_example/srv/detail/arithmetic_operator__rosidl_typesupport_fastrtps_c.h
[0.861s] -- Up-to-date symlink: /home/noh0906/robot_ws/install/msg_srv_action_interface_example/include/msg_srv_action_interface_example/msg_srv_action_interface_example/action/arithmetic_checker.hpp
[0.861s] -- Up-to-date symlink: /home/noh0906/robot_ws/install/msg_srv_action_interface_example/include/msg_srv_action_interface_example/msg_srv_action_interface_example/action/detail/arithmetic_checker__builder.hpp
[0.861s] -- Up-to-date symlink: /home/noh0906/robot_ws/install/msg_srv_action_interface_example/include/msg_srv_action_interface_example/msg_srv_action_interface_example/action/detail/arithmetic_checker__struct.hpp
[0.861s] -- Up-to-date symlink: /home/noh0906/robot_ws/install/msg_srv_action_interface_example/include/msg_srv_action_interface_example/msg_srv_action_interface_example/action/detail/arithmetic_checker__traits.hpp
[0.861s] -- Up-to-date symlink: /home/noh0906/robot_ws/install/msg_srv_action_interface_example/include/msg_srv_action_interface_example/msg_srv_action_interface_example/action/detail/arithmetic_checker__type_support.hpp
[0.861s] -- Up-to-date symlink: /home/noh0906/robot_ws/install/msg_srv_action_interface_example/include/msg_srv_action_interface_example/msg_srv_action_interface_example/msg/arithmetic_argument.hpp
[0.861s] -- Up-to-date symlink: /home/noh0906/robot_ws/install/msg_srv_action_interface_example/include/msg_srv_action_interface_example/msg_srv_action_interface_example/msg/detail/arithmetic_argument__builder.hpp
[0.862s] -- Up-to-date symlink: /home/noh0906/robot_ws/install/msg_srv_action_interface_example/include/msg_srv_action_interface_example/msg_srv_action_interface_example/msg/detail/arithmetic_argument__struct.hpp
[0.862s] -- Up-to-date symlink: /home/noh0906/robot_ws/install/msg_srv_action_interface_example/include/msg_srv_action_interface_example/msg_srv_action_interface_example/msg/detail/arithmetic_argument__traits.hpp
[0.862s] -- Up-to-date symlink: /home/noh0906/robot_ws/install/msg_srv_action_interface_example/include/msg_srv_action_interface_example/msg_srv_action_interface_example/msg/detail/arithmetic_argument__type_support.hpp
[0.862s] -- Up-to-date symlink: /home/noh0906/robot_ws/install/msg_srv_action_interface_example/include/msg_srv_action_interface_example/msg_srv_action_interface_example/msg/rosidl_generator_cpp__visibility_control.hpp
[0.862s] -- Up-to-date symlink: /home/noh0906/robot_ws/install/msg_srv_action_interface_example/include/msg_srv_action_interface_example/msg_srv_action_interface_example/srv/arithmetic_operator.hpp
[0.862s] -- Up-to-date symlink: /home/noh0906/robot_ws/install/msg_srv_action_interface_example/include/msg_srv_action_interface_example/msg_srv_action_interface_example/srv/detail/arithmetic_operator__builder.hpp
[0.862s] -- Up-to-date symlink: /home/noh0906/robot_ws/install/msg_srv_action_interface_example/include/msg_srv_action_interface_example/msg_srv_action_interface_example/srv/detail/arithmetic_operator__struct.hpp
[0.863s] -- Up-to-date symlink: /home/noh0906/robot_ws/install/msg_srv_action_interface_example/include/msg_srv_action_interface_example/msg_srv_action_interface_example/srv/detail/arithmetic_operator__traits.hpp
[0.863s] -- Up-to-date symlink: /home/noh0906/robot_ws/install/msg_srv_action_interface_example/include/msg_srv_action_interface_example/msg_srv_action_interface_example/srv/detail/arithmetic_operator__type_support.hpp
[0.863s] -- Up-to-date symlink: /home/noh0906/robot_ws/install/msg_srv_action_interface_example/include/msg_srv_action_interface_example/msg_srv_action_interface_example/action/detail/arithmetic_checker__rosidl_typesupport_fastrtps_cpp.hpp
[0.866s] -- Up-to-date symlink: /home/noh0906/robot_ws/install/msg_srv_action_interface_example/include/msg_srv_action_interface_example/msg_srv_action_interface_example/msg/detail/arithmetic_argument__rosidl_typesupport_fastrtps_cpp.hpp
[0.866s] -- Up-to-date symlink: /home/noh0906/robot_ws/install/msg_srv_action_interface_example/include/msg_srv_action_interface_example/msg_srv_action_interface_example/msg/rosidl_typesupport_fastrtps_cpp__visibility_control.h
[0.866s] -- Up-to-date symlink: /home/noh0906/robot_ws/install/msg_srv_action_interface_example/include/msg_srv_action_interface_example/msg_srv_action_interface_example/srv/detail/arithmetic_operator__rosidl_typesupport_fastrtps_cpp.hpp
[0.868s] -- Up-to-date symlink: /home/noh0906/robot_ws/install/msg_srv_action_interface_example/include/msg_srv_action_interface_example/msg_srv_action_interface_example/action/detail/arithmetic_checker__rosidl_typesupport_introspection_c.h
[0.868s] -- Up-to-date symlink: /home/noh0906/robot_ws/install/msg_srv_action_interface_example/include/msg_srv_action_interface_example/msg_srv_action_interface_example/msg/detail/arithmetic_argument__rosidl_typesupport_introspection_c.h
[0.868s] -- Up-to-date symlink: /home/noh0906/robot_ws/install/msg_srv_action_interface_example/include/msg_srv_action_interface_example/msg_srv_action_interface_example/msg/rosidl_typesupport_introspection_c__visibility_control.h
[0.868s] -- Up-to-date symlink: /home/noh0906/robot_ws/install/msg_srv_action_interface_example/include/msg_srv_action_interface_example/msg_srv_action_interface_example/srv/detail/arithmetic_operator__rosidl_typesupport_introspection_c.h
[0.868s] -- Up-to-date symlink: /home/noh0906/robot_ws/install/msg_srv_action_interface_example/include/msg_srv_action_interface_example/msg_srv_action_interface_example/action/detail/arithmetic_checker__rosidl_typesupport_introspection_cpp.hpp
[0.868s] -- Up-to-date symlink: /home/noh0906/robot_ws/install/msg_srv_action_interface_example/include/msg_srv_action_interface_example/msg_srv_action_interface_example/msg/detail/arithmetic_argument__rosidl_typesupport_introspection_cpp.hpp
[0.868s] -- Up-to-date symlink: /home/noh0906/robot_ws/install/msg_srv_action_interface_example/include/msg_srv_action_interface_example/msg_srv_action_interface_example/srv/detail/arithmetic_operator__rosidl_typesupport_introspection_cpp.hpp
[0.868s] -- Up-to-date symlink: /home/noh0906/robot_ws/install/msg_srv_action_interface_example/share/msg_srv_action_interface_example/environment/pythonpath.sh
[0.868s] -- Up-to-date symlink: /home/noh0906/robot_ws/install/msg_srv_action_interface_example/share/msg_srv_action_interface_example/environment/pythonpath.dsv
[0.868s] -- Up-to-date symlink: /home/noh0906/robot_ws/install/msg_srv_action_interface_example/local/lib/python3.10/dist-packages/msg_srv_action_interface_example-0.6.0-py3.10.egg-info/PKG-INFO
[0.868s] -- Up-to-date symlink: /home/noh0906/robot_ws/install/msg_srv_action_interface_example/local/lib/python3.10/dist-packages/msg_srv_action_interface_example-0.6.0-py3.10.egg-info/SOURCES.txt
[0.868s] -- Up-to-date symlink: /home/noh0906/robot_ws/install/msg_srv_action_interface_example/local/lib/python3.10/dist-packages/msg_srv_action_interface_example-0.6.0-py3.10.egg-info/dependency_links.txt
[0.868s] -- Up-to-date symlink: /home/noh0906/robot_ws/install/msg_srv_action_interface_example/local/lib/python3.10/dist-packages/msg_srv_action_interface_example-0.6.0-py3.10.egg-info/top_level.txt
[0.873s] -- Up-to-date symlink: /home/noh0906/robot_ws/install/msg_srv_action_interface_example/local/lib/python3.10/dist-packages/msg_srv_action_interface_example/__init__.py
[0.873s] -- Up-to-date symlink: /home/noh0906/robot_ws/install/msg_srv_action_interface_example/local/lib/python3.10/dist-packages/msg_srv_action_interface_example/_msg_srv_action_interface_example_s.ep.rosidl_typesupport_c.c
[0.873s] -- Up-to-date symlink: /home/noh0906/robot_ws/install/msg_srv_action_interface_example/local/lib/python3.10/dist-packages/msg_srv_action_interface_example/_msg_srv_action_interface_example_s.ep.rosidl_typesupport_fastrtps_c.c
[0.874s] -- Up-to-date symlink: /home/noh0906/robot_ws/install/msg_srv_action_interface_example/local/lib/python3.10/dist-packages/msg_srv_action_interface_example/_msg_srv_action_interface_example_s.ep.rosidl_typesupport_introspection_c.c
[0.874s] -- Up-to-date symlink: /home/noh0906/robot_ws/install/msg_srv_action_interface_example/local/lib/python3.10/dist-packages/msg_srv_action_interface_example/action/__init__.py
[0.874s] -- Up-to-date symlink: /home/noh0906/robot_ws/install/msg_srv_action_interface_example/local/lib/python3.10/dist-packages/msg_srv_action_interface_example/action/_arithmetic_checker.py
[0.874s] -- Up-to-date symlink: /home/noh0906/robot_ws/install/msg_srv_action_interface_example/local/lib/python3.10/dist-packages/msg_srv_action_interface_example/action/_arithmetic_checker_s.c
[0.874s] -- Up-to-date symlink: /home/noh0906/robot_ws/install/msg_srv_action_interface_example/local/lib/python3.10/dist-packages/msg_srv_action_interface_example/libmsg_srv_action_interface_example__rosidl_generator_py.so
[0.874s] -- Up-to-date symlink: /home/noh0906/robot_ws/install/msg_srv_action_interface_example/local/lib/python3.10/dist-packages/msg_srv_action_interface_example/msg/__init__.py
[0.874s] -- Up-to-date symlink: /home/noh0906/robot_ws/install/msg_srv_action_interface_example/local/lib/python3.10/dist-packages/msg_srv_action_interface_example/msg/_arithmetic_argument.py
[0.874s] -- Up-to-date symlink: /home/noh0906/robot_ws/install/msg_srv_action_interface_example/local/lib/python3.10/dist-packages/msg_srv_action_interface_example/msg/_arithmetic_argument_s.c
[0.874s] -- Up-to-date symlink: /home/noh0906/robot_ws/install/msg_srv_action_interface_example/local/lib/python3.10/dist-packages/msg_srv_action_interface_example/msg_srv_action_interface_example_s__rosidl_typesupport_c.cpython-310-x86_64-linux-gnu.so
[0.874s] -- Up-to-date symlink: /home/noh0906/robot_ws/install/msg_srv_action_interface_example/local/lib/python3.10/dist-packages/msg_srv_action_interface_example/msg_srv_action_interface_example_s__rosidl_typesupport_fastrtps_c.cpython-310-x86_64-linux-gnu.so
[0.874s] -- Up-to-date symlink: /home/noh0906/robot_ws/install/msg_srv_action_interface_example/local/lib/python3.10/dist-packages/msg_srv_action_interface_example/msg_srv_action_interface_example_s__rosidl_typesupport_introspection_c.cpython-310-x86_64-linux-gnu.so
[0.874s] -- Up-to-date symlink: /home/noh0906/robot_ws/install/msg_srv_action_interface_example/local/lib/python3.10/dist-packages/msg_srv_action_interface_example/srv/__init__.py
[0.874s] -- Up-to-date symlink: /home/noh0906/robot_ws/install/msg_srv_action_interface_example/local/lib/python3.10/dist-packages/msg_srv_action_interface_example/srv/_arithmetic_operator.py
[0.874s] -- Up-to-date symlink: /home/noh0906/robot_ws/install/msg_srv_action_interface_example/local/lib/python3.10/dist-packages/msg_srv_action_interface_example/srv/_arithmetic_operator_s.c
[0.878s] -- Up-to-date symlink: /home/noh0906/robot_ws/install/msg_srv_action_interface_example/local/lib/python3.10/dist-packages/msg_srv_action_interface_example/msg_srv_action_interface_example_s__rosidl_typesupport_fastrtps_c.cpython-310-x86_64-linux-gnu.so
[0.880s] -- Up-to-date symlink: /home/noh0906/robot_ws/install/msg_srv_action_interface_example/local/lib/python3.10/dist-packages/msg_srv_action_interface_example/msg_srv_action_interface_example_s__rosidl_typesupport_introspection_c.cpython-310-x86_64-linux-gnu.so
[0.881s] -- Up-to-date symlink: /home/noh0906/robot_ws/install/msg_srv_action_interface_example/local/lib/python3.10/dist-packages/msg_srv_action_interface_example/msg_srv_action_interface_example_s__rosidl_typesupport_c.cpython-310-x86_64-linux-gnu.so
[0.881s] -- Up-to-date symlink: /home/noh0906/robot_ws/install/msg_srv_action_interface_example/share/msg_srv_action_interface_example/msg/ArithmeticArgument.idl
[0.882s] -- Up-to-date symlink: /home/noh0906/robot_ws/install/msg_srv_action_interface_example/share/msg_srv_action_interface_example/srv/ArithmeticOperator.idl
[0.882s] -- Up-to-date symlink: /home/noh0906/robot_ws/install/msg_srv_action_interface_example/share/msg_srv_action_interface_example/action/ArithmeticChecker.idl
[0.882s] -- Up-to-date symlink: /home/noh0906/robot_ws/install/msg_srv_action_interface_example/share/msg_srv_action_interface_example/msg/ArithmeticArgument.msg
[0.883s] -- Up-to-date symlink: /home/noh0906/robot_ws/install/msg_srv_action_interface_example/share/msg_srv_action_interface_example/srv/ArithmeticOperator.srv
[0.883s] -- Up-to-date symlink: /home/noh0906/robot_ws/install/msg_srv_action_interface_example/share/msg_srv_action_interface_example/srv/ArithmeticOperator_Request.msg
[0.884s] -- Up-to-date symlink: /home/noh0906/robot_ws/install/msg_srv_action_interface_example/share/msg_srv_action_interface_example/srv/ArithmeticOperator_Response.msg
[0.885s] -- Up-to-date symlink: /home/noh0906/robot_ws/install/msg_srv_action_interface_example/share/msg_srv_action_interface_example/action/ArithmeticChecker.action
[0.886s] -- Up-to-date symlink: /home/noh0906/robot_ws/install/msg_srv_action_interface_example/share/ament_index/resource_index/package_run_dependencies/msg_srv_action_interface_example
[0.886s] -- Up-to-date symlink: /home/noh0906/robot_ws/install/msg_srv_action_interface_example/share/ament_index/resource_index/parent_prefix_path/msg_srv_action_interface_example
[0.887s] -- Up-to-date symlink: /home/noh0906/robot_ws/install/msg_srv_action_interface_example/share/msg_srv_action_interface_example/environment/ament_prefix_path.sh
[0.887s] -- Up-to-date symlink: /home/noh0906/robot_ws/install/msg_srv_action_interface_example/share/msg_srv_action_interface_example/environment/ament_prefix_path.dsv
[0.887s] -- Up-to-date symlink: /home/noh0906/robot_ws/install/msg_srv_action_interface_example/share/msg_srv_action_interface_example/environment/path.sh
[0.887s] -- Up-to-date symlink: /home/noh0906/robot_ws/install/msg_srv_action_interface_example/share/msg_srv_action_interface_example/environment/path.dsv
[0.887s] -- Up-to-date symlink: /home/noh0906/robot_ws/install/msg_srv_action_interface_example/share/msg_srv_action_interface_example/local_setup.bash
[0.887s] -- Up-to-date symlink: /home/noh0906/robot_ws/install/msg_srv_action_interface_example/share/msg_srv_action_interface_example/local_setup.sh
[0.887s] -- Up-to-date symlink: /home/noh0906/robot_ws/install/msg_srv_action_interface_example/share/msg_srv_action_interface_example/local_setup.zsh
[0.887s] -- Up-to-date symlink: /home/noh0906/robot_ws/install/msg_srv_action_interface_example/share/msg_srv_action_interface_example/local_setup.dsv
[0.887s] -- Symlinking: /home/noh0906/robot_ws/install/msg_srv_action_interface_example/share/msg_srv_action_interface_example/package.dsv
[0.914s] -- Up-to-date symlink: /home/noh0906/robot_ws/install/msg_srv_action_interface_example/share/ament_index/resource_index/packages/msg_srv_action_interface_example
[0.914s] -- Up-to-date symlink: /home/noh0906/robot_ws/install/msg_srv_action_interface_example/share/msg_srv_action_interface_example/cmake/rosidl_cmake-extras.cmake
[0.914s] -- Up-to-date symlink: /home/noh0906/robot_ws/install/msg_srv_action_interface_example/share/msg_srv_action_interface_example/cmake/ament_cmake_export_dependencies-extras.cmake
[0.914s] -- Up-to-date symlink: /home/noh0906/robot_ws/install/msg_srv_action_interface_example/share/msg_srv_action_interface_example/cmake/ament_cmake_export_include_directories-extras.cmake
[0.914s] -- Up-to-date symlink: /home/noh0906/robot_ws/install/msg_srv_action_interface_example/share/msg_srv_action_interface_example/cmake/ament_cmake_export_libraries-extras.cmake
[0.914s] -- Up-to-date symlink: /home/noh0906/robot_ws/install/msg_srv_action_interface_example/share/msg_srv_action_interface_example/cmake/ament_cmake_export_targets-extras.cmake
[0.914s] -- Up-to-date symlink: /home/noh0906/robot_ws/install/msg_srv_action_interface_example/share/msg_srv_action_interface_example/cmake/rosidl_cmake_export_typesupport_targets-extras.cmake
[0.914s] -- Up-to-date symlink: /home/noh0906/robot_ws/install/msg_srv_action_interface_example/share/msg_srv_action_interface_example/cmake/rosidl_cmake_export_typesupport_libraries-extras.cmake
[0.914s] -- Up-to-date symlink: /home/noh0906/robot_ws/install/msg_srv_action_interface_example/share/msg_srv_action_interface_example/cmake/msg_srv_action_interface_exampleConfig.cmake
[0.914s] -- Up-to-date symlink: /home/noh0906/robot_ws/install/msg_srv_action_interface_example/share/msg_srv_action_interface_example/cmake/msg_srv_action_interface_exampleConfig-version.cmake
[0.914s] -- Up-to-date symlink: /home/noh0906/robot_ws/install/msg_srv_action_interface_example/share/msg_srv_action_interface_example/package.xml
[0.917s] -- Up-to-date: /home/noh0906/robot_ws/install/msg_srv_action_interface_example/lib/libmsg_srv_action_interface_example__rosidl_generator_c.so
[0.921s] -- Up-to-date: /home/noh0906/robot_ws/install/msg_srv_action_interface_example/lib/libmsg_srv_action_interface_example__rosidl_typesupport_fastrtps_c.so
[0.924s] -- Up-to-date: /home/noh0906/robot_ws/install/msg_srv_action_interface_example/lib/libmsg_srv_action_interface_example__rosidl_typesupport_fastrtps_cpp.so
[0.925s] -- Up-to-date: /home/noh0906/robot_ws/install/msg_srv_action_interface_example/lib/libmsg_srv_action_interface_example__rosidl_typesupport_introspection_c.so
[0.928s] -- Up-to-date: /home/noh0906/robot_ws/install/msg_srv_action_interface_example/lib/libmsg_srv_action_interface_example__rosidl_typesupport_c.so
[0.929s] -- Up-to-date: /home/noh0906/robot_ws/install/msg_srv_action_interface_example/lib/libmsg_srv_action_interface_example__rosidl_typesupport_introspection_cpp.so
[0.933s] -- Up-to-date: /home/noh0906/robot_ws/install/msg_srv_action_interface_example/lib/libmsg_srv_action_interface_example__rosidl_typesupport_cpp.so
[0.982s] Listing '/home/noh0906/robot_ws/install/msg_srv_action_interface_example/local/lib/python3.10/dist-packages/msg_srv_action_interface_example'...
[0.982s] Listing '/home/noh0906/robot_ws/install/msg_srv_action_interface_example/local/lib/python3.10/dist-packages/msg_srv_action_interface_example/action'...
[0.982s] Listing '/home/noh0906/robot_ws/install/msg_srv_action_interface_example/local/lib/python3.10/dist-packages/msg_srv_action_interface_example/msg'...
[0.982s] Listing '/home/noh0906/robot_ws/install/msg_srv_action_interface_example/local/lib/python3.10/dist-packages/msg_srv_action_interface_example/srv'...
[0.994s] -- Up-to-date: /home/noh0906/robot_ws/install/msg_srv_action_interface_example/lib/libmsg_srv_action_interface_example__rosidl_generator_py.so
[0.996s] -- Up-to-date: /home/noh0906/robot_ws/install/msg_srv_action_interface_example/share/msg_srv_action_interface_example/cmake/export_msg_srv_action_interface_example__rosidl_generator_cExport.cmake
[0.996s] -- Up-to-date: /home/noh0906/robot_ws/install/msg_srv_action_interface_example/share/msg_srv_action_interface_example/cmake/export_msg_srv_action_interface_example__rosidl_generator_cExport-noconfig.cmake
[0.997s] -- Up-to-date: /home/noh0906/robot_ws/install/msg_srv_action_interface_example/share/msg_srv_action_interface_example/cmake/export_msg_srv_action_interface_example__rosidl_typesupport_fastrtps_cExport.cmake
[0.997s] -- Up-to-date: /home/noh0906/robot_ws/install/msg_srv_action_interface_example/share/msg_srv_action_interface_example/cmake/export_msg_srv_action_interface_example__rosidl_typesupport_fastrtps_cExport-noconfig.cmake
[0.998s] -- Up-to-date: /home/noh0906/robot_ws/install/msg_srv_action_interface_example/share/msg_srv_action_interface_example/cmake/export_msg_srv_action_interface_example__rosidl_generator_cppExport.cmake
[0.999s] -- Up-to-date: /home/noh0906/robot_ws/install/msg_srv_action_interface_example/share/msg_srv_action_interface_example/cmake/export_msg_srv_action_interface_example__rosidl_typesupport_fastrtps_cppExport.cmake
[0.999s] -- Up-to-date: /home/noh0906/robot_ws/install/msg_srv_action_interface_example/share/msg_srv_action_interface_example/cmake/export_msg_srv_action_interface_example__rosidl_typesupport_fastrtps_cppExport-noconfig.cmake
[1.000s] -- Up-to-date: /home/noh0906/robot_ws/install/msg_srv_action_interface_example/share/msg_srv_action_interface_example/cmake/msg_srv_action_interface_example__rosidl_typesupport_introspection_cExport.cmake
[1.000s] -- Up-to-date: /home/noh0906/robot_ws/install/msg_srv_action_interface_example/share/msg_srv_action_interface_example/cmake/msg_srv_action_interface_example__rosidl_typesupport_introspection_cExport-noconfig.cmake
[1.001s] -- Up-to-date: /home/noh0906/robot_ws/install/msg_srv_action_interface_example/share/msg_srv_action_interface_example/cmake/msg_srv_action_interface_example__rosidl_typesupport_cExport.cmake
[1.001s] -- Up-to-date: /home/noh0906/robot_ws/install/msg_srv_action_interface_example/share/msg_srv_action_interface_example/cmake/msg_srv_action_interface_example__rosidl_typesupport_cExport-noconfig.cmake
[1.002s] -- Up-to-date: /home/noh0906/robot_ws/install/msg_srv_action_interface_example/share/msg_srv_action_interface_example/cmake/msg_srv_action_interface_example__rosidl_typesupport_introspection_cppExport.cmake
[1.002s] -- Up-to-date: /home/noh0906/robot_ws/install/msg_srv_action_interface_example/share/msg_srv_action_interface_example/cmake/msg_srv_action_interface_example__rosidl_typesupport_introspection_cppExport-noconfig.cmake
[1.003s] -- Up-to-date: /home/noh0906/robot_ws/install/msg_srv_action_interface_example/share/msg_srv_action_interface_example/cmake/msg_srv_action_interface_example__rosidl_typesupport_cppExport.cmake
[1.003s] -- Up-to-date: /home/noh0906/robot_ws/install/msg_srv_action_interface_example/share/msg_srv_action_interface_example/cmake/msg_srv_action_interface_example__rosidl_typesupport_cppExport-noconfig.cmake
[1.003s] -- Up-to-date: /home/noh0906/robot_ws/install/msg_srv_action_interface_example/share/msg_srv_action_interface_example/cmake/export_msg_srv_action_interface_example__rosidl_generator_pyExport.cmake
[1.004s] -- Up-to-date: /home/noh0906/robot_ws/install/msg_srv_action_interface_example/share/msg_srv_action_interface_example/cmake/export_msg_srv_action_interface_example__rosidl_generator_pyExport-noconfig.cmake
[1.008s] Invoked command in '/home/noh0906/robot_ws/build/msg_srv_action_interface_example' returned '0': CMAKE_PREFIX_PATH=${CMAKE_PREFIX_PATH}:/home/noh0906/turtlebot3_ws/install/turtlebot3_teleop:/home/noh0906/turtlebot3_ws/install/turtlebot3_example:/home/noh0906/turtlebot3_ws/install/turtlebot3_dqn:/home/noh0906/robot_ws/install/turtle_pkg:/home/noh0906/robot_ws/install/topic_service_action_rclpy_example:/home/noh0906/robot_ws/install/ros_time_pkg:/home/noh0906/robot_ws/install/my_move_turtle_pkg:/home/noh0906/robot_ws/install/my_first_ros_rclpy_pkg:/opt/ros/humble /usr/bin/cmake --install /home/noh0906/robot_ws/build/msg_srv_action_interface_example
