[0.661s] Invoking command in '/home/noh0906/robot_ws/build/topic_service_action_rclpy_example': PYTHONPATH=/home/noh0906/robot_ws/build/topic_service_action_rclpy_example/prefix_override:/usr/lib/python3/dist-packages/colcon_core/task/python/colcon_distutils_commands:/home/noh0906/robot_ws/install/topic_service_action_rclpy_example/lib/python3.10/site-packages:${PYTHONPATH} /usr/bin/python3 -W ignore:setup.py install is deprecated -W ignore:easy_install command is deprecated setup.py develop --editable --build-directory /home/noh0906/robot_ws/build/topic_service_action_rclpy_example/build --no-deps symlink_data
[0.917s] running develop
[1.076s] running egg_info
[1.076s] writing topic_service_action_rclpy_example.egg-info/PKG-INFO
[1.076s] writing dependency_links to topic_service_action_rclpy_example.egg-info/dependency_links.txt
[1.077s] writing entry points to topic_service_action_rclpy_example.egg-info/entry_points.txt
[1.078s] writing requirements to topic_service_action_rclpy_example.egg-info/requires.txt
[1.078s] writing top-level names to topic_service_action_rclpy_example.egg-info/top_level.txt
[1.079s] reading manifest file 'topic_service_action_rclpy_example.egg-info/SOURCES.txt'
[1.079s] writing manifest file 'topic_service_action_rclpy_example.egg-info/SOURCES.txt'
[1.080s] running build_ext
[1.081s] Creating /home/noh0906/robot_ws/install/topic_service_action_rclpy_example/lib/python3.10/site-packages/topic-service-action-rclpy-example.egg-link (link to .)
[1.081s] Installing argument script to /home/noh0906/robot_ws/install/topic_service_action_rclpy_example/lib/topic_service_action_rclpy_example
[1.082s] Installing arithmetic.launch script to /home/noh0906/robot_ws/install/topic_service_action_rclpy_example/lib/topic_service_action_rclpy_example
[1.083s] Installing calculator script to /home/noh0906/robot_ws/install/topic_service_action_rclpy_example/lib/topic_service_action_rclpy_example
[1.083s] Installing checker script to /home/noh0906/robot_ws/install/topic_service_action_rclpy_example/lib/topic_service_action_rclpy_example
[1.083s] Installing operator script to /home/noh0906/robot_ws/install/topic_service_action_rclpy_example/lib/topic_service_action_rclpy_example
[1.083s] 
[1.083s] Installed /home/noh0906/robot_ws/build/topic_service_action_rclpy_example
[1.083s] running symlink_data
[1.114s] Invoked command in '/home/noh0906/robot_ws/build/topic_service_action_rclpy_example' returned '0': PYTHONPATH=/home/noh0906/robot_ws/build/topic_service_action_rclpy_example/prefix_override:/usr/lib/python3/dist-packages/colcon_core/task/python/colcon_distutils_commands:/home/noh0906/robot_ws/install/topic_service_action_rclpy_example/lib/python3.10/site-packages:${PYTHONPATH} /usr/bin/python3 -W ignore:setup.py install is deprecated -W ignore:easy_install command is deprecated setup.py develop --editable --build-directory /home/noh0906/robot_ws/build/topic_service_action_rclpy_example/build --no-deps symlink_data
