[0.617s] Invoking command in '/home/noh0906/robot_ws/build/turtle_pkg': PYTHONPATH=/home/noh0906/robot_ws/build/turtle_pkg/prefix_override:/usr/lib/python3/dist-packages/colcon_core/task/python/colcon_distutils_commands:/home/noh0906/robot_ws/install/turtle_pkg/lib/python3.10/site-packages:${PYTHONPATH} /usr/bin/python3 -W ignore:setup.py install is deprecated -W ignore:easy_install command is deprecated setup.py develop --editable --build-directory /home/noh0906/robot_ws/build/turtle_pkg/build --no-deps symlink_data
[0.875s] running develop
[1.033s] running egg_info
[1.033s] writing turtle_pkg.egg-info/PKG-INFO
[1.033s] writing dependency_links to turtle_pkg.egg-info/dependency_links.txt
[1.033s] writing entry points to turtle_pkg.egg-info/entry_points.txt
[1.033s] writing requirements to turtle_pkg.egg-info/requires.txt
[1.034s] writing top-level names to turtle_pkg.egg-info/top_level.txt
[1.036s] reading manifest file 'turtle_pkg.egg-info/SOURCES.txt'
[1.037s] writing manifest file 'turtle_pkg.egg-info/SOURCES.txt'
[1.037s] running build_ext
[1.037s] Creating /home/noh0906/robot_ws/install/turtle_pkg/lib/python3.10/site-packages/turtle-pkg.egg-link (link to .)
[1.037s] Installing dist_turtle_action_server script to /home/noh0906/robot_ws/install/turtle_pkg/lib/turtle_pkg
[1.038s] Installing multi_thread_sub = turtle_pkg.multi_thread_sub:mainmy_multi_thread script to /home/noh0906/robot_ws/install/turtle_pkg/lib/turtle_pkg
[1.038s] Installing my_service_server script to /home/noh0906/robot_ws/install/turtle_pkg/lib/turtle_pkg
[1.038s] Installing turtle_cmd_and_pose script to /home/noh0906/robot_ws/install/turtle_pkg/lib/turtle_pkg
[1.038s] Installing turtle_pub script to /home/noh0906/robot_ws/install/turtle_pkg/lib/turtle_pkg
[1.038s] 
[1.038s] Installed /home/noh0906/robot_ws/build/turtle_pkg
[1.038s] running symlink_data
[1.069s] Invoked command in '/home/noh0906/robot_ws/build/turtle_pkg' returned '0': PYTHONPATH=/home/noh0906/robot_ws/build/turtle_pkg/prefix_override:/usr/lib/python3/dist-packages/colcon_core/task/python/colcon_distutils_commands:/home/noh0906/robot_ws/install/turtle_pkg/lib/python3.10/site-packages:${PYTHONPATH} /usr/bin/python3 -W ignore:setup.py install is deprecated -W ignore:easy_install command is deprecated setup.py develop --editable --build-directory /home/noh0906/robot_ws/build/turtle_pkg/build --no-deps symlink_data
