[0.801s] Invoking command in '/home/noh0906/robot_ws/build/turtle_pkg': PYTHONPATH=/home/noh0906/robot_ws/build/turtle_pkg/prefix_override:/usr/lib/python3/dist-packages/colcon_core/task/python/colcon_distutils_commands:/home/noh0906/robot_ws/install/turtle_pkg/lib/python3.10/site-packages:${PYTHONPATH} /usr/bin/python3 -W ignore:setup.py install is deprecated -W ignore:easy_install command is deprecated setup.py develop --editable --build-directory /home/noh0906/robot_ws/build/turtle_pkg/build --no-deps symlink_data
[1.046s] running develop
[1.198s] running egg_info
[1.198s] writing turtle_pkg.egg-info/PKG-INFO
[1.199s] writing dependency_links to turtle_pkg.egg-info/dependency_links.txt
[1.199s] writing entry points to turtle_pkg.egg-info/entry_points.txt
[1.199s] writing requirements to turtle_pkg.egg-info/requires.txt
[1.199s] writing top-level names to turtle_pkg.egg-info/top_level.txt
[1.200s] reading manifest file 'turtle_pkg.egg-info/SOURCES.txt'
[1.201s] writing manifest file 'turtle_pkg.egg-info/SOURCES.txt'
[1.202s] running build_ext
[1.202s] Creating /home/noh0906/robot_ws/install/turtle_pkg/lib/python3.10/site-packages/turtle-pkg.egg-link (link to .)
[1.203s] Installing dist_turtle_action_server script to /home/noh0906/robot_ws/install/turtle_pkg/lib/turtle_pkg
[1.204s] Installing my_service_server script to /home/noh0906/robot_ws/install/turtle_pkg/lib/turtle_pkg
[1.205s] Installing my_subscriber = turtle_pkg.my_subscriber:mainmy_multi_thread script to /home/noh0906/robot_ws/install/turtle_pkg/lib/turtle_pkg
[1.205s] Installing turtle_cmd_and_pose script to /home/noh0906/robot_ws/install/turtle_pkg/lib/turtle_pkg
[1.205s] Installing turtle_pub script to /home/noh0906/robot_ws/install/turtle_pkg/lib/turtle_pkg
[1.205s] 
[1.205s] Installed /home/noh0906/robot_ws/build/turtle_pkg
[1.205s] running symlink_data
[1.231s] Invoked command in '/home/noh0906/robot_ws/build/turtle_pkg' returned '0': PYTHONPATH=/home/noh0906/robot_ws/build/turtle_pkg/prefix_override:/usr/lib/python3/dist-packages/colcon_core/task/python/colcon_distutils_commands:/home/noh0906/robot_ws/install/turtle_pkg/lib/python3.10/site-packages:${PYTHONPATH} /usr/bin/python3 -W ignore:setup.py install is deprecated -W ignore:easy_install command is deprecated setup.py develop --editable --build-directory /home/noh0906/robot_ws/build/turtle_pkg/build --no-deps symlink_data
