[1.194s] Invoking command in '/home/noh0906/robot_ws/build/topic_service_action_rclpy_example': PYTHONPATH=/home/noh0906/robot_ws/build/topic_service_action_rclpy_example/prefix_override:/usr/lib/python3/dist-packages/colcon_core/task/python/colcon_distutils_commands:/home/noh0906/robot_ws/install/topic_service_action_rclpy_example/lib/python3.10/site-packages:${PYTHONPATH} /usr/bin/python3 -W ignore:setup.py install is deprecated -W ignore:easy_install command is deprecated setup.py develop --editable --build-directory /home/noh0906/robot_ws/build/topic_service_action_rclpy_example/build --no-deps symlink_data
[1.946s] running develop
[2.379s] running egg_info
[2.379s] writing topic_service_action_rclpy_example.egg-info/PKG-INFO
[2.380s] writing dependency_links to topic_service_action_rclpy_example.egg-info/dependency_links.txt
[2.380s] writing entry points to topic_service_action_rclpy_example.egg-info/entry_points.txt
[2.383s] writing requirements to topic_service_action_rclpy_example.egg-info/requires.txt
[2.383s] writing top-level names to topic_service_action_rclpy_example.egg-info/top_level.txt
[2.384s] reading manifest file 'topic_service_action_rclpy_example.egg-info/SOURCES.txt'
[2.385s] writing manifest file 'topic_service_action_rclpy_example.egg-info/SOURCES.txt'
[2.390s] running build_ext
[2.390s] Creating /home/noh0906/robot_ws/install/topic_service_action_rclpy_example/lib/python3.10/site-packages/topic-service-action-rclpy-example.egg-link (link to .)
[2.392s] Installing argument script to /home/noh0906/robot_ws/install/topic_service_action_rclpy_example/lib/topic_service_action_rclpy_example
[2.392s] Installing arithmetic.launch script to /home/noh0906/robot_ws/install/topic_service_action_rclpy_example/lib/topic_service_action_rclpy_example
[2.392s] Installing calculator script to /home/noh0906/robot_ws/install/topic_service_action_rclpy_example/lib/topic_service_action_rclpy_example
[2.392s] Installing checker script to /home/noh0906/robot_ws/install/topic_service_action_rclpy_example/lib/topic_service_action_rclpy_example
[2.393s] Installing operator script to /home/noh0906/robot_ws/install/topic_service_action_rclpy_example/lib/topic_service_action_rclpy_example
[2.394s] 
[2.394s] Installed /home/noh0906/robot_ws/build/topic_service_action_rclpy_example
[2.394s] running symlink_data
[2.499s] Invoked command in '/home/noh0906/robot_ws/build/topic_service_action_rclpy_example' returned '0': PYTHONPATH=/home/noh0906/robot_ws/build/topic_service_action_rclpy_example/prefix_override:/usr/lib/python3/dist-packages/colcon_core/task/python/colcon_distutils_commands:/home/noh0906/robot_ws/install/topic_service_action_rclpy_example/lib/python3.10/site-packages:${PYTHONPATH} /usr/bin/python3 -W ignore:setup.py install is deprecated -W ignore:easy_install command is deprecated setup.py develop --editable --build-directory /home/noh0906/robot_ws/build/topic_service_action_rclpy_example/build --no-deps symlink_data
