[0.018s] Invoking command in '/home/noh0906/robot_ws/build/my_first_package_msgs': CMAKE_PREFIX_PATH=${CMAKE_PREFIX_PATH}:/home/noh0906/turtlebot3_ws/install/turtlebot3_teleop:/home/noh0906/turtlebot3_ws/install/turtlebot3_example:/home/noh0906/turtlebot3_ws/install/turtlebot3_dqn:/home/noh0906/robot_ws/install/turtle_pkg:/home/noh0906/robot_ws/install/ros_time_pkg:/home/noh0906/robot_ws/install/my_move_turtle_pkg:/home/noh0906/robot_ws/install/my_first_ros_rclpy_pkg:/opt/ros/humble /usr/bin/cmake --build /home/noh0906/robot_ws/build/my_first_package_msgs -- -j2 -l2
[0.081s] [ 10%] Built target my_first_package_msgs__rosidl_generator_c
[0.106s] [ 12%] Built target my_first_package_msgs__cpp
[0.119s] [ 12%] Built target ament_cmake_python_symlink_my_first_package_msgs
[0.150s] [ 23%] Built target my_first_package_msgs__rosidl_typesupport_fastrtps_c
[0.162s] [ 34%] Built target my_first_package_msgs__rosidl_typesupport_introspection_c
[0.189s] [ 44%] Built target my_first_package_msgs__rosidl_typesupport_c
[0.205s] [ 55%] Built target my_first_package_msgs__rosidl_typesupport_fastrtps_cpp
[0.221s] [ 65%] Built target my_first_package_msgs__rosidl_typesupport_introspection_cpp
[0.247s] [ 76%] Built target my_first_package_msgs__rosidl_typesupport_cpp
[0.284s] [ 76%] Built target my_first_package_msgs
[0.340s] [ 78%] Built target my_first_package_msgs__py
[0.402s] [ 87%] Built target my_first_package_msgs__rosidl_generator_py
[0.454s] [ 91%] Built target my_first_package_msgs__rosidl_typesupport_fastrtps_c__pyext
[0.514s] [ 95%] Built target my_first_package_msgs__rosidl_typesupport_introspection_c__pyext
[0.565s] [100%] Built target my_first_package_msgs__rosidl_typesupport_c__pyext
[0.648s] running egg_info
[0.650s] writing my_first_package_msgs.egg-info/PKG-INFO
[0.651s] writing dependency_links to my_first_package_msgs.egg-info/dependency_links.txt
[0.652s] writing top-level names to my_first_package_msgs.egg-info/top_level.txt
[0.656s] reading manifest file 'my_first_package_msgs.egg-info/SOURCES.txt'
[0.656s] writing manifest file 'my_first_package_msgs.egg-info/SOURCES.txt'
[0.689s] [100%] Built target ament_cmake_python_build_my_first_package_msgs_egg
