[0.598s] Invoking command in '/home/noh0906/robot_ws/build/turtle_pkg': PYTHONPATH=/home/noh0906/robot_ws/build/turtle_pkg/prefix_override:/usr/lib/python3/dist-packages/colcon_core/task/python/colcon_distutils_commands:/home/noh0906/robot_ws/install/turtle_pkg/lib/python3.10/site-packages:${PYTHONPATH} /usr/bin/python3 -W ignore:setup.py install is deprecated -W ignore:easy_install command is deprecated setup.py develop --editable --build-directory /home/noh0906/robot_ws/build/turtle_pkg/build --no-deps symlink_data
[0.834s] running develop
[0.979s] running egg_info
[0.979s] writing turtle_pkg.egg-info/PKG-INFO
[0.980s] writing dependency_links to turtle_pkg.egg-info/dependency_links.txt
[0.980s] writing entry points to turtle_pkg.egg-info/entry_points.txt
[0.980s] writing requirements to turtle_pkg.egg-info/requires.txt
[0.980s] writing top-level names to turtle_pkg.egg-info/top_level.txt
[0.982s] reading manifest file 'turtle_pkg.egg-info/SOURCES.txt'
[0.983s] writing manifest file 'turtle_pkg.egg-info/SOURCES.txt'
[0.984s] running build_ext
[0.985s] Creating /home/noh0906/robot_ws/install/turtle_pkg/lib/python3.10/site-packages/turtle-pkg.egg-link (link to .)
[0.985s] Installing dist_turtle_action_server script to /home/noh0906/robot_ws/install/turtle_pkg/lib/turtle_pkg
[0.986s] Installing my_service_server script to /home/noh0906/robot_ws/install/turtle_pkg/lib/turtle_pkg
[0.986s] Installing my_subscriber = turtle_pkg.my_subscriber:mainmy_multi_thread script to /home/noh0906/robot_ws/install/turtle_pkg/lib/turtle_pkg
[0.986s] Installing turtle_cmd_and_pose script to /home/noh0906/robot_ws/install/turtle_pkg/lib/turtle_pkg
[0.986s] Installing turtle_pub script to /home/noh0906/robot_ws/install/turtle_pkg/lib/turtle_pkg
[0.986s] 
[0.986s] Installed /home/noh0906/robot_ws/build/turtle_pkg
[0.986s] running symlink_data
[1.018s] Invoked command in '/home/noh0906/robot_ws/build/turtle_pkg' returned '0': PYTHONPATH=/home/noh0906/robot_ws/build/turtle_pkg/prefix_override:/usr/lib/python3/dist-packages/colcon_core/task/python/colcon_distutils_commands:/home/noh0906/robot_ws/install/turtle_pkg/lib/python3.10/site-packages:${PYTHONPATH} /usr/bin/python3 -W ignore:setup.py install is deprecated -W ignore:easy_install command is deprecated setup.py develop --editable --build-directory /home/noh0906/robot_ws/build/turtle_pkg/build --no-deps symlink_data
