[0.808s] Invoking command in '/home/noh0906/robot_ws/build/topic_service_action_rclpy_example': AMENT_PREFIX_PATH=/home/noh0906/robot_ws/install/msg_srv_action_interface_example:${AMENT_PREFIX_PATH} CMAKE_PREFIX_PATH=/home/noh0906/robot_ws/install/msg_srv_action_interface_example:${CMAKE_PREFIX_PATH} LD_LIBRARY_PATH=/home/noh0906/robot_ws/install/msg_srv_action_interface_example/lib:/home/noh0906/turtlebot3_ws/install/turtlebot3_msgs/lib:/home/noh0906/robot_ws/install/my_first_package_msgs/lib:/usr/lib/x86_64-linux-gnu/gazebo-11/plugins:/opt/ros/humble/opt/rviz_ogre_vendor/lib:/opt/ros/humble/lib/x86_64-linux-gnu:/opt/ros/humble/lib:/usr/lib/x86_64-linux-gnu/gazebo-11/plugins:/usr/lib/x86_64-linux-gnu/gazebo-11/plugins:/usr/lib/x86_64-linux-gnu/gazebo-11/plugins:/usr/lib/x86_64-linux-gnu/gazebo-11/plugins:/usr/lib/x86_64-linux-gnu/gazebo-11/plugins:/usr/lib/x86_64-linux-gnu/gazebo-11/plugins:/usr/lib/x86_64-linux-gnu/gazebo-11/plugins:/usr/lib/x86_64-linux-gnu/gazebo-11/plugins:/usr/lib/x86_64-linux-gnu/gazebo-11/plugins:/usr/lib/x86_64-linux-gnu/gazebo-11/plugins PYTHONPATH=/home/noh0906/robot_ws/build/topic_service_action_rclpy_example/prefix_override:/usr/lib/python3/dist-packages/colcon_core/task/python/colcon_distutils_commands:/home/noh0906/robot_ws/install/topic_service_action_rclpy_example/lib/python3.10/site-packages:/home/noh0906/robot_ws/install/msg_srv_action_interface_example/local/lib/python3.10/dist-packages:${PYTHONPATH} /usr/bin/python3 -W ignore:setup.py install is deprecated -W ignore:easy_install command is deprecated setup.py develop --editable --build-directory /home/noh0906/robot_ws/build/topic_service_action_rclpy_example/build --no-deps symlink_data
[1.180s] running develop
[1.362s] running egg_info
[1.364s] creating topic_service_action_rclpy_example.egg-info
[1.364s] writing topic_service_action_rclpy_example.egg-info/PKG-INFO
[1.364s] writing dependency_links to topic_service_action_rclpy_example.egg-info/dependency_links.txt
[1.364s] writing entry points to topic_service_action_rclpy_example.egg-info/entry_points.txt
[1.364s] writing requirements to topic_service_action_rclpy_example.egg-info/requires.txt
[1.364s] writing top-level names to topic_service_action_rclpy_example.egg-info/top_level.txt
[1.367s] writing manifest file 'topic_service_action_rclpy_example.egg-info/SOURCES.txt'
[1.370s] reading manifest file 'topic_service_action_rclpy_example.egg-info/SOURCES.txt'
[1.370s] writing manifest file 'topic_service_action_rclpy_example.egg-info/SOURCES.txt'
[1.372s] running build_ext
[1.373s] Creating /home/noh0906/robot_ws/install/topic_service_action_rclpy_example/lib/python3.10/site-packages/topic-service-action-rclpy-example.egg-link (link to .)
[1.376s] 
[1.377s] Installed /home/noh0906/robot_ws/build/topic_service_action_rclpy_example
[1.377s] running symlink_data
[1.377s] creating /home/noh0906/robot_ws/install/topic_service_action_rclpy_example/share/ament_index
[1.377s] creating /home/noh0906/robot_ws/install/topic_service_action_rclpy_example/share/ament_index/resource_index
[1.377s] creating /home/noh0906/robot_ws/install/topic_service_action_rclpy_example/share/ament_index/resource_index/packages
[1.378s] symbolically linking /home/noh0906/robot_ws/build/topic_service_action_rclpy_example/resource/topic_service_action_rclpy_example -> /home/noh0906/robot_ws/install/topic_service_action_rclpy_example/share/ament_index/resource_index/packages
[1.378s] symbolically linking /home/noh0906/robot_ws/build/topic_service_action_rclpy_example/package.xml -> /home/noh0906/robot_ws/install/topic_service_action_rclpy_example/share/topic_service_action_rclpy_example
[1.378s] creating /home/noh0906/robot_ws/install/topic_service_action_rclpy_example/share/topic_service_action_rclpy_example/launch
[1.378s] creating /home/noh0906/robot_ws/install/topic_service_action_rclpy_example/share/topic_service_action_rclpy_example/param
[1.427s] Invoked command in '/home/noh0906/robot_ws/build/topic_service_action_rclpy_example' returned '0': AMENT_PREFIX_PATH=/home/noh0906/robot_ws/install/msg_srv_action_interface_example:${AMENT_PREFIX_PATH} CMAKE_PREFIX_PATH=/home/noh0906/robot_ws/install/msg_srv_action_interface_example:${CMAKE_PREFIX_PATH} LD_LIBRARY_PATH=/home/noh0906/robot_ws/install/msg_srv_action_interface_example/lib:/home/noh0906/turtlebot3_ws/install/turtlebot3_msgs/lib:/home/noh0906/robot_ws/install/my_first_package_msgs/lib:/usr/lib/x86_64-linux-gnu/gazebo-11/plugins:/opt/ros/humble/opt/rviz_ogre_vendor/lib:/opt/ros/humble/lib/x86_64-linux-gnu:/opt/ros/humble/lib:/usr/lib/x86_64-linux-gnu/gazebo-11/plugins:/usr/lib/x86_64-linux-gnu/gazebo-11/plugins:/usr/lib/x86_64-linux-gnu/gazebo-11/plugins:/usr/lib/x86_64-linux-gnu/gazebo-11/plugins:/usr/lib/x86_64-linux-gnu/gazebo-11/plugins:/usr/lib/x86_64-linux-gnu/gazebo-11/plugins:/usr/lib/x86_64-linux-gnu/gazebo-11/plugins:/usr/lib/x86_64-linux-gnu/gazebo-11/plugins:/usr/lib/x86_64-linux-gnu/gazebo-11/plugins:/usr/lib/x86_64-linux-gnu/gazebo-11/plugins PYTHONPATH=/home/noh0906/robot_ws/build/topic_service_action_rclpy_example/prefix_override:/usr/lib/python3/dist-packages/colcon_core/task/python/colcon_distutils_commands:/home/noh0906/robot_ws/install/topic_service_action_rclpy_example/lib/python3.10/site-packages:/home/noh0906/robot_ws/install/msg_srv_action_interface_example/local/lib/python3.10/dist-packages:${PYTHONPATH} /usr/bin/python3 -W ignore:setup.py install is deprecated -W ignore:easy_install command is deprecated setup.py develop --editable --build-directory /home/noh0906/robot_ws/build/topic_service_action_rclpy_example/build --no-deps symlink_data
