[0.104s] DEBUG:colcon:Command line arguments: ['/usr/bin/colcon', 'build', '--symlink-install']
[0.104s] DEBUG:colcon:Parsed command line arguments: Namespace(log_base=None, log_level=None, verb_name='build', build_base='build', install_base='install', merge_install=False, symlink_install=True, test_result_base=None, continue_on_error=False, executor='parallel', parallel_workers=2, event_handlers=None, ignore_user_meta=False, metas=['./colcon.meta'], base_paths=['.'], packages_ignore=None, packages_ignore_regex=None, paths=None, packages_up_to=None, packages_up_to_regex=None, packages_above=None, packages_above_and_dependencies=None, packages_above_depth=None, packages_select_by_dep=None, packages_skip_by_dep=None, packages_skip_up_to=None, packages_select_build_failed=False, packages_skip_build_finished=False, packages_select_test_failures=False, packages_skip_test_passed=False, packages_select=None, packages_skip=None, packages_select_regex=None, packages_skip_regex=None, packages_start=None, packages_end=None, allow_overriding=[], cmake_args=None, cmake_target=None, cmake_target_skip_unavailable=False, cmake_clean_cache=False, cmake_clean_first=False, cmake_force_configure=False, ament_cmake_args=None, catkin_cmake_args=None, catkin_skip_building_tests=False, mixin_files=None, mixin=None, verb_parser=<colcon_mixin.mixin.mixin_argument.MixinArgumentDecorator object at 0x7de6cb572350>, verb_extension=<colcon_core.verb.build.BuildVerb object at 0x7de6cb571cc0>, main=<bound method BuildVerb.main of <colcon_core.verb.build.BuildVerb object at 0x7de6cb571cc0>>, mixin_verb=('build',))
[0.291s] Level 1:colcon.colcon_core.package_discovery:discover_packages(colcon_meta) check parameters
[0.291s] Level 1:colcon.colcon_core.package_discovery:discover_packages(recursive) check parameters
[0.291s] Level 1:colcon.colcon_core.package_discovery:discover_packages(ignore) check parameters
[0.291s] Level 1:colcon.colcon_core.package_discovery:discover_packages(path) check parameters
[0.291s] Level 1:colcon.colcon_core.package_discovery:discover_packages(colcon_meta) discover
[0.291s] Level 1:colcon.colcon_core.package_discovery:discover_packages(recursive) discover
[0.291s] INFO:colcon.colcon_core.package_discovery:Crawling recursively for packages in '/home/noh0906/robot_ws'
[0.291s] Level 1:colcon.colcon_core.package_identification:_identify(.) by extensions ['ignore', 'ignore_ament_install']
[0.291s] Level 1:colcon.colcon_core.package_identification:_identify(.) by extension 'ignore'
[0.291s] Level 1:colcon.colcon_core.package_identification:_identify(.) by extension 'ignore_ament_install'
[0.291s] Level 1:colcon.colcon_core.package_identification:_identify(.) by extensions ['colcon_pkg']
[0.291s] Level 1:colcon.colcon_core.package_identification:_identify(.) by extension 'colcon_pkg'
[0.291s] Level 1:colcon.colcon_core.package_identification:_identify(.) by extensions ['colcon_meta']
[0.291s] Level 1:colcon.colcon_core.package_identification:_identify(.) by extension 'colcon_meta'
[0.291s] Level 1:colcon.colcon_core.package_identification:_identify(.) by extensions ['ros']
[0.291s] Level 1:colcon.colcon_core.package_identification:_identify(.) by extension 'ros'
[0.301s] Level 1:colcon.colcon_core.package_identification:_identify(.) by extensions ['cmake', 'python']
[0.301s] Level 1:colcon.colcon_core.package_identification:_identify(.) by extension 'cmake'
[0.301s] Level 1:colcon.colcon_core.package_identification:_identify(.) by extension 'python'
[0.301s] Level 1:colcon.colcon_core.package_identification:_identify(.) by extensions ['python_setup_py']
[0.301s] Level 1:colcon.colcon_core.package_identification:_identify(.) by extension 'python_setup_py'
[0.301s] Level 1:colcon.colcon_core.package_identification:_identify(build) by extensions ['ignore', 'ignore_ament_install']
[0.301s] Level 1:colcon.colcon_core.package_identification:_identify(build) by extension 'ignore'
[0.301s] Level 1:colcon.colcon_core.package_identification:_identify(build) ignored
[0.301s] Level 1:colcon.colcon_core.package_identification:_identify(install) by extensions ['ignore', 'ignore_ament_install']
[0.301s] Level 1:colcon.colcon_core.package_identification:_identify(install) by extension 'ignore'
[0.301s] Level 1:colcon.colcon_core.package_identification:_identify(install) ignored
[0.301s] Level 1:colcon.colcon_core.package_identification:_identify(log) by extensions ['ignore', 'ignore_ament_install']
[0.301s] Level 1:colcon.colcon_core.package_identification:_identify(log) by extension 'ignore'
[0.302s] Level 1:colcon.colcon_core.package_identification:_identify(log) ignored
[0.302s] Level 1:colcon.colcon_core.package_identification:_identify(src) by extensions ['ignore', 'ignore_ament_install']
[0.302s] Level 1:colcon.colcon_core.package_identification:_identify(src) by extension 'ignore'
[0.302s] Level 1:colcon.colcon_core.package_identification:_identify(src) by extension 'ignore_ament_install'
[0.302s] Level 1:colcon.colcon_core.package_identification:_identify(src) by extensions ['colcon_pkg']
[0.302s] Level 1:colcon.colcon_core.package_identification:_identify(src) by extension 'colcon_pkg'
[0.302s] Level 1:colcon.colcon_core.package_identification:_identify(src) by extensions ['colcon_meta']
[0.302s] Level 1:colcon.colcon_core.package_identification:_identify(src) by extension 'colcon_meta'
[0.302s] Level 1:colcon.colcon_core.package_identification:_identify(src) by extensions ['ros']
[0.302s] Level 1:colcon.colcon_core.package_identification:_identify(src) by extension 'ros'
[0.302s] Level 1:colcon.colcon_core.package_identification:_identify(src) by extensions ['cmake', 'python']
[0.302s] Level 1:colcon.colcon_core.package_identification:_identify(src) by extension 'cmake'
[0.302s] Level 1:colcon.colcon_core.package_identification:_identify(src) by extension 'python'
[0.302s] Level 1:colcon.colcon_core.package_identification:_identify(src) by extensions ['python_setup_py']
[0.302s] Level 1:colcon.colcon_core.package_identification:_identify(src) by extension 'python_setup_py'
[0.302s] Level 1:colcon.colcon_core.package_identification:_identify(src/my_first_package_msgs) by extensions ['ignore', 'ignore_ament_install']
[0.302s] Level 1:colcon.colcon_core.package_identification:_identify(src/my_first_package_msgs) by extension 'ignore'
[0.302s] Level 1:colcon.colcon_core.package_identification:_identify(src/my_first_package_msgs) by extension 'ignore_ament_install'
[0.302s] Level 1:colcon.colcon_core.package_identification:_identify(src/my_first_package_msgs) by extensions ['colcon_pkg']
[0.302s] Level 1:colcon.colcon_core.package_identification:_identify(src/my_first_package_msgs) by extension 'colcon_pkg'
[0.302s] Level 1:colcon.colcon_core.package_identification:_identify(src/my_first_package_msgs) by extensions ['colcon_meta']
[0.302s] Level 1:colcon.colcon_core.package_identification:_identify(src/my_first_package_msgs) by extension 'colcon_meta'
[0.302s] Level 1:colcon.colcon_core.package_identification:_identify(src/my_first_package_msgs) by extensions ['ros']
[0.302s] Level 1:colcon.colcon_core.package_identification:_identify(src/my_first_package_msgs) by extension 'ros'
[0.305s] DEBUG:colcon.colcon_core.package_identification:Package 'src/my_first_package_msgs' with type 'ros.ament_cmake' and name 'my_first_package_msgs'
[0.306s] Level 1:colcon.colcon_core.package_identification:_identify(src/my_first_ros_rclpy_pkg) by extensions ['ignore', 'ignore_ament_install']
[0.306s] Level 1:colcon.colcon_core.package_identification:_identify(src/my_first_ros_rclpy_pkg) by extension 'ignore'
[0.306s] Level 1:colcon.colcon_core.package_identification:_identify(src/my_first_ros_rclpy_pkg) by extension 'ignore_ament_install'
[0.306s] Level 1:colcon.colcon_core.package_identification:_identify(src/my_first_ros_rclpy_pkg) by extensions ['colcon_pkg']
[0.306s] Level 1:colcon.colcon_core.package_identification:_identify(src/my_first_ros_rclpy_pkg) by extension 'colcon_pkg'
[0.306s] Level 1:colcon.colcon_core.package_identification:_identify(src/my_first_ros_rclpy_pkg) by extensions ['colcon_meta']
[0.306s] Level 1:colcon.colcon_core.package_identification:_identify(src/my_first_ros_rclpy_pkg) by extension 'colcon_meta'
[0.306s] Level 1:colcon.colcon_core.package_identification:_identify(src/my_first_ros_rclpy_pkg) by extensions ['ros']
[0.306s] Level 1:colcon.colcon_core.package_identification:_identify(src/my_first_ros_rclpy_pkg) by extension 'ros'
[0.307s] DEBUG:colcon.colcon_core.package_identification:Package 'src/my_first_ros_rclpy_pkg' with type 'ros.ament_python' and name 'my_first_ros_rclpy_pkg'
[0.307s] Level 1:colcon.colcon_core.package_identification:_identify(src/ros_time_pkg) by extensions ['ignore', 'ignore_ament_install']
[0.307s] Level 1:colcon.colcon_core.package_identification:_identify(src/ros_time_pkg) by extension 'ignore'
[0.307s] Level 1:colcon.colcon_core.package_identification:_identify(src/ros_time_pkg) by extension 'ignore_ament_install'
[0.307s] Level 1:colcon.colcon_core.package_identification:_identify(src/ros_time_pkg) by extensions ['colcon_pkg']
[0.307s] Level 1:colcon.colcon_core.package_identification:_identify(src/ros_time_pkg) by extension 'colcon_pkg'
[0.307s] Level 1:colcon.colcon_core.package_identification:_identify(src/ros_time_pkg) by extensions ['colcon_meta']
[0.307s] Level 1:colcon.colcon_core.package_identification:_identify(src/ros_time_pkg) by extension 'colcon_meta'
[0.307s] Level 1:colcon.colcon_core.package_identification:_identify(src/ros_time_pkg) by extensions ['ros']
[0.307s] Level 1:colcon.colcon_core.package_identification:_identify(src/ros_time_pkg) by extension 'ros'
[0.308s] DEBUG:colcon.colcon_core.package_identification:Package 'src/ros_time_pkg' with type 'ros.ament_python' and name 'ros_time_pkg'
[0.308s] Level 1:colcon.colcon_core.package_identification:_identify(src/turtle_pkg) by extensions ['ignore', 'ignore_ament_install']
[0.308s] Level 1:colcon.colcon_core.package_identification:_identify(src/turtle_pkg) by extension 'ignore'
[0.308s] Level 1:colcon.colcon_core.package_identification:_identify(src/turtle_pkg) by extension 'ignore_ament_install'
[0.308s] Level 1:colcon.colcon_core.package_identification:_identify(src/turtle_pkg) by extensions ['colcon_pkg']
[0.308s] Level 1:colcon.colcon_core.package_identification:_identify(src/turtle_pkg) by extension 'colcon_pkg'
[0.308s] Level 1:colcon.colcon_core.package_identification:_identify(src/turtle_pkg) by extensions ['colcon_meta']
[0.308s] Level 1:colcon.colcon_core.package_identification:_identify(src/turtle_pkg) by extension 'colcon_meta'
[0.308s] Level 1:colcon.colcon_core.package_identification:_identify(src/turtle_pkg) by extensions ['ros']
[0.308s] Level 1:colcon.colcon_core.package_identification:_identify(src/turtle_pkg) by extension 'ros'
[0.309s] DEBUG:colcon.colcon_core.package_identification:Package 'src/turtle_pkg' with type 'ros.ament_python' and name 'turtle_pkg'
[0.309s] Level 1:colcon.colcon_core.package_discovery:discover_packages(recursive) using defaults
[0.309s] Level 1:colcon.colcon_core.package_discovery:discover_packages(ignore) discover
[0.309s] Level 1:colcon.colcon_core.package_discovery:discover_packages(ignore) using defaults
[0.309s] Level 1:colcon.colcon_core.package_discovery:discover_packages(path) discover
[0.309s] Level 1:colcon.colcon_core.package_discovery:discover_packages(path) using defaults
[0.328s] Level 1:colcon.colcon_core.package_discovery:discover_packages(prefix_path) check parameters
[0.328s] Level 1:colcon.colcon_core.package_discovery:discover_packages(prefix_path) discover
[0.330s] DEBUG:colcon.colcon_installed_package_information.package_discovery:Found 15 installed packages in /home/noh0906/turtlebot3_ws/install
[0.330s] DEBUG:colcon.colcon_installed_package_information.package_discovery:Found 5 installed packages in /home/noh0906/robot_ws/install
[0.331s] DEBUG:colcon.colcon_installed_package_information.package_discovery:Found 421 installed packages in /opt/ros/humble
[0.334s] Level 1:colcon.colcon_core.package_discovery:discover_packages(prefix_path) using defaults
[0.373s] Level 5:colcon.colcon_core.verb:set package 'my_first_package_msgs' build argument 'cmake_args' from command line to 'None'
[0.373s] Level 5:colcon.colcon_core.verb:set package 'my_first_package_msgs' build argument 'cmake_target' from command line to 'None'
[0.373s] Level 5:colcon.colcon_core.verb:set package 'my_first_package_msgs' build argument 'cmake_target_skip_unavailable' from command line to 'False'
[0.373s] Level 5:colcon.colcon_core.verb:set package 'my_first_package_msgs' build argument 'cmake_clean_cache' from command line to 'False'
[0.373s] Level 5:colcon.colcon_core.verb:set package 'my_first_package_msgs' build argument 'cmake_clean_first' from command line to 'False'
[0.373s] Level 5:colcon.colcon_core.verb:set package 'my_first_package_msgs' build argument 'cmake_force_configure' from command line to 'False'
[0.373s] Level 5:colcon.colcon_core.verb:set package 'my_first_package_msgs' build argument 'ament_cmake_args' from command line to 'None'
[0.373s] Level 5:colcon.colcon_core.verb:set package 'my_first_package_msgs' build argument 'catkin_cmake_args' from command line to 'None'
[0.373s] Level 5:colcon.colcon_core.verb:set package 'my_first_package_msgs' build argument 'catkin_skip_building_tests' from command line to 'False'
[0.373s] DEBUG:colcon.colcon_core.verb:Building package 'my_first_package_msgs' with the following arguments: {'ament_cmake_args': None, 'build_base': '/home/noh0906/robot_ws/build/my_first_package_msgs', 'catkin_cmake_args': None, 'catkin_skip_building_tests': False, 'cmake_args': None, 'cmake_clean_cache': False, 'cmake_clean_first': False, 'cmake_force_configure': False, 'cmake_target': None, 'cmake_target_skip_unavailable': False, 'install_base': '/home/noh0906/robot_ws/install/my_first_package_msgs', 'merge_install': False, 'path': '/home/noh0906/robot_ws/src/my_first_package_msgs', 'symlink_install': True, 'test_result_base': None}
[0.374s] Level 5:colcon.colcon_core.verb:set package 'my_first_ros_rclpy_pkg' build argument 'cmake_args' from command line to 'None'
[0.374s] Level 5:colcon.colcon_core.verb:set package 'my_first_ros_rclpy_pkg' build argument 'cmake_target' from command line to 'None'
[0.374s] Level 5:colcon.colcon_core.verb:set package 'my_first_ros_rclpy_pkg' build argument 'cmake_target_skip_unavailable' from command line to 'False'
[0.374s] Level 5:colcon.colcon_core.verb:set package 'my_first_ros_rclpy_pkg' build argument 'cmake_clean_cache' from command line to 'False'
[0.374s] Level 5:colcon.colcon_core.verb:set package 'my_first_ros_rclpy_pkg' build argument 'cmake_clean_first' from command line to 'False'
[0.374s] Level 5:colcon.colcon_core.verb:set package 'my_first_ros_rclpy_pkg' build argument 'cmake_force_configure' from command line to 'False'
[0.374s] Level 5:colcon.colcon_core.verb:set package 'my_first_ros_rclpy_pkg' build argument 'ament_cmake_args' from command line to 'None'
[0.374s] Level 5:colcon.colcon_core.verb:set package 'my_first_ros_rclpy_pkg' build argument 'catkin_cmake_args' from command line to 'None'
[0.374s] Level 5:colcon.colcon_core.verb:set package 'my_first_ros_rclpy_pkg' build argument 'catkin_skip_building_tests' from command line to 'False'
[0.374s] DEBUG:colcon.colcon_core.verb:Building package 'my_first_ros_rclpy_pkg' with the following arguments: {'ament_cmake_args': None, 'build_base': '/home/noh0906/robot_ws/build/my_first_ros_rclpy_pkg', 'catkin_cmake_args': None, 'catkin_skip_building_tests': False, 'cmake_args': None, 'cmake_clean_cache': False, 'cmake_clean_first': False, 'cmake_force_configure': False, 'cmake_target': None, 'cmake_target_skip_unavailable': False, 'install_base': '/home/noh0906/robot_ws/install/my_first_ros_rclpy_pkg', 'merge_install': False, 'path': '/home/noh0906/robot_ws/src/my_first_ros_rclpy_pkg', 'symlink_install': True, 'test_result_base': None}
[0.374s] Level 5:colcon.colcon_core.verb:set package 'ros_time_pkg' build argument 'cmake_args' from command line to 'None'
[0.374s] Level 5:colcon.colcon_core.verb:set package 'ros_time_pkg' build argument 'cmake_target' from command line to 'None'
[0.374s] Level 5:colcon.colcon_core.verb:set package 'ros_time_pkg' build argument 'cmake_target_skip_unavailable' from command line to 'False'
[0.374s] Level 5:colcon.colcon_core.verb:set package 'ros_time_pkg' build argument 'cmake_clean_cache' from command line to 'False'
[0.374s] Level 5:colcon.colcon_core.verb:set package 'ros_time_pkg' build argument 'cmake_clean_first' from command line to 'False'
[0.374s] Level 5:colcon.colcon_core.verb:set package 'ros_time_pkg' build argument 'cmake_force_configure' from command line to 'False'
[0.374s] Level 5:colcon.colcon_core.verb:set package 'ros_time_pkg' build argument 'ament_cmake_args' from command line to 'None'
[0.374s] Level 5:colcon.colcon_core.verb:set package 'ros_time_pkg' build argument 'catkin_cmake_args' from command line to 'None'
[0.374s] Level 5:colcon.colcon_core.verb:set package 'ros_time_pkg' build argument 'catkin_skip_building_tests' from command line to 'False'
[0.374s] DEBUG:colcon.colcon_core.verb:Building package 'ros_time_pkg' with the following arguments: {'ament_cmake_args': None, 'build_base': '/home/noh0906/robot_ws/build/ros_time_pkg', 'catkin_cmake_args': None, 'catkin_skip_building_tests': False, 'cmake_args': None, 'cmake_clean_cache': False, 'cmake_clean_first': False, 'cmake_force_configure': False, 'cmake_target': None, 'cmake_target_skip_unavailable': False, 'install_base': '/home/noh0906/robot_ws/install/ros_time_pkg', 'merge_install': False, 'path': '/home/noh0906/robot_ws/src/ros_time_pkg', 'symlink_install': True, 'test_result_base': None}
[0.375s] Level 5:colcon.colcon_core.verb:set package 'turtle_pkg' build argument 'cmake_args' from command line to 'None'
[0.375s] Level 5:colcon.colcon_core.verb:set package 'turtle_pkg' build argument 'cmake_target' from command line to 'None'
[0.375s] Level 5:colcon.colcon_core.verb:set package 'turtle_pkg' build argument 'cmake_target_skip_unavailable' from command line to 'False'
[0.375s] Level 5:colcon.colcon_core.verb:set package 'turtle_pkg' build argument 'cmake_clean_cache' from command line to 'False'
[0.375s] Level 5:colcon.colcon_core.verb:set package 'turtle_pkg' build argument 'cmake_clean_first' from command line to 'False'
[0.375s] Level 5:colcon.colcon_core.verb:set package 'turtle_pkg' build argument 'cmake_force_configure' from command line to 'False'
[0.375s] Level 5:colcon.colcon_core.verb:set package 'turtle_pkg' build argument 'ament_cmake_args' from command line to 'None'
[0.375s] Level 5:colcon.colcon_core.verb:set package 'turtle_pkg' build argument 'catkin_cmake_args' from command line to 'None'
[0.375s] Level 5:colcon.colcon_core.verb:set package 'turtle_pkg' build argument 'catkin_skip_building_tests' from command line to 'False'
[0.375s] DEBUG:colcon.colcon_core.verb:Building package 'turtle_pkg' with the following arguments: {'ament_cmake_args': None, 'build_base': '/home/noh0906/robot_ws/build/turtle_pkg', 'catkin_cmake_args': None, 'catkin_skip_building_tests': False, 'cmake_args': None, 'cmake_clean_cache': False, 'cmake_clean_first': False, 'cmake_force_configure': False, 'cmake_target': None, 'cmake_target_skip_unavailable': False, 'install_base': '/home/noh0906/robot_ws/install/turtle_pkg', 'merge_install': False, 'path': '/home/noh0906/robot_ws/src/turtle_pkg', 'symlink_install': True, 'test_result_base': None}
[0.375s] INFO:colcon.colcon_core.executor:Executing jobs using 'parallel' executor
[0.376s] DEBUG:colcon.colcon_parallel_executor.executor.parallel:run_until_complete
[0.376s] INFO:colcon.colcon_ros.task.ament_cmake.build:Building ROS package in '/home/noh0906/robot_ws/src/my_first_package_msgs' with build type 'ament_cmake'
[0.376s] INFO:colcon.colcon_cmake.task.cmake.build:Building CMake package in '/home/noh0906/robot_ws/src/my_first_package_msgs'
[0.379s] INFO:colcon.colcon_core.plugin_system:Skipping extension 'colcon_core.shell.bat': Not used on non-Windows systems
[0.379s] INFO:colcon.colcon_core.shell:Skip shell extension 'powershell' for command environment: Not usable outside of PowerShell
[0.379s] DEBUG:colcon.colcon_core.shell:Skip shell extension 'dsv' for command environment
[0.385s] INFO:colcon.colcon_ros.task.ament_python.build:Building ROS package in '/home/noh0906/robot_ws/src/my_first_ros_rclpy_pkg' with build type 'ament_python'
[0.385s] Level 1:colcon.colcon_core.shell:create_environment_hook('my_first_ros_rclpy_pkg', 'ament_prefix_path')
[0.385s] INFO:colcon.colcon_core.shell:Creating environment hook '/home/noh0906/robot_ws/install/my_first_ros_rclpy_pkg/share/my_first_ros_rclpy_pkg/hook/ament_prefix_path.ps1'
[0.386s] INFO:colcon.colcon_core.shell:Creating environment descriptor '/home/noh0906/robot_ws/install/my_first_ros_rclpy_pkg/share/my_first_ros_rclpy_pkg/hook/ament_prefix_path.dsv'
[0.387s] INFO:colcon.colcon_core.shell:Creating environment hook '/home/noh0906/robot_ws/install/my_first_ros_rclpy_pkg/share/my_first_ros_rclpy_pkg/hook/ament_prefix_path.sh'
[0.388s] INFO:colcon.colcon_core.shell:Skip shell extension 'powershell' for command environment: Not usable outside of PowerShell
[0.388s] DEBUG:colcon.colcon_core.shell:Skip shell extension 'dsv' for command environment
[0.408s] DEBUG:colcon.colcon_core.event_handler.log_command:Invoking command in '/home/noh0906/robot_ws/build/my_first_package_msgs': CMAKE_PREFIX_PATH=${CMAKE_PREFIX_PATH}:/home/noh0906/turtlebot3_ws/install/turtlebot3_teleop:/home/noh0906/turtlebot3_ws/install/turtlebot3_example:/home/noh0906/turtlebot3_ws/install/turtlebot3_dqn:/home/noh0906/robot_ws/install/turtle_pkg:/home/noh0906/robot_ws/install/ros_time_pkg:/home/noh0906/robot_ws/install/my_move_turtle_pkg:/home/noh0906/robot_ws/install/my_first_ros_rclpy_pkg:/opt/ros/humble /usr/bin/cmake --build /home/noh0906/robot_ws/build/my_first_package_msgs -- -j2 -l2
[0.934s] INFO:colcon.colcon_core.task.python.build:Building Python package in '/home/noh0906/robot_ws/src/my_first_ros_rclpy_pkg'
[0.934s] INFO:colcon.colcon_core.shell:Skip shell extension 'powershell' for command environment: Not usable outside of PowerShell
[0.934s] DEBUG:colcon.colcon_core.shell:Skip shell extension 'dsv' for command environment
[1.159s] DEBUG:colcon.colcon_core.event_handler.log_command:Invoked command in '/home/noh0906/robot_ws/build/my_first_package_msgs' returned '0': CMAKE_PREFIX_PATH=${CMAKE_PREFIX_PATH}:/home/noh0906/turtlebot3_ws/install/turtlebot3_teleop:/home/noh0906/turtlebot3_ws/install/turtlebot3_example:/home/noh0906/turtlebot3_ws/install/turtlebot3_dqn:/home/noh0906/robot_ws/install/turtle_pkg:/home/noh0906/robot_ws/install/ros_time_pkg:/home/noh0906/robot_ws/install/my_move_turtle_pkg:/home/noh0906/robot_ws/install/my_first_ros_rclpy_pkg:/opt/ros/humble /usr/bin/cmake --build /home/noh0906/robot_ws/build/my_first_package_msgs -- -j2 -l2
[1.182s] DEBUG:colcon.colcon_core.event_handler.log_command:Invoking command in '/home/noh0906/robot_ws/build/my_first_package_msgs': CMAKE_PREFIX_PATH=${CMAKE_PREFIX_PATH}:/home/noh0906/turtlebot3_ws/install/turtlebot3_teleop:/home/noh0906/turtlebot3_ws/install/turtlebot3_example:/home/noh0906/turtlebot3_ws/install/turtlebot3_dqn:/home/noh0906/robot_ws/install/turtle_pkg:/home/noh0906/robot_ws/install/ros_time_pkg:/home/noh0906/robot_ws/install/my_move_turtle_pkg:/home/noh0906/robot_ws/install/my_first_ros_rclpy_pkg:/opt/ros/humble /usr/bin/cmake --install /home/noh0906/robot_ws/build/my_first_package_msgs
[1.383s] Level 1:colcon.colcon_core.environment:create_environment_scripts_only(my_first_package_msgs)
[1.386s] DEBUG:colcon.colcon_core.event_handler.log_command:Invoked command in '/home/noh0906/robot_ws/build/my_first_package_msgs' returned '0': CMAKE_PREFIX_PATH=${CMAKE_PREFIX_PATH}:/home/noh0906/turtlebot3_ws/install/turtlebot3_teleop:/home/noh0906/turtlebot3_ws/install/turtlebot3_example:/home/noh0906/turtlebot3_ws/install/turtlebot3_dqn:/home/noh0906/robot_ws/install/turtle_pkg:/home/noh0906/robot_ws/install/ros_time_pkg:/home/noh0906/robot_ws/install/my_move_turtle_pkg:/home/noh0906/robot_ws/install/my_first_ros_rclpy_pkg:/opt/ros/humble /usr/bin/cmake --install /home/noh0906/robot_ws/build/my_first_package_msgs
[1.387s] Level 1:colcon.colcon_core.environment:checking '/home/noh0906/robot_ws/install/my_first_package_msgs' for CMake module files
[1.391s] Level 1:colcon.colcon_core.environment:checking '/home/noh0906/robot_ws/install/my_first_package_msgs' for CMake config files
[1.391s] Level 1:colcon.colcon_core.shell:create_environment_hook('my_first_package_msgs', 'cmake_prefix_path')
[1.392s] INFO:colcon.colcon_core.shell:Creating environment hook '/home/noh0906/robot_ws/install/my_first_package_msgs/share/my_first_package_msgs/hook/cmake_prefix_path.ps1'
[1.392s] INFO:colcon.colcon_core.shell:Creating environment descriptor '/home/noh0906/robot_ws/install/my_first_package_msgs/share/my_first_package_msgs/hook/cmake_prefix_path.dsv'
[1.393s] INFO:colcon.colcon_core.shell:Creating environment hook '/home/noh0906/robot_ws/install/my_first_package_msgs/share/my_first_package_msgs/hook/cmake_prefix_path.sh'
[1.396s] Level 1:colcon.colcon_core.environment:checking '/home/noh0906/robot_ws/install/my_first_package_msgs/lib'
[1.396s] Level 1:colcon.colcon_core.shell:create_environment_hook('my_first_package_msgs', 'ld_library_path_lib')
[1.396s] INFO:colcon.colcon_core.shell:Creating environment hook '/home/noh0906/robot_ws/install/my_first_package_msgs/share/my_first_package_msgs/hook/ld_library_path_lib.ps1'
[1.397s] INFO:colcon.colcon_core.shell:Creating environment descriptor '/home/noh0906/robot_ws/install/my_first_package_msgs/share/my_first_package_msgs/hook/ld_library_path_lib.dsv'
[1.400s] INFO:colcon.colcon_core.shell:Creating environment hook '/home/noh0906/robot_ws/install/my_first_package_msgs/share/my_first_package_msgs/hook/ld_library_path_lib.sh'
[1.400s] Level 1:colcon.colcon_core.environment:checking '/home/noh0906/robot_ws/install/my_first_package_msgs/bin'
[1.400s] Level 1:colcon.colcon_core.environment:checking '/home/noh0906/robot_ws/install/my_first_package_msgs/lib/pkgconfig/my_first_package_msgs.pc'
[1.400s] Level 1:colcon.colcon_core.environment:checking '/home/noh0906/robot_ws/install/my_first_package_msgs/lib/python3.10/site-packages'
[1.401s] Level 1:colcon.colcon_core.environment:checking '/home/noh0906/robot_ws/install/my_first_package_msgs/bin'
[1.401s] INFO:colcon.colcon_core.shell:Creating package script '/home/noh0906/robot_ws/install/my_first_package_msgs/share/my_first_package_msgs/package.ps1'
[1.403s] INFO:colcon.colcon_core.shell:Creating package descriptor '/home/noh0906/robot_ws/install/my_first_package_msgs/share/my_first_package_msgs/package.dsv'
[1.404s] INFO:colcon.colcon_core.shell:Creating package script '/home/noh0906/robot_ws/install/my_first_package_msgs/share/my_first_package_msgs/package.sh'
[1.406s] INFO:colcon.colcon_core.shell:Creating package script '/home/noh0906/robot_ws/install/my_first_package_msgs/share/my_first_package_msgs/package.bash'
[1.409s] INFO:colcon.colcon_core.shell:Creating package script '/home/noh0906/robot_ws/install/my_first_package_msgs/share/my_first_package_msgs/package.zsh'
[1.410s] Level 1:colcon.colcon_core.environment:create_file_with_runtime_dependencies(/home/noh0906/robot_ws/install/my_first_package_msgs/share/colcon-core/packages/my_first_package_msgs)
[1.410s] Level 1:colcon.colcon_core.environment:create_environment_scripts_only(my_first_package_msgs)
[1.410s] Level 1:colcon.colcon_core.environment:checking '/home/noh0906/robot_ws/install/my_first_package_msgs' for CMake module files
[1.413s] Level 1:colcon.colcon_core.environment:checking '/home/noh0906/robot_ws/install/my_first_package_msgs' for CMake config files
[1.414s] Level 1:colcon.colcon_core.shell:create_environment_hook('my_first_package_msgs', 'cmake_prefix_path')
[1.414s] INFO:colcon.colcon_core.shell:Creating environment hook '/home/noh0906/robot_ws/install/my_first_package_msgs/share/my_first_package_msgs/hook/cmake_prefix_path.ps1'
[1.416s] INFO:colcon.colcon_core.shell:Creating environment descriptor '/home/noh0906/robot_ws/install/my_first_package_msgs/share/my_first_package_msgs/hook/cmake_prefix_path.dsv'
[1.417s] INFO:colcon.colcon_core.shell:Creating environment hook '/home/noh0906/robot_ws/install/my_first_package_msgs/share/my_first_package_msgs/hook/cmake_prefix_path.sh'
[1.418s] Level 1:colcon.colcon_core.environment:checking '/home/noh0906/robot_ws/install/my_first_package_msgs/lib'
[1.418s] Level 1:colcon.colcon_core.shell:create_environment_hook('my_first_package_msgs', 'ld_library_path_lib')
[1.418s] INFO:colcon.colcon_core.shell:Creating environment hook '/home/noh0906/robot_ws/install/my_first_package_msgs/share/my_first_package_msgs/hook/ld_library_path_lib.ps1'
[1.423s] INFO:colcon.colcon_core.shell:Creating environment descriptor '/home/noh0906/robot_ws/install/my_first_package_msgs/share/my_first_package_msgs/hook/ld_library_path_lib.dsv'
[1.424s] INFO:colcon.colcon_core.shell:Creating environment hook '/home/noh0906/robot_ws/install/my_first_package_msgs/share/my_first_package_msgs/hook/ld_library_path_lib.sh'
[1.424s] Level 1:colcon.colcon_core.environment:checking '/home/noh0906/robot_ws/install/my_first_package_msgs/bin'
[1.428s] Level 1:colcon.colcon_core.environment:checking '/home/noh0906/robot_ws/install/my_first_package_msgs/lib/pkgconfig/my_first_package_msgs.pc'
[1.428s] Level 1:colcon.colcon_core.environment:checking '/home/noh0906/robot_ws/install/my_first_package_msgs/lib/python3.10/site-packages'
[1.428s] Level 1:colcon.colcon_core.environment:checking '/home/noh0906/robot_ws/install/my_first_package_msgs/bin'
[1.429s] INFO:colcon.colcon_core.shell:Creating package script '/home/noh0906/robot_ws/install/my_first_package_msgs/share/my_first_package_msgs/package.ps1'
[1.429s] INFO:colcon.colcon_core.shell:Creating package descriptor '/home/noh0906/robot_ws/install/my_first_package_msgs/share/my_first_package_msgs/package.dsv'
[1.430s] INFO:colcon.colcon_core.shell:Creating package script '/home/noh0906/robot_ws/install/my_first_package_msgs/share/my_first_package_msgs/package.sh'
[1.430s] INFO:colcon.colcon_core.shell:Creating package script '/home/noh0906/robot_ws/install/my_first_package_msgs/share/my_first_package_msgs/package.bash'
[1.431s] INFO:colcon.colcon_core.shell:Creating package script '/home/noh0906/robot_ws/install/my_first_package_msgs/share/my_first_package_msgs/package.zsh'
[1.431s] Level 1:colcon.colcon_core.environment:create_file_with_runtime_dependencies(/home/noh0906/robot_ws/install/my_first_package_msgs/share/colcon-core/packages/my_first_package_msgs)
[1.434s] INFO:colcon.colcon_ros.task.ament_python.build:Building ROS package in '/home/noh0906/robot_ws/src/ros_time_pkg' with build type 'ament_python'
[1.434s] Level 1:colcon.colcon_core.shell:create_environment_hook('ros_time_pkg', 'ament_prefix_path')
[1.435s] INFO:colcon.colcon_core.shell:Creating environment hook '/home/noh0906/robot_ws/install/ros_time_pkg/share/ros_time_pkg/hook/ament_prefix_path.ps1'
[1.435s] INFO:colcon.colcon_core.shell:Creating environment descriptor '/home/noh0906/robot_ws/install/ros_time_pkg/share/ros_time_pkg/hook/ament_prefix_path.dsv'
[1.437s] INFO:colcon.colcon_core.shell:Creating environment hook '/home/noh0906/robot_ws/install/ros_time_pkg/share/ros_time_pkg/hook/ament_prefix_path.sh'
[1.438s] INFO:colcon.colcon_core.shell:Skip shell extension 'powershell' for command environment: Not usable outside of PowerShell
[1.438s] DEBUG:colcon.colcon_core.shell:Skip shell extension 'dsv' for command environment
[1.855s] INFO:colcon.colcon_core.task.python.build:Building Python package in '/home/noh0906/robot_ws/src/ros_time_pkg'
[1.855s] INFO:colcon.colcon_core.shell:Skip shell extension 'powershell' for command environment: Not usable outside of PowerShell
[1.856s] DEBUG:colcon.colcon_core.shell:Skip shell extension 'dsv' for command environment
[1.864s] DEBUG:colcon.colcon_core.event_handler.log_command:Invoking command in '/home/noh0906/robot_ws/build/my_first_ros_rclpy_pkg': PYTHONPATH=/home/noh0906/robot_ws/build/my_first_ros_rclpy_pkg/prefix_override:/usr/lib/python3/dist-packages/colcon_core/task/python/colcon_distutils_commands:/home/noh0906/robot_ws/install/my_first_ros_rclpy_pkg/lib/python3.10/site-packages:${PYTHONPATH} /usr/bin/python3 -W ignore:setup.py install is deprecated -W ignore:easy_install command is deprecated setup.py develop --editable --build-directory /home/noh0906/robot_ws/build/my_first_ros_rclpy_pkg/build --no-deps symlink_data
[2.764s] DEBUG:colcon.colcon_core.event_handler.log_command:Invoking command in '/home/noh0906/robot_ws/build/ros_time_pkg': PYTHONPATH=/home/noh0906/robot_ws/build/ros_time_pkg/prefix_override:/usr/lib/python3/dist-packages/colcon_core/task/python/colcon_distutils_commands:/home/noh0906/robot_ws/install/ros_time_pkg/lib/python3.10/site-packages:${PYTHONPATH} /usr/bin/python3 -W ignore:setup.py install is deprecated -W ignore:easy_install command is deprecated setup.py develop --editable --build-directory /home/noh0906/robot_ws/build/ros_time_pkg/build --no-deps symlink_data
[3.027s] Level 1:colcon.colcon_core.shell:create_environment_hook('my_first_ros_rclpy_pkg', 'pythonpath_develop')
[3.028s] DEBUG:colcon.colcon_core.event_handler.log_command:Invoked command in '/home/noh0906/robot_ws/build/my_first_ros_rclpy_pkg' returned '0': PYTHONPATH=/home/noh0906/robot_ws/build/my_first_ros_rclpy_pkg/prefix_override:/usr/lib/python3/dist-packages/colcon_core/task/python/colcon_distutils_commands:/home/noh0906/robot_ws/install/my_first_ros_rclpy_pkg/lib/python3.10/site-packages:${PYTHONPATH} /usr/bin/python3 -W ignore:setup.py install is deprecated -W ignore:easy_install command is deprecated setup.py develop --editable --build-directory /home/noh0906/robot_ws/build/my_first_ros_rclpy_pkg/build --no-deps symlink_data
[3.028s] INFO:colcon.colcon_core.shell:Creating environment hook '/home/noh0906/robot_ws/build/my_first_ros_rclpy_pkg/share/my_first_ros_rclpy_pkg/hook/pythonpath_develop.ps1'
[3.029s] INFO:colcon.colcon_core.shell:Creating environment descriptor '/home/noh0906/robot_ws/build/my_first_ros_rclpy_pkg/share/my_first_ros_rclpy_pkg/hook/pythonpath_develop.dsv'
[3.029s] INFO:colcon.colcon_core.shell:Creating environment hook '/home/noh0906/robot_ws/build/my_first_ros_rclpy_pkg/share/my_first_ros_rclpy_pkg/hook/pythonpath_develop.sh'
[3.030s] Level 1:colcon.colcon_core.environment:checking '/home/noh0906/robot_ws/install/my_first_ros_rclpy_pkg' for CMake module files
[3.030s] Level 1:colcon.colcon_core.environment:checking '/home/noh0906/robot_ws/install/my_first_ros_rclpy_pkg' for CMake config files
[3.031s] Level 1:colcon.colcon_core.environment:checking '/home/noh0906/robot_ws/install/my_first_ros_rclpy_pkg/lib'
[3.031s] Level 1:colcon.colcon_core.environment:checking '/home/noh0906/robot_ws/install/my_first_ros_rclpy_pkg/bin'
[3.031s] Level 1:colcon.colcon_core.environment:checking '/home/noh0906/robot_ws/install/my_first_ros_rclpy_pkg/lib/pkgconfig/my_first_ros_rclpy_pkg.pc'
[3.031s] Level 1:colcon.colcon_core.environment:checking '/home/noh0906/robot_ws/install/my_first_ros_rclpy_pkg/lib/python3.10/site-packages'
[3.031s] Level 1:colcon.colcon_core.shell:create_environment_hook('my_first_ros_rclpy_pkg', 'pythonpath')
[3.031s] INFO:colcon.colcon_core.shell:Creating environment hook '/home/noh0906/robot_ws/install/my_first_ros_rclpy_pkg/share/my_first_ros_rclpy_pkg/hook/pythonpath.ps1'
[3.032s] INFO:colcon.colcon_core.shell:Creating environment descriptor '/home/noh0906/robot_ws/install/my_first_ros_rclpy_pkg/share/my_first_ros_rclpy_pkg/hook/pythonpath.dsv'
[3.032s] INFO:colcon.colcon_core.shell:Creating environment hook '/home/noh0906/robot_ws/install/my_first_ros_rclpy_pkg/share/my_first_ros_rclpy_pkg/hook/pythonpath.sh'
[3.033s] Level 1:colcon.colcon_core.environment:checking '/home/noh0906/robot_ws/install/my_first_ros_rclpy_pkg/bin'
[3.033s] Level 1:colcon.colcon_core.environment:create_environment_scripts_only(my_first_ros_rclpy_pkg)
[3.033s] INFO:colcon.colcon_core.shell:Creating package script '/home/noh0906/robot_ws/install/my_first_ros_rclpy_pkg/share/my_first_ros_rclpy_pkg/package.ps1'
[3.034s] INFO:colcon.colcon_core.shell:Creating package descriptor '/home/noh0906/robot_ws/install/my_first_ros_rclpy_pkg/share/my_first_ros_rclpy_pkg/package.dsv'
[3.034s] INFO:colcon.colcon_core.shell:Creating package script '/home/noh0906/robot_ws/install/my_first_ros_rclpy_pkg/share/my_first_ros_rclpy_pkg/package.sh'
[3.036s] INFO:colcon.colcon_core.shell:Creating package script '/home/noh0906/robot_ws/install/my_first_ros_rclpy_pkg/share/my_first_ros_rclpy_pkg/package.bash'
[3.037s] INFO:colcon.colcon_core.shell:Creating package script '/home/noh0906/robot_ws/install/my_first_ros_rclpy_pkg/share/my_first_ros_rclpy_pkg/package.zsh'
[3.037s] Level 1:colcon.colcon_core.environment:create_file_with_runtime_dependencies(/home/noh0906/robot_ws/install/my_first_ros_rclpy_pkg/share/colcon-core/packages/my_first_ros_rclpy_pkg)
[3.040s] INFO:colcon.colcon_ros.task.ament_python.build:Building ROS package in '/home/noh0906/robot_ws/src/turtle_pkg' with build type 'ament_python'
[3.040s] Level 1:colcon.colcon_core.shell:create_environment_hook('turtle_pkg', 'ament_prefix_path')
[3.040s] INFO:colcon.colcon_core.shell:Creating environment hook '/home/noh0906/robot_ws/install/turtle_pkg/share/turtle_pkg/hook/ament_prefix_path.ps1'
[3.041s] INFO:colcon.colcon_core.shell:Creating environment descriptor '/home/noh0906/robot_ws/install/turtle_pkg/share/turtle_pkg/hook/ament_prefix_path.dsv'
[3.041s] INFO:colcon.colcon_core.shell:Creating environment hook '/home/noh0906/robot_ws/install/turtle_pkg/share/turtle_pkg/hook/ament_prefix_path.sh'
[3.042s] INFO:colcon.colcon_core.shell:Skip shell extension 'powershell' for command environment: Not usable outside of PowerShell
[3.042s] DEBUG:colcon.colcon_core.shell:Skip shell extension 'dsv' for command environment
[3.321s] INFO:colcon.colcon_core.task.python.build:Building Python package in '/home/noh0906/robot_ws/src/turtle_pkg'
[3.321s] INFO:colcon.colcon_core.shell:Skip shell extension 'powershell' for command environment: Not usable outside of PowerShell
[3.321s] DEBUG:colcon.colcon_core.shell:Skip shell extension 'dsv' for command environment
[3.427s] Level 1:colcon.colcon_core.shell:create_environment_hook('ros_time_pkg', 'pythonpath_develop')
[3.427s] INFO:colcon.colcon_core.shell:Creating environment hook '/home/noh0906/robot_ws/build/ros_time_pkg/share/ros_time_pkg/hook/pythonpath_develop.ps1'
[3.428s] DEBUG:colcon.colcon_core.event_handler.log_command:Invoked command in '/home/noh0906/robot_ws/build/ros_time_pkg' returned '0': PYTHONPATH=/home/noh0906/robot_ws/build/ros_time_pkg/prefix_override:/usr/lib/python3/dist-packages/colcon_core/task/python/colcon_distutils_commands:/home/noh0906/robot_ws/install/ros_time_pkg/lib/python3.10/site-packages:${PYTHONPATH} /usr/bin/python3 -W ignore:setup.py install is deprecated -W ignore:easy_install command is deprecated setup.py develop --editable --build-directory /home/noh0906/robot_ws/build/ros_time_pkg/build --no-deps symlink_data
[3.429s] INFO:colcon.colcon_core.shell:Creating environment descriptor '/home/noh0906/robot_ws/build/ros_time_pkg/share/ros_time_pkg/hook/pythonpath_develop.dsv'
[3.429s] INFO:colcon.colcon_core.shell:Creating environment hook '/home/noh0906/robot_ws/build/ros_time_pkg/share/ros_time_pkg/hook/pythonpath_develop.sh'
[3.430s] Level 1:colcon.colcon_core.environment:checking '/home/noh0906/robot_ws/install/ros_time_pkg' for CMake module files
[3.431s] Level 1:colcon.colcon_core.environment:checking '/home/noh0906/robot_ws/install/ros_time_pkg' for CMake config files
[3.431s] Level 1:colcon.colcon_core.environment:checking '/home/noh0906/robot_ws/install/ros_time_pkg/lib'
[3.431s] Level 1:colcon.colcon_core.environment:checking '/home/noh0906/robot_ws/install/ros_time_pkg/bin'
[3.431s] Level 1:colcon.colcon_core.environment:checking '/home/noh0906/robot_ws/install/ros_time_pkg/lib/pkgconfig/ros_time_pkg.pc'
[3.432s] Level 1:colcon.colcon_core.environment:checking '/home/noh0906/robot_ws/install/ros_time_pkg/lib/python3.10/site-packages'
[3.432s] Level 1:colcon.colcon_core.shell:create_environment_hook('ros_time_pkg', 'pythonpath')
[3.432s] INFO:colcon.colcon_core.shell:Creating environment hook '/home/noh0906/robot_ws/install/ros_time_pkg/share/ros_time_pkg/hook/pythonpath.ps1'
[3.433s] INFO:colcon.colcon_core.shell:Creating environment descriptor '/home/noh0906/robot_ws/install/ros_time_pkg/share/ros_time_pkg/hook/pythonpath.dsv'
[3.434s] INFO:colcon.colcon_core.shell:Creating environment hook '/home/noh0906/robot_ws/install/ros_time_pkg/share/ros_time_pkg/hook/pythonpath.sh'
[3.434s] Level 1:colcon.colcon_core.environment:checking '/home/noh0906/robot_ws/install/ros_time_pkg/bin'
[3.434s] Level 1:colcon.colcon_core.environment:create_environment_scripts_only(ros_time_pkg)
[3.435s] INFO:colcon.colcon_core.shell:Creating package script '/home/noh0906/robot_ws/install/ros_time_pkg/share/ros_time_pkg/package.ps1'
[3.436s] INFO:colcon.colcon_core.shell:Creating package descriptor '/home/noh0906/robot_ws/install/ros_time_pkg/share/ros_time_pkg/package.dsv'
[3.437s] INFO:colcon.colcon_core.shell:Creating package script '/home/noh0906/robot_ws/install/ros_time_pkg/share/ros_time_pkg/package.sh'
[3.437s] INFO:colcon.colcon_core.shell:Creating package script '/home/noh0906/robot_ws/install/ros_time_pkg/share/ros_time_pkg/package.bash'
[3.438s] INFO:colcon.colcon_core.shell:Creating package script '/home/noh0906/robot_ws/install/ros_time_pkg/share/ros_time_pkg/package.zsh'
[3.439s] Level 1:colcon.colcon_core.environment:create_file_with_runtime_dependencies(/home/noh0906/robot_ws/install/ros_time_pkg/share/colcon-core/packages/ros_time_pkg)
[3.717s] DEBUG:colcon.colcon_core.event_handler.log_command:Invoking command in '/home/noh0906/robot_ws/build/turtle_pkg': PYTHONPATH=/home/noh0906/robot_ws/build/turtle_pkg/prefix_override:/usr/lib/python3/dist-packages/colcon_core/task/python/colcon_distutils_commands:/home/noh0906/robot_ws/install/turtle_pkg/lib/python3.10/site-packages:${PYTHONPATH} /usr/bin/python3 -W ignore:setup.py install is deprecated -W ignore:easy_install command is deprecated setup.py develop --editable --build-directory /home/noh0906/robot_ws/build/turtle_pkg/build --no-deps symlink_data
[4.179s] Level 1:colcon.colcon_core.shell:create_environment_hook('turtle_pkg', 'pythonpath_develop')
[4.179s] INFO:colcon.colcon_core.shell:Creating environment hook '/home/noh0906/robot_ws/build/turtle_pkg/share/turtle_pkg/hook/pythonpath_develop.ps1'
[4.180s] DEBUG:colcon.colcon_core.event_handler.log_command:Invoked command in '/home/noh0906/robot_ws/build/turtle_pkg' returned '0': PYTHONPATH=/home/noh0906/robot_ws/build/turtle_pkg/prefix_override:/usr/lib/python3/dist-packages/colcon_core/task/python/colcon_distutils_commands:/home/noh0906/robot_ws/install/turtle_pkg/lib/python3.10/site-packages:${PYTHONPATH} /usr/bin/python3 -W ignore:setup.py install is deprecated -W ignore:easy_install command is deprecated setup.py develop --editable --build-directory /home/noh0906/robot_ws/build/turtle_pkg/build --no-deps symlink_data
[4.181s] INFO:colcon.colcon_core.shell:Creating environment descriptor '/home/noh0906/robot_ws/build/turtle_pkg/share/turtle_pkg/hook/pythonpath_develop.dsv'
[4.181s] INFO:colcon.colcon_core.shell:Creating environment hook '/home/noh0906/robot_ws/build/turtle_pkg/share/turtle_pkg/hook/pythonpath_develop.sh'
[4.182s] Level 1:colcon.colcon_core.environment:checking '/home/noh0906/robot_ws/install/turtle_pkg' for CMake module files
[4.182s] Level 1:colcon.colcon_core.environment:checking '/home/noh0906/robot_ws/install/turtle_pkg' for CMake config files
[4.183s] Level 1:colcon.colcon_core.environment:checking '/home/noh0906/robot_ws/install/turtle_pkg/lib'
[4.183s] Level 1:colcon.colcon_core.environment:checking '/home/noh0906/robot_ws/install/turtle_pkg/bin'
[4.183s] Level 1:colcon.colcon_core.environment:checking '/home/noh0906/robot_ws/install/turtle_pkg/lib/pkgconfig/turtle_pkg.pc'
[4.183s] Level 1:colcon.colcon_core.environment:checking '/home/noh0906/robot_ws/install/turtle_pkg/lib/python3.10/site-packages'
[4.183s] Level 1:colcon.colcon_core.shell:create_environment_hook('turtle_pkg', 'pythonpath')
[4.183s] INFO:colcon.colcon_core.shell:Creating environment hook '/home/noh0906/robot_ws/install/turtle_pkg/share/turtle_pkg/hook/pythonpath.ps1'
[4.184s] INFO:colcon.colcon_core.shell:Creating environment descriptor '/home/noh0906/robot_ws/install/turtle_pkg/share/turtle_pkg/hook/pythonpath.dsv'
[4.184s] INFO:colcon.colcon_core.shell:Creating environment hook '/home/noh0906/robot_ws/install/turtle_pkg/share/turtle_pkg/hook/pythonpath.sh'
[4.185s] Level 1:colcon.colcon_core.environment:checking '/home/noh0906/robot_ws/install/turtle_pkg/bin'
[4.185s] Level 1:colcon.colcon_core.environment:create_environment_scripts_only(turtle_pkg)
[4.185s] INFO:colcon.colcon_core.shell:Creating package script '/home/noh0906/robot_ws/install/turtle_pkg/share/turtle_pkg/package.ps1'
[4.186s] INFO:colcon.colcon_core.shell:Creating package descriptor '/home/noh0906/robot_ws/install/turtle_pkg/share/turtle_pkg/package.dsv'
[4.187s] INFO:colcon.colcon_core.shell:Creating package script '/home/noh0906/robot_ws/install/turtle_pkg/share/turtle_pkg/package.sh'
[4.187s] INFO:colcon.colcon_core.shell:Creating package script '/home/noh0906/robot_ws/install/turtle_pkg/share/turtle_pkg/package.bash'
[4.187s] INFO:colcon.colcon_core.shell:Creating package script '/home/noh0906/robot_ws/install/turtle_pkg/share/turtle_pkg/package.zsh'
[4.188s] Level 1:colcon.colcon_core.environment:create_file_with_runtime_dependencies(/home/noh0906/robot_ws/install/turtle_pkg/share/colcon-core/packages/turtle_pkg)
[4.188s] DEBUG:colcon.colcon_parallel_executor.executor.parallel:closing loop
[4.189s] DEBUG:colcon.colcon_parallel_executor.executor.parallel:loop closed
[4.189s] DEBUG:colcon.colcon_parallel_executor.executor.parallel:run_until_complete finished with '0'
[4.189s] DEBUG:colcon.colcon_core.event_reactor:joining thread
[4.194s] INFO:colcon.colcon_core.plugin_system:Skipping extension 'colcon_notification.desktop_notification.terminal_notifier': Not used on non-Darwin systems
[4.194s] INFO:colcon.colcon_core.plugin_system:Skipping extension 'colcon_notification.desktop_notification.win32': Not used on non-Windows systems
[4.195s] INFO:colcon.colcon_notification.desktop_notification:Sending desktop notification using 'notify2'
[4.207s] DEBUG:colcon.colcon_core.event_reactor:joined thread
[4.207s] INFO:colcon.colcon_core.shell:Creating prefix script '/home/noh0906/robot_ws/install/local_setup.ps1'
[4.208s] INFO:colcon.colcon_core.shell:Creating prefix util module '/home/noh0906/robot_ws/install/_local_setup_util_ps1.py'
[4.210s] INFO:colcon.colcon_core.shell:Creating prefix chain script '/home/noh0906/robot_ws/install/setup.ps1'
[4.211s] INFO:colcon.colcon_core.shell:Creating prefix script '/home/noh0906/robot_ws/install/local_setup.sh'
[4.212s] INFO:colcon.colcon_core.shell:Creating prefix util module '/home/noh0906/robot_ws/install/_local_setup_util_sh.py'
[4.212s] INFO:colcon.colcon_core.shell:Creating prefix chain script '/home/noh0906/robot_ws/install/setup.sh'
[4.214s] INFO:colcon.colcon_core.shell:Creating prefix script '/home/noh0906/robot_ws/install/local_setup.bash'
[4.214s] INFO:colcon.colcon_core.shell:Creating prefix chain script '/home/noh0906/robot_ws/install/setup.bash'
[4.216s] INFO:colcon.colcon_core.shell:Creating prefix script '/home/noh0906/robot_ws/install/local_setup.zsh'
[4.216s] INFO:colcon.colcon_core.shell:Creating prefix chain script '/home/noh0906/robot_ws/install/setup.zsh'
