running develop
running egg_info
creating ros_time_pkg.egg-info
writing ros_time_pkg.egg-info/PKG-INFO
writing dependency_links to ros_time_pkg.egg-info/dependency_links.txt
writing entry points to ros_time_pkg.egg-info/entry_points.txt
writing requirements to ros_time_pkg.egg-info/requires.txt
writing top-level names to ros_time_pkg.egg-info/top_level.txt
writing manifest file 'ros_time_pkg.egg-info/SOURCES.txt'
reading manifest file 'ros_time_pkg.egg-info/SOURCES.txt'
writing manifest file 'ros_time_pkg.egg-info/SOURCES.txt'
running build_ext
Creating /home/noh0906/robot_ws/install/ros_time_pkg/lib/python3.10/site-packages/ros-time-pkg.egg-link (link to .)
Installing helloworld_publisher script to /home/noh0906/robot_ws/install/ros_time_pkg/lib/ros_time_pkg
Installing helloworld_subscriber script to /home/noh0906/robot_ws/install/ros_time_pkg/lib/ros_time_pkg

Installed /home/noh0906/robot_ws/build/ros_time_pkg
running symlink_data
creating /home/noh0906/robot_ws/install/ros_time_pkg/share/ament_index
creating /home/noh0906/robot_ws/install/ros_time_pkg/share/ament_index/resource_index
creating /home/noh0906/robot_ws/install/ros_time_pkg/share/ament_index/resource_index/packages
symbolically linking /home/noh0906/robot_ws/build/ros_time_pkg/resource/ros_time_pkg -> /home/noh0906/robot_ws/install/ros_time_pkg/share/ament_index/resource_index/packages
symbolically linking /home/noh0906/robot_ws/build/ros_time_pkg/package.xml -> /home/noh0906/robot_ws/install/ros_time_pkg/share/ros_time_pkg
