[0.764s] Invoking command in '/home/noh0906/robot_ws/build/turtle_pkg': PYTHONPATH=/home/noh0906/robot_ws/build/turtle_pkg/prefix_override:/usr/lib/python3/dist-packages/colcon_core/task/python/colcon_distutils_commands:/home/noh0906/robot_ws/install/turtle_pkg/lib/python3.10/site-packages:${PYTHONPATH} /usr/bin/python3 -W ignore:setup.py install is deprecated -W ignore:easy_install command is deprecated setup.py develop --editable --build-directory /home/noh0906/robot_ws/build/turtle_pkg/build --no-deps symlink_data
[1.032s] running develop
[1.228s] running egg_info
[1.229s] writing turtle_pkg.egg-info/PKG-INFO
[1.230s] writing dependency_links to turtle_pkg.egg-info/dependency_links.txt
[1.231s] writing entry points to turtle_pkg.egg-info/entry_points.txt
[1.231s] writing requirements to turtle_pkg.egg-info/requires.txt
[1.231s] writing top-level names to turtle_pkg.egg-info/top_level.txt
[1.232s] reading manifest file 'turtle_pkg.egg-info/SOURCES.txt'
[1.233s] writing manifest file 'turtle_pkg.egg-info/SOURCES.txt'
[1.235s] running build_ext
[1.235s] Creating /home/noh0906/robot_ws/install/turtle_pkg/lib/python3.10/site-packages/turtle-pkg.egg-link (link to .)
[1.235s] Installing dist_turtle_action_server script to /home/noh0906/robot_ws/install/turtle_pkg/lib/turtle_pkg
[1.236s] Installing my_service_server script to /home/noh0906/robot_ws/install/turtle_pkg/lib/turtle_pkg
[1.236s] Installing my_subscriber = turtle_pkg.my_subscriber:mainmy_multi_thread script to /home/noh0906/robot_ws/install/turtle_pkg/lib/turtle_pkg
[1.236s] Installing turtle_cmd_and_pose script to /home/noh0906/robot_ws/install/turtle_pkg/lib/turtle_pkg
[1.236s] Installing turtle_pub script to /home/noh0906/robot_ws/install/turtle_pkg/lib/turtle_pkg
[1.236s] 
[1.236s] Installed /home/noh0906/robot_ws/build/turtle_pkg
[1.236s] running symlink_data
[1.272s] Invoked command in '/home/noh0906/robot_ws/build/turtle_pkg' returned '0': PYTHONPATH=/home/noh0906/robot_ws/build/turtle_pkg/prefix_override:/usr/lib/python3/dist-packages/colcon_core/task/python/colcon_distutils_commands:/home/noh0906/robot_ws/install/turtle_pkg/lib/python3.10/site-packages:${PYTHONPATH} /usr/bin/python3 -W ignore:setup.py install is deprecated -W ignore:easy_install command is deprecated setup.py develop --editable --build-directory /home/noh0906/robot_ws/build/turtle_pkg/build --no-deps symlink_data
