[0.102s] DEBUG:colcon:Command line arguments: ['/usr/bin/colcon', 'build', '--symlink-install']
[0.102s] DEBUG:colcon:Parsed command line arguments: Namespace(log_base=None, log_level=None, verb_name='build', build_base='build', install_base='install', merge_install=False, symlink_install=True, test_result_base=None, continue_on_error=False, executor='parallel', parallel_workers=2, event_handlers=None, ignore_user_meta=False, metas=['./colcon.meta'], base_paths=['.'], packages_ignore=None, packages_ignore_regex=None, paths=None, packages_up_to=None, packages_up_to_regex=None, packages_above=None, packages_above_and_dependencies=None, packages_above_depth=None, packages_select_by_dep=None, packages_skip_by_dep=None, packages_skip_up_to=None, packages_select_build_failed=False, packages_skip_build_finished=False, packages_select_test_failures=False, packages_skip_test_passed=False, packages_select=None, packages_skip=None, packages_select_regex=None, packages_skip_regex=None, packages_start=None, packages_end=None, allow_overriding=[], cmake_args=None, cmake_target=None, cmake_target_skip_unavailable=False, cmake_clean_cache=False, cmake_clean_first=False, cmake_force_configure=False, ament_cmake_args=None, catkin_cmake_args=None, catkin_skip_building_tests=False, mixin_files=None, mixin=None, verb_parser=<colcon_mixin.mixin.mixin_argument.MixinArgumentDecorator object at 0x7949e547a2c0>, verb_extension=<colcon_core.verb.build.BuildVerb object at 0x7949e5479c30>, main=<bound method BuildVerb.main of <colcon_core.verb.build.BuildVerb object at 0x7949e5479c30>>, mixin_verb=('build',))
[0.288s] Level 1:colcon.colcon_core.package_discovery:discover_packages(colcon_meta) check parameters
[0.288s] Level 1:colcon.colcon_core.package_discovery:discover_packages(recursive) check parameters
[0.288s] Level 1:colcon.colcon_core.package_discovery:discover_packages(ignore) check parameters
[0.288s] Level 1:colcon.colcon_core.package_discovery:discover_packages(path) check parameters
[0.288s] Level 1:colcon.colcon_core.package_discovery:discover_packages(colcon_meta) discover
[0.289s] Level 1:colcon.colcon_core.package_discovery:discover_packages(recursive) discover
[0.289s] INFO:colcon.colcon_core.package_discovery:Crawling recursively for packages in '/home/noh0906/robot_ws'
[0.289s] Level 1:colcon.colcon_core.package_identification:_identify(.) by extensions ['ignore', 'ignore_ament_install']
[0.289s] Level 1:colcon.colcon_core.package_identification:_identify(.) by extension 'ignore'
[0.289s] Level 1:colcon.colcon_core.package_identification:_identify(.) by extension 'ignore_ament_install'
[0.289s] Level 1:colcon.colcon_core.package_identification:_identify(.) by extensions ['colcon_pkg']
[0.289s] Level 1:colcon.colcon_core.package_identification:_identify(.) by extension 'colcon_pkg'
[0.289s] Level 1:colcon.colcon_core.package_identification:_identify(.) by extensions ['colcon_meta']
[0.289s] Level 1:colcon.colcon_core.package_identification:_identify(.) by extension 'colcon_meta'
[0.289s] Level 1:colcon.colcon_core.package_identification:_identify(.) by extensions ['ros']
[0.289s] Level 1:colcon.colcon_core.package_identification:_identify(.) by extension 'ros'
[0.297s] Level 1:colcon.colcon_core.package_identification:_identify(.) by extensions ['cmake', 'python']
[0.298s] Level 1:colcon.colcon_core.package_identification:_identify(.) by extension 'cmake'
[0.298s] Level 1:colcon.colcon_core.package_identification:_identify(.) by extension 'python'
[0.298s] Level 1:colcon.colcon_core.package_identification:_identify(.) by extensions ['python_setup_py']
[0.298s] Level 1:colcon.colcon_core.package_identification:_identify(.) by extension 'python_setup_py'
[0.298s] Level 1:colcon.colcon_core.package_identification:_identify(build) by extensions ['ignore', 'ignore_ament_install']
[0.298s] Level 1:colcon.colcon_core.package_identification:_identify(build) by extension 'ignore'
[0.298s] Level 1:colcon.colcon_core.package_identification:_identify(build) ignored
[0.298s] Level 1:colcon.colcon_core.package_identification:_identify(install) by extensions ['ignore', 'ignore_ament_install']
[0.298s] Level 1:colcon.colcon_core.package_identification:_identify(install) by extension 'ignore'
[0.298s] Level 1:colcon.colcon_core.package_identification:_identify(install) ignored
[0.298s] Level 1:colcon.colcon_core.package_identification:_identify(log) by extensions ['ignore', 'ignore_ament_install']
[0.298s] Level 1:colcon.colcon_core.package_identification:_identify(log) by extension 'ignore'
[0.298s] Level 1:colcon.colcon_core.package_identification:_identify(log) ignored
[0.298s] Level 1:colcon.colcon_core.package_identification:_identify(src) by extensions ['ignore', 'ignore_ament_install']
[0.299s] Level 1:colcon.colcon_core.package_identification:_identify(src) by extension 'ignore'
[0.299s] Level 1:colcon.colcon_core.package_identification:_identify(src) by extension 'ignore_ament_install'
[0.299s] Level 1:colcon.colcon_core.package_identification:_identify(src) by extensions ['colcon_pkg']
[0.299s] Level 1:colcon.colcon_core.package_identification:_identify(src) by extension 'colcon_pkg'
[0.299s] Level 1:colcon.colcon_core.package_identification:_identify(src) by extensions ['colcon_meta']
[0.299s] Level 1:colcon.colcon_core.package_identification:_identify(src) by extension 'colcon_meta'
[0.299s] Level 1:colcon.colcon_core.package_identification:_identify(src) by extensions ['ros']
[0.299s] Level 1:colcon.colcon_core.package_identification:_identify(src) by extension 'ros'
[0.299s] Level 1:colcon.colcon_core.package_identification:_identify(src) by extensions ['cmake', 'python']
[0.299s] Level 1:colcon.colcon_core.package_identification:_identify(src) by extension 'cmake'
[0.299s] Level 1:colcon.colcon_core.package_identification:_identify(src) by extension 'python'
[0.299s] Level 1:colcon.colcon_core.package_identification:_identify(src) by extensions ['python_setup_py']
[0.299s] Level 1:colcon.colcon_core.package_identification:_identify(src) by extension 'python_setup_py'
[0.299s] Level 1:colcon.colcon_core.package_identification:_identify(src/my_first_package_msgs) by extensions ['ignore', 'ignore_ament_install']
[0.299s] Level 1:colcon.colcon_core.package_identification:_identify(src/my_first_package_msgs) by extension 'ignore'
[0.299s] Level 1:colcon.colcon_core.package_identification:_identify(src/my_first_package_msgs) by extension 'ignore_ament_install'
[0.299s] Level 1:colcon.colcon_core.package_identification:_identify(src/my_first_package_msgs) by extensions ['colcon_pkg']
[0.299s] Level 1:colcon.colcon_core.package_identification:_identify(src/my_first_package_msgs) by extension 'colcon_pkg'
[0.299s] Level 1:colcon.colcon_core.package_identification:_identify(src/my_first_package_msgs) by extensions ['colcon_meta']
[0.299s] Level 1:colcon.colcon_core.package_identification:_identify(src/my_first_package_msgs) by extension 'colcon_meta'
[0.299s] Level 1:colcon.colcon_core.package_identification:_identify(src/my_first_package_msgs) by extensions ['ros']
[0.299s] Level 1:colcon.colcon_core.package_identification:_identify(src/my_first_package_msgs) by extension 'ros'
[0.302s] DEBUG:colcon.colcon_core.package_identification:Package 'src/my_first_package_msgs' with type 'ros.ament_cmake' and name 'my_first_package_msgs'
[0.302s] Level 1:colcon.colcon_core.package_identification:_identify(src/my_first_ros_rclpy_pkg) by extensions ['ignore', 'ignore_ament_install']
[0.302s] Level 1:colcon.colcon_core.package_identification:_identify(src/my_first_ros_rclpy_pkg) by extension 'ignore'
[0.302s] Level 1:colcon.colcon_core.package_identification:_identify(src/my_first_ros_rclpy_pkg) by extension 'ignore_ament_install'
[0.302s] Level 1:colcon.colcon_core.package_identification:_identify(src/my_first_ros_rclpy_pkg) by extensions ['colcon_pkg']
[0.302s] Level 1:colcon.colcon_core.package_identification:_identify(src/my_first_ros_rclpy_pkg) by extension 'colcon_pkg'
[0.302s] Level 1:colcon.colcon_core.package_identification:_identify(src/my_first_ros_rclpy_pkg) by extensions ['colcon_meta']
[0.302s] Level 1:colcon.colcon_core.package_identification:_identify(src/my_first_ros_rclpy_pkg) by extension 'colcon_meta'
[0.303s] Level 1:colcon.colcon_core.package_identification:_identify(src/my_first_ros_rclpy_pkg) by extensions ['ros']
[0.303s] Level 1:colcon.colcon_core.package_identification:_identify(src/my_first_ros_rclpy_pkg) by extension 'ros'
[0.303s] DEBUG:colcon.colcon_core.package_identification:Package 'src/my_first_ros_rclpy_pkg' with type 'ros.ament_python' and name 'my_first_ros_rclpy_pkg'
[0.303s] Level 1:colcon.colcon_core.package_identification:_identify(src/ros_time_pkg) by extensions ['ignore', 'ignore_ament_install']
[0.303s] Level 1:colcon.colcon_core.package_identification:_identify(src/ros_time_pkg) by extension 'ignore'
[0.303s] Level 1:colcon.colcon_core.package_identification:_identify(src/ros_time_pkg) by extension 'ignore_ament_install'
[0.303s] Level 1:colcon.colcon_core.package_identification:_identify(src/ros_time_pkg) by extensions ['colcon_pkg']
[0.303s] Level 1:colcon.colcon_core.package_identification:_identify(src/ros_time_pkg) by extension 'colcon_pkg'
[0.303s] Level 1:colcon.colcon_core.package_identification:_identify(src/ros_time_pkg) by extensions ['colcon_meta']
[0.303s] Level 1:colcon.colcon_core.package_identification:_identify(src/ros_time_pkg) by extension 'colcon_meta'
[0.304s] Level 1:colcon.colcon_core.package_identification:_identify(src/ros_time_pkg) by extensions ['ros']
[0.304s] Level 1:colcon.colcon_core.package_identification:_identify(src/ros_time_pkg) by extension 'ros'
[0.304s] DEBUG:colcon.colcon_core.package_identification:Package 'src/ros_time_pkg' with type 'ros.ament_python' and name 'ros_time_pkg'
[0.304s] Level 1:colcon.colcon_core.package_identification:_identify(src/turtle_pkg) by extensions ['ignore', 'ignore_ament_install']
[0.304s] Level 1:colcon.colcon_core.package_identification:_identify(src/turtle_pkg) by extension 'ignore'
[0.304s] Level 1:colcon.colcon_core.package_identification:_identify(src/turtle_pkg) by extension 'ignore_ament_install'
[0.304s] Level 1:colcon.colcon_core.package_identification:_identify(src/turtle_pkg) by extensions ['colcon_pkg']
[0.304s] Level 1:colcon.colcon_core.package_identification:_identify(src/turtle_pkg) by extension 'colcon_pkg'
[0.304s] Level 1:colcon.colcon_core.package_identification:_identify(src/turtle_pkg) by extensions ['colcon_meta']
[0.304s] Level 1:colcon.colcon_core.package_identification:_identify(src/turtle_pkg) by extension 'colcon_meta'
[0.305s] Level 1:colcon.colcon_core.package_identification:_identify(src/turtle_pkg) by extensions ['ros']
[0.305s] Level 1:colcon.colcon_core.package_identification:_identify(src/turtle_pkg) by extension 'ros'
[0.305s] DEBUG:colcon.colcon_core.package_identification:Package 'src/turtle_pkg' with type 'ros.ament_python' and name 'turtle_pkg'
[0.305s] Level 1:colcon.colcon_core.package_discovery:discover_packages(recursive) using defaults
[0.305s] Level 1:colcon.colcon_core.package_discovery:discover_packages(ignore) discover
[0.305s] Level 1:colcon.colcon_core.package_discovery:discover_packages(ignore) using defaults
[0.305s] Level 1:colcon.colcon_core.package_discovery:discover_packages(path) discover
[0.305s] Level 1:colcon.colcon_core.package_discovery:discover_packages(path) using defaults
[0.323s] Level 1:colcon.colcon_core.package_discovery:discover_packages(prefix_path) check parameters
[0.323s] Level 1:colcon.colcon_core.package_discovery:discover_packages(prefix_path) discover
[0.325s] DEBUG:colcon.colcon_installed_package_information.package_discovery:Found 15 installed packages in /home/noh0906/turtlebot3_ws/install
[0.325s] DEBUG:colcon.colcon_installed_package_information.package_discovery:Found 5 installed packages in /home/noh0906/robot_ws/install
[0.327s] DEBUG:colcon.colcon_installed_package_information.package_discovery:Found 420 installed packages in /opt/ros/humble
[0.329s] Level 1:colcon.colcon_core.package_discovery:discover_packages(prefix_path) using defaults
[0.370s] Level 5:colcon.colcon_core.verb:set package 'my_first_package_msgs' build argument 'cmake_args' from command line to 'None'
[0.370s] Level 5:colcon.colcon_core.verb:set package 'my_first_package_msgs' build argument 'cmake_target' from command line to 'None'
[0.370s] Level 5:colcon.colcon_core.verb:set package 'my_first_package_msgs' build argument 'cmake_target_skip_unavailable' from command line to 'False'
[0.370s] Level 5:colcon.colcon_core.verb:set package 'my_first_package_msgs' build argument 'cmake_clean_cache' from command line to 'False'
[0.370s] Level 5:colcon.colcon_core.verb:set package 'my_first_package_msgs' build argument 'cmake_clean_first' from command line to 'False'
[0.370s] Level 5:colcon.colcon_core.verb:set package 'my_first_package_msgs' build argument 'cmake_force_configure' from command line to 'False'
[0.370s] Level 5:colcon.colcon_core.verb:set package 'my_first_package_msgs' build argument 'ament_cmake_args' from command line to 'None'
[0.370s] Level 5:colcon.colcon_core.verb:set package 'my_first_package_msgs' build argument 'catkin_cmake_args' from command line to 'None'
[0.370s] Level 5:colcon.colcon_core.verb:set package 'my_first_package_msgs' build argument 'catkin_skip_building_tests' from command line to 'False'
[0.370s] DEBUG:colcon.colcon_core.verb:Building package 'my_first_package_msgs' with the following arguments: {'ament_cmake_args': None, 'build_base': '/home/noh0906/robot_ws/build/my_first_package_msgs', 'catkin_cmake_args': None, 'catkin_skip_building_tests': False, 'cmake_args': None, 'cmake_clean_cache': False, 'cmake_clean_first': False, 'cmake_force_configure': False, 'cmake_target': None, 'cmake_target_skip_unavailable': False, 'install_base': '/home/noh0906/robot_ws/install/my_first_package_msgs', 'merge_install': False, 'path': '/home/noh0906/robot_ws/src/my_first_package_msgs', 'symlink_install': True, 'test_result_base': None}
[0.371s] Level 5:colcon.colcon_core.verb:set package 'my_first_ros_rclpy_pkg' build argument 'cmake_args' from command line to 'None'
[0.371s] Level 5:colcon.colcon_core.verb:set package 'my_first_ros_rclpy_pkg' build argument 'cmake_target' from command line to 'None'
[0.371s] Level 5:colcon.colcon_core.verb:set package 'my_first_ros_rclpy_pkg' build argument 'cmake_target_skip_unavailable' from command line to 'False'
[0.371s] Level 5:colcon.colcon_core.verb:set package 'my_first_ros_rclpy_pkg' build argument 'cmake_clean_cache' from command line to 'False'
[0.371s] Level 5:colcon.colcon_core.verb:set package 'my_first_ros_rclpy_pkg' build argument 'cmake_clean_first' from command line to 'False'
[0.371s] Level 5:colcon.colcon_core.verb:set package 'my_first_ros_rclpy_pkg' build argument 'cmake_force_configure' from command line to 'False'
[0.371s] Level 5:colcon.colcon_core.verb:set package 'my_first_ros_rclpy_pkg' build argument 'ament_cmake_args' from command line to 'None'
[0.371s] Level 5:colcon.colcon_core.verb:set package 'my_first_ros_rclpy_pkg' build argument 'catkin_cmake_args' from command line to 'None'
[0.371s] Level 5:colcon.colcon_core.verb:set package 'my_first_ros_rclpy_pkg' build argument 'catkin_skip_building_tests' from command line to 'False'
[0.371s] DEBUG:colcon.colcon_core.verb:Building package 'my_first_ros_rclpy_pkg' with the following arguments: {'ament_cmake_args': None, 'build_base': '/home/noh0906/robot_ws/build/my_first_ros_rclpy_pkg', 'catkin_cmake_args': None, 'catkin_skip_building_tests': False, 'cmake_args': None, 'cmake_clean_cache': False, 'cmake_clean_first': False, 'cmake_force_configure': False, 'cmake_target': None, 'cmake_target_skip_unavailable': False, 'install_base': '/home/noh0906/robot_ws/install/my_first_ros_rclpy_pkg', 'merge_install': False, 'path': '/home/noh0906/robot_ws/src/my_first_ros_rclpy_pkg', 'symlink_install': True, 'test_result_base': None}
[0.371s] Level 5:colcon.colcon_core.verb:set package 'ros_time_pkg' build argument 'cmake_args' from command line to 'None'
[0.371s] Level 5:colcon.colcon_core.verb:set package 'ros_time_pkg' build argument 'cmake_target' from command line to 'None'
[0.371s] Level 5:colcon.colcon_core.verb:set package 'ros_time_pkg' build argument 'cmake_target_skip_unavailable' from command line to 'False'
[0.371s] Level 5:colcon.colcon_core.verb:set package 'ros_time_pkg' build argument 'cmake_clean_cache' from command line to 'False'
[0.371s] Level 5:colcon.colcon_core.verb:set package 'ros_time_pkg' build argument 'cmake_clean_first' from command line to 'False'
[0.371s] Level 5:colcon.colcon_core.verb:set package 'ros_time_pkg' build argument 'cmake_force_configure' from command line to 'False'
[0.371s] Level 5:colcon.colcon_core.verb:set package 'ros_time_pkg' build argument 'ament_cmake_args' from command line to 'None'
[0.371s] Level 5:colcon.colcon_core.verb:set package 'ros_time_pkg' build argument 'catkin_cmake_args' from command line to 'None'
[0.371s] Level 5:colcon.colcon_core.verb:set package 'ros_time_pkg' build argument 'catkin_skip_building_tests' from command line to 'False'
[0.371s] DEBUG:colcon.colcon_core.verb:Building package 'ros_time_pkg' with the following arguments: {'ament_cmake_args': None, 'build_base': '/home/noh0906/robot_ws/build/ros_time_pkg', 'catkin_cmake_args': None, 'catkin_skip_building_tests': False, 'cmake_args': None, 'cmake_clean_cache': False, 'cmake_clean_first': False, 'cmake_force_configure': False, 'cmake_target': None, 'cmake_target_skip_unavailable': False, 'install_base': '/home/noh0906/robot_ws/install/ros_time_pkg', 'merge_install': False, 'path': '/home/noh0906/robot_ws/src/ros_time_pkg', 'symlink_install': True, 'test_result_base': None}
[0.372s] Level 5:colcon.colcon_core.verb:set package 'turtle_pkg' build argument 'cmake_args' from command line to 'None'
[0.372s] Level 5:colcon.colcon_core.verb:set package 'turtle_pkg' build argument 'cmake_target' from command line to 'None'
[0.372s] Level 5:colcon.colcon_core.verb:set package 'turtle_pkg' build argument 'cmake_target_skip_unavailable' from command line to 'False'
[0.372s] Level 5:colcon.colcon_core.verb:set package 'turtle_pkg' build argument 'cmake_clean_cache' from command line to 'False'
[0.372s] Level 5:colcon.colcon_core.verb:set package 'turtle_pkg' build argument 'cmake_clean_first' from command line to 'False'
[0.372s] Level 5:colcon.colcon_core.verb:set package 'turtle_pkg' build argument 'cmake_force_configure' from command line to 'False'
[0.372s] Level 5:colcon.colcon_core.verb:set package 'turtle_pkg' build argument 'ament_cmake_args' from command line to 'None'
[0.372s] Level 5:colcon.colcon_core.verb:set package 'turtle_pkg' build argument 'catkin_cmake_args' from command line to 'None'
[0.372s] Level 5:colcon.colcon_core.verb:set package 'turtle_pkg' build argument 'catkin_skip_building_tests' from command line to 'False'
[0.372s] DEBUG:colcon.colcon_core.verb:Building package 'turtle_pkg' with the following arguments: {'ament_cmake_args': None, 'build_base': '/home/noh0906/robot_ws/build/turtle_pkg', 'catkin_cmake_args': None, 'catkin_skip_building_tests': False, 'cmake_args': None, 'cmake_clean_cache': False, 'cmake_clean_first': False, 'cmake_force_configure': False, 'cmake_target': None, 'cmake_target_skip_unavailable': False, 'install_base': '/home/noh0906/robot_ws/install/turtle_pkg', 'merge_install': False, 'path': '/home/noh0906/robot_ws/src/turtle_pkg', 'symlink_install': True, 'test_result_base': None}
[0.372s] INFO:colcon.colcon_core.executor:Executing jobs using 'parallel' executor
[0.373s] DEBUG:colcon.colcon_parallel_executor.executor.parallel:run_until_complete
[0.373s] INFO:colcon.colcon_ros.task.ament_cmake.build:Building ROS package in '/home/noh0906/robot_ws/src/my_first_package_msgs' with build type 'ament_cmake'
[0.374s] INFO:colcon.colcon_cmake.task.cmake.build:Building CMake package in '/home/noh0906/robot_ws/src/my_first_package_msgs'
[0.376s] INFO:colcon.colcon_core.plugin_system:Skipping extension 'colcon_core.shell.bat': Not used on non-Windows systems
[0.377s] INFO:colcon.colcon_core.shell:Skip shell extension 'powershell' for command environment: Not usable outside of PowerShell
[0.377s] DEBUG:colcon.colcon_core.shell:Skip shell extension 'dsv' for command environment
[0.382s] INFO:colcon.colcon_ros.task.ament_python.build:Building ROS package in '/home/noh0906/robot_ws/src/my_first_ros_rclpy_pkg' with build type 'ament_python'
[0.382s] Level 1:colcon.colcon_core.shell:create_environment_hook('my_first_ros_rclpy_pkg', 'ament_prefix_path')
[0.382s] INFO:colcon.colcon_core.shell:Creating environment hook '/home/noh0906/robot_ws/install/my_first_ros_rclpy_pkg/share/my_first_ros_rclpy_pkg/hook/ament_prefix_path.ps1'
[0.383s] INFO:colcon.colcon_core.shell:Creating environment descriptor '/home/noh0906/robot_ws/install/my_first_ros_rclpy_pkg/share/my_first_ros_rclpy_pkg/hook/ament_prefix_path.dsv'
[0.384s] INFO:colcon.colcon_core.shell:Creating environment hook '/home/noh0906/robot_ws/install/my_first_ros_rclpy_pkg/share/my_first_ros_rclpy_pkg/hook/ament_prefix_path.sh'
[0.384s] INFO:colcon.colcon_core.shell:Skip shell extension 'powershell' for command environment: Not usable outside of PowerShell
[0.384s] DEBUG:colcon.colcon_core.shell:Skip shell extension 'dsv' for command environment
[0.398s] DEBUG:colcon.colcon_core.event_handler.log_command:Invoking command in '/home/noh0906/robot_ws/build/my_first_package_msgs': CMAKE_PREFIX_PATH=${CMAKE_PREFIX_PATH}:/home/noh0906/turtlebot3_ws/install/turtlebot3_teleop:/home/noh0906/turtlebot3_ws/install/turtlebot3_example:/home/noh0906/turtlebot3_ws/install/turtlebot3_dqn:/home/noh0906/robot_ws/install/turtle_pkg:/home/noh0906/robot_ws/install/ros_time_pkg:/home/noh0906/robot_ws/install/my_move_turtle_pkg:/home/noh0906/robot_ws/install/my_first_ros_rclpy_pkg:/opt/ros/humble /usr/bin/cmake --build /home/noh0906/robot_ws/build/my_first_package_msgs -- -j2 -l2
[0.897s] INFO:colcon.colcon_core.task.python.build:Building Python package in '/home/noh0906/robot_ws/src/my_first_ros_rclpy_pkg'
[0.897s] INFO:colcon.colcon_core.shell:Skip shell extension 'powershell' for command environment: Not usable outside of PowerShell
[0.897s] DEBUG:colcon.colcon_core.shell:Skip shell extension 'dsv' for command environment
[1.056s] DEBUG:colcon.colcon_core.event_handler.log_command:Invoked command in '/home/noh0906/robot_ws/build/my_first_package_msgs' returned '0': CMAKE_PREFIX_PATH=${CMAKE_PREFIX_PATH}:/home/noh0906/turtlebot3_ws/install/turtlebot3_teleop:/home/noh0906/turtlebot3_ws/install/turtlebot3_example:/home/noh0906/turtlebot3_ws/install/turtlebot3_dqn:/home/noh0906/robot_ws/install/turtle_pkg:/home/noh0906/robot_ws/install/ros_time_pkg:/home/noh0906/robot_ws/install/my_move_turtle_pkg:/home/noh0906/robot_ws/install/my_first_ros_rclpy_pkg:/opt/ros/humble /usr/bin/cmake --build /home/noh0906/robot_ws/build/my_first_package_msgs -- -j2 -l2
[1.066s] DEBUG:colcon.colcon_core.event_handler.log_command:Invoking command in '/home/noh0906/robot_ws/build/my_first_package_msgs': CMAKE_PREFIX_PATH=${CMAKE_PREFIX_PATH}:/home/noh0906/turtlebot3_ws/install/turtlebot3_teleop:/home/noh0906/turtlebot3_ws/install/turtlebot3_example:/home/noh0906/turtlebot3_ws/install/turtlebot3_dqn:/home/noh0906/robot_ws/install/turtle_pkg:/home/noh0906/robot_ws/install/ros_time_pkg:/home/noh0906/robot_ws/install/my_move_turtle_pkg:/home/noh0906/robot_ws/install/my_first_ros_rclpy_pkg:/opt/ros/humble /usr/bin/cmake --install /home/noh0906/robot_ws/build/my_first_package_msgs
[1.157s] Level 1:colcon.colcon_core.environment:create_environment_scripts_only(my_first_package_msgs)
[1.159s] Level 1:colcon.colcon_core.environment:checking '/home/noh0906/robot_ws/install/my_first_package_msgs' for CMake module files
[1.165s] DEBUG:colcon.colcon_core.event_handler.log_command:Invoked command in '/home/noh0906/robot_ws/build/my_first_package_msgs' returned '0': CMAKE_PREFIX_PATH=${CMAKE_PREFIX_PATH}:/home/noh0906/turtlebot3_ws/install/turtlebot3_teleop:/home/noh0906/turtlebot3_ws/install/turtlebot3_example:/home/noh0906/turtlebot3_ws/install/turtlebot3_dqn:/home/noh0906/robot_ws/install/turtle_pkg:/home/noh0906/robot_ws/install/ros_time_pkg:/home/noh0906/robot_ws/install/my_move_turtle_pkg:/home/noh0906/robot_ws/install/my_first_ros_rclpy_pkg:/opt/ros/humble /usr/bin/cmake --install /home/noh0906/robot_ws/build/my_first_package_msgs
[1.166s] Level 1:colcon.colcon_core.environment:checking '/home/noh0906/robot_ws/install/my_first_package_msgs' for CMake config files
[1.166s] Level 1:colcon.colcon_core.shell:create_environment_hook('my_first_package_msgs', 'cmake_prefix_path')
[1.167s] INFO:colcon.colcon_core.shell:Creating environment hook '/home/noh0906/robot_ws/install/my_first_package_msgs/share/my_first_package_msgs/hook/cmake_prefix_path.ps1'
[1.167s] INFO:colcon.colcon_core.shell:Creating environment descriptor '/home/noh0906/robot_ws/install/my_first_package_msgs/share/my_first_package_msgs/hook/cmake_prefix_path.dsv'
[1.172s] INFO:colcon.colcon_core.shell:Creating environment hook '/home/noh0906/robot_ws/install/my_first_package_msgs/share/my_first_package_msgs/hook/cmake_prefix_path.sh'
[1.173s] Level 1:colcon.colcon_core.environment:checking '/home/noh0906/robot_ws/install/my_first_package_msgs/lib'
[1.173s] Level 1:colcon.colcon_core.shell:create_environment_hook('my_first_package_msgs', 'ld_library_path_lib')
[1.173s] INFO:colcon.colcon_core.shell:Creating environment hook '/home/noh0906/robot_ws/install/my_first_package_msgs/share/my_first_package_msgs/hook/ld_library_path_lib.ps1'
[1.178s] INFO:colcon.colcon_core.shell:Creating environment descriptor '/home/noh0906/robot_ws/install/my_first_package_msgs/share/my_first_package_msgs/hook/ld_library_path_lib.dsv'
[1.180s] INFO:colcon.colcon_core.shell:Creating environment hook '/home/noh0906/robot_ws/install/my_first_package_msgs/share/my_first_package_msgs/hook/ld_library_path_lib.sh'
[1.180s] Level 1:colcon.colcon_core.environment:checking '/home/noh0906/robot_ws/install/my_first_package_msgs/bin'
[1.180s] Level 1:colcon.colcon_core.environment:checking '/home/noh0906/robot_ws/install/my_first_package_msgs/lib/pkgconfig/my_first_package_msgs.pc'
[1.181s] Level 1:colcon.colcon_core.environment:checking '/home/noh0906/robot_ws/install/my_first_package_msgs/lib/python3.10/site-packages'
[1.181s] Level 1:colcon.colcon_core.environment:checking '/home/noh0906/robot_ws/install/my_first_package_msgs/bin'
[1.181s] INFO:colcon.colcon_core.shell:Creating package script '/home/noh0906/robot_ws/install/my_first_package_msgs/share/my_first_package_msgs/package.ps1'
[1.187s] INFO:colcon.colcon_core.shell:Creating package descriptor '/home/noh0906/robot_ws/install/my_first_package_msgs/share/my_first_package_msgs/package.dsv'
[1.188s] INFO:colcon.colcon_core.shell:Creating package script '/home/noh0906/robot_ws/install/my_first_package_msgs/share/my_first_package_msgs/package.sh'
[1.193s] INFO:colcon.colcon_core.shell:Creating package script '/home/noh0906/robot_ws/install/my_first_package_msgs/share/my_first_package_msgs/package.bash'
[1.194s] INFO:colcon.colcon_core.shell:Creating package script '/home/noh0906/robot_ws/install/my_first_package_msgs/share/my_first_package_msgs/package.zsh'
[1.194s] Level 1:colcon.colcon_core.environment:create_file_with_runtime_dependencies(/home/noh0906/robot_ws/install/my_first_package_msgs/share/colcon-core/packages/my_first_package_msgs)
[1.199s] Level 1:colcon.colcon_core.environment:create_environment_scripts_only(my_first_package_msgs)
[1.202s] Level 1:colcon.colcon_core.environment:checking '/home/noh0906/robot_ws/install/my_first_package_msgs' for CMake module files
[1.202s] Level 1:colcon.colcon_core.environment:checking '/home/noh0906/robot_ws/install/my_first_package_msgs' for CMake config files
[1.204s] Level 1:colcon.colcon_core.shell:create_environment_hook('my_first_package_msgs', 'cmake_prefix_path')
[1.205s] INFO:colcon.colcon_core.shell:Creating environment hook '/home/noh0906/robot_ws/install/my_first_package_msgs/share/my_first_package_msgs/hook/cmake_prefix_path.ps1'
[1.206s] INFO:colcon.colcon_core.shell:Creating environment descriptor '/home/noh0906/robot_ws/install/my_first_package_msgs/share/my_first_package_msgs/hook/cmake_prefix_path.dsv'
[1.209s] INFO:colcon.colcon_core.shell:Creating environment hook '/home/noh0906/robot_ws/install/my_first_package_msgs/share/my_first_package_msgs/hook/cmake_prefix_path.sh'
[1.212s] Level 1:colcon.colcon_core.environment:checking '/home/noh0906/robot_ws/install/my_first_package_msgs/lib'
[1.215s] Level 1:colcon.colcon_core.shell:create_environment_hook('my_first_package_msgs', 'ld_library_path_lib')
[1.215s] INFO:colcon.colcon_core.shell:Creating environment hook '/home/noh0906/robot_ws/install/my_first_package_msgs/share/my_first_package_msgs/hook/ld_library_path_lib.ps1'
[1.216s] INFO:colcon.colcon_core.shell:Creating environment descriptor '/home/noh0906/robot_ws/install/my_first_package_msgs/share/my_first_package_msgs/hook/ld_library_path_lib.dsv'
[1.222s] INFO:colcon.colcon_core.shell:Creating environment hook '/home/noh0906/robot_ws/install/my_first_package_msgs/share/my_first_package_msgs/hook/ld_library_path_lib.sh'
[1.223s] Level 1:colcon.colcon_core.environment:checking '/home/noh0906/robot_ws/install/my_first_package_msgs/bin'
[1.223s] Level 1:colcon.colcon_core.environment:checking '/home/noh0906/robot_ws/install/my_first_package_msgs/lib/pkgconfig/my_first_package_msgs.pc'
[1.223s] Level 1:colcon.colcon_core.environment:checking '/home/noh0906/robot_ws/install/my_first_package_msgs/lib/python3.10/site-packages'
[1.223s] Level 1:colcon.colcon_core.environment:checking '/home/noh0906/robot_ws/install/my_first_package_msgs/bin'
[1.223s] INFO:colcon.colcon_core.shell:Creating package script '/home/noh0906/robot_ws/install/my_first_package_msgs/share/my_first_package_msgs/package.ps1'
[1.225s] INFO:colcon.colcon_core.shell:Creating package descriptor '/home/noh0906/robot_ws/install/my_first_package_msgs/share/my_first_package_msgs/package.dsv'
[1.227s] INFO:colcon.colcon_core.shell:Creating package script '/home/noh0906/robot_ws/install/my_first_package_msgs/share/my_first_package_msgs/package.sh'
[1.228s] INFO:colcon.colcon_core.shell:Creating package script '/home/noh0906/robot_ws/install/my_first_package_msgs/share/my_first_package_msgs/package.bash'
[1.230s] INFO:colcon.colcon_core.shell:Creating package script '/home/noh0906/robot_ws/install/my_first_package_msgs/share/my_first_package_msgs/package.zsh'
[1.231s] Level 1:colcon.colcon_core.environment:create_file_with_runtime_dependencies(/home/noh0906/robot_ws/install/my_first_package_msgs/share/colcon-core/packages/my_first_package_msgs)
[1.232s] INFO:colcon.colcon_ros.task.ament_python.build:Building ROS package in '/home/noh0906/robot_ws/src/ros_time_pkg' with build type 'ament_python'
[1.232s] Level 1:colcon.colcon_core.shell:create_environment_hook('ros_time_pkg', 'ament_prefix_path')
[1.232s] INFO:colcon.colcon_core.shell:Creating environment hook '/home/noh0906/robot_ws/install/ros_time_pkg/share/ros_time_pkg/hook/ament_prefix_path.ps1'
[1.235s] INFO:colcon.colcon_core.shell:Creating environment descriptor '/home/noh0906/robot_ws/install/ros_time_pkg/share/ros_time_pkg/hook/ament_prefix_path.dsv'
[1.238s] INFO:colcon.colcon_core.shell:Creating environment hook '/home/noh0906/robot_ws/install/ros_time_pkg/share/ros_time_pkg/hook/ament_prefix_path.sh'
[1.239s] INFO:colcon.colcon_core.shell:Skip shell extension 'powershell' for command environment: Not usable outside of PowerShell
[1.239s] DEBUG:colcon.colcon_core.shell:Skip shell extension 'dsv' for command environment
[1.704s] INFO:colcon.colcon_core.task.python.build:Building Python package in '/home/noh0906/robot_ws/src/ros_time_pkg'
[1.705s] INFO:colcon.colcon_core.shell:Skip shell extension 'powershell' for command environment: Not usable outside of PowerShell
[1.705s] DEBUG:colcon.colcon_core.shell:Skip shell extension 'dsv' for command environment
[1.719s] DEBUG:colcon.colcon_core.event_handler.log_command:Invoking command in '/home/noh0906/robot_ws/build/my_first_ros_rclpy_pkg': PYTHONPATH=/home/noh0906/robot_ws/build/my_first_ros_rclpy_pkg/prefix_override:/usr/lib/python3/dist-packages/colcon_core/task/python/colcon_distutils_commands:/home/noh0906/robot_ws/install/my_first_ros_rclpy_pkg/lib/python3.10/site-packages:${PYTHONPATH} /usr/bin/python3 -W ignore:setup.py install is deprecated -W ignore:easy_install command is deprecated setup.py develop --editable --build-directory /home/noh0906/robot_ws/build/my_first_ros_rclpy_pkg/build --no-deps symlink_data
[2.454s] DEBUG:colcon.colcon_core.event_handler.log_command:Invoking command in '/home/noh0906/robot_ws/build/ros_time_pkg': PYTHONPATH=/home/noh0906/robot_ws/build/ros_time_pkg/prefix_override:/usr/lib/python3/dist-packages/colcon_core/task/python/colcon_distutils_commands:/home/noh0906/robot_ws/install/ros_time_pkg/lib/python3.10/site-packages:${PYTHONPATH} /usr/bin/python3 -W ignore:setup.py install is deprecated -W ignore:easy_install command is deprecated setup.py develop --editable --build-directory /home/noh0906/robot_ws/build/ros_time_pkg/build --no-deps symlink_data
[2.590s] Level 1:colcon.colcon_core.shell:create_environment_hook('my_first_ros_rclpy_pkg', 'pythonpath_develop')
[2.590s] INFO:colcon.colcon_core.shell:Creating environment hook '/home/noh0906/robot_ws/build/my_first_ros_rclpy_pkg/share/my_first_ros_rclpy_pkg/hook/pythonpath_develop.ps1'
[2.591s] DEBUG:colcon.colcon_core.event_handler.log_command:Invoked command in '/home/noh0906/robot_ws/build/my_first_ros_rclpy_pkg' returned '0': PYTHONPATH=/home/noh0906/robot_ws/build/my_first_ros_rclpy_pkg/prefix_override:/usr/lib/python3/dist-packages/colcon_core/task/python/colcon_distutils_commands:/home/noh0906/robot_ws/install/my_first_ros_rclpy_pkg/lib/python3.10/site-packages:${PYTHONPATH} /usr/bin/python3 -W ignore:setup.py install is deprecated -W ignore:easy_install command is deprecated setup.py develop --editable --build-directory /home/noh0906/robot_ws/build/my_first_ros_rclpy_pkg/build --no-deps symlink_data
[2.592s] INFO:colcon.colcon_core.shell:Creating environment descriptor '/home/noh0906/robot_ws/build/my_first_ros_rclpy_pkg/share/my_first_ros_rclpy_pkg/hook/pythonpath_develop.dsv'
[2.592s] INFO:colcon.colcon_core.shell:Creating environment hook '/home/noh0906/robot_ws/build/my_first_ros_rclpy_pkg/share/my_first_ros_rclpy_pkg/hook/pythonpath_develop.sh'
[2.593s] Level 1:colcon.colcon_core.environment:checking '/home/noh0906/robot_ws/install/my_first_ros_rclpy_pkg' for CMake module files
[2.593s] Level 1:colcon.colcon_core.environment:checking '/home/noh0906/robot_ws/install/my_first_ros_rclpy_pkg' for CMake config files
[2.596s] Level 1:colcon.colcon_core.environment:checking '/home/noh0906/robot_ws/install/my_first_ros_rclpy_pkg/lib'
[2.596s] Level 1:colcon.colcon_core.environment:checking '/home/noh0906/robot_ws/install/my_first_ros_rclpy_pkg/bin'
[2.596s] Level 1:colcon.colcon_core.environment:checking '/home/noh0906/robot_ws/install/my_first_ros_rclpy_pkg/lib/pkgconfig/my_first_ros_rclpy_pkg.pc'
[2.596s] Level 1:colcon.colcon_core.environment:checking '/home/noh0906/robot_ws/install/my_first_ros_rclpy_pkg/lib/python3.10/site-packages'
[2.597s] Level 1:colcon.colcon_core.shell:create_environment_hook('my_first_ros_rclpy_pkg', 'pythonpath')
[2.597s] INFO:colcon.colcon_core.shell:Creating environment hook '/home/noh0906/robot_ws/install/my_first_ros_rclpy_pkg/share/my_first_ros_rclpy_pkg/hook/pythonpath.ps1'
[2.598s] INFO:colcon.colcon_core.shell:Creating environment descriptor '/home/noh0906/robot_ws/install/my_first_ros_rclpy_pkg/share/my_first_ros_rclpy_pkg/hook/pythonpath.dsv'
[2.598s] INFO:colcon.colcon_core.shell:Creating environment hook '/home/noh0906/robot_ws/install/my_first_ros_rclpy_pkg/share/my_first_ros_rclpy_pkg/hook/pythonpath.sh'
[2.600s] Level 1:colcon.colcon_core.environment:checking '/home/noh0906/robot_ws/install/my_first_ros_rclpy_pkg/bin'
[2.601s] Level 1:colcon.colcon_core.environment:create_environment_scripts_only(my_first_ros_rclpy_pkg)
[2.601s] INFO:colcon.colcon_core.shell:Creating package script '/home/noh0906/robot_ws/install/my_first_ros_rclpy_pkg/share/my_first_ros_rclpy_pkg/package.ps1'
[2.603s] INFO:colcon.colcon_core.shell:Creating package descriptor '/home/noh0906/robot_ws/install/my_first_ros_rclpy_pkg/share/my_first_ros_rclpy_pkg/package.dsv'
[2.604s] INFO:colcon.colcon_core.shell:Creating package script '/home/noh0906/robot_ws/install/my_first_ros_rclpy_pkg/share/my_first_ros_rclpy_pkg/package.sh'
[2.605s] INFO:colcon.colcon_core.shell:Creating package script '/home/noh0906/robot_ws/install/my_first_ros_rclpy_pkg/share/my_first_ros_rclpy_pkg/package.bash'
[2.606s] INFO:colcon.colcon_core.shell:Creating package script '/home/noh0906/robot_ws/install/my_first_ros_rclpy_pkg/share/my_first_ros_rclpy_pkg/package.zsh'
[2.606s] Level 1:colcon.colcon_core.environment:create_file_with_runtime_dependencies(/home/noh0906/robot_ws/install/my_first_ros_rclpy_pkg/share/colcon-core/packages/my_first_ros_rclpy_pkg)
[2.607s] INFO:colcon.colcon_ros.task.ament_python.build:Building ROS package in '/home/noh0906/robot_ws/src/turtle_pkg' with build type 'ament_python'
[2.607s] Level 1:colcon.colcon_core.shell:create_environment_hook('turtle_pkg', 'ament_prefix_path')
[2.607s] INFO:colcon.colcon_core.shell:Creating environment hook '/home/noh0906/robot_ws/install/turtle_pkg/share/turtle_pkg/hook/ament_prefix_path.ps1'
[2.609s] INFO:colcon.colcon_core.shell:Creating environment descriptor '/home/noh0906/robot_ws/install/turtle_pkg/share/turtle_pkg/hook/ament_prefix_path.dsv'
[2.610s] INFO:colcon.colcon_core.shell:Creating environment hook '/home/noh0906/robot_ws/install/turtle_pkg/share/turtle_pkg/hook/ament_prefix_path.sh'
[2.610s] INFO:colcon.colcon_core.shell:Skip shell extension 'powershell' for command environment: Not usable outside of PowerShell
[2.610s] DEBUG:colcon.colcon_core.shell:Skip shell extension 'dsv' for command environment
[2.933s] INFO:colcon.colcon_core.task.python.build:Building Python package in '/home/noh0906/robot_ws/src/turtle_pkg'
[2.933s] INFO:colcon.colcon_core.shell:Skip shell extension 'powershell' for command environment: Not usable outside of PowerShell
[2.934s] DEBUG:colcon.colcon_core.shell:Skip shell extension 'dsv' for command environment
[3.034s] Level 1:colcon.colcon_core.shell:create_environment_hook('ros_time_pkg', 'pythonpath_develop')
[3.036s] INFO:colcon.colcon_core.shell:Creating environment hook '/home/noh0906/robot_ws/build/ros_time_pkg/share/ros_time_pkg/hook/pythonpath_develop.ps1'
[3.037s] INFO:colcon.colcon_core.shell:Creating environment descriptor '/home/noh0906/robot_ws/build/ros_time_pkg/share/ros_time_pkg/hook/pythonpath_develop.dsv'
[3.037s] DEBUG:colcon.colcon_core.event_handler.log_command:Invoked command in '/home/noh0906/robot_ws/build/ros_time_pkg' returned '0': PYTHONPATH=/home/noh0906/robot_ws/build/ros_time_pkg/prefix_override:/usr/lib/python3/dist-packages/colcon_core/task/python/colcon_distutils_commands:/home/noh0906/robot_ws/install/ros_time_pkg/lib/python3.10/site-packages:${PYTHONPATH} /usr/bin/python3 -W ignore:setup.py install is deprecated -W ignore:easy_install command is deprecated setup.py develop --editable --build-directory /home/noh0906/robot_ws/build/ros_time_pkg/build --no-deps symlink_data
[3.038s] INFO:colcon.colcon_core.shell:Creating environment hook '/home/noh0906/robot_ws/build/ros_time_pkg/share/ros_time_pkg/hook/pythonpath_develop.sh'
[3.040s] Level 1:colcon.colcon_core.environment:checking '/home/noh0906/robot_ws/install/ros_time_pkg' for CMake module files
[3.040s] Level 1:colcon.colcon_core.environment:checking '/home/noh0906/robot_ws/install/ros_time_pkg' for CMake config files
[3.040s] Level 1:colcon.colcon_core.environment:checking '/home/noh0906/robot_ws/install/ros_time_pkg/lib'
[3.041s] Level 1:colcon.colcon_core.environment:checking '/home/noh0906/robot_ws/install/ros_time_pkg/bin'
[3.041s] Level 1:colcon.colcon_core.environment:checking '/home/noh0906/robot_ws/install/ros_time_pkg/lib/pkgconfig/ros_time_pkg.pc'
[3.041s] Level 1:colcon.colcon_core.environment:checking '/home/noh0906/robot_ws/install/ros_time_pkg/lib/python3.10/site-packages'
[3.041s] Level 1:colcon.colcon_core.shell:create_environment_hook('ros_time_pkg', 'pythonpath')
[3.041s] INFO:colcon.colcon_core.shell:Creating environment hook '/home/noh0906/robot_ws/install/ros_time_pkg/share/ros_time_pkg/hook/pythonpath.ps1'
[3.042s] INFO:colcon.colcon_core.shell:Creating environment descriptor '/home/noh0906/robot_ws/install/ros_time_pkg/share/ros_time_pkg/hook/pythonpath.dsv'
[3.043s] INFO:colcon.colcon_core.shell:Creating environment hook '/home/noh0906/robot_ws/install/ros_time_pkg/share/ros_time_pkg/hook/pythonpath.sh'
[3.044s] Level 1:colcon.colcon_core.environment:checking '/home/noh0906/robot_ws/install/ros_time_pkg/bin'
[3.044s] Level 1:colcon.colcon_core.environment:create_environment_scripts_only(ros_time_pkg)
[3.044s] INFO:colcon.colcon_core.shell:Creating package script '/home/noh0906/robot_ws/install/ros_time_pkg/share/ros_time_pkg/package.ps1'
[3.045s] INFO:colcon.colcon_core.shell:Creating package descriptor '/home/noh0906/robot_ws/install/ros_time_pkg/share/ros_time_pkg/package.dsv'
[3.046s] INFO:colcon.colcon_core.shell:Creating package script '/home/noh0906/robot_ws/install/ros_time_pkg/share/ros_time_pkg/package.sh'
[3.047s] INFO:colcon.colcon_core.shell:Creating package script '/home/noh0906/robot_ws/install/ros_time_pkg/share/ros_time_pkg/package.bash'
[3.048s] INFO:colcon.colcon_core.shell:Creating package script '/home/noh0906/robot_ws/install/ros_time_pkg/share/ros_time_pkg/package.zsh'
[3.048s] Level 1:colcon.colcon_core.environment:create_file_with_runtime_dependencies(/home/noh0906/robot_ws/install/ros_time_pkg/share/colcon-core/packages/ros_time_pkg)
[3.328s] DEBUG:colcon.colcon_core.event_handler.log_command:Invoking command in '/home/noh0906/robot_ws/build/turtle_pkg': PYTHONPATH=/home/noh0906/robot_ws/build/turtle_pkg/prefix_override:/usr/lib/python3/dist-packages/colcon_core/task/python/colcon_distutils_commands:/home/noh0906/robot_ws/install/turtle_pkg/lib/python3.10/site-packages:${PYTHONPATH} /usr/bin/python3 -W ignore:setup.py install is deprecated -W ignore:easy_install command is deprecated setup.py develop --editable --build-directory /home/noh0906/robot_ws/build/turtle_pkg/build --no-deps symlink_data
[3.796s] Level 1:colcon.colcon_core.shell:create_environment_hook('turtle_pkg', 'pythonpath_develop')
[3.797s] INFO:colcon.colcon_core.shell:Creating environment hook '/home/noh0906/robot_ws/build/turtle_pkg/share/turtle_pkg/hook/pythonpath_develop.ps1'
[3.797s] DEBUG:colcon.colcon_core.event_handler.log_command:Invoked command in '/home/noh0906/robot_ws/build/turtle_pkg' returned '0': PYTHONPATH=/home/noh0906/robot_ws/build/turtle_pkg/prefix_override:/usr/lib/python3/dist-packages/colcon_core/task/python/colcon_distutils_commands:/home/noh0906/robot_ws/install/turtle_pkg/lib/python3.10/site-packages:${PYTHONPATH} /usr/bin/python3 -W ignore:setup.py install is deprecated -W ignore:easy_install command is deprecated setup.py develop --editable --build-directory /home/noh0906/robot_ws/build/turtle_pkg/build --no-deps symlink_data
[3.798s] INFO:colcon.colcon_core.shell:Creating environment descriptor '/home/noh0906/robot_ws/build/turtle_pkg/share/turtle_pkg/hook/pythonpath_develop.dsv'
[3.798s] INFO:colcon.colcon_core.shell:Creating environment hook '/home/noh0906/robot_ws/build/turtle_pkg/share/turtle_pkg/hook/pythonpath_develop.sh'
[3.799s] Level 1:colcon.colcon_core.environment:checking '/home/noh0906/robot_ws/install/turtle_pkg' for CMake module files
[3.799s] Level 1:colcon.colcon_core.environment:checking '/home/noh0906/robot_ws/install/turtle_pkg' for CMake config files
[3.800s] Level 1:colcon.colcon_core.environment:checking '/home/noh0906/robot_ws/install/turtle_pkg/lib'
[3.800s] Level 1:colcon.colcon_core.environment:checking '/home/noh0906/robot_ws/install/turtle_pkg/bin'
[3.800s] Level 1:colcon.colcon_core.environment:checking '/home/noh0906/robot_ws/install/turtle_pkg/lib/pkgconfig/turtle_pkg.pc'
[3.800s] Level 1:colcon.colcon_core.environment:checking '/home/noh0906/robot_ws/install/turtle_pkg/lib/python3.10/site-packages'
[3.800s] Level 1:colcon.colcon_core.shell:create_environment_hook('turtle_pkg', 'pythonpath')
[3.801s] INFO:colcon.colcon_core.shell:Creating environment hook '/home/noh0906/robot_ws/install/turtle_pkg/share/turtle_pkg/hook/pythonpath.ps1'
[3.801s] INFO:colcon.colcon_core.shell:Creating environment descriptor '/home/noh0906/robot_ws/install/turtle_pkg/share/turtle_pkg/hook/pythonpath.dsv'
[3.802s] INFO:colcon.colcon_core.shell:Creating environment hook '/home/noh0906/robot_ws/install/turtle_pkg/share/turtle_pkg/hook/pythonpath.sh'
[3.802s] Level 1:colcon.colcon_core.environment:checking '/home/noh0906/robot_ws/install/turtle_pkg/bin'
[3.802s] Level 1:colcon.colcon_core.environment:create_environment_scripts_only(turtle_pkg)
[3.803s] INFO:colcon.colcon_core.shell:Creating package script '/home/noh0906/robot_ws/install/turtle_pkg/share/turtle_pkg/package.ps1'
[3.803s] INFO:colcon.colcon_core.shell:Creating package descriptor '/home/noh0906/robot_ws/install/turtle_pkg/share/turtle_pkg/package.dsv'
[3.804s] INFO:colcon.colcon_core.shell:Creating package script '/home/noh0906/robot_ws/install/turtle_pkg/share/turtle_pkg/package.sh'
[3.804s] INFO:colcon.colcon_core.shell:Creating package script '/home/noh0906/robot_ws/install/turtle_pkg/share/turtle_pkg/package.bash'
[3.805s] INFO:colcon.colcon_core.shell:Creating package script '/home/noh0906/robot_ws/install/turtle_pkg/share/turtle_pkg/package.zsh'
[3.805s] Level 1:colcon.colcon_core.environment:create_file_with_runtime_dependencies(/home/noh0906/robot_ws/install/turtle_pkg/share/colcon-core/packages/turtle_pkg)
[3.805s] DEBUG:colcon.colcon_parallel_executor.executor.parallel:closing loop
[3.806s] DEBUG:colcon.colcon_parallel_executor.executor.parallel:loop closed
[3.806s] DEBUG:colcon.colcon_parallel_executor.executor.parallel:run_until_complete finished with '0'
[3.806s] DEBUG:colcon.colcon_core.event_reactor:joining thread
[3.811s] INFO:colcon.colcon_core.plugin_system:Skipping extension 'colcon_notification.desktop_notification.terminal_notifier': Not used on non-Darwin systems
[3.811s] INFO:colcon.colcon_core.plugin_system:Skipping extension 'colcon_notification.desktop_notification.win32': Not used on non-Windows systems
[3.811s] INFO:colcon.colcon_notification.desktop_notification:Sending desktop notification using 'notify2'
[3.824s] DEBUG:colcon.colcon_core.event_reactor:joined thread
[3.824s] INFO:colcon.colcon_core.shell:Creating prefix script '/home/noh0906/robot_ws/install/local_setup.ps1'
[3.826s] INFO:colcon.colcon_core.shell:Creating prefix util module '/home/noh0906/robot_ws/install/_local_setup_util_ps1.py'
[3.829s] INFO:colcon.colcon_core.shell:Creating prefix chain script '/home/noh0906/robot_ws/install/setup.ps1'
[3.831s] INFO:colcon.colcon_core.shell:Creating prefix script '/home/noh0906/robot_ws/install/local_setup.sh'
[3.832s] INFO:colcon.colcon_core.shell:Creating prefix util module '/home/noh0906/robot_ws/install/_local_setup_util_sh.py'
[3.833s] INFO:colcon.colcon_core.shell:Creating prefix chain script '/home/noh0906/robot_ws/install/setup.sh'
[3.834s] INFO:colcon.colcon_core.shell:Creating prefix script '/home/noh0906/robot_ws/install/local_setup.bash'
[3.835s] INFO:colcon.colcon_core.shell:Creating prefix chain script '/home/noh0906/robot_ws/install/setup.bash'
[3.836s] INFO:colcon.colcon_core.shell:Creating prefix script '/home/noh0906/robot_ws/install/local_setup.zsh'
[3.837s] INFO:colcon.colcon_core.shell:Creating prefix chain script '/home/noh0906/robot_ws/install/setup.zsh'
