[1.786s] Invoking command in '/home/noh0906/robot_ws/build/turtle_pkg': PYTHONPATH=/home/noh0906/robot_ws/build/turtle_pkg/prefix_override:/usr/lib/python3/dist-packages/colcon_core/task/python/colcon_distutils_commands:/home/noh0906/robot_ws/install/turtle_pkg/lib/python3.10/site-packages:${PYTHONPATH} /usr/bin/python3 -W ignore:setup.py install is deprecated -W ignore:easy_install command is deprecated setup.py develop --editable --build-directory /home/noh0906/robot_ws/build/turtle_pkg/build --no-deps symlink_data
[2.103s] running develop
[2.282s] running egg_info
[2.283s] writing turtle_pkg.egg-info/PKG-INFO
[2.283s] writing dependency_links to turtle_pkg.egg-info/dependency_links.txt
[2.283s] writing entry points to turtle_pkg.egg-info/entry_points.txt
[2.283s] writing requirements to turtle_pkg.egg-info/requires.txt
[2.284s] writing top-level names to turtle_pkg.egg-info/top_level.txt
[2.286s] reading manifest file 'turtle_pkg.egg-info/SOURCES.txt'
[2.287s] writing manifest file 'turtle_pkg.egg-info/SOURCES.txt'
[2.288s] running build_ext
[2.289s] Creating /home/noh0906/robot_ws/install/turtle_pkg/lib/python3.10/site-packages/turtle-pkg.egg-link (link to .)
[2.289s] Installing dist_turtle_action_server script to /home/noh0906/robot_ws/install/turtle_pkg/lib/turtle_pkg
[2.291s] Installing my_multi_thread script to /home/noh0906/robot_ws/install/turtle_pkg/lib/turtle_pkg
[2.291s] Installing my_service_server script to /home/noh0906/robot_ws/install/turtle_pkg/lib/turtle_pkg
[2.291s] Installing my_subscriber script to /home/noh0906/robot_ws/install/turtle_pkg/lib/turtle_pkg
[2.291s] Installing turtle_cmd_and_pose script to /home/noh0906/robot_ws/install/turtle_pkg/lib/turtle_pkg
[2.291s] Installing turtle_pub script to /home/noh0906/robot_ws/install/turtle_pkg/lib/turtle_pkg
[2.291s] 
[2.291s] Installed /home/noh0906/robot_ws/build/turtle_pkg
[2.291s] running symlink_data
[2.329s] Invoked command in '/home/noh0906/robot_ws/build/turtle_pkg' returned '0': PYTHONPATH=/home/noh0906/robot_ws/build/turtle_pkg/prefix_override:/usr/lib/python3/dist-packages/colcon_core/task/python/colcon_distutils_commands:/home/noh0906/robot_ws/install/turtle_pkg/lib/python3.10/site-packages:${PYTHONPATH} /usr/bin/python3 -W ignore:setup.py install is deprecated -W ignore:easy_install command is deprecated setup.py develop --editable --build-directory /home/noh0906/robot_ws/build/turtle_pkg/build --no-deps symlink_data
