[0.610s] Invoking command in '/home/noh0906/robot_ws/build/turtle_pkg': PYTHONPATH=/home/noh0906/robot_ws/build/turtle_pkg/prefix_override:/usr/lib/python3/dist-packages/colcon_core/task/python/colcon_distutils_commands:/home/noh0906/robot_ws/install/turtle_pkg/lib/python3.10/site-packages:${PYTHONPATH} /usr/bin/python3 -W ignore:setup.py install is deprecated -W ignore:easy_install command is deprecated setup.py develop --editable --build-directory /home/noh0906/robot_ws/build/turtle_pkg/build --no-deps symlink_data
[0.869s] running develop
[1.033s] running egg_info
[1.033s] creating turtle_pkg.egg-info
[1.033s] writing turtle_pkg.egg-info/PKG-INFO
[1.033s] writing dependency_links to turtle_pkg.egg-info/dependency_links.txt
[1.034s] writing entry points to turtle_pkg.egg-info/entry_points.txt
[1.034s] writing requirements to turtle_pkg.egg-info/requires.txt
[1.034s] writing top-level names to turtle_pkg.egg-info/top_level.txt
[1.035s] writing manifest file 'turtle_pkg.egg-info/SOURCES.txt'
[1.035s] reading manifest file 'turtle_pkg.egg-info/SOURCES.txt'
[1.035s] writing manifest file 'turtle_pkg.egg-info/SOURCES.txt'
[1.037s] running build_ext
[1.039s] Creating /home/noh0906/robot_ws/install/turtle_pkg/lib/python3.10/site-packages/turtle-pkg.egg-link (link to .)
[1.039s] Installing my_turtle script to /home/noh0906/robot_ws/install/turtle_pkg/lib/turtle_pkg
[1.040s] 
[1.040s] Installed /home/noh0906/robot_ws/build/turtle_pkg
[1.040s] running symlink_data
[1.040s] creating /home/noh0906/robot_ws/install/turtle_pkg/share/ament_index
[1.040s] creating /home/noh0906/robot_ws/install/turtle_pkg/share/ament_index/resource_index
[1.040s] creating /home/noh0906/robot_ws/install/turtle_pkg/share/ament_index/resource_index/packages
[1.040s] symbolically linking /home/noh0906/robot_ws/build/turtle_pkg/resource/turtle_pkg -> /home/noh0906/robot_ws/install/turtle_pkg/share/ament_index/resource_index/packages
[1.040s] symbolically linking /home/noh0906/robot_ws/build/turtle_pkg/package.xml -> /home/noh0906/robot_ws/install/turtle_pkg/share/turtle_pkg
[1.084s] Invoked command in '/home/noh0906/robot_ws/build/turtle_pkg' returned '0': PYTHONPATH=/home/noh0906/robot_ws/build/turtle_pkg/prefix_override:/usr/lib/python3/dist-packages/colcon_core/task/python/colcon_distutils_commands:/home/noh0906/robot_ws/install/turtle_pkg/lib/python3.10/site-packages:${PYTHONPATH} /usr/bin/python3 -W ignore:setup.py install is deprecated -W ignore:easy_install command is deprecated setup.py develop --editable --build-directory /home/noh0906/robot_ws/build/turtle_pkg/build --no-deps symlink_data
