[0.015s] Invoking command in '/home/noh0906/robot_ws/build/msg_srv_action_interface_example': CMAKE_PREFIX_PATH=${CMAKE_PREFIX_PATH}:/home/noh0906/turtlebot3_ws/install/turtlebot3_teleop:/home/noh0906/turtlebot3_ws/install/turtlebot3_example:/home/noh0906/turtlebot3_ws/install/turtlebot3_dqn:/home/noh0906/robot_ws/install/turtle_pkg:/home/noh0906/robot_ws/install/ros_time_pkg:/home/noh0906/robot_ws/install/my_move_turtle_pkg:/home/noh0906/robot_ws/install/my_first_ros_rclpy_pkg:/opt/ros/humble /usr/bin/cmake --build /home/noh0906/robot_ws/build/msg_srv_action_interface_example -- -j2 -l2
[0.043s] -- Found ament_cmake: 1.3.11 (/opt/ros/humble/share/ament_cmake/cmake)
[0.171s] -- Override CMake install command with custom implementation using symlinks instead of copying resources
[0.181s] -- Found builtin_interfaces: 1.2.1 (/opt/ros/humble/share/builtin_interfaces/cmake)
[0.198s] -- Found rosidl_generator_c: 3.1.6 (/opt/ros/humble/share/rosidl_generator_c/cmake)
[0.201s] -- Found rosidl_adapter: 3.1.6 (/opt/ros/humble/share/rosidl_adapter/cmake)
[0.206s] -- Found rosidl_generator_cpp: 3.1.6 (/opt/ros/humble/share/rosidl_generator_cpp/cmake)
[0.213s] -- Using all available rosidl_typesupport_c: rosidl_typesupport_fastrtps_c;rosidl_typesupport_introspection_c
[0.224s] -- Using all available rosidl_typesupport_cpp: rosidl_typesupport_fastrtps_cpp;rosidl_typesupport_introspection_cpp
[0.235s] -- Found rosidl_default_generators: 1.2.0 (/opt/ros/humble/share/rosidl_default_generators/cmake)
[0.521s] -- Found ament_cmake_ros: 0.10.0 (/opt/ros/humble/share/ament_cmake_ros/cmake)
[0.820s] -- Using all available rosidl_typesupport_c: rosidl_typesupport_fastrtps_c;rosidl_typesupport_introspection_c
[0.940s] -- Using all available rosidl_typesupport_cpp: rosidl_typesupport_fastrtps_cpp;rosidl_typesupport_introspection_cpp
[0.962s] -- Found python_cmake_module: 0.10.0 (/opt/ros/humble/share/python_cmake_module/cmake)
[0.984s] -- Using PYTHON_EXECUTABLE: /usr/bin/python3
[0.984s] -- Using PYTHON_INCLUDE_DIRS: /usr/include/python3.10
[0.985s] -- Using PYTHON_LIBRARIES: /usr/lib/x86_64-linux-gnu/libpython3.10.so
[1.013s] -- Configuring done
[1.057s] -- Generating done
[1.071s] -- Build files have been written to: /home/noh0906/robot_ws/build/msg_srv_action_interface_example
[1.097s] [35m[1mConsolidate compiler generated dependencies of target msg_srv_action_interface_example__rosidl_generator_c[0m
[1.108s] [  2%] Built target msg_srv_action_interface_example__cpp
[1.109s] [ 12%] Built target msg_srv_action_interface_example__rosidl_generator_c
[1.119s] [35m[1mConsolidate compiler generated dependencies of target msg_srv_action_interface_example__rosidl_typesupport_cpp[0m
[1.132s] [ 23%] Built target msg_srv_action_interface_example__rosidl_typesupport_cpp
[1.143s] [ 23%] Built target ament_cmake_python_symlink_msg_srv_action_interface_example
[1.145s] [35m[1mConsolidate compiler generated dependencies of target msg_srv_action_interface_example__rosidl_typesupport_fastrtps_c[0m
[1.157s] [35m[1mConsolidate compiler generated dependencies of target msg_srv_action_interface_example__rosidl_typesupport_fastrtps_cpp[0m
[1.171s] [ 34%] Built target msg_srv_action_interface_example__rosidl_typesupport_fastrtps_c
[1.180s] [ 44%] Built target msg_srv_action_interface_example__rosidl_typesupport_fastrtps_cpp
[1.200s] [35m[1mConsolidate compiler generated dependencies of target msg_srv_action_interface_example__rosidl_typesupport_introspection_c[0m
[1.207s] [35m[1mConsolidate compiler generated dependencies of target msg_srv_action_interface_example__rosidl_typesupport_c[0m
[1.218s] [ 55%] Built target msg_srv_action_interface_example__rosidl_typesupport_introspection_c
[1.222s] [ 65%] Built target msg_srv_action_interface_example__rosidl_typesupport_c
[1.232s] [35m[1mConsolidate compiler generated dependencies of target msg_srv_action_interface_example__rosidl_typesupport_introspection_cpp[0m
[1.248s] [ 76%] Built target msg_srv_action_interface_example__rosidl_typesupport_introspection_cpp
[1.268s] [ 76%] Built target msg_srv_action_interface_example
[1.288s] [ 78%] Built target msg_srv_action_interface_example__py
[1.299s] [35m[1mConsolidate compiler generated dependencies of target msg_srv_action_interface_example__rosidl_generator_py[0m
[1.311s] [ 87%] Built target msg_srv_action_interface_example__rosidl_generator_py
[1.323s] [35m[1mConsolidate compiler generated dependencies of target msg_srv_action_interface_example__rosidl_typesupport_fastrtps_c__pyext[0m
[1.337s] [ 91%] Built target msg_srv_action_interface_example__rosidl_typesupport_fastrtps_c__pyext
[1.349s] [35m[1mConsolidate compiler generated dependencies of target msg_srv_action_interface_example__rosidl_typesupport_introspection_c__pyext[0m
[1.360s] [ 95%] Built target msg_srv_action_interface_example__rosidl_typesupport_introspection_c__pyext
[1.372s] [35m[1mConsolidate compiler generated dependencies of target msg_srv_action_interface_example__rosidl_typesupport_c__pyext[0m
[1.385s] [100%] Built target msg_srv_action_interface_example__rosidl_typesupport_c__pyext
[1.492s] running egg_info
[1.492s] writing msg_srv_action_interface_example.egg-info/PKG-INFO
[1.493s] writing dependency_links to msg_srv_action_interface_example.egg-info/dependency_links.txt
[1.493s] writing top-level names to msg_srv_action_interface_example.egg-info/top_level.txt
[1.495s] reading manifest file 'msg_srv_action_interface_example.egg-info/SOURCES.txt'
[1.496s] writing manifest file 'msg_srv_action_interface_example.egg-info/SOURCES.txt'
[1.521s] [100%] Built target ament_cmake_python_build_msg_srv_action_interface_example_egg
[1.537s] Invoked command in '/home/noh0906/robot_ws/build/msg_srv_action_interface_example' returned '0': CMAKE_PREFIX_PATH=${CMAKE_PREFIX_PATH}:/home/noh0906/turtlebot3_ws/install/turtlebot3_teleop:/home/noh0906/turtlebot3_ws/install/turtlebot3_example:/home/noh0906/turtlebot3_ws/install/turtlebot3_dqn:/home/noh0906/robot_ws/install/turtle_pkg:/home/noh0906/robot_ws/install/ros_time_pkg:/home/noh0906/robot_ws/install/my_move_turtle_pkg:/home/noh0906/robot_ws/install/my_first_ros_rclpy_pkg:/opt/ros/humble /usr/bin/cmake --build /home/noh0906/robot_ws/build/msg_srv_action_interface_example -- -j2 -l2
[1.547s] Invoking command in '/home/noh0906/robot_ws/build/msg_srv_action_interface_example': CMAKE_PREFIX_PATH=${CMAKE_PREFIX_PATH}:/home/noh0906/turtlebot3_ws/install/turtlebot3_teleop:/home/noh0906/turtlebot3_ws/install/turtlebot3_example:/home/noh0906/turtlebot3_ws/install/turtlebot3_dqn:/home/noh0906/robot_ws/install/turtle_pkg:/home/noh0906/robot_ws/install/ros_time_pkg:/home/noh0906/robot_ws/install/my_move_turtle_pkg:/home/noh0906/robot_ws/install/my_first_ros_rclpy_pkg:/opt/ros/humble /usr/bin/cmake --install /home/noh0906/robot_ws/build/msg_srv_action_interface_example
[1.555s] -- Install configuration: ""
[1.556s] -- Execute custom install script
[1.556s] -- Up-to-date symlink: /home/noh0906/robot_ws/install/msg_srv_action_interface_example/share/ament_index/resource_index/rosidl_interfaces/msg_srv_action_interface_example
[1.556s] -- Up-to-date symlink: /home/noh0906/robot_ws/install/msg_srv_action_interface_example/include/msg_srv_action_interface_example/msg_srv_action_interface_example/action/arithmetic_checker.h
[1.556s] -- Up-to-date symlink: /home/noh0906/robot_ws/install/msg_srv_action_interface_example/include/msg_srv_action_interface_example/msg_srv_action_interface_example/action/detail/arithmetic_checker__functions.h
[1.556s] -- Up-to-date symlink: /home/noh0906/robot_ws/install/msg_srv_action_interface_example/include/msg_srv_action_interface_example/msg_srv_action_interface_example/action/detail/arithmetic_checker__struct.h
[1.556s] -- Up-to-date symlink: /home/noh0906/robot_ws/install/msg_srv_action_interface_example/include/msg_srv_action_interface_example/msg_srv_action_interface_example/action/detail/arithmetic_checker__type_support.h
[1.557s] -- Up-to-date symlink: /home/noh0906/robot_ws/install/msg_srv_action_interface_example/include/msg_srv_action_interface_example/msg_srv_action_interface_example/msg/arithmetic_argument.h
[1.560s] -- Up-to-date symlink: /home/noh0906/robot_ws/install/msg_srv_action_interface_example/include/msg_srv_action_interface_example/msg_srv_action_interface_example/msg/detail/arithmetic_argument__functions.h
[1.560s] -- Up-to-date symlink: /home/noh0906/robot_ws/install/msg_srv_action_interface_example/include/msg_srv_action_interface_example/msg_srv_action_interface_example/msg/detail/arithmetic_argument__struct.h
[1.561s] -- Up-to-date symlink: /home/noh0906/robot_ws/install/msg_srv_action_interface_example/include/msg_srv_action_interface_example/msg_srv_action_interface_example/msg/detail/arithmetic_argument__type_support.h
[1.561s] -- Up-to-date symlink: /home/noh0906/robot_ws/install/msg_srv_action_interface_example/include/msg_srv_action_interface_example/msg_srv_action_interface_example/msg/rosidl_generator_c__visibility_control.h
[1.561s] -- Up-to-date symlink: /home/noh0906/robot_ws/install/msg_srv_action_interface_example/include/msg_srv_action_interface_example/msg_srv_action_interface_example/srv/arithmetic_operator.h
[1.561s] -- Up-to-date symlink: /home/noh0906/robot_ws/install/msg_srv_action_interface_example/include/msg_srv_action_interface_example/msg_srv_action_interface_example/srv/detail/arithmetic_operator__functions.h
[1.561s] -- Up-to-date symlink: /home/noh0906/robot_ws/install/msg_srv_action_interface_example/include/msg_srv_action_interface_example/msg_srv_action_interface_example/srv/detail/arithmetic_operator__struct.h
[1.561s] -- Up-to-date symlink: /home/noh0906/robot_ws/install/msg_srv_action_interface_example/include/msg_srv_action_interface_example/msg_srv_action_interface_example/srv/detail/arithmetic_operator__type_support.h
[1.561s] -- Up-to-date symlink: /home/noh0906/robot_ws/install/msg_srv_action_interface_example/share/msg_srv_action_interface_example/environment/library_path.sh
[1.561s] -- Up-to-date symlink: /home/noh0906/robot_ws/install/msg_srv_action_interface_example/share/msg_srv_action_interface_example/environment/library_path.dsv
[1.561s] -- Up-to-date symlink: /home/noh0906/robot_ws/install/msg_srv_action_interface_example/include/msg_srv_action_interface_example/msg_srv_action_interface_example/action/detail/arithmetic_checker__rosidl_typesupport_fastrtps_c.h
[1.561s] -- Up-to-date symlink: /home/noh0906/robot_ws/install/msg_srv_action_interface_example/include/msg_srv_action_interface_example/msg_srv_action_interface_example/msg/detail/arithmetic_argument__rosidl_typesupport_fastrtps_c.h
[1.564s] -- Up-to-date symlink: /home/noh0906/robot_ws/install/msg_srv_action_interface_example/include/msg_srv_action_interface_example/msg_srv_action_interface_example/msg/rosidl_typesupport_fastrtps_c__visibility_control.h
[1.564s] -- Up-to-date symlink: /home/noh0906/robot_ws/install/msg_srv_action_interface_example/include/msg_srv_action_interface_example/msg_srv_action_interface_example/srv/detail/arithmetic_operator__rosidl_typesupport_fastrtps_c.h
[1.565s] -- Up-to-date symlink: /home/noh0906/robot_ws/install/msg_srv_action_interface_example/include/msg_srv_action_interface_example/msg_srv_action_interface_example/action/arithmetic_checker.hpp
[1.565s] -- Up-to-date symlink: /home/noh0906/robot_ws/install/msg_srv_action_interface_example/include/msg_srv_action_interface_example/msg_srv_action_interface_example/action/detail/arithmetic_checker__builder.hpp
[1.565s] -- Up-to-date symlink: /home/noh0906/robot_ws/install/msg_srv_action_interface_example/include/msg_srv_action_interface_example/msg_srv_action_interface_example/action/detail/arithmetic_checker__struct.hpp
[1.565s] -- Up-to-date symlink: /home/noh0906/robot_ws/install/msg_srv_action_interface_example/include/msg_srv_action_interface_example/msg_srv_action_interface_example/action/detail/arithmetic_checker__traits.hpp
[1.565s] -- Up-to-date symlink: /home/noh0906/robot_ws/install/msg_srv_action_interface_example/include/msg_srv_action_interface_example/msg_srv_action_interface_example/action/detail/arithmetic_checker__type_support.hpp
[1.565s] -- Up-to-date symlink: /home/noh0906/robot_ws/install/msg_srv_action_interface_example/include/msg_srv_action_interface_example/msg_srv_action_interface_example/msg/arithmetic_argument.hpp
[1.565s] -- Up-to-date symlink: /home/noh0906/robot_ws/install/msg_srv_action_interface_example/include/msg_srv_action_interface_example/msg_srv_action_interface_example/msg/detail/arithmetic_argument__builder.hpp
[1.565s] -- Up-to-date symlink: /home/noh0906/robot_ws/install/msg_srv_action_interface_example/include/msg_srv_action_interface_example/msg_srv_action_interface_example/msg/detail/arithmetic_argument__struct.hpp
[1.565s] -- Up-to-date symlink: /home/noh0906/robot_ws/install/msg_srv_action_interface_example/include/msg_srv_action_interface_example/msg_srv_action_interface_example/msg/detail/arithmetic_argument__traits.hpp
[1.565s] -- Up-to-date symlink: /home/noh0906/robot_ws/install/msg_srv_action_interface_example/include/msg_srv_action_interface_example/msg_srv_action_interface_example/msg/detail/arithmetic_argument__type_support.hpp
[1.567s] -- Up-to-date symlink: /home/noh0906/robot_ws/install/msg_srv_action_interface_example/include/msg_srv_action_interface_example/msg_srv_action_interface_example/msg/rosidl_generator_cpp__visibility_control.hpp
[1.567s] -- Up-to-date symlink: /home/noh0906/robot_ws/install/msg_srv_action_interface_example/include/msg_srv_action_interface_example/msg_srv_action_interface_example/srv/arithmetic_operator.hpp
[1.567s] -- Up-to-date symlink: /home/noh0906/robot_ws/install/msg_srv_action_interface_example/include/msg_srv_action_interface_example/msg_srv_action_interface_example/srv/detail/arithmetic_operator__builder.hpp
[1.568s] -- Up-to-date symlink: /home/noh0906/robot_ws/install/msg_srv_action_interface_example/include/msg_srv_action_interface_example/msg_srv_action_interface_example/srv/detail/arithmetic_operator__struct.hpp
[1.568s] -- Up-to-date symlink: /home/noh0906/robot_ws/install/msg_srv_action_interface_example/include/msg_srv_action_interface_example/msg_srv_action_interface_example/srv/detail/arithmetic_operator__traits.hpp
[1.568s] -- Up-to-date symlink: /home/noh0906/robot_ws/install/msg_srv_action_interface_example/include/msg_srv_action_interface_example/msg_srv_action_interface_example/srv/detail/arithmetic_operator__type_support.hpp
[1.568s] -- Up-to-date symlink: /home/noh0906/robot_ws/install/msg_srv_action_interface_example/include/msg_srv_action_interface_example/msg_srv_action_interface_example/action/detail/arithmetic_checker__rosidl_typesupport_fastrtps_cpp.hpp
[1.568s] -- Up-to-date symlink: /home/noh0906/robot_ws/install/msg_srv_action_interface_example/include/msg_srv_action_interface_example/msg_srv_action_interface_example/msg/detail/arithmetic_argument__rosidl_typesupport_fastrtps_cpp.hpp
[1.568s] -- Up-to-date symlink: /home/noh0906/robot_ws/install/msg_srv_action_interface_example/include/msg_srv_action_interface_example/msg_srv_action_interface_example/msg/rosidl_typesupport_fastrtps_cpp__visibility_control.h
[1.568s] -- Up-to-date symlink: /home/noh0906/robot_ws/install/msg_srv_action_interface_example/include/msg_srv_action_interface_example/msg_srv_action_interface_example/srv/detail/arithmetic_operator__rosidl_typesupport_fastrtps_cpp.hpp
[1.568s] -- Up-to-date symlink: /home/noh0906/robot_ws/install/msg_srv_action_interface_example/include/msg_srv_action_interface_example/msg_srv_action_interface_example/action/detail/arithmetic_checker__rosidl_typesupport_introspection_c.h
[1.568s] -- Up-to-date symlink: /home/noh0906/robot_ws/install/msg_srv_action_interface_example/include/msg_srv_action_interface_example/msg_srv_action_interface_example/msg/detail/arithmetic_argument__rosidl_typesupport_introspection_c.h
[1.568s] -- Up-to-date symlink: /home/noh0906/robot_ws/install/msg_srv_action_interface_example/include/msg_srv_action_interface_example/msg_srv_action_interface_example/msg/rosidl_typesupport_introspection_c__visibility_control.h
[1.568s] -- Up-to-date symlink: /home/noh0906/robot_ws/install/msg_srv_action_interface_example/include/msg_srv_action_interface_example/msg_srv_action_interface_example/srv/detail/arithmetic_operator__rosidl_typesupport_introspection_c.h
[1.571s] -- Up-to-date symlink: /home/noh0906/robot_ws/install/msg_srv_action_interface_example/include/msg_srv_action_interface_example/msg_srv_action_interface_example/action/detail/arithmetic_checker__rosidl_typesupport_introspection_cpp.hpp
[1.571s] -- Up-to-date symlink: /home/noh0906/robot_ws/install/msg_srv_action_interface_example/include/msg_srv_action_interface_example/msg_srv_action_interface_example/msg/detail/arithmetic_argument__rosidl_typesupport_introspection_cpp.hpp
[1.571s] -- Up-to-date symlink: /home/noh0906/robot_ws/install/msg_srv_action_interface_example/include/msg_srv_action_interface_example/msg_srv_action_interface_example/srv/detail/arithmetic_operator__rosidl_typesupport_introspection_cpp.hpp
[1.571s] -- Up-to-date symlink: /home/noh0906/robot_ws/install/msg_srv_action_interface_example/share/msg_srv_action_interface_example/environment/pythonpath.sh
[1.571s] -- Up-to-date symlink: /home/noh0906/robot_ws/install/msg_srv_action_interface_example/share/msg_srv_action_interface_example/environment/pythonpath.dsv
[1.571s] -- Up-to-date symlink: /home/noh0906/robot_ws/install/msg_srv_action_interface_example/local/lib/python3.10/dist-packages/msg_srv_action_interface_example-0.6.0-py3.10.egg-info/PKG-INFO
[1.571s] -- Up-to-date symlink: /home/noh0906/robot_ws/install/msg_srv_action_interface_example/local/lib/python3.10/dist-packages/msg_srv_action_interface_example-0.6.0-py3.10.egg-info/SOURCES.txt
[1.571s] -- Up-to-date symlink: /home/noh0906/robot_ws/install/msg_srv_action_interface_example/local/lib/python3.10/dist-packages/msg_srv_action_interface_example-0.6.0-py3.10.egg-info/dependency_links.txt
[1.571s] -- Up-to-date symlink: /home/noh0906/robot_ws/install/msg_srv_action_interface_example/local/lib/python3.10/dist-packages/msg_srv_action_interface_example-0.6.0-py3.10.egg-info/top_level.txt
[1.571s] -- Up-to-date symlink: /home/noh0906/robot_ws/install/msg_srv_action_interface_example/local/lib/python3.10/dist-packages/msg_srv_action_interface_example/__init__.py
[1.571s] -- Up-to-date symlink: /home/noh0906/robot_ws/install/msg_srv_action_interface_example/local/lib/python3.10/dist-packages/msg_srv_action_interface_example/_msg_srv_action_interface_example_s.ep.rosidl_typesupport_c.c
[1.571s] -- Up-to-date symlink: /home/noh0906/robot_ws/install/msg_srv_action_interface_example/local/lib/python3.10/dist-packages/msg_srv_action_interface_example/_msg_srv_action_interface_example_s.ep.rosidl_typesupport_fastrtps_c.c
[1.571s] -- Up-to-date symlink: /home/noh0906/robot_ws/install/msg_srv_action_interface_example/local/lib/python3.10/dist-packages/msg_srv_action_interface_example/_msg_srv_action_interface_example_s.ep.rosidl_typesupport_introspection_c.c
[1.571s] -- Up-to-date symlink: /home/noh0906/robot_ws/install/msg_srv_action_interface_example/local/lib/python3.10/dist-packages/msg_srv_action_interface_example/action/__init__.py
[1.571s] -- Up-to-date symlink: /home/noh0906/robot_ws/install/msg_srv_action_interface_example/local/lib/python3.10/dist-packages/msg_srv_action_interface_example/action/_arithmetic_checker.py
[1.571s] -- Up-to-date symlink: /home/noh0906/robot_ws/install/msg_srv_action_interface_example/local/lib/python3.10/dist-packages/msg_srv_action_interface_example/action/_arithmetic_checker_s.c
[1.571s] -- Up-to-date symlink: /home/noh0906/robot_ws/install/msg_srv_action_interface_example/local/lib/python3.10/dist-packages/msg_srv_action_interface_example/libmsg_srv_action_interface_example__rosidl_generator_py.so
[1.571s] -- Up-to-date symlink: /home/noh0906/robot_ws/install/msg_srv_action_interface_example/local/lib/python3.10/dist-packages/msg_srv_action_interface_example/msg/__init__.py
[1.571s] -- Up-to-date symlink: /home/noh0906/robot_ws/install/msg_srv_action_interface_example/local/lib/python3.10/dist-packages/msg_srv_action_interface_example/msg/_arithmetic_argument.py
[1.571s] -- Up-to-date symlink: /home/noh0906/robot_ws/install/msg_srv_action_interface_example/local/lib/python3.10/dist-packages/msg_srv_action_interface_example/msg/_arithmetic_argument_s.c
[1.571s] -- Up-to-date symlink: /home/noh0906/robot_ws/install/msg_srv_action_interface_example/local/lib/python3.10/dist-packages/msg_srv_action_interface_example/msg_srv_action_interface_example_s__rosidl_typesupport_c.cpython-310-x86_64-linux-gnu.so
[1.571s] -- Up-to-date symlink: /home/noh0906/robot_ws/install/msg_srv_action_interface_example/local/lib/python3.10/dist-packages/msg_srv_action_interface_example/msg_srv_action_interface_example_s__rosidl_typesupport_fastrtps_c.cpython-310-x86_64-linux-gnu.so
[1.572s] -- Up-to-date symlink: /home/noh0906/robot_ws/install/msg_srv_action_interface_example/local/lib/python3.10/dist-packages/msg_srv_action_interface_example/msg_srv_action_interface_example_s__rosidl_typesupport_introspection_c.cpython-310-x86_64-linux-gnu.so
[1.572s] -- Up-to-date symlink: /home/noh0906/robot_ws/install/msg_srv_action_interface_example/local/lib/python3.10/dist-packages/msg_srv_action_interface_example/srv/__init__.py
[1.572s] -- Up-to-date symlink: /home/noh0906/robot_ws/install/msg_srv_action_interface_example/local/lib/python3.10/dist-packages/msg_srv_action_interface_example/srv/_arithmetic_operator.py
[1.572s] -- Up-to-date symlink: /home/noh0906/robot_ws/install/msg_srv_action_interface_example/local/lib/python3.10/dist-packages/msg_srv_action_interface_example/srv/_arithmetic_operator_s.c
[1.572s] -- Up-to-date symlink: /home/noh0906/robot_ws/install/msg_srv_action_interface_example/local/lib/python3.10/dist-packages/msg_srv_action_interface_example/msg_srv_action_interface_example_s__rosidl_typesupport_fastrtps_c.cpython-310-x86_64-linux-gnu.so
[1.572s] -- Up-to-date symlink: /home/noh0906/robot_ws/install/msg_srv_action_interface_example/local/lib/python3.10/dist-packages/msg_srv_action_interface_example/msg_srv_action_interface_example_s__rosidl_typesupport_introspection_c.cpython-310-x86_64-linux-gnu.so
[1.572s] -- Up-to-date symlink: /home/noh0906/robot_ws/install/msg_srv_action_interface_example/local/lib/python3.10/dist-packages/msg_srv_action_interface_example/msg_srv_action_interface_example_s__rosidl_typesupport_c.cpython-310-x86_64-linux-gnu.so
[1.572s] -- Up-to-date symlink: /home/noh0906/robot_ws/install/msg_srv_action_interface_example/share/msg_srv_action_interface_example/msg/ArithmeticArgument.idl
[1.572s] -- Up-to-date symlink: /home/noh0906/robot_ws/install/msg_srv_action_interface_example/share/msg_srv_action_interface_example/srv/ArithmeticOperator.idl
[1.572s] -- Up-to-date symlink: /home/noh0906/robot_ws/install/msg_srv_action_interface_example/share/msg_srv_action_interface_example/action/ArithmeticChecker.idl
[1.572s] -- Up-to-date symlink: /home/noh0906/robot_ws/install/msg_srv_action_interface_example/share/msg_srv_action_interface_example/msg/ArithmeticArgument.msg
[1.572s] -- Up-to-date symlink: /home/noh0906/robot_ws/install/msg_srv_action_interface_example/share/msg_srv_action_interface_example/srv/ArithmeticOperator.srv
[1.572s] -- Up-to-date symlink: /home/noh0906/robot_ws/install/msg_srv_action_interface_example/share/msg_srv_action_interface_example/srv/ArithmeticOperator_Request.msg
[1.572s] -- Up-to-date symlink: /home/noh0906/robot_ws/install/msg_srv_action_interface_example/share/msg_srv_action_interface_example/srv/ArithmeticOperator_Response.msg
[1.572s] -- Up-to-date symlink: /home/noh0906/robot_ws/install/msg_srv_action_interface_example/share/msg_srv_action_interface_example/action/ArithmeticChecker.action
[1.572s] -- Up-to-date symlink: /home/noh0906/robot_ws/install/msg_srv_action_interface_example/share/ament_index/resource_index/package_run_dependencies/msg_srv_action_interface_example
[1.572s] -- Up-to-date symlink: /home/noh0906/robot_ws/install/msg_srv_action_interface_example/share/ament_index/resource_index/parent_prefix_path/msg_srv_action_interface_example
[1.572s] -- Up-to-date symlink: /home/noh0906/robot_ws/install/msg_srv_action_interface_example/share/msg_srv_action_interface_example/environment/ament_prefix_path.sh
[1.572s] -- Up-to-date symlink: /home/noh0906/robot_ws/install/msg_srv_action_interface_example/share/msg_srv_action_interface_example/environment/ament_prefix_path.dsv
[1.572s] -- Up-to-date symlink: /home/noh0906/robot_ws/install/msg_srv_action_interface_example/share/msg_srv_action_interface_example/environment/path.sh
[1.572s] -- Up-to-date symlink: /home/noh0906/robot_ws/install/msg_srv_action_interface_example/share/msg_srv_action_interface_example/environment/path.dsv
[1.572s] -- Up-to-date symlink: /home/noh0906/robot_ws/install/msg_srv_action_interface_example/share/msg_srv_action_interface_example/local_setup.bash
[1.572s] -- Up-to-date symlink: /home/noh0906/robot_ws/install/msg_srv_action_interface_example/share/msg_srv_action_interface_example/local_setup.sh
[1.572s] -- Up-to-date symlink: /home/noh0906/robot_ws/install/msg_srv_action_interface_example/share/msg_srv_action_interface_example/local_setup.zsh
[1.572s] -- Up-to-date symlink: /home/noh0906/robot_ws/install/msg_srv_action_interface_example/share/msg_srv_action_interface_example/local_setup.dsv
[1.573s] -- Symlinking: /home/noh0906/robot_ws/install/msg_srv_action_interface_example/share/msg_srv_action_interface_example/package.dsv
[1.581s] -- Up-to-date symlink: /home/noh0906/robot_ws/install/msg_srv_action_interface_example/share/ament_index/resource_index/packages/msg_srv_action_interface_example
[1.582s] -- Up-to-date symlink: /home/noh0906/robot_ws/install/msg_srv_action_interface_example/share/msg_srv_action_interface_example/cmake/rosidl_cmake-extras.cmake
[1.582s] -- Up-to-date symlink: /home/noh0906/robot_ws/install/msg_srv_action_interface_example/share/msg_srv_action_interface_example/cmake/ament_cmake_export_dependencies-extras.cmake
[1.582s] -- Up-to-date symlink: /home/noh0906/robot_ws/install/msg_srv_action_interface_example/share/msg_srv_action_interface_example/cmake/ament_cmake_export_include_directories-extras.cmake
[1.582s] -- Up-to-date symlink: /home/noh0906/robot_ws/install/msg_srv_action_interface_example/share/msg_srv_action_interface_example/cmake/ament_cmake_export_libraries-extras.cmake
[1.583s] -- Up-to-date symlink: /home/noh0906/robot_ws/install/msg_srv_action_interface_example/share/msg_srv_action_interface_example/cmake/ament_cmake_export_targets-extras.cmake
[1.583s] -- Up-to-date symlink: /home/noh0906/robot_ws/install/msg_srv_action_interface_example/share/msg_srv_action_interface_example/cmake/rosidl_cmake_export_typesupport_targets-extras.cmake
[1.583s] -- Up-to-date symlink: /home/noh0906/robot_ws/install/msg_srv_action_interface_example/share/msg_srv_action_interface_example/cmake/rosidl_cmake_export_typesupport_libraries-extras.cmake
[1.583s] -- Up-to-date symlink: /home/noh0906/robot_ws/install/msg_srv_action_interface_example/share/msg_srv_action_interface_example/cmake/msg_srv_action_interface_exampleConfig.cmake
[1.584s] -- Up-to-date symlink: /home/noh0906/robot_ws/install/msg_srv_action_interface_example/share/msg_srv_action_interface_example/cmake/msg_srv_action_interface_exampleConfig-version.cmake
[1.584s] -- Up-to-date symlink: /home/noh0906/robot_ws/install/msg_srv_action_interface_example/share/msg_srv_action_interface_example/package.xml
[1.585s] -- Up-to-date: /home/noh0906/robot_ws/install/msg_srv_action_interface_example/lib/libmsg_srv_action_interface_example__rosidl_generator_c.so
[1.585s] -- Up-to-date: /home/noh0906/robot_ws/install/msg_srv_action_interface_example/lib/libmsg_srv_action_interface_example__rosidl_typesupport_fastrtps_c.so
[1.585s] -- Up-to-date: /home/noh0906/robot_ws/install/msg_srv_action_interface_example/lib/libmsg_srv_action_interface_example__rosidl_typesupport_fastrtps_cpp.so
[1.585s] -- Up-to-date: /home/noh0906/robot_ws/install/msg_srv_action_interface_example/lib/libmsg_srv_action_interface_example__rosidl_typesupport_introspection_c.so
[1.586s] -- Up-to-date: /home/noh0906/robot_ws/install/msg_srv_action_interface_example/lib/libmsg_srv_action_interface_example__rosidl_typesupport_c.so
[1.586s] -- Up-to-date: /home/noh0906/robot_ws/install/msg_srv_action_interface_example/lib/libmsg_srv_action_interface_example__rosidl_typesupport_introspection_cpp.so
[1.586s] -- Up-to-date: /home/noh0906/robot_ws/install/msg_srv_action_interface_example/lib/libmsg_srv_action_interface_example__rosidl_typesupport_cpp.so
[1.620s] Listing '/home/noh0906/robot_ws/install/msg_srv_action_interface_example/local/lib/python3.10/dist-packages/msg_srv_action_interface_example'...
[1.620s] Compiling '/home/noh0906/robot_ws/install/msg_srv_action_interface_example/local/lib/python3.10/dist-packages/msg_srv_action_interface_example/__init__.py'...
[1.620s] Listing '/home/noh0906/robot_ws/install/msg_srv_action_interface_example/local/lib/python3.10/dist-packages/msg_srv_action_interface_example/action'...
[1.620s] Listing '/home/noh0906/robot_ws/install/msg_srv_action_interface_example/local/lib/python3.10/dist-packages/msg_srv_action_interface_example/msg'...
[1.620s] Listing '/home/noh0906/robot_ws/install/msg_srv_action_interface_example/local/lib/python3.10/dist-packages/msg_srv_action_interface_example/srv'...
[1.625s] -- Up-to-date: /home/noh0906/robot_ws/install/msg_srv_action_interface_example/lib/libmsg_srv_action_interface_example__rosidl_generator_py.so
[1.625s] -- Up-to-date: /home/noh0906/robot_ws/install/msg_srv_action_interface_example/share/msg_srv_action_interface_example/cmake/export_msg_srv_action_interface_example__rosidl_generator_cExport.cmake
[1.625s] -- Up-to-date: /home/noh0906/robot_ws/install/msg_srv_action_interface_example/share/msg_srv_action_interface_example/cmake/export_msg_srv_action_interface_example__rosidl_generator_cExport-noconfig.cmake
[1.625s] -- Up-to-date: /home/noh0906/robot_ws/install/msg_srv_action_interface_example/share/msg_srv_action_interface_example/cmake/export_msg_srv_action_interface_example__rosidl_typesupport_fastrtps_cExport.cmake
[1.625s] -- Up-to-date: /home/noh0906/robot_ws/install/msg_srv_action_interface_example/share/msg_srv_action_interface_example/cmake/export_msg_srv_action_interface_example__rosidl_typesupport_fastrtps_cExport-noconfig.cmake
[1.626s] -- Up-to-date: /home/noh0906/robot_ws/install/msg_srv_action_interface_example/share/msg_srv_action_interface_example/cmake/export_msg_srv_action_interface_example__rosidl_generator_cppExport.cmake
[1.626s] -- Up-to-date: /home/noh0906/robot_ws/install/msg_srv_action_interface_example/share/msg_srv_action_interface_example/cmake/export_msg_srv_action_interface_example__rosidl_typesupport_fastrtps_cppExport.cmake
[1.626s] -- Up-to-date: /home/noh0906/robot_ws/install/msg_srv_action_interface_example/share/msg_srv_action_interface_example/cmake/export_msg_srv_action_interface_example__rosidl_typesupport_fastrtps_cppExport-noconfig.cmake
[1.626s] -- Up-to-date: /home/noh0906/robot_ws/install/msg_srv_action_interface_example/share/msg_srv_action_interface_example/cmake/msg_srv_action_interface_example__rosidl_typesupport_introspection_cExport.cmake
[1.626s] -- Up-to-date: /home/noh0906/robot_ws/install/msg_srv_action_interface_example/share/msg_srv_action_interface_example/cmake/msg_srv_action_interface_example__rosidl_typesupport_introspection_cExport-noconfig.cmake
[1.626s] -- Up-to-date: /home/noh0906/robot_ws/install/msg_srv_action_interface_example/share/msg_srv_action_interface_example/cmake/msg_srv_action_interface_example__rosidl_typesupport_cExport.cmake
[1.627s] -- Up-to-date: /home/noh0906/robot_ws/install/msg_srv_action_interface_example/share/msg_srv_action_interface_example/cmake/msg_srv_action_interface_example__rosidl_typesupport_cExport-noconfig.cmake
[1.627s] -- Up-to-date: /home/noh0906/robot_ws/install/msg_srv_action_interface_example/share/msg_srv_action_interface_example/cmake/msg_srv_action_interface_example__rosidl_typesupport_introspection_cppExport.cmake
[1.627s] -- Up-to-date: /home/noh0906/robot_ws/install/msg_srv_action_interface_example/share/msg_srv_action_interface_example/cmake/msg_srv_action_interface_example__rosidl_typesupport_introspection_cppExport-noconfig.cmake
[1.627s] -- Up-to-date: /home/noh0906/robot_ws/install/msg_srv_action_interface_example/share/msg_srv_action_interface_example/cmake/msg_srv_action_interface_example__rosidl_typesupport_cppExport.cmake
[1.627s] -- Up-to-date: /home/noh0906/robot_ws/install/msg_srv_action_interface_example/share/msg_srv_action_interface_example/cmake/msg_srv_action_interface_example__rosidl_typesupport_cppExport-noconfig.cmake
[1.627s] -- Up-to-date: /home/noh0906/robot_ws/install/msg_srv_action_interface_example/share/msg_srv_action_interface_example/cmake/export_msg_srv_action_interface_example__rosidl_generator_pyExport.cmake
[1.627s] -- Up-to-date: /home/noh0906/robot_ws/install/msg_srv_action_interface_example/share/msg_srv_action_interface_example/cmake/export_msg_srv_action_interface_example__rosidl_generator_pyExport-noconfig.cmake
[1.630s] Invoked command in '/home/noh0906/robot_ws/build/msg_srv_action_interface_example' returned '0': CMAKE_PREFIX_PATH=${CMAKE_PREFIX_PATH}:/home/noh0906/turtlebot3_ws/install/turtlebot3_teleop:/home/noh0906/turtlebot3_ws/install/turtlebot3_example:/home/noh0906/turtlebot3_ws/install/turtlebot3_dqn:/home/noh0906/robot_ws/install/turtle_pkg:/home/noh0906/robot_ws/install/ros_time_pkg:/home/noh0906/robot_ws/install/my_move_turtle_pkg:/home/noh0906/robot_ws/install/my_first_ros_rclpy_pkg:/opt/ros/humble /usr/bin/cmake --install /home/noh0906/robot_ws/build/msg_srv_action_interface_example
