[0.095s] DEBUG:colcon:Command line arguments: ['/usr/bin/colcon', 'build', '--symlink-install']
[0.095s] DEBUG:colcon:Parsed command line arguments: Namespace(log_base=None, log_level=None, verb_name='build', build_base='build', install_base='install', merge_install=False, symlink_install=True, test_result_base=None, continue_on_error=False, executor='parallel', parallel_workers=2, event_handlers=None, ignore_user_meta=False, metas=['./colcon.meta'], base_paths=['.'], packages_ignore=None, packages_ignore_regex=None, paths=None, packages_up_to=None, packages_up_to_regex=None, packages_above=None, packages_above_and_dependencies=None, packages_above_depth=None, packages_select_by_dep=None, packages_skip_by_dep=None, packages_skip_up_to=None, packages_select_build_failed=False, packages_skip_build_finished=False, packages_select_test_failures=False, packages_skip_test_passed=False, packages_select=None, packages_skip=None, packages_select_regex=None, packages_skip_regex=None, packages_start=None, packages_end=None, allow_overriding=[], cmake_args=None, cmake_target=None, cmake_target_skip_unavailable=False, cmake_clean_cache=False, cmake_clean_first=False, cmake_force_configure=False, ament_cmake_args=None, catkin_cmake_args=None, catkin_skip_building_tests=False, mixin_files=None, mixin=None, verb_parser=<colcon_mixin.mixin.mixin_argument.MixinArgumentDecorator object at 0x7be1f7076dd0>, verb_extension=<colcon_core.verb.build.BuildVerb object at 0x7be1f7076740>, main=<bound method BuildVerb.main of <colcon_core.verb.build.BuildVerb object at 0x7be1f7076740>>, mixin_verb=('build',))
[0.272s] Level 1:colcon.colcon_core.package_discovery:discover_packages(colcon_meta) check parameters
[0.272s] Level 1:colcon.colcon_core.package_discovery:discover_packages(recursive) check parameters
[0.272s] Level 1:colcon.colcon_core.package_discovery:discover_packages(ignore) check parameters
[0.272s] Level 1:colcon.colcon_core.package_discovery:discover_packages(path) check parameters
[0.272s] Level 1:colcon.colcon_core.package_discovery:discover_packages(colcon_meta) discover
[0.272s] Level 1:colcon.colcon_core.package_discovery:discover_packages(recursive) discover
[0.272s] INFO:colcon.colcon_core.package_discovery:Crawling recursively for packages in '/home/noh0906/robot_ws'
[0.272s] Level 1:colcon.colcon_core.package_identification:_identify(.) by extensions ['ignore', 'ignore_ament_install']
[0.272s] Level 1:colcon.colcon_core.package_identification:_identify(.) by extension 'ignore'
[0.273s] Level 1:colcon.colcon_core.package_identification:_identify(.) by extension 'ignore_ament_install'
[0.273s] Level 1:colcon.colcon_core.package_identification:_identify(.) by extensions ['colcon_pkg']
[0.273s] Level 1:colcon.colcon_core.package_identification:_identify(.) by extension 'colcon_pkg'
[0.273s] Level 1:colcon.colcon_core.package_identification:_identify(.) by extensions ['colcon_meta']
[0.273s] Level 1:colcon.colcon_core.package_identification:_identify(.) by extension 'colcon_meta'
[0.273s] Level 1:colcon.colcon_core.package_identification:_identify(.) by extensions ['ros']
[0.273s] Level 1:colcon.colcon_core.package_identification:_identify(.) by extension 'ros'
[0.282s] Level 1:colcon.colcon_core.package_identification:_identify(.) by extensions ['cmake', 'python']
[0.282s] Level 1:colcon.colcon_core.package_identification:_identify(.) by extension 'cmake'
[0.282s] Level 1:colcon.colcon_core.package_identification:_identify(.) by extension 'python'
[0.282s] Level 1:colcon.colcon_core.package_identification:_identify(.) by extensions ['python_setup_py']
[0.282s] Level 1:colcon.colcon_core.package_identification:_identify(.) by extension 'python_setup_py'
[0.282s] Level 1:colcon.colcon_core.package_identification:_identify(action﻿) by extensions ['ignore', 'ignore_ament_install']
[0.282s] Level 1:colcon.colcon_core.package_identification:_identify(action﻿) by extension 'ignore'
[0.282s] Level 1:colcon.colcon_core.package_identification:_identify(action﻿) by extension 'ignore_ament_install'
[0.282s] Level 1:colcon.colcon_core.package_identification:_identify(action﻿) by extensions ['colcon_pkg']
[0.282s] Level 1:colcon.colcon_core.package_identification:_identify(action﻿) by extension 'colcon_pkg'
[0.282s] Level 1:colcon.colcon_core.package_identification:_identify(action﻿) by extensions ['colcon_meta']
[0.282s] Level 1:colcon.colcon_core.package_identification:_identify(action﻿) by extension 'colcon_meta'
[0.282s] Level 1:colcon.colcon_core.package_identification:_identify(action﻿) by extensions ['ros']
[0.282s] Level 1:colcon.colcon_core.package_identification:_identify(action﻿) by extension 'ros'
[0.282s] Level 1:colcon.colcon_core.package_identification:_identify(action﻿) by extensions ['cmake', 'python']
[0.282s] Level 1:colcon.colcon_core.package_identification:_identify(action﻿) by extension 'cmake'
[0.282s] Level 1:colcon.colcon_core.package_identification:_identify(action﻿) by extension 'python'
[0.282s] Level 1:colcon.colcon_core.package_identification:_identify(action﻿) by extensions ['python_setup_py']
[0.282s] Level 1:colcon.colcon_core.package_identification:_identify(action﻿) by extension 'python_setup_py'
[0.283s] Level 1:colcon.colcon_core.package_identification:_identify(build) by extensions ['ignore', 'ignore_ament_install']
[0.283s] Level 1:colcon.colcon_core.package_identification:_identify(build) by extension 'ignore'
[0.283s] Level 1:colcon.colcon_core.package_identification:_identify(build) ignored
[0.283s] Level 1:colcon.colcon_core.package_identification:_identify(install) by extensions ['ignore', 'ignore_ament_install']
[0.283s] Level 1:colcon.colcon_core.package_identification:_identify(install) by extension 'ignore'
[0.283s] Level 1:colcon.colcon_core.package_identification:_identify(install) ignored
[0.283s] Level 1:colcon.colcon_core.package_identification:_identify(log) by extensions ['ignore', 'ignore_ament_install']
[0.283s] Level 1:colcon.colcon_core.package_identification:_identify(log) by extension 'ignore'
[0.283s] Level 1:colcon.colcon_core.package_identification:_identify(log) ignored
[0.283s] Level 1:colcon.colcon_core.package_identification:_identify(msg) by extensions ['ignore', 'ignore_ament_install']
[0.283s] Level 1:colcon.colcon_core.package_identification:_identify(msg) by extension 'ignore'
[0.283s] Level 1:colcon.colcon_core.package_identification:_identify(msg) by extension 'ignore_ament_install'
[0.283s] Level 1:colcon.colcon_core.package_identification:_identify(msg) by extensions ['colcon_pkg']
[0.283s] Level 1:colcon.colcon_core.package_identification:_identify(msg) by extension 'colcon_pkg'
[0.283s] Level 1:colcon.colcon_core.package_identification:_identify(msg) by extensions ['colcon_meta']
[0.283s] Level 1:colcon.colcon_core.package_identification:_identify(msg) by extension 'colcon_meta'
[0.283s] Level 1:colcon.colcon_core.package_identification:_identify(msg) by extensions ['ros']
[0.283s] Level 1:colcon.colcon_core.package_identification:_identify(msg) by extension 'ros'
[0.283s] Level 1:colcon.colcon_core.package_identification:_identify(msg) by extensions ['cmake', 'python']
[0.284s] Level 1:colcon.colcon_core.package_identification:_identify(msg) by extension 'cmake'
[0.284s] Level 1:colcon.colcon_core.package_identification:_identify(msg) by extension 'python'
[0.284s] Level 1:colcon.colcon_core.package_identification:_identify(msg) by extensions ['python_setup_py']
[0.284s] Level 1:colcon.colcon_core.package_identification:_identify(msg) by extension 'python_setup_py'
[0.284s] Level 1:colcon.colcon_core.package_identification:_identify(src) by extensions ['ignore', 'ignore_ament_install']
[0.284s] Level 1:colcon.colcon_core.package_identification:_identify(src) by extension 'ignore'
[0.284s] Level 1:colcon.colcon_core.package_identification:_identify(src) by extension 'ignore_ament_install'
[0.284s] Level 1:colcon.colcon_core.package_identification:_identify(src) by extensions ['colcon_pkg']
[0.284s] Level 1:colcon.colcon_core.package_identification:_identify(src) by extension 'colcon_pkg'
[0.284s] Level 1:colcon.colcon_core.package_identification:_identify(src) by extensions ['colcon_meta']
[0.284s] Level 1:colcon.colcon_core.package_identification:_identify(src) by extension 'colcon_meta'
[0.284s] Level 1:colcon.colcon_core.package_identification:_identify(src) by extensions ['ros']
[0.284s] Level 1:colcon.colcon_core.package_identification:_identify(src) by extension 'ros'
[0.284s] Level 1:colcon.colcon_core.package_identification:_identify(src) by extensions ['cmake', 'python']
[0.284s] Level 1:colcon.colcon_core.package_identification:_identify(src) by extension 'cmake'
[0.284s] Level 1:colcon.colcon_core.package_identification:_identify(src) by extension 'python'
[0.284s] Level 1:colcon.colcon_core.package_identification:_identify(src) by extensions ['python_setup_py']
[0.284s] Level 1:colcon.colcon_core.package_identification:_identify(src) by extension 'python_setup_py'
[0.284s] Level 1:colcon.colcon_core.package_identification:_identify(src/msg_srv_action_interface_example) by extensions ['ignore', 'ignore_ament_install']
[0.284s] Level 1:colcon.colcon_core.package_identification:_identify(src/msg_srv_action_interface_example) by extension 'ignore'
[0.284s] Level 1:colcon.colcon_core.package_identification:_identify(src/msg_srv_action_interface_example) by extension 'ignore_ament_install'
[0.284s] Level 1:colcon.colcon_core.package_identification:_identify(src/msg_srv_action_interface_example) by extensions ['colcon_pkg']
[0.284s] Level 1:colcon.colcon_core.package_identification:_identify(src/msg_srv_action_interface_example) by extension 'colcon_pkg'
[0.284s] Level 1:colcon.colcon_core.package_identification:_identify(src/msg_srv_action_interface_example) by extensions ['colcon_meta']
[0.284s] Level 1:colcon.colcon_core.package_identification:_identify(src/msg_srv_action_interface_example) by extension 'colcon_meta'
[0.284s] Level 1:colcon.colcon_core.package_identification:_identify(src/msg_srv_action_interface_example) by extensions ['ros']
[0.284s] Level 1:colcon.colcon_core.package_identification:_identify(src/msg_srv_action_interface_example) by extension 'ros'
[0.287s] DEBUG:colcon.colcon_core.package_identification:Package 'src/msg_srv_action_interface_example' with type 'ros.ament_cmake' and name 'msg_srv_action_interface_example'
[0.287s] Level 1:colcon.colcon_core.package_identification:_identify(src/my_first_package_msgs) by extensions ['ignore', 'ignore_ament_install']
[0.287s] Level 1:colcon.colcon_core.package_identification:_identify(src/my_first_package_msgs) by extension 'ignore'
[0.287s] Level 1:colcon.colcon_core.package_identification:_identify(src/my_first_package_msgs) by extension 'ignore_ament_install'
[0.288s] Level 1:colcon.colcon_core.package_identification:_identify(src/my_first_package_msgs) by extensions ['colcon_pkg']
[0.288s] Level 1:colcon.colcon_core.package_identification:_identify(src/my_first_package_msgs) by extension 'colcon_pkg'
[0.288s] Level 1:colcon.colcon_core.package_identification:_identify(src/my_first_package_msgs) by extensions ['colcon_meta']
[0.288s] Level 1:colcon.colcon_core.package_identification:_identify(src/my_first_package_msgs) by extension 'colcon_meta'
[0.288s] Level 1:colcon.colcon_core.package_identification:_identify(src/my_first_package_msgs) by extensions ['ros']
[0.288s] Level 1:colcon.colcon_core.package_identification:_identify(src/my_first_package_msgs) by extension 'ros'
[0.288s] DEBUG:colcon.colcon_core.package_identification:Package 'src/my_first_package_msgs' with type 'ros.ament_cmake' and name 'my_first_package_msgs'
[0.288s] Level 1:colcon.colcon_core.package_identification:_identify(src/my_first_ros_rclpy_pkg) by extensions ['ignore', 'ignore_ament_install']
[0.288s] Level 1:colcon.colcon_core.package_identification:_identify(src/my_first_ros_rclpy_pkg) by extension 'ignore'
[0.288s] Level 1:colcon.colcon_core.package_identification:_identify(src/my_first_ros_rclpy_pkg) by extension 'ignore_ament_install'
[0.288s] Level 1:colcon.colcon_core.package_identification:_identify(src/my_first_ros_rclpy_pkg) by extensions ['colcon_pkg']
[0.288s] Level 1:colcon.colcon_core.package_identification:_identify(src/my_first_ros_rclpy_pkg) by extension 'colcon_pkg'
[0.288s] Level 1:colcon.colcon_core.package_identification:_identify(src/my_first_ros_rclpy_pkg) by extensions ['colcon_meta']
[0.288s] Level 1:colcon.colcon_core.package_identification:_identify(src/my_first_ros_rclpy_pkg) by extension 'colcon_meta'
[0.289s] Level 1:colcon.colcon_core.package_identification:_identify(src/my_first_ros_rclpy_pkg) by extensions ['ros']
[0.289s] Level 1:colcon.colcon_core.package_identification:_identify(src/my_first_ros_rclpy_pkg) by extension 'ros'
[0.289s] DEBUG:colcon.colcon_core.package_identification:Package 'src/my_first_ros_rclpy_pkg' with type 'ros.ament_python' and name 'my_first_ros_rclpy_pkg'
[0.289s] Level 1:colcon.colcon_core.package_identification:_identify(src/my_move_turtle_pkg) by extensions ['ignore', 'ignore_ament_install']
[0.289s] Level 1:colcon.colcon_core.package_identification:_identify(src/my_move_turtle_pkg) by extension 'ignore'
[0.289s] Level 1:colcon.colcon_core.package_identification:_identify(src/my_move_turtle_pkg) by extension 'ignore_ament_install'
[0.289s] Level 1:colcon.colcon_core.package_identification:_identify(src/my_move_turtle_pkg) by extensions ['colcon_pkg']
[0.289s] Level 1:colcon.colcon_core.package_identification:_identify(src/my_move_turtle_pkg) by extension 'colcon_pkg'
[0.289s] Level 1:colcon.colcon_core.package_identification:_identify(src/my_move_turtle_pkg) by extensions ['colcon_meta']
[0.289s] Level 1:colcon.colcon_core.package_identification:_identify(src/my_move_turtle_pkg) by extension 'colcon_meta'
[0.289s] Level 1:colcon.colcon_core.package_identification:_identify(src/my_move_turtle_pkg) by extensions ['ros']
[0.289s] Level 1:colcon.colcon_core.package_identification:_identify(src/my_move_turtle_pkg) by extension 'ros'
[0.290s] DEBUG:colcon.colcon_core.package_identification:Package 'src/my_move_turtle_pkg' with type 'ros.ament_python' and name 'turtle_pkg'
[0.290s] Level 1:colcon.colcon_core.package_identification:_identify(src/my_turtlebot_pkg) by extensions ['ignore', 'ignore_ament_install']
[0.290s] Level 1:colcon.colcon_core.package_identification:_identify(src/my_turtlebot_pkg) by extension 'ignore'
[0.290s] Level 1:colcon.colcon_core.package_identification:_identify(src/my_turtlebot_pkg) by extension 'ignore_ament_install'
[0.290s] Level 1:colcon.colcon_core.package_identification:_identify(src/my_turtlebot_pkg) by extensions ['colcon_pkg']
[0.290s] Level 1:colcon.colcon_core.package_identification:_identify(src/my_turtlebot_pkg) by extension 'colcon_pkg'
[0.290s] Level 1:colcon.colcon_core.package_identification:_identify(src/my_turtlebot_pkg) by extensions ['colcon_meta']
[0.290s] Level 1:colcon.colcon_core.package_identification:_identify(src/my_turtlebot_pkg) by extension 'colcon_meta'
[0.290s] Level 1:colcon.colcon_core.package_identification:_identify(src/my_turtlebot_pkg) by extensions ['ros']
[0.290s] Level 1:colcon.colcon_core.package_identification:_identify(src/my_turtlebot_pkg) by extension 'ros'
[0.291s] DEBUG:colcon.colcon_core.package_identification:Package 'src/my_turtlebot_pkg' with type 'ros.ament_python' and name 'my_turtlebot_pkg'
[0.291s] Level 1:colcon.colcon_core.package_identification:_identify(src/ros_time_pkg) by extensions ['ignore', 'ignore_ament_install']
[0.291s] Level 1:colcon.colcon_core.package_identification:_identify(src/ros_time_pkg) by extension 'ignore'
[0.291s] Level 1:colcon.colcon_core.package_identification:_identify(src/ros_time_pkg) by extension 'ignore_ament_install'
[0.291s] Level 1:colcon.colcon_core.package_identification:_identify(src/ros_time_pkg) by extensions ['colcon_pkg']
[0.291s] Level 1:colcon.colcon_core.package_identification:_identify(src/ros_time_pkg) by extension 'colcon_pkg'
[0.291s] Level 1:colcon.colcon_core.package_identification:_identify(src/ros_time_pkg) by extensions ['colcon_meta']
[0.291s] Level 1:colcon.colcon_core.package_identification:_identify(src/ros_time_pkg) by extension 'colcon_meta'
[0.291s] Level 1:colcon.colcon_core.package_identification:_identify(src/ros_time_pkg) by extensions ['ros']
[0.291s] Level 1:colcon.colcon_core.package_identification:_identify(src/ros_time_pkg) by extension 'ros'
[0.292s] DEBUG:colcon.colcon_core.package_identification:Package 'src/ros_time_pkg' with type 'ros.ament_python' and name 'ros_time_pkg'
[0.292s] Level 1:colcon.colcon_core.package_identification:_identify(src/topic_service_action_rclpy_example) by extensions ['ignore', 'ignore_ament_install']
[0.292s] Level 1:colcon.colcon_core.package_identification:_identify(src/topic_service_action_rclpy_example) by extension 'ignore'
[0.292s] Level 1:colcon.colcon_core.package_identification:_identify(src/topic_service_action_rclpy_example) by extension 'ignore_ament_install'
[0.292s] Level 1:colcon.colcon_core.package_identification:_identify(src/topic_service_action_rclpy_example) by extensions ['colcon_pkg']
[0.292s] Level 1:colcon.colcon_core.package_identification:_identify(src/topic_service_action_rclpy_example) by extension 'colcon_pkg'
[0.292s] Level 1:colcon.colcon_core.package_identification:_identify(src/topic_service_action_rclpy_example) by extensions ['colcon_meta']
[0.292s] Level 1:colcon.colcon_core.package_identification:_identify(src/topic_service_action_rclpy_example) by extension 'colcon_meta'
[0.292s] Level 1:colcon.colcon_core.package_identification:_identify(src/topic_service_action_rclpy_example) by extensions ['ros']
[0.292s] Level 1:colcon.colcon_core.package_identification:_identify(src/topic_service_action_rclpy_example) by extension 'ros'
[0.293s] DEBUG:colcon.colcon_core.package_identification:Package 'src/topic_service_action_rclpy_example' with type 'ros.ament_python' and name 'topic_service_action_rclpy_example'
[0.293s] Level 1:colcon.colcon_core.package_identification:_identify(srv) by extensions ['ignore', 'ignore_ament_install']
[0.293s] Level 1:colcon.colcon_core.package_identification:_identify(srv) by extension 'ignore'
[0.293s] Level 1:colcon.colcon_core.package_identification:_identify(srv) by extension 'ignore_ament_install'
[0.293s] Level 1:colcon.colcon_core.package_identification:_identify(srv) by extensions ['colcon_pkg']
[0.293s] Level 1:colcon.colcon_core.package_identification:_identify(srv) by extension 'colcon_pkg'
[0.293s] Level 1:colcon.colcon_core.package_identification:_identify(srv) by extensions ['colcon_meta']
[0.293s] Level 1:colcon.colcon_core.package_identification:_identify(srv) by extension 'colcon_meta'
[0.293s] Level 1:colcon.colcon_core.package_identification:_identify(srv) by extensions ['ros']
[0.293s] Level 1:colcon.colcon_core.package_identification:_identify(srv) by extension 'ros'
[0.293s] Level 1:colcon.colcon_core.package_identification:_identify(srv) by extensions ['cmake', 'python']
[0.293s] Level 1:colcon.colcon_core.package_identification:_identify(srv) by extension 'cmake'
[0.293s] Level 1:colcon.colcon_core.package_identification:_identify(srv) by extension 'python'
[0.293s] Level 1:colcon.colcon_core.package_identification:_identify(srv) by extensions ['python_setup_py']
[0.293s] Level 1:colcon.colcon_core.package_identification:_identify(srv) by extension 'python_setup_py'
[0.293s] Level 1:colcon.colcon_core.package_discovery:discover_packages(recursive) using defaults
[0.293s] Level 1:colcon.colcon_core.package_discovery:discover_packages(ignore) discover
[0.293s] Level 1:colcon.colcon_core.package_discovery:discover_packages(ignore) using defaults
[0.293s] Level 1:colcon.colcon_core.package_discovery:discover_packages(path) discover
[0.293s] Level 1:colcon.colcon_core.package_discovery:discover_packages(path) using defaults
[0.311s] Level 1:colcon.colcon_core.package_discovery:discover_packages(prefix_path) check parameters
[0.311s] Level 1:colcon.colcon_core.package_discovery:discover_packages(prefix_path) discover
[0.313s] DEBUG:colcon.colcon_installed_package_information.package_discovery:Found 15 installed packages in /home/noh0906/turtlebot3_ws/install
[0.314s] DEBUG:colcon.colcon_installed_package_information.package_discovery:Found 8 installed packages in /home/noh0906/robot_ws/install
[0.315s] DEBUG:colcon.colcon_installed_package_information.package_discovery:Found 412 installed packages in /opt/ros/humble
[0.317s] Level 1:colcon.colcon_core.package_discovery:discover_packages(prefix_path) using defaults
[0.355s] Level 5:colcon.colcon_core.verb:set package 'msg_srv_action_interface_example' build argument 'cmake_args' from command line to 'None'
[0.355s] Level 5:colcon.colcon_core.verb:set package 'msg_srv_action_interface_example' build argument 'cmake_target' from command line to 'None'
[0.355s] Level 5:colcon.colcon_core.verb:set package 'msg_srv_action_interface_example' build argument 'cmake_target_skip_unavailable' from command line to 'False'
[0.355s] Level 5:colcon.colcon_core.verb:set package 'msg_srv_action_interface_example' build argument 'cmake_clean_cache' from command line to 'False'
[0.355s] Level 5:colcon.colcon_core.verb:set package 'msg_srv_action_interface_example' build argument 'cmake_clean_first' from command line to 'False'
[0.355s] Level 5:colcon.colcon_core.verb:set package 'msg_srv_action_interface_example' build argument 'cmake_force_configure' from command line to 'False'
[0.355s] Level 5:colcon.colcon_core.verb:set package 'msg_srv_action_interface_example' build argument 'ament_cmake_args' from command line to 'None'
[0.355s] Level 5:colcon.colcon_core.verb:set package 'msg_srv_action_interface_example' build argument 'catkin_cmake_args' from command line to 'None'
[0.355s] Level 5:colcon.colcon_core.verb:set package 'msg_srv_action_interface_example' build argument 'catkin_skip_building_tests' from command line to 'False'
[0.355s] DEBUG:colcon.colcon_core.verb:Building package 'msg_srv_action_interface_example' with the following arguments: {'ament_cmake_args': None, 'build_base': '/home/noh0906/robot_ws/build/msg_srv_action_interface_example', 'catkin_cmake_args': None, 'catkin_skip_building_tests': False, 'cmake_args': None, 'cmake_clean_cache': False, 'cmake_clean_first': False, 'cmake_force_configure': False, 'cmake_target': None, 'cmake_target_skip_unavailable': False, 'install_base': '/home/noh0906/robot_ws/install/msg_srv_action_interface_example', 'merge_install': False, 'path': '/home/noh0906/robot_ws/src/msg_srv_action_interface_example', 'symlink_install': True, 'test_result_base': None}
[0.356s] Level 5:colcon.colcon_core.verb:set package 'my_first_package_msgs' build argument 'cmake_args' from command line to 'None'
[0.356s] Level 5:colcon.colcon_core.verb:set package 'my_first_package_msgs' build argument 'cmake_target' from command line to 'None'
[0.356s] Level 5:colcon.colcon_core.verb:set package 'my_first_package_msgs' build argument 'cmake_target_skip_unavailable' from command line to 'False'
[0.356s] Level 5:colcon.colcon_core.verb:set package 'my_first_package_msgs' build argument 'cmake_clean_cache' from command line to 'False'
[0.356s] Level 5:colcon.colcon_core.verb:set package 'my_first_package_msgs' build argument 'cmake_clean_first' from command line to 'False'
[0.356s] Level 5:colcon.colcon_core.verb:set package 'my_first_package_msgs' build argument 'cmake_force_configure' from command line to 'False'
[0.356s] Level 5:colcon.colcon_core.verb:set package 'my_first_package_msgs' build argument 'ament_cmake_args' from command line to 'None'
[0.356s] Level 5:colcon.colcon_core.verb:set package 'my_first_package_msgs' build argument 'catkin_cmake_args' from command line to 'None'
[0.356s] Level 5:colcon.colcon_core.verb:set package 'my_first_package_msgs' build argument 'catkin_skip_building_tests' from command line to 'False'
[0.356s] DEBUG:colcon.colcon_core.verb:Building package 'my_first_package_msgs' with the following arguments: {'ament_cmake_args': None, 'build_base': '/home/noh0906/robot_ws/build/my_first_package_msgs', 'catkin_cmake_args': None, 'catkin_skip_building_tests': False, 'cmake_args': None, 'cmake_clean_cache': False, 'cmake_clean_first': False, 'cmake_force_configure': False, 'cmake_target': None, 'cmake_target_skip_unavailable': False, 'install_base': '/home/noh0906/robot_ws/install/my_first_package_msgs', 'merge_install': False, 'path': '/home/noh0906/robot_ws/src/my_first_package_msgs', 'symlink_install': True, 'test_result_base': None}
[0.356s] Level 5:colcon.colcon_core.verb:set package 'my_first_ros_rclpy_pkg' build argument 'cmake_args' from command line to 'None'
[0.356s] Level 5:colcon.colcon_core.verb:set package 'my_first_ros_rclpy_pkg' build argument 'cmake_target' from command line to 'None'
[0.356s] Level 5:colcon.colcon_core.verb:set package 'my_first_ros_rclpy_pkg' build argument 'cmake_target_skip_unavailable' from command line to 'False'
[0.356s] Level 5:colcon.colcon_core.verb:set package 'my_first_ros_rclpy_pkg' build argument 'cmake_clean_cache' from command line to 'False'
[0.356s] Level 5:colcon.colcon_core.verb:set package 'my_first_ros_rclpy_pkg' build argument 'cmake_clean_first' from command line to 'False'
[0.356s] Level 5:colcon.colcon_core.verb:set package 'my_first_ros_rclpy_pkg' build argument 'cmake_force_configure' from command line to 'False'
[0.356s] Level 5:colcon.colcon_core.verb:set package 'my_first_ros_rclpy_pkg' build argument 'ament_cmake_args' from command line to 'None'
[0.356s] Level 5:colcon.colcon_core.verb:set package 'my_first_ros_rclpy_pkg' build argument 'catkin_cmake_args' from command line to 'None'
[0.356s] Level 5:colcon.colcon_core.verb:set package 'my_first_ros_rclpy_pkg' build argument 'catkin_skip_building_tests' from command line to 'False'
[0.356s] DEBUG:colcon.colcon_core.verb:Building package 'my_first_ros_rclpy_pkg' with the following arguments: {'ament_cmake_args': None, 'build_base': '/home/noh0906/robot_ws/build/my_first_ros_rclpy_pkg', 'catkin_cmake_args': None, 'catkin_skip_building_tests': False, 'cmake_args': None, 'cmake_clean_cache': False, 'cmake_clean_first': False, 'cmake_force_configure': False, 'cmake_target': None, 'cmake_target_skip_unavailable': False, 'install_base': '/home/noh0906/robot_ws/install/my_first_ros_rclpy_pkg', 'merge_install': False, 'path': '/home/noh0906/robot_ws/src/my_first_ros_rclpy_pkg', 'symlink_install': True, 'test_result_base': None}
[0.357s] Level 5:colcon.colcon_core.verb:set package 'my_turtlebot_pkg' build argument 'cmake_args' from command line to 'None'
[0.357s] Level 5:colcon.colcon_core.verb:set package 'my_turtlebot_pkg' build argument 'cmake_target' from command line to 'None'
[0.357s] Level 5:colcon.colcon_core.verb:set package 'my_turtlebot_pkg' build argument 'cmake_target_skip_unavailable' from command line to 'False'
[0.357s] Level 5:colcon.colcon_core.verb:set package 'my_turtlebot_pkg' build argument 'cmake_clean_cache' from command line to 'False'
[0.357s] Level 5:colcon.colcon_core.verb:set package 'my_turtlebot_pkg' build argument 'cmake_clean_first' from command line to 'False'
[0.357s] Level 5:colcon.colcon_core.verb:set package 'my_turtlebot_pkg' build argument 'cmake_force_configure' from command line to 'False'
[0.357s] Level 5:colcon.colcon_core.verb:set package 'my_turtlebot_pkg' build argument 'ament_cmake_args' from command line to 'None'
[0.357s] Level 5:colcon.colcon_core.verb:set package 'my_turtlebot_pkg' build argument 'catkin_cmake_args' from command line to 'None'
[0.357s] Level 5:colcon.colcon_core.verb:set package 'my_turtlebot_pkg' build argument 'catkin_skip_building_tests' from command line to 'False'
[0.357s] DEBUG:colcon.colcon_core.verb:Building package 'my_turtlebot_pkg' with the following arguments: {'ament_cmake_args': None, 'build_base': '/home/noh0906/robot_ws/build/my_turtlebot_pkg', 'catkin_cmake_args': None, 'catkin_skip_building_tests': False, 'cmake_args': None, 'cmake_clean_cache': False, 'cmake_clean_first': False, 'cmake_force_configure': False, 'cmake_target': None, 'cmake_target_skip_unavailable': False, 'install_base': '/home/noh0906/robot_ws/install/my_turtlebot_pkg', 'merge_install': False, 'path': '/home/noh0906/robot_ws/src/my_turtlebot_pkg', 'symlink_install': True, 'test_result_base': None}
[0.357s] Level 5:colcon.colcon_core.verb:set package 'ros_time_pkg' build argument 'cmake_args' from command line to 'None'
[0.357s] Level 5:colcon.colcon_core.verb:set package 'ros_time_pkg' build argument 'cmake_target' from command line to 'None'
[0.357s] Level 5:colcon.colcon_core.verb:set package 'ros_time_pkg' build argument 'cmake_target_skip_unavailable' from command line to 'False'
[0.357s] Level 5:colcon.colcon_core.verb:set package 'ros_time_pkg' build argument 'cmake_clean_cache' from command line to 'False'
[0.357s] Level 5:colcon.colcon_core.verb:set package 'ros_time_pkg' build argument 'cmake_clean_first' from command line to 'False'
[0.357s] Level 5:colcon.colcon_core.verb:set package 'ros_time_pkg' build argument 'cmake_force_configure' from command line to 'False'
[0.357s] Level 5:colcon.colcon_core.verb:set package 'ros_time_pkg' build argument 'ament_cmake_args' from command line to 'None'
[0.357s] Level 5:colcon.colcon_core.verb:set package 'ros_time_pkg' build argument 'catkin_cmake_args' from command line to 'None'
[0.357s] Level 5:colcon.colcon_core.verb:set package 'ros_time_pkg' build argument 'catkin_skip_building_tests' from command line to 'False'
[0.357s] DEBUG:colcon.colcon_core.verb:Building package 'ros_time_pkg' with the following arguments: {'ament_cmake_args': None, 'build_base': '/home/noh0906/robot_ws/build/ros_time_pkg', 'catkin_cmake_args': None, 'catkin_skip_building_tests': False, 'cmake_args': None, 'cmake_clean_cache': False, 'cmake_clean_first': False, 'cmake_force_configure': False, 'cmake_target': None, 'cmake_target_skip_unavailable': False, 'install_base': '/home/noh0906/robot_ws/install/ros_time_pkg', 'merge_install': False, 'path': '/home/noh0906/robot_ws/src/ros_time_pkg', 'symlink_install': True, 'test_result_base': None}
[0.358s] Level 5:colcon.colcon_core.verb:set package 'topic_service_action_rclpy_example' build argument 'cmake_args' from command line to 'None'
[0.358s] Level 5:colcon.colcon_core.verb:set package 'topic_service_action_rclpy_example' build argument 'cmake_target' from command line to 'None'
[0.358s] Level 5:colcon.colcon_core.verb:set package 'topic_service_action_rclpy_example' build argument 'cmake_target_skip_unavailable' from command line to 'False'
[0.358s] Level 5:colcon.colcon_core.verb:set package 'topic_service_action_rclpy_example' build argument 'cmake_clean_cache' from command line to 'False'
[0.358s] Level 5:colcon.colcon_core.verb:set package 'topic_service_action_rclpy_example' build argument 'cmake_clean_first' from command line to 'False'
[0.358s] Level 5:colcon.colcon_core.verb:set package 'topic_service_action_rclpy_example' build argument 'cmake_force_configure' from command line to 'False'
[0.358s] Level 5:colcon.colcon_core.verb:set package 'topic_service_action_rclpy_example' build argument 'ament_cmake_args' from command line to 'None'
[0.358s] Level 5:colcon.colcon_core.verb:set package 'topic_service_action_rclpy_example' build argument 'catkin_cmake_args' from command line to 'None'
[0.358s] Level 5:colcon.colcon_core.verb:set package 'topic_service_action_rclpy_example' build argument 'catkin_skip_building_tests' from command line to 'False'
[0.358s] DEBUG:colcon.colcon_core.verb:Building package 'topic_service_action_rclpy_example' with the following arguments: {'ament_cmake_args': None, 'build_base': '/home/noh0906/robot_ws/build/topic_service_action_rclpy_example', 'catkin_cmake_args': None, 'catkin_skip_building_tests': False, 'cmake_args': None, 'cmake_clean_cache': False, 'cmake_clean_first': False, 'cmake_force_configure': False, 'cmake_target': None, 'cmake_target_skip_unavailable': False, 'install_base': '/home/noh0906/robot_ws/install/topic_service_action_rclpy_example', 'merge_install': False, 'path': '/home/noh0906/robot_ws/src/topic_service_action_rclpy_example', 'symlink_install': True, 'test_result_base': None}
[0.358s] Level 5:colcon.colcon_core.verb:set package 'turtle_pkg' build argument 'cmake_args' from command line to 'None'
[0.358s] Level 5:colcon.colcon_core.verb:set package 'turtle_pkg' build argument 'cmake_target' from command line to 'None'
[0.358s] Level 5:colcon.colcon_core.verb:set package 'turtle_pkg' build argument 'cmake_target_skip_unavailable' from command line to 'False'
[0.358s] Level 5:colcon.colcon_core.verb:set package 'turtle_pkg' build argument 'cmake_clean_cache' from command line to 'False'
[0.358s] Level 5:colcon.colcon_core.verb:set package 'turtle_pkg' build argument 'cmake_clean_first' from command line to 'False'
[0.358s] Level 5:colcon.colcon_core.verb:set package 'turtle_pkg' build argument 'cmake_force_configure' from command line to 'False'
[0.358s] Level 5:colcon.colcon_core.verb:set package 'turtle_pkg' build argument 'ament_cmake_args' from command line to 'None'
[0.358s] Level 5:colcon.colcon_core.verb:set package 'turtle_pkg' build argument 'catkin_cmake_args' from command line to 'None'
[0.358s] Level 5:colcon.colcon_core.verb:set package 'turtle_pkg' build argument 'catkin_skip_building_tests' from command line to 'False'
[0.358s] DEBUG:colcon.colcon_core.verb:Building package 'turtle_pkg' with the following arguments: {'ament_cmake_args': None, 'build_base': '/home/noh0906/robot_ws/build/turtle_pkg', 'catkin_cmake_args': None, 'catkin_skip_building_tests': False, 'cmake_args': None, 'cmake_clean_cache': False, 'cmake_clean_first': False, 'cmake_force_configure': False, 'cmake_target': None, 'cmake_target_skip_unavailable': False, 'install_base': '/home/noh0906/robot_ws/install/turtle_pkg', 'merge_install': False, 'path': '/home/noh0906/robot_ws/src/my_move_turtle_pkg', 'symlink_install': True, 'test_result_base': None}
[0.358s] INFO:colcon.colcon_core.executor:Executing jobs using 'parallel' executor
[0.360s] DEBUG:colcon.colcon_parallel_executor.executor.parallel:run_until_complete
[0.360s] INFO:colcon.colcon_ros.task.ament_cmake.build:Building ROS package in '/home/noh0906/robot_ws/src/msg_srv_action_interface_example' with build type 'ament_cmake'
[0.360s] INFO:colcon.colcon_cmake.task.cmake.build:Building CMake package in '/home/noh0906/robot_ws/src/msg_srv_action_interface_example'
[0.362s] INFO:colcon.colcon_core.plugin_system:Skipping extension 'colcon_core.shell.bat': Not used on non-Windows systems
[0.363s] INFO:colcon.colcon_core.shell:Skip shell extension 'powershell' for command environment: Not usable outside of PowerShell
[0.363s] DEBUG:colcon.colcon_core.shell:Skip shell extension 'dsv' for command environment
[0.368s] INFO:colcon.colcon_ros.task.ament_cmake.build:Building ROS package in '/home/noh0906/robot_ws/src/my_first_package_msgs' with build type 'ament_cmake'
[0.368s] INFO:colcon.colcon_cmake.task.cmake.build:Building CMake package in '/home/noh0906/robot_ws/src/my_first_package_msgs'
[0.368s] INFO:colcon.colcon_core.shell:Skip shell extension 'powershell' for command environment: Not usable outside of PowerShell
[0.368s] DEBUG:colcon.colcon_core.shell:Skip shell extension 'dsv' for command environment
[0.384s] DEBUG:colcon.colcon_core.event_handler.log_command:Invoking command in '/home/noh0906/robot_ws/build/msg_srv_action_interface_example': CMAKE_PREFIX_PATH=${CMAKE_PREFIX_PATH}:/home/noh0906/robot_ws/install/my_turtlebot_pkg:/home/noh0906/turtlebot3_ws/install/turtlebot3_teleop:/home/noh0906/turtlebot3_ws/install/turtlebot3_example:/home/noh0906/turtlebot3_ws/install/turtlebot3_dqn:/home/noh0906/robot_ws/install/turtle_pkg:/home/noh0906/robot_ws/install/topic_service_action_rclpy_example:/home/noh0906/robot_ws/install/ros_time_pkg:/home/noh0906/robot_ws/install/my_move_turtle_pkg:/home/noh0906/robot_ws/install/my_first_ros_rclpy_pkg:/opt/ros/humble /usr/bin/cmake --build /home/noh0906/robot_ws/build/msg_srv_action_interface_example -- -j2 -l2
[0.389s] DEBUG:colcon.colcon_core.event_handler.log_command:Invoking command in '/home/noh0906/robot_ws/build/my_first_package_msgs': CMAKE_PREFIX_PATH=${CMAKE_PREFIX_PATH}:/home/noh0906/robot_ws/install/my_turtlebot_pkg:/home/noh0906/turtlebot3_ws/install/turtlebot3_teleop:/home/noh0906/turtlebot3_ws/install/turtlebot3_example:/home/noh0906/turtlebot3_ws/install/turtlebot3_dqn:/home/noh0906/robot_ws/install/turtle_pkg:/home/noh0906/robot_ws/install/topic_service_action_rclpy_example:/home/noh0906/robot_ws/install/ros_time_pkg:/home/noh0906/robot_ws/install/my_move_turtle_pkg:/home/noh0906/robot_ws/install/my_first_ros_rclpy_pkg:/opt/ros/humble /usr/bin/cmake --build /home/noh0906/robot_ws/build/my_first_package_msgs -- -j2 -l2
[1.181s] DEBUG:colcon.colcon_core.event_handler.log_command:Invoked command in '/home/noh0906/robot_ws/build/my_first_package_msgs' returned '0': CMAKE_PREFIX_PATH=${CMAKE_PREFIX_PATH}:/home/noh0906/robot_ws/install/my_turtlebot_pkg:/home/noh0906/turtlebot3_ws/install/turtlebot3_teleop:/home/noh0906/turtlebot3_ws/install/turtlebot3_example:/home/noh0906/turtlebot3_ws/install/turtlebot3_dqn:/home/noh0906/robot_ws/install/turtle_pkg:/home/noh0906/robot_ws/install/topic_service_action_rclpy_example:/home/noh0906/robot_ws/install/ros_time_pkg:/home/noh0906/robot_ws/install/my_move_turtle_pkg:/home/noh0906/robot_ws/install/my_first_ros_rclpy_pkg:/opt/ros/humble /usr/bin/cmake --build /home/noh0906/robot_ws/build/my_first_package_msgs -- -j2 -l2
[1.193s] DEBUG:colcon.colcon_core.event_handler.log_command:Invoking command in '/home/noh0906/robot_ws/build/my_first_package_msgs': CMAKE_PREFIX_PATH=${CMAKE_PREFIX_PATH}:/home/noh0906/robot_ws/install/my_turtlebot_pkg:/home/noh0906/turtlebot3_ws/install/turtlebot3_teleop:/home/noh0906/turtlebot3_ws/install/turtlebot3_example:/home/noh0906/turtlebot3_ws/install/turtlebot3_dqn:/home/noh0906/robot_ws/install/turtle_pkg:/home/noh0906/robot_ws/install/topic_service_action_rclpy_example:/home/noh0906/robot_ws/install/ros_time_pkg:/home/noh0906/robot_ws/install/my_move_turtle_pkg:/home/noh0906/robot_ws/install/my_first_ros_rclpy_pkg:/opt/ros/humble /usr/bin/cmake --install /home/noh0906/robot_ws/build/my_first_package_msgs
[1.202s] DEBUG:colcon.colcon_core.event_handler.log_command:Invoked command in '/home/noh0906/robot_ws/build/msg_srv_action_interface_example' returned '0': CMAKE_PREFIX_PATH=${CMAKE_PREFIX_PATH}:/home/noh0906/robot_ws/install/my_turtlebot_pkg:/home/noh0906/turtlebot3_ws/install/turtlebot3_teleop:/home/noh0906/turtlebot3_ws/install/turtlebot3_example:/home/noh0906/turtlebot3_ws/install/turtlebot3_dqn:/home/noh0906/robot_ws/install/turtle_pkg:/home/noh0906/robot_ws/install/topic_service_action_rclpy_example:/home/noh0906/robot_ws/install/ros_time_pkg:/home/noh0906/robot_ws/install/my_move_turtle_pkg:/home/noh0906/robot_ws/install/my_first_ros_rclpy_pkg:/opt/ros/humble /usr/bin/cmake --build /home/noh0906/robot_ws/build/msg_srv_action_interface_example -- -j2 -l2
[1.204s] DEBUG:colcon.colcon_core.event_handler.log_command:Invoking command in '/home/noh0906/robot_ws/build/msg_srv_action_interface_example': CMAKE_PREFIX_PATH=${CMAKE_PREFIX_PATH}:/home/noh0906/robot_ws/install/my_turtlebot_pkg:/home/noh0906/turtlebot3_ws/install/turtlebot3_teleop:/home/noh0906/turtlebot3_ws/install/turtlebot3_example:/home/noh0906/turtlebot3_ws/install/turtlebot3_dqn:/home/noh0906/robot_ws/install/turtle_pkg:/home/noh0906/robot_ws/install/topic_service_action_rclpy_example:/home/noh0906/robot_ws/install/ros_time_pkg:/home/noh0906/robot_ws/install/my_move_turtle_pkg:/home/noh0906/robot_ws/install/my_first_ros_rclpy_pkg:/opt/ros/humble /usr/bin/cmake --install /home/noh0906/robot_ws/build/msg_srv_action_interface_example
[1.314s] Level 1:colcon.colcon_core.environment:create_environment_scripts_only(msg_srv_action_interface_example)
[1.315s] DEBUG:colcon.colcon_core.event_handler.log_command:Invoked command in '/home/noh0906/robot_ws/build/msg_srv_action_interface_example' returned '0': CMAKE_PREFIX_PATH=${CMAKE_PREFIX_PATH}:/home/noh0906/robot_ws/install/my_turtlebot_pkg:/home/noh0906/turtlebot3_ws/install/turtlebot3_teleop:/home/noh0906/turtlebot3_ws/install/turtlebot3_example:/home/noh0906/turtlebot3_ws/install/turtlebot3_dqn:/home/noh0906/robot_ws/install/turtle_pkg:/home/noh0906/robot_ws/install/topic_service_action_rclpy_example:/home/noh0906/robot_ws/install/ros_time_pkg:/home/noh0906/robot_ws/install/my_move_turtle_pkg:/home/noh0906/robot_ws/install/my_first_ros_rclpy_pkg:/opt/ros/humble /usr/bin/cmake --install /home/noh0906/robot_ws/build/msg_srv_action_interface_example
[1.318s] Level 1:colcon.colcon_core.environment:checking '/home/noh0906/robot_ws/install/msg_srv_action_interface_example' for CMake module files
[1.319s] Level 1:colcon.colcon_core.environment:checking '/home/noh0906/robot_ws/install/msg_srv_action_interface_example' for CMake config files
[1.321s] Level 1:colcon.colcon_core.shell:create_environment_hook('msg_srv_action_interface_example', 'cmake_prefix_path')
[1.322s] INFO:colcon.colcon_core.shell:Creating environment hook '/home/noh0906/robot_ws/install/msg_srv_action_interface_example/share/msg_srv_action_interface_example/hook/cmake_prefix_path.ps1'
[1.324s] INFO:colcon.colcon_core.shell:Creating environment descriptor '/home/noh0906/robot_ws/install/msg_srv_action_interface_example/share/msg_srv_action_interface_example/hook/cmake_prefix_path.dsv'
[1.325s] INFO:colcon.colcon_core.shell:Creating environment hook '/home/noh0906/robot_ws/install/msg_srv_action_interface_example/share/msg_srv_action_interface_example/hook/cmake_prefix_path.sh'
[1.326s] Level 1:colcon.colcon_core.environment:checking '/home/noh0906/robot_ws/install/msg_srv_action_interface_example/lib'
[1.326s] Level 1:colcon.colcon_core.shell:create_environment_hook('msg_srv_action_interface_example', 'ld_library_path_lib')
[1.326s] INFO:colcon.colcon_core.shell:Creating environment hook '/home/noh0906/robot_ws/install/msg_srv_action_interface_example/share/msg_srv_action_interface_example/hook/ld_library_path_lib.ps1'
[1.326s] INFO:colcon.colcon_core.shell:Creating environment descriptor '/home/noh0906/robot_ws/install/msg_srv_action_interface_example/share/msg_srv_action_interface_example/hook/ld_library_path_lib.dsv'
[1.327s] INFO:colcon.colcon_core.shell:Creating environment hook '/home/noh0906/robot_ws/install/msg_srv_action_interface_example/share/msg_srv_action_interface_example/hook/ld_library_path_lib.sh'
[1.329s] Level 1:colcon.colcon_core.environment:checking '/home/noh0906/robot_ws/install/msg_srv_action_interface_example/bin'
[1.329s] Level 1:colcon.colcon_core.environment:checking '/home/noh0906/robot_ws/install/msg_srv_action_interface_example/lib/pkgconfig/msg_srv_action_interface_example.pc'
[1.329s] Level 1:colcon.colcon_core.environment:checking '/home/noh0906/robot_ws/install/msg_srv_action_interface_example/lib/python3.10/site-packages'
[1.329s] Level 1:colcon.colcon_core.environment:checking '/home/noh0906/robot_ws/install/msg_srv_action_interface_example/bin'
[1.330s] INFO:colcon.colcon_core.shell:Creating package script '/home/noh0906/robot_ws/install/msg_srv_action_interface_example/share/msg_srv_action_interface_example/package.ps1'
[1.330s] INFO:colcon.colcon_core.shell:Creating package descriptor '/home/noh0906/robot_ws/install/msg_srv_action_interface_example/share/msg_srv_action_interface_example/package.dsv'
[1.334s] INFO:colcon.colcon_core.shell:Creating package script '/home/noh0906/robot_ws/install/msg_srv_action_interface_example/share/msg_srv_action_interface_example/package.sh'
[1.335s] INFO:colcon.colcon_core.shell:Creating package script '/home/noh0906/robot_ws/install/msg_srv_action_interface_example/share/msg_srv_action_interface_example/package.bash'
[1.339s] INFO:colcon.colcon_core.shell:Creating package script '/home/noh0906/robot_ws/install/msg_srv_action_interface_example/share/msg_srv_action_interface_example/package.zsh'
[1.341s] Level 1:colcon.colcon_core.environment:create_file_with_runtime_dependencies(/home/noh0906/robot_ws/install/msg_srv_action_interface_example/share/colcon-core/packages/msg_srv_action_interface_example)
[1.343s] Level 1:colcon.colcon_core.environment:create_environment_scripts_only(msg_srv_action_interface_example)
[1.343s] Level 1:colcon.colcon_core.environment:checking '/home/noh0906/robot_ws/install/msg_srv_action_interface_example' for CMake module files
[1.344s] Level 1:colcon.colcon_core.environment:checking '/home/noh0906/robot_ws/install/msg_srv_action_interface_example' for CMake config files
[1.345s] Level 1:colcon.colcon_core.shell:create_environment_hook('msg_srv_action_interface_example', 'cmake_prefix_path')
[1.345s] INFO:colcon.colcon_core.shell:Creating environment hook '/home/noh0906/robot_ws/install/msg_srv_action_interface_example/share/msg_srv_action_interface_example/hook/cmake_prefix_path.ps1'
[1.346s] INFO:colcon.colcon_core.shell:Creating environment descriptor '/home/noh0906/robot_ws/install/msg_srv_action_interface_example/share/msg_srv_action_interface_example/hook/cmake_prefix_path.dsv'
[1.347s] INFO:colcon.colcon_core.shell:Creating environment hook '/home/noh0906/robot_ws/install/msg_srv_action_interface_example/share/msg_srv_action_interface_example/hook/cmake_prefix_path.sh'
[1.351s] Level 1:colcon.colcon_core.environment:checking '/home/noh0906/robot_ws/install/msg_srv_action_interface_example/lib'
[1.352s] Level 1:colcon.colcon_core.shell:create_environment_hook('msg_srv_action_interface_example', 'ld_library_path_lib')
[1.352s] INFO:colcon.colcon_core.shell:Creating environment hook '/home/noh0906/robot_ws/install/msg_srv_action_interface_example/share/msg_srv_action_interface_example/hook/ld_library_path_lib.ps1'
[1.353s] INFO:colcon.colcon_core.shell:Creating environment descriptor '/home/noh0906/robot_ws/install/msg_srv_action_interface_example/share/msg_srv_action_interface_example/hook/ld_library_path_lib.dsv'
[1.355s] INFO:colcon.colcon_core.shell:Creating environment hook '/home/noh0906/robot_ws/install/msg_srv_action_interface_example/share/msg_srv_action_interface_example/hook/ld_library_path_lib.sh'
[1.356s] Level 1:colcon.colcon_core.environment:checking '/home/noh0906/robot_ws/install/msg_srv_action_interface_example/bin'
[1.356s] Level 1:colcon.colcon_core.environment:checking '/home/noh0906/robot_ws/install/msg_srv_action_interface_example/lib/pkgconfig/msg_srv_action_interface_example.pc'
[1.356s] Level 1:colcon.colcon_core.environment:checking '/home/noh0906/robot_ws/install/msg_srv_action_interface_example/lib/python3.10/site-packages'
[1.357s] Level 1:colcon.colcon_core.environment:checking '/home/noh0906/robot_ws/install/msg_srv_action_interface_example/bin'
[1.358s] INFO:colcon.colcon_core.shell:Creating package script '/home/noh0906/robot_ws/install/msg_srv_action_interface_example/share/msg_srv_action_interface_example/package.ps1'
[1.360s] INFO:colcon.colcon_core.shell:Creating package descriptor '/home/noh0906/robot_ws/install/msg_srv_action_interface_example/share/msg_srv_action_interface_example/package.dsv'
[1.362s] INFO:colcon.colcon_core.shell:Creating package script '/home/noh0906/robot_ws/install/msg_srv_action_interface_example/share/msg_srv_action_interface_example/package.sh'
[1.363s] INFO:colcon.colcon_core.shell:Creating package script '/home/noh0906/robot_ws/install/msg_srv_action_interface_example/share/msg_srv_action_interface_example/package.bash'
[1.363s] INFO:colcon.colcon_core.shell:Creating package script '/home/noh0906/robot_ws/install/msg_srv_action_interface_example/share/msg_srv_action_interface_example/package.zsh'
[1.364s] Level 1:colcon.colcon_core.environment:create_file_with_runtime_dependencies(/home/noh0906/robot_ws/install/msg_srv_action_interface_example/share/colcon-core/packages/msg_srv_action_interface_example)
[1.365s] INFO:colcon.colcon_ros.task.ament_python.build:Building ROS package in '/home/noh0906/robot_ws/src/my_first_ros_rclpy_pkg' with build type 'ament_python'
[1.366s] Level 1:colcon.colcon_core.shell:create_environment_hook('my_first_ros_rclpy_pkg', 'ament_prefix_path')
[1.366s] INFO:colcon.colcon_core.shell:Creating environment hook '/home/noh0906/robot_ws/install/my_first_ros_rclpy_pkg/share/my_first_ros_rclpy_pkg/hook/ament_prefix_path.ps1'
[1.367s] INFO:colcon.colcon_core.shell:Creating environment descriptor '/home/noh0906/robot_ws/install/my_first_ros_rclpy_pkg/share/my_first_ros_rclpy_pkg/hook/ament_prefix_path.dsv'
[1.368s] INFO:colcon.colcon_core.shell:Creating environment hook '/home/noh0906/robot_ws/install/my_first_ros_rclpy_pkg/share/my_first_ros_rclpy_pkg/hook/ament_prefix_path.sh'
[1.369s] INFO:colcon.colcon_core.shell:Skip shell extension 'powershell' for command environment: Not usable outside of PowerShell
[1.371s] DEBUG:colcon.colcon_core.shell:Skip shell extension 'dsv' for command environment
[1.388s] Level 1:colcon.colcon_core.environment:create_environment_scripts_only(my_first_package_msgs)
[1.389s] Level 1:colcon.colcon_core.environment:checking '/home/noh0906/robot_ws/install/my_first_package_msgs' for CMake module files
[1.389s] Level 1:colcon.colcon_core.environment:checking '/home/noh0906/robot_ws/install/my_first_package_msgs' for CMake config files
[1.391s] DEBUG:colcon.colcon_core.event_handler.log_command:Invoked command in '/home/noh0906/robot_ws/build/my_first_package_msgs' returned '0': CMAKE_PREFIX_PATH=${CMAKE_PREFIX_PATH}:/home/noh0906/robot_ws/install/my_turtlebot_pkg:/home/noh0906/turtlebot3_ws/install/turtlebot3_teleop:/home/noh0906/turtlebot3_ws/install/turtlebot3_example:/home/noh0906/turtlebot3_ws/install/turtlebot3_dqn:/home/noh0906/robot_ws/install/turtle_pkg:/home/noh0906/robot_ws/install/topic_service_action_rclpy_example:/home/noh0906/robot_ws/install/ros_time_pkg:/home/noh0906/robot_ws/install/my_move_turtle_pkg:/home/noh0906/robot_ws/install/my_first_ros_rclpy_pkg:/opt/ros/humble /usr/bin/cmake --install /home/noh0906/robot_ws/build/my_first_package_msgs
[1.392s] Level 1:colcon.colcon_core.shell:create_environment_hook('my_first_package_msgs', 'cmake_prefix_path')
[1.392s] INFO:colcon.colcon_core.shell:Creating environment hook '/home/noh0906/robot_ws/install/my_first_package_msgs/share/my_first_package_msgs/hook/cmake_prefix_path.ps1'
[1.392s] INFO:colcon.colcon_core.shell:Creating environment descriptor '/home/noh0906/robot_ws/install/my_first_package_msgs/share/my_first_package_msgs/hook/cmake_prefix_path.dsv'
[1.393s] INFO:colcon.colcon_core.shell:Creating environment hook '/home/noh0906/robot_ws/install/my_first_package_msgs/share/my_first_package_msgs/hook/cmake_prefix_path.sh'
[1.393s] Level 1:colcon.colcon_core.environment:checking '/home/noh0906/robot_ws/install/my_first_package_msgs/lib'
[1.394s] Level 1:colcon.colcon_core.shell:create_environment_hook('my_first_package_msgs', 'ld_library_path_lib')
[1.394s] INFO:colcon.colcon_core.shell:Creating environment hook '/home/noh0906/robot_ws/install/my_first_package_msgs/share/my_first_package_msgs/hook/ld_library_path_lib.ps1'
[1.394s] INFO:colcon.colcon_core.shell:Creating environment descriptor '/home/noh0906/robot_ws/install/my_first_package_msgs/share/my_first_package_msgs/hook/ld_library_path_lib.dsv'
[1.394s] INFO:colcon.colcon_core.shell:Creating environment hook '/home/noh0906/robot_ws/install/my_first_package_msgs/share/my_first_package_msgs/hook/ld_library_path_lib.sh'
[1.395s] Level 1:colcon.colcon_core.environment:checking '/home/noh0906/robot_ws/install/my_first_package_msgs/bin'
[1.395s] Level 1:colcon.colcon_core.environment:checking '/home/noh0906/robot_ws/install/my_first_package_msgs/lib/pkgconfig/my_first_package_msgs.pc'
[1.395s] Level 1:colcon.colcon_core.environment:checking '/home/noh0906/robot_ws/install/my_first_package_msgs/lib/python3.10/site-packages'
[1.395s] Level 1:colcon.colcon_core.environment:checking '/home/noh0906/robot_ws/install/my_first_package_msgs/bin'
[1.395s] INFO:colcon.colcon_core.shell:Creating package script '/home/noh0906/robot_ws/install/my_first_package_msgs/share/my_first_package_msgs/package.ps1'
[1.396s] INFO:colcon.colcon_core.shell:Creating package descriptor '/home/noh0906/robot_ws/install/my_first_package_msgs/share/my_first_package_msgs/package.dsv'
[1.396s] INFO:colcon.colcon_core.shell:Creating package script '/home/noh0906/robot_ws/install/my_first_package_msgs/share/my_first_package_msgs/package.sh'
[1.397s] INFO:colcon.colcon_core.shell:Creating package script '/home/noh0906/robot_ws/install/my_first_package_msgs/share/my_first_package_msgs/package.bash'
[1.397s] INFO:colcon.colcon_core.shell:Creating package script '/home/noh0906/robot_ws/install/my_first_package_msgs/share/my_first_package_msgs/package.zsh'
[1.397s] Level 1:colcon.colcon_core.environment:create_file_with_runtime_dependencies(/home/noh0906/robot_ws/install/my_first_package_msgs/share/colcon-core/packages/my_first_package_msgs)
[1.398s] Level 1:colcon.colcon_core.environment:create_environment_scripts_only(my_first_package_msgs)
[1.398s] Level 1:colcon.colcon_core.environment:checking '/home/noh0906/robot_ws/install/my_first_package_msgs' for CMake module files
[1.399s] Level 1:colcon.colcon_core.environment:checking '/home/noh0906/robot_ws/install/my_first_package_msgs' for CMake config files
[1.400s] Level 1:colcon.colcon_core.shell:create_environment_hook('my_first_package_msgs', 'cmake_prefix_path')
[1.400s] INFO:colcon.colcon_core.shell:Creating environment hook '/home/noh0906/robot_ws/install/my_first_package_msgs/share/my_first_package_msgs/hook/cmake_prefix_path.ps1'
[1.401s] INFO:colcon.colcon_core.shell:Creating environment descriptor '/home/noh0906/robot_ws/install/my_first_package_msgs/share/my_first_package_msgs/hook/cmake_prefix_path.dsv'
[1.402s] INFO:colcon.colcon_core.shell:Creating environment hook '/home/noh0906/robot_ws/install/my_first_package_msgs/share/my_first_package_msgs/hook/cmake_prefix_path.sh'
[1.404s] Level 1:colcon.colcon_core.environment:checking '/home/noh0906/robot_ws/install/my_first_package_msgs/lib'
[1.405s] Level 1:colcon.colcon_core.shell:create_environment_hook('my_first_package_msgs', 'ld_library_path_lib')
[1.405s] INFO:colcon.colcon_core.shell:Creating environment hook '/home/noh0906/robot_ws/install/my_first_package_msgs/share/my_first_package_msgs/hook/ld_library_path_lib.ps1'
[1.406s] INFO:colcon.colcon_core.shell:Creating environment descriptor '/home/noh0906/robot_ws/install/my_first_package_msgs/share/my_first_package_msgs/hook/ld_library_path_lib.dsv'
[1.406s] INFO:colcon.colcon_core.shell:Creating environment hook '/home/noh0906/robot_ws/install/my_first_package_msgs/share/my_first_package_msgs/hook/ld_library_path_lib.sh'
[1.407s] Level 1:colcon.colcon_core.environment:checking '/home/noh0906/robot_ws/install/my_first_package_msgs/bin'
[1.407s] Level 1:colcon.colcon_core.environment:checking '/home/noh0906/robot_ws/install/my_first_package_msgs/lib/pkgconfig/my_first_package_msgs.pc'
[1.407s] Level 1:colcon.colcon_core.environment:checking '/home/noh0906/robot_ws/install/my_first_package_msgs/lib/python3.10/site-packages'
[1.407s] Level 1:colcon.colcon_core.environment:checking '/home/noh0906/robot_ws/install/my_first_package_msgs/bin'
[1.408s] INFO:colcon.colcon_core.shell:Creating package script '/home/noh0906/robot_ws/install/my_first_package_msgs/share/my_first_package_msgs/package.ps1'
[1.408s] INFO:colcon.colcon_core.shell:Creating package descriptor '/home/noh0906/robot_ws/install/my_first_package_msgs/share/my_first_package_msgs/package.dsv'
[1.409s] INFO:colcon.colcon_core.shell:Creating package script '/home/noh0906/robot_ws/install/my_first_package_msgs/share/my_first_package_msgs/package.sh'
[1.409s] INFO:colcon.colcon_core.shell:Creating package script '/home/noh0906/robot_ws/install/my_first_package_msgs/share/my_first_package_msgs/package.bash'
[1.410s] INFO:colcon.colcon_core.shell:Creating package script '/home/noh0906/robot_ws/install/my_first_package_msgs/share/my_first_package_msgs/package.zsh'
[1.410s] Level 1:colcon.colcon_core.environment:create_file_with_runtime_dependencies(/home/noh0906/robot_ws/install/my_first_package_msgs/share/colcon-core/packages/my_first_package_msgs)
[1.412s] INFO:colcon.colcon_ros.task.ament_python.build:Building ROS package in '/home/noh0906/robot_ws/src/my_turtlebot_pkg' with build type 'ament_python'
[1.412s] Level 1:colcon.colcon_core.shell:create_environment_hook('my_turtlebot_pkg', 'ament_prefix_path')
[1.413s] INFO:colcon.colcon_core.shell:Creating environment hook '/home/noh0906/robot_ws/install/my_turtlebot_pkg/share/my_turtlebot_pkg/hook/ament_prefix_path.ps1'
[1.413s] INFO:colcon.colcon_core.shell:Creating environment descriptor '/home/noh0906/robot_ws/install/my_turtlebot_pkg/share/my_turtlebot_pkg/hook/ament_prefix_path.dsv'
[1.414s] INFO:colcon.colcon_core.shell:Creating environment hook '/home/noh0906/robot_ws/install/my_turtlebot_pkg/share/my_turtlebot_pkg/hook/ament_prefix_path.sh'
[1.415s] INFO:colcon.colcon_core.shell:Skip shell extension 'powershell' for command environment: Not usable outside of PowerShell
[1.415s] DEBUG:colcon.colcon_core.shell:Skip shell extension 'dsv' for command environment
[1.684s] INFO:colcon.colcon_core.task.python.build:Building Python package in '/home/noh0906/robot_ws/src/my_first_ros_rclpy_pkg'
[1.685s] INFO:colcon.colcon_core.shell:Skip shell extension 'powershell' for command environment: Not usable outside of PowerShell
[1.685s] DEBUG:colcon.colcon_core.shell:Skip shell extension 'dsv' for command environment
[1.950s] INFO:colcon.colcon_core.task.python.build:Building Python package in '/home/noh0906/robot_ws/src/my_turtlebot_pkg'
[1.950s] INFO:colcon.colcon_core.shell:Skip shell extension 'powershell' for command environment: Not usable outside of PowerShell
[1.951s] DEBUG:colcon.colcon_core.shell:Skip shell extension 'dsv' for command environment
[2.755s] DEBUG:colcon.colcon_core.event_handler.log_command:Invoking command in '/home/noh0906/robot_ws/build/my_first_ros_rclpy_pkg': PYTHONPATH=/home/noh0906/robot_ws/build/my_first_ros_rclpy_pkg/prefix_override:/usr/lib/python3/dist-packages/colcon_core/task/python/colcon_distutils_commands:/home/noh0906/robot_ws/install/my_first_ros_rclpy_pkg/lib/python3.10/site-packages:${PYTHONPATH} /usr/bin/python3 -W ignore:setup.py install is deprecated -W ignore:easy_install command is deprecated setup.py develop --editable --build-directory /home/noh0906/robot_ws/build/my_first_ros_rclpy_pkg/build --no-deps symlink_data
[2.789s] DEBUG:colcon.colcon_core.event_handler.log_command:Invoking command in '/home/noh0906/robot_ws/build/my_turtlebot_pkg': PYTHONPATH=/home/noh0906/robot_ws/build/my_turtlebot_pkg/prefix_override:/usr/lib/python3/dist-packages/colcon_core/task/python/colcon_distutils_commands:/home/noh0906/robot_ws/install/my_turtlebot_pkg/lib/python3.10/site-packages:${PYTHONPATH} /usr/bin/python3 -W ignore:setup.py install is deprecated -W ignore:easy_install command is deprecated setup.py develop --editable --build-directory /home/noh0906/robot_ws/build/my_turtlebot_pkg/build --no-deps symlink_data
[3.608s] Level 1:colcon.colcon_core.shell:create_environment_hook('my_first_ros_rclpy_pkg', 'pythonpath_develop')
[3.609s] INFO:colcon.colcon_core.shell:Creating environment hook '/home/noh0906/robot_ws/build/my_first_ros_rclpy_pkg/share/my_first_ros_rclpy_pkg/hook/pythonpath_develop.ps1'
[3.610s] DEBUG:colcon.colcon_core.event_handler.log_command:Invoked command in '/home/noh0906/robot_ws/build/my_first_ros_rclpy_pkg' returned '0': PYTHONPATH=/home/noh0906/robot_ws/build/my_first_ros_rclpy_pkg/prefix_override:/usr/lib/python3/dist-packages/colcon_core/task/python/colcon_distutils_commands:/home/noh0906/robot_ws/install/my_first_ros_rclpy_pkg/lib/python3.10/site-packages:${PYTHONPATH} /usr/bin/python3 -W ignore:setup.py install is deprecated -W ignore:easy_install command is deprecated setup.py develop --editable --build-directory /home/noh0906/robot_ws/build/my_first_ros_rclpy_pkg/build --no-deps symlink_data
[3.613s] INFO:colcon.colcon_core.shell:Creating environment descriptor '/home/noh0906/robot_ws/build/my_first_ros_rclpy_pkg/share/my_first_ros_rclpy_pkg/hook/pythonpath_develop.dsv'
[3.614s] INFO:colcon.colcon_core.shell:Creating environment hook '/home/noh0906/robot_ws/build/my_first_ros_rclpy_pkg/share/my_first_ros_rclpy_pkg/hook/pythonpath_develop.sh'
[3.615s] Level 1:colcon.colcon_core.environment:checking '/home/noh0906/robot_ws/install/my_first_ros_rclpy_pkg' for CMake module files
[3.615s] Level 1:colcon.colcon_core.environment:checking '/home/noh0906/robot_ws/install/my_first_ros_rclpy_pkg' for CMake config files
[3.616s] Level 1:colcon.colcon_core.environment:checking '/home/noh0906/robot_ws/install/my_first_ros_rclpy_pkg/lib'
[3.616s] Level 1:colcon.colcon_core.environment:checking '/home/noh0906/robot_ws/install/my_first_ros_rclpy_pkg/bin'
[3.616s] Level 1:colcon.colcon_core.environment:checking '/home/noh0906/robot_ws/install/my_first_ros_rclpy_pkg/lib/pkgconfig/my_first_ros_rclpy_pkg.pc'
[3.617s] Level 1:colcon.colcon_core.environment:checking '/home/noh0906/robot_ws/install/my_first_ros_rclpy_pkg/lib/python3.10/site-packages'
[3.617s] Level 1:colcon.colcon_core.shell:create_environment_hook('my_first_ros_rclpy_pkg', 'pythonpath')
[3.617s] INFO:colcon.colcon_core.shell:Creating environment hook '/home/noh0906/robot_ws/install/my_first_ros_rclpy_pkg/share/my_first_ros_rclpy_pkg/hook/pythonpath.ps1'
[3.620s] INFO:colcon.colcon_core.shell:Creating environment descriptor '/home/noh0906/robot_ws/install/my_first_ros_rclpy_pkg/share/my_first_ros_rclpy_pkg/hook/pythonpath.dsv'
[3.622s] INFO:colcon.colcon_core.shell:Creating environment hook '/home/noh0906/robot_ws/install/my_first_ros_rclpy_pkg/share/my_first_ros_rclpy_pkg/hook/pythonpath.sh'
[3.622s] Level 1:colcon.colcon_core.environment:checking '/home/noh0906/robot_ws/install/my_first_ros_rclpy_pkg/bin'
[3.623s] Level 1:colcon.colcon_core.environment:create_environment_scripts_only(my_first_ros_rclpy_pkg)
[3.623s] INFO:colcon.colcon_core.shell:Creating package script '/home/noh0906/robot_ws/install/my_first_ros_rclpy_pkg/share/my_first_ros_rclpy_pkg/package.ps1'
[3.624s] INFO:colcon.colcon_core.shell:Creating package descriptor '/home/noh0906/robot_ws/install/my_first_ros_rclpy_pkg/share/my_first_ros_rclpy_pkg/package.dsv'
[3.630s] INFO:colcon.colcon_core.shell:Creating package script '/home/noh0906/robot_ws/install/my_first_ros_rclpy_pkg/share/my_first_ros_rclpy_pkg/package.sh'
[3.631s] INFO:colcon.colcon_core.shell:Creating package script '/home/noh0906/robot_ws/install/my_first_ros_rclpy_pkg/share/my_first_ros_rclpy_pkg/package.bash'
[3.631s] INFO:colcon.colcon_core.shell:Creating package script '/home/noh0906/robot_ws/install/my_first_ros_rclpy_pkg/share/my_first_ros_rclpy_pkg/package.zsh'
[3.632s] Level 1:colcon.colcon_core.environment:create_file_with_runtime_dependencies(/home/noh0906/robot_ws/install/my_first_ros_rclpy_pkg/share/colcon-core/packages/my_first_ros_rclpy_pkg)
[3.633s] INFO:colcon.colcon_ros.task.ament_python.build:Building ROS package in '/home/noh0906/robot_ws/src/ros_time_pkg' with build type 'ament_python'
[3.633s] Level 1:colcon.colcon_core.shell:create_environment_hook('ros_time_pkg', 'ament_prefix_path')
[3.634s] INFO:colcon.colcon_core.shell:Creating environment hook '/home/noh0906/robot_ws/install/ros_time_pkg/share/ros_time_pkg/hook/ament_prefix_path.ps1'
[3.638s] INFO:colcon.colcon_core.shell:Creating environment descriptor '/home/noh0906/robot_ws/install/ros_time_pkg/share/ros_time_pkg/hook/ament_prefix_path.dsv'
[3.640s] INFO:colcon.colcon_core.shell:Creating environment hook '/home/noh0906/robot_ws/install/ros_time_pkg/share/ros_time_pkg/hook/ament_prefix_path.sh'
[3.646s] INFO:colcon.colcon_core.shell:Skip shell extension 'powershell' for command environment: Not usable outside of PowerShell
[3.646s] DEBUG:colcon.colcon_core.shell:Skip shell extension 'dsv' for command environment
[3.968s] INFO:colcon.colcon_core.task.python.build:Building Python package in '/home/noh0906/robot_ws/src/ros_time_pkg'
[3.969s] INFO:colcon.colcon_core.shell:Skip shell extension 'powershell' for command environment: Not usable outside of PowerShell
[3.969s] DEBUG:colcon.colcon_core.shell:Skip shell extension 'dsv' for command environment
[3.980s] Level 1:colcon.colcon_core.shell:create_environment_hook('my_turtlebot_pkg', 'pythonpath_develop')
[3.981s] DEBUG:colcon.colcon_core.event_handler.log_command:Invoked command in '/home/noh0906/robot_ws/build/my_turtlebot_pkg' returned '0': PYTHONPATH=/home/noh0906/robot_ws/build/my_turtlebot_pkg/prefix_override:/usr/lib/python3/dist-packages/colcon_core/task/python/colcon_distutils_commands:/home/noh0906/robot_ws/install/my_turtlebot_pkg/lib/python3.10/site-packages:${PYTHONPATH} /usr/bin/python3 -W ignore:setup.py install is deprecated -W ignore:easy_install command is deprecated setup.py develop --editable --build-directory /home/noh0906/robot_ws/build/my_turtlebot_pkg/build --no-deps symlink_data
[3.981s] INFO:colcon.colcon_core.shell:Creating environment hook '/home/noh0906/robot_ws/build/my_turtlebot_pkg/share/my_turtlebot_pkg/hook/pythonpath_develop.ps1'
[3.982s] INFO:colcon.colcon_core.shell:Creating environment descriptor '/home/noh0906/robot_ws/build/my_turtlebot_pkg/share/my_turtlebot_pkg/hook/pythonpath_develop.dsv'
[3.982s] INFO:colcon.colcon_core.shell:Creating environment hook '/home/noh0906/robot_ws/build/my_turtlebot_pkg/share/my_turtlebot_pkg/hook/pythonpath_develop.sh'
[3.983s] Level 1:colcon.colcon_core.environment:checking '/home/noh0906/robot_ws/install/my_turtlebot_pkg' for CMake module files
[3.983s] Level 1:colcon.colcon_core.environment:checking '/home/noh0906/robot_ws/install/my_turtlebot_pkg' for CMake config files
[3.984s] Level 1:colcon.colcon_core.environment:checking '/home/noh0906/robot_ws/install/my_turtlebot_pkg/lib'
[3.984s] Level 1:colcon.colcon_core.environment:checking '/home/noh0906/robot_ws/install/my_turtlebot_pkg/bin'
[3.984s] Level 1:colcon.colcon_core.environment:checking '/home/noh0906/robot_ws/install/my_turtlebot_pkg/lib/pkgconfig/my_turtlebot_pkg.pc'
[3.984s] Level 1:colcon.colcon_core.environment:checking '/home/noh0906/robot_ws/install/my_turtlebot_pkg/lib/python3.10/site-packages'
[3.984s] Level 1:colcon.colcon_core.shell:create_environment_hook('my_turtlebot_pkg', 'pythonpath')
[3.984s] INFO:colcon.colcon_core.shell:Creating environment hook '/home/noh0906/robot_ws/install/my_turtlebot_pkg/share/my_turtlebot_pkg/hook/pythonpath.ps1'
[3.985s] INFO:colcon.colcon_core.shell:Creating environment descriptor '/home/noh0906/robot_ws/install/my_turtlebot_pkg/share/my_turtlebot_pkg/hook/pythonpath.dsv'
[3.985s] INFO:colcon.colcon_core.shell:Creating environment hook '/home/noh0906/robot_ws/install/my_turtlebot_pkg/share/my_turtlebot_pkg/hook/pythonpath.sh'
[3.986s] Level 1:colcon.colcon_core.environment:checking '/home/noh0906/robot_ws/install/my_turtlebot_pkg/bin'
[3.986s] Level 1:colcon.colcon_core.environment:create_environment_scripts_only(my_turtlebot_pkg)
[3.986s] INFO:colcon.colcon_core.shell:Creating package script '/home/noh0906/robot_ws/install/my_turtlebot_pkg/share/my_turtlebot_pkg/package.ps1'
[3.987s] INFO:colcon.colcon_core.shell:Creating package descriptor '/home/noh0906/robot_ws/install/my_turtlebot_pkg/share/my_turtlebot_pkg/package.dsv'
[3.987s] INFO:colcon.colcon_core.shell:Creating package script '/home/noh0906/robot_ws/install/my_turtlebot_pkg/share/my_turtlebot_pkg/package.sh'
[3.990s] INFO:colcon.colcon_core.shell:Creating package script '/home/noh0906/robot_ws/install/my_turtlebot_pkg/share/my_turtlebot_pkg/package.bash'
[3.990s] INFO:colcon.colcon_core.shell:Creating package script '/home/noh0906/robot_ws/install/my_turtlebot_pkg/share/my_turtlebot_pkg/package.zsh'
[3.991s] Level 1:colcon.colcon_core.environment:create_file_with_runtime_dependencies(/home/noh0906/robot_ws/install/my_turtlebot_pkg/share/colcon-core/packages/my_turtlebot_pkg)
[3.991s] INFO:colcon.colcon_ros.task.ament_python.build:Building ROS package in '/home/noh0906/robot_ws/src/topic_service_action_rclpy_example' with build type 'ament_python'
[3.992s] Level 1:colcon.colcon_core.shell:create_environment_hook('topic_service_action_rclpy_example', 'ament_prefix_path')
[3.992s] INFO:colcon.colcon_core.shell:Creating environment hook '/home/noh0906/robot_ws/install/topic_service_action_rclpy_example/share/topic_service_action_rclpy_example/hook/ament_prefix_path.ps1'
[3.993s] INFO:colcon.colcon_core.shell:Creating environment descriptor '/home/noh0906/robot_ws/install/topic_service_action_rclpy_example/share/topic_service_action_rclpy_example/hook/ament_prefix_path.dsv'
[3.994s] INFO:colcon.colcon_core.shell:Creating environment hook '/home/noh0906/robot_ws/install/topic_service_action_rclpy_example/share/topic_service_action_rclpy_example/hook/ament_prefix_path.sh'
[3.995s] INFO:colcon.colcon_core.shell:Skip shell extension 'powershell' for command environment: Not usable outside of PowerShell
[3.995s] DEBUG:colcon.colcon_core.shell:Skip shell extension 'dsv' for command environment
[4.513s] INFO:colcon.colcon_core.task.python.build:Building Python package in '/home/noh0906/robot_ws/src/topic_service_action_rclpy_example'
[4.514s] INFO:colcon.colcon_core.shell:Skip shell extension 'powershell' for command environment: Not usable outside of PowerShell
[4.514s] DEBUG:colcon.colcon_core.shell:Skip shell extension 'dsv' for command environment
[4.597s] DEBUG:colcon.colcon_core.event_handler.log_command:Invoking command in '/home/noh0906/robot_ws/build/ros_time_pkg': PYTHONPATH=/home/noh0906/robot_ws/build/ros_time_pkg/prefix_override:/usr/lib/python3/dist-packages/colcon_core/task/python/colcon_distutils_commands:/home/noh0906/robot_ws/install/ros_time_pkg/lib/python3.10/site-packages:${PYTHONPATH} /usr/bin/python3 -W ignore:setup.py install is deprecated -W ignore:easy_install command is deprecated setup.py develop --editable --build-directory /home/noh0906/robot_ws/build/ros_time_pkg/build --no-deps symlink_data
[5.233s] DEBUG:colcon.colcon_core.event_handler.log_command:Invoking command in '/home/noh0906/robot_ws/build/topic_service_action_rclpy_example': PYTHONPATH=/home/noh0906/robot_ws/build/topic_service_action_rclpy_example/prefix_override:/usr/lib/python3/dist-packages/colcon_core/task/python/colcon_distutils_commands:/home/noh0906/robot_ws/install/topic_service_action_rclpy_example/lib/python3.10/site-packages:${PYTHONPATH} /usr/bin/python3 -W ignore:setup.py install is deprecated -W ignore:easy_install command is deprecated setup.py develop --editable --build-directory /home/noh0906/robot_ws/build/topic_service_action_rclpy_example/build --no-deps symlink_data
[5.522s] Level 1:colcon.colcon_core.shell:create_environment_hook('ros_time_pkg', 'pythonpath_develop')
[5.522s] DEBUG:colcon.colcon_core.event_handler.log_command:Invoked command in '/home/noh0906/robot_ws/build/ros_time_pkg' returned '0': PYTHONPATH=/home/noh0906/robot_ws/build/ros_time_pkg/prefix_override:/usr/lib/python3/dist-packages/colcon_core/task/python/colcon_distutils_commands:/home/noh0906/robot_ws/install/ros_time_pkg/lib/python3.10/site-packages:${PYTHONPATH} /usr/bin/python3 -W ignore:setup.py install is deprecated -W ignore:easy_install command is deprecated setup.py develop --editable --build-directory /home/noh0906/robot_ws/build/ros_time_pkg/build --no-deps symlink_data
[5.523s] INFO:colcon.colcon_core.shell:Creating environment hook '/home/noh0906/robot_ws/build/ros_time_pkg/share/ros_time_pkg/hook/pythonpath_develop.ps1'
[5.527s] INFO:colcon.colcon_core.shell:Creating environment descriptor '/home/noh0906/robot_ws/build/ros_time_pkg/share/ros_time_pkg/hook/pythonpath_develop.dsv'
[5.528s] INFO:colcon.colcon_core.shell:Creating environment hook '/home/noh0906/robot_ws/build/ros_time_pkg/share/ros_time_pkg/hook/pythonpath_develop.sh'
[5.530s] Level 1:colcon.colcon_core.environment:checking '/home/noh0906/robot_ws/install/ros_time_pkg' for CMake module files
[5.531s] Level 1:colcon.colcon_core.environment:checking '/home/noh0906/robot_ws/install/ros_time_pkg' for CMake config files
[5.531s] Level 1:colcon.colcon_core.environment:checking '/home/noh0906/robot_ws/install/ros_time_pkg/lib'
[5.531s] Level 1:colcon.colcon_core.environment:checking '/home/noh0906/robot_ws/install/ros_time_pkg/bin'
[5.531s] Level 1:colcon.colcon_core.environment:checking '/home/noh0906/robot_ws/install/ros_time_pkg/lib/pkgconfig/ros_time_pkg.pc'
[5.531s] Level 1:colcon.colcon_core.environment:checking '/home/noh0906/robot_ws/install/ros_time_pkg/lib/python3.10/site-packages'
[5.531s] Level 1:colcon.colcon_core.shell:create_environment_hook('ros_time_pkg', 'pythonpath')
[5.532s] INFO:colcon.colcon_core.shell:Creating environment hook '/home/noh0906/robot_ws/install/ros_time_pkg/share/ros_time_pkg/hook/pythonpath.ps1'
[5.532s] INFO:colcon.colcon_core.shell:Creating environment descriptor '/home/noh0906/robot_ws/install/ros_time_pkg/share/ros_time_pkg/hook/pythonpath.dsv'
[5.533s] INFO:colcon.colcon_core.shell:Creating environment hook '/home/noh0906/robot_ws/install/ros_time_pkg/share/ros_time_pkg/hook/pythonpath.sh'
[5.533s] Level 1:colcon.colcon_core.environment:checking '/home/noh0906/robot_ws/install/ros_time_pkg/bin'
[5.533s] Level 1:colcon.colcon_core.environment:create_environment_scripts_only(ros_time_pkg)
[5.534s] INFO:colcon.colcon_core.shell:Creating package script '/home/noh0906/robot_ws/install/ros_time_pkg/share/ros_time_pkg/package.ps1'
[5.534s] INFO:colcon.colcon_core.shell:Creating package descriptor '/home/noh0906/robot_ws/install/ros_time_pkg/share/ros_time_pkg/package.dsv'
[5.535s] INFO:colcon.colcon_core.shell:Creating package script '/home/noh0906/robot_ws/install/ros_time_pkg/share/ros_time_pkg/package.sh'
[5.535s] INFO:colcon.colcon_core.shell:Creating package script '/home/noh0906/robot_ws/install/ros_time_pkg/share/ros_time_pkg/package.bash'
[5.536s] INFO:colcon.colcon_core.shell:Creating package script '/home/noh0906/robot_ws/install/ros_time_pkg/share/ros_time_pkg/package.zsh'
[5.536s] Level 1:colcon.colcon_core.environment:create_file_with_runtime_dependencies(/home/noh0906/robot_ws/install/ros_time_pkg/share/colcon-core/packages/ros_time_pkg)
[5.537s] INFO:colcon.colcon_ros.task.ament_python.build:Building ROS package in '/home/noh0906/robot_ws/src/my_move_turtle_pkg' with build type 'ament_python'
[5.537s] Level 1:colcon.colcon_core.shell:create_environment_hook('turtle_pkg', 'ament_prefix_path')
[5.537s] INFO:colcon.colcon_core.shell:Creating environment hook '/home/noh0906/robot_ws/install/turtle_pkg/share/turtle_pkg/hook/ament_prefix_path.ps1'
[5.539s] INFO:colcon.colcon_core.shell:Creating environment descriptor '/home/noh0906/robot_ws/install/turtle_pkg/share/turtle_pkg/hook/ament_prefix_path.dsv'
[5.540s] INFO:colcon.colcon_core.shell:Creating environment hook '/home/noh0906/robot_ws/install/turtle_pkg/share/turtle_pkg/hook/ament_prefix_path.sh'
[5.541s] INFO:colcon.colcon_core.shell:Skip shell extension 'powershell' for command environment: Not usable outside of PowerShell
[5.543s] DEBUG:colcon.colcon_core.shell:Skip shell extension 'dsv' for command environment
[6.073s] INFO:colcon.colcon_core.task.python.build:Building Python package in '/home/noh0906/robot_ws/src/my_move_turtle_pkg'
[6.074s] INFO:colcon.colcon_core.shell:Skip shell extension 'powershell' for command environment: Not usable outside of PowerShell
[6.074s] DEBUG:colcon.colcon_core.shell:Skip shell extension 'dsv' for command environment
[6.081s] Level 1:colcon.colcon_core.shell:create_environment_hook('topic_service_action_rclpy_example', 'pythonpath_develop')
[6.081s] DEBUG:colcon.colcon_core.event_handler.log_command:Invoked command in '/home/noh0906/robot_ws/build/topic_service_action_rclpy_example' returned '0': PYTHONPATH=/home/noh0906/robot_ws/build/topic_service_action_rclpy_example/prefix_override:/usr/lib/python3/dist-packages/colcon_core/task/python/colcon_distutils_commands:/home/noh0906/robot_ws/install/topic_service_action_rclpy_example/lib/python3.10/site-packages:${PYTHONPATH} /usr/bin/python3 -W ignore:setup.py install is deprecated -W ignore:easy_install command is deprecated setup.py develop --editable --build-directory /home/noh0906/robot_ws/build/topic_service_action_rclpy_example/build --no-deps symlink_data
[6.081s] INFO:colcon.colcon_core.shell:Creating environment hook '/home/noh0906/robot_ws/build/topic_service_action_rclpy_example/share/topic_service_action_rclpy_example/hook/pythonpath_develop.ps1'
[6.082s] INFO:colcon.colcon_core.shell:Creating environment descriptor '/home/noh0906/robot_ws/build/topic_service_action_rclpy_example/share/topic_service_action_rclpy_example/hook/pythonpath_develop.dsv'
[6.083s] INFO:colcon.colcon_core.shell:Creating environment hook '/home/noh0906/robot_ws/build/topic_service_action_rclpy_example/share/topic_service_action_rclpy_example/hook/pythonpath_develop.sh'
[6.083s] Level 1:colcon.colcon_core.environment:checking '/home/noh0906/robot_ws/install/topic_service_action_rclpy_example' for CMake module files
[6.084s] Level 1:colcon.colcon_core.environment:checking '/home/noh0906/robot_ws/install/topic_service_action_rclpy_example' for CMake config files
[6.084s] Level 1:colcon.colcon_core.environment:checking '/home/noh0906/robot_ws/install/topic_service_action_rclpy_example/lib'
[6.084s] Level 1:colcon.colcon_core.environment:checking '/home/noh0906/robot_ws/install/topic_service_action_rclpy_example/bin'
[6.084s] Level 1:colcon.colcon_core.environment:checking '/home/noh0906/robot_ws/install/topic_service_action_rclpy_example/lib/pkgconfig/topic_service_action_rclpy_example.pc'
[6.085s] Level 1:colcon.colcon_core.environment:checking '/home/noh0906/robot_ws/install/topic_service_action_rclpy_example/lib/python3.10/site-packages'
[6.085s] Level 1:colcon.colcon_core.shell:create_environment_hook('topic_service_action_rclpy_example', 'pythonpath')
[6.085s] INFO:colcon.colcon_core.shell:Creating environment hook '/home/noh0906/robot_ws/install/topic_service_action_rclpy_example/share/topic_service_action_rclpy_example/hook/pythonpath.ps1'
[6.085s] INFO:colcon.colcon_core.shell:Creating environment descriptor '/home/noh0906/robot_ws/install/topic_service_action_rclpy_example/share/topic_service_action_rclpy_example/hook/pythonpath.dsv'
[6.086s] INFO:colcon.colcon_core.shell:Creating environment hook '/home/noh0906/robot_ws/install/topic_service_action_rclpy_example/share/topic_service_action_rclpy_example/hook/pythonpath.sh'
[6.087s] Level 1:colcon.colcon_core.environment:checking '/home/noh0906/robot_ws/install/topic_service_action_rclpy_example/bin'
[6.087s] Level 1:colcon.colcon_core.environment:create_environment_scripts_only(topic_service_action_rclpy_example)
[6.088s] INFO:colcon.colcon_core.shell:Creating package script '/home/noh0906/robot_ws/install/topic_service_action_rclpy_example/share/topic_service_action_rclpy_example/package.ps1'
[6.088s] INFO:colcon.colcon_core.shell:Creating package descriptor '/home/noh0906/robot_ws/install/topic_service_action_rclpy_example/share/topic_service_action_rclpy_example/package.dsv'
[6.089s] INFO:colcon.colcon_core.shell:Creating package script '/home/noh0906/robot_ws/install/topic_service_action_rclpy_example/share/topic_service_action_rclpy_example/package.sh'
[6.089s] INFO:colcon.colcon_core.shell:Creating package script '/home/noh0906/robot_ws/install/topic_service_action_rclpy_example/share/topic_service_action_rclpy_example/package.bash'
[6.090s] INFO:colcon.colcon_core.shell:Creating package script '/home/noh0906/robot_ws/install/topic_service_action_rclpy_example/share/topic_service_action_rclpy_example/package.zsh'
[6.090s] Level 1:colcon.colcon_core.environment:create_file_with_runtime_dependencies(/home/noh0906/robot_ws/install/topic_service_action_rclpy_example/share/colcon-core/packages/topic_service_action_rclpy_example)
[6.489s] DEBUG:colcon.colcon_core.event_handler.log_command:Invoking command in '/home/noh0906/robot_ws/build/turtle_pkg': PYTHONPATH=/home/noh0906/robot_ws/build/turtle_pkg/prefix_override:/usr/lib/python3/dist-packages/colcon_core/task/python/colcon_distutils_commands:/home/noh0906/robot_ws/install/turtle_pkg/lib/python3.10/site-packages:${PYTHONPATH} /usr/bin/python3 -W ignore:setup.py install is deprecated -W ignore:easy_install command is deprecated setup.py develop --editable --build-directory /home/noh0906/robot_ws/build/turtle_pkg/build --no-deps symlink_data
[7.000s] Level 1:colcon.colcon_core.shell:create_environment_hook('turtle_pkg', 'pythonpath_develop')
[7.001s] DEBUG:colcon.colcon_core.event_handler.log_command:Invoked command in '/home/noh0906/robot_ws/build/turtle_pkg' returned '0': PYTHONPATH=/home/noh0906/robot_ws/build/turtle_pkg/prefix_override:/usr/lib/python3/dist-packages/colcon_core/task/python/colcon_distutils_commands:/home/noh0906/robot_ws/install/turtle_pkg/lib/python3.10/site-packages:${PYTHONPATH} /usr/bin/python3 -W ignore:setup.py install is deprecated -W ignore:easy_install command is deprecated setup.py develop --editable --build-directory /home/noh0906/robot_ws/build/turtle_pkg/build --no-deps symlink_data
[7.002s] INFO:colcon.colcon_core.shell:Creating environment hook '/home/noh0906/robot_ws/build/turtle_pkg/share/turtle_pkg/hook/pythonpath_develop.ps1'
[7.003s] INFO:colcon.colcon_core.shell:Creating environment descriptor '/home/noh0906/robot_ws/build/turtle_pkg/share/turtle_pkg/hook/pythonpath_develop.dsv'
[7.004s] INFO:colcon.colcon_core.shell:Creating environment hook '/home/noh0906/robot_ws/build/turtle_pkg/share/turtle_pkg/hook/pythonpath_develop.sh'
[7.006s] Level 1:colcon.colcon_core.environment:checking '/home/noh0906/robot_ws/install/turtle_pkg' for CMake module files
[7.006s] Level 1:colcon.colcon_core.environment:checking '/home/noh0906/robot_ws/install/turtle_pkg' for CMake config files
[7.007s] Level 1:colcon.colcon_core.environment:checking '/home/noh0906/robot_ws/install/turtle_pkg/lib'
[7.007s] Level 1:colcon.colcon_core.environment:checking '/home/noh0906/robot_ws/install/turtle_pkg/bin'
[7.007s] Level 1:colcon.colcon_core.environment:checking '/home/noh0906/robot_ws/install/turtle_pkg/lib/pkgconfig/turtle_pkg.pc'
[7.007s] Level 1:colcon.colcon_core.environment:checking '/home/noh0906/robot_ws/install/turtle_pkg/lib/python3.10/site-packages'
[7.007s] Level 1:colcon.colcon_core.shell:create_environment_hook('turtle_pkg', 'pythonpath')
[7.007s] INFO:colcon.colcon_core.shell:Creating environment hook '/home/noh0906/robot_ws/install/turtle_pkg/share/turtle_pkg/hook/pythonpath.ps1'
[7.008s] INFO:colcon.colcon_core.shell:Creating environment descriptor '/home/noh0906/robot_ws/install/turtle_pkg/share/turtle_pkg/hook/pythonpath.dsv'
[7.008s] INFO:colcon.colcon_core.shell:Creating environment hook '/home/noh0906/robot_ws/install/turtle_pkg/share/turtle_pkg/hook/pythonpath.sh'
[7.009s] Level 1:colcon.colcon_core.environment:checking '/home/noh0906/robot_ws/install/turtle_pkg/bin'
[7.009s] Level 1:colcon.colcon_core.environment:create_environment_scripts_only(turtle_pkg)
[7.009s] INFO:colcon.colcon_core.shell:Creating package script '/home/noh0906/robot_ws/install/turtle_pkg/share/turtle_pkg/package.ps1'
[7.010s] INFO:colcon.colcon_core.shell:Creating package descriptor '/home/noh0906/robot_ws/install/turtle_pkg/share/turtle_pkg/package.dsv'
[7.010s] INFO:colcon.colcon_core.shell:Creating package script '/home/noh0906/robot_ws/install/turtle_pkg/share/turtle_pkg/package.sh'
[7.011s] INFO:colcon.colcon_core.shell:Creating package script '/home/noh0906/robot_ws/install/turtle_pkg/share/turtle_pkg/package.bash'
[7.011s] INFO:colcon.colcon_core.shell:Creating package script '/home/noh0906/robot_ws/install/turtle_pkg/share/turtle_pkg/package.zsh'
[7.012s] Level 1:colcon.colcon_core.environment:create_file_with_runtime_dependencies(/home/noh0906/robot_ws/install/turtle_pkg/share/colcon-core/packages/turtle_pkg)
[7.012s] DEBUG:colcon.colcon_parallel_executor.executor.parallel:closing loop
[7.013s] DEBUG:colcon.colcon_parallel_executor.executor.parallel:loop closed
[7.013s] DEBUG:colcon.colcon_parallel_executor.executor.parallel:run_until_complete finished with '0'
[7.013s] DEBUG:colcon.colcon_core.event_reactor:joining thread
[7.019s] INFO:colcon.colcon_core.plugin_system:Skipping extension 'colcon_notification.desktop_notification.terminal_notifier': Not used on non-Darwin systems
[7.019s] INFO:colcon.colcon_core.plugin_system:Skipping extension 'colcon_notification.desktop_notification.win32': Not used on non-Windows systems
[7.019s] INFO:colcon.colcon_notification.desktop_notification:Sending desktop notification using 'notify2'
[7.036s] DEBUG:colcon.colcon_core.event_reactor:joined thread
[7.036s] INFO:colcon.colcon_core.shell:Creating prefix script '/home/noh0906/robot_ws/install/local_setup.ps1'
[7.038s] INFO:colcon.colcon_core.shell:Creating prefix util module '/home/noh0906/robot_ws/install/_local_setup_util_ps1.py'
[7.040s] INFO:colcon.colcon_core.shell:Creating prefix chain script '/home/noh0906/robot_ws/install/setup.ps1'
[7.043s] INFO:colcon.colcon_core.shell:Creating prefix script '/home/noh0906/robot_ws/install/local_setup.sh'
[7.044s] INFO:colcon.colcon_core.shell:Creating prefix util module '/home/noh0906/robot_ws/install/_local_setup_util_sh.py'
[7.047s] INFO:colcon.colcon_core.shell:Creating prefix chain script '/home/noh0906/robot_ws/install/setup.sh'
[7.050s] INFO:colcon.colcon_core.shell:Creating prefix script '/home/noh0906/robot_ws/install/local_setup.bash'
[7.052s] INFO:colcon.colcon_core.shell:Creating prefix chain script '/home/noh0906/robot_ws/install/setup.bash'
[7.055s] INFO:colcon.colcon_core.shell:Creating prefix script '/home/noh0906/robot_ws/install/local_setup.zsh'
[7.056s] INFO:colcon.colcon_core.shell:Creating prefix chain script '/home/noh0906/robot_ws/install/setup.zsh'
