[0.030s] Invoking command in '/home/noh0906/robot_ws/build/my_first_package_msgs': CMAKE_PREFIX_PATH=${CMAKE_PREFIX_PATH}:/home/noh0906/turtlebot3_ws/install/turtlebot3_teleop:/home/noh0906/turtlebot3_ws/install/turtlebot3_example:/home/noh0906/turtlebot3_ws/install/turtlebot3_dqn:/home/noh0906/robot_ws/install/turtle_pkg:/home/noh0906/robot_ws/install/ros_time_pkg:/home/noh0906/robot_ws/install/my_move_turtle_pkg:/home/noh0906/robot_ws/install/my_first_ros_rclpy_pkg:/opt/ros/humble /usr/bin/cmake --build /home/noh0906/robot_ws/build/my_first_package_msgs -- -j2 -l2
[0.090s] [  9%] Built target my_first_package_msgs__rosidl_generator_c
[0.117s] [ 12%] Built target my_first_package_msgs__cpp
[0.121s] [ 12%] Built target ament_cmake_python_symlink_my_first_package_msgs
[0.156s] [ 22%] Built target my_first_package_msgs__rosidl_typesupport_fastrtps_c
[0.159s] [ 32%] Built target my_first_package_msgs__rosidl_typesupport_cpp
[0.184s] [ 41%] Built target my_first_package_msgs__rosidl_typesupport_c
[0.211s] [ 51%] Built target my_first_package_msgs__rosidl_typesupport_introspection_c
[0.215s] [ 61%] Built target my_first_package_msgs__rosidl_typesupport_fastrtps_cpp
[0.239s] [ 70%] Built target my_first_package_msgs__rosidl_typesupport_introspection_cpp
[0.268s] [ 70%] Built target my_first_package_msgs
[0.359s] [ 74%] Built target my_first_package_msgs__py
[0.457s] [ 80%] Built target my_first_package_msgs__rosidl_generator_py
[0.540s] [ 87%] Built target my_first_package_msgs__rosidl_typesupport_fastrtps_c__pyext
[0.577s] [ 93%] Built target my_first_package_msgs__rosidl_typesupport_introspection_c__pyext
[0.629s] [100%] Built target my_first_package_msgs__rosidl_typesupport_c__pyext
[0.700s] running egg_info
[0.702s] writing my_first_package_msgs.egg-info/PKG-INFO
[0.702s] writing dependency_links to my_first_package_msgs.egg-info/dependency_links.txt
[0.703s] writing top-level names to my_first_package_msgs.egg-info/top_level.txt
[0.707s] reading manifest file 'my_first_package_msgs.egg-info/SOURCES.txt'
[0.708s] writing manifest file 'my_first_package_msgs.egg-info/SOURCES.txt'
[0.736s] [100%] Built target ament_cmake_python_build_my_first_package_msgs_egg
[0.755s] Invoked command in '/home/noh0906/robot_ws/build/my_first_package_msgs' returned '0': CMAKE_PREFIX_PATH=${CMAKE_PREFIX_PATH}:/home/noh0906/turtlebot3_ws/install/turtlebot3_teleop:/home/noh0906/turtlebot3_ws/install/turtlebot3_example:/home/noh0906/turtlebot3_ws/install/turtlebot3_dqn:/home/noh0906/robot_ws/install/turtle_pkg:/home/noh0906/robot_ws/install/ros_time_pkg:/home/noh0906/robot_ws/install/my_move_turtle_pkg:/home/noh0906/robot_ws/install/my_first_ros_rclpy_pkg:/opt/ros/humble /usr/bin/cmake --build /home/noh0906/robot_ws/build/my_first_package_msgs -- -j2 -l2
[0.769s] Invoking command in '/home/noh0906/robot_ws/build/my_first_package_msgs': CMAKE_PREFIX_PATH=${CMAKE_PREFIX_PATH}:/home/noh0906/turtlebot3_ws/install/turtlebot3_teleop:/home/noh0906/turtlebot3_ws/install/turtlebot3_example:/home/noh0906/turtlebot3_ws/install/turtlebot3_dqn:/home/noh0906/robot_ws/install/turtle_pkg:/home/noh0906/robot_ws/install/ros_time_pkg:/home/noh0906/robot_ws/install/my_move_turtle_pkg:/home/noh0906/robot_ws/install/my_first_ros_rclpy_pkg:/opt/ros/humble /usr/bin/cmake --install /home/noh0906/robot_ws/build/my_first_package_msgs
[0.777s] -- Install configuration: ""
[0.778s] -- Execute custom install script
[0.779s] -- Up-to-date symlink: /home/noh0906/robot_ws/install/my_first_package_msgs/share/ament_index/resource_index/rosidl_interfaces/my_first_package_msgs
[0.780s] -- Up-to-date symlink: /home/noh0906/robot_ws/install/my_first_package_msgs/include/my_first_package_msgs/my_first_package_msgs/msg/cmd_and_pose_vel.h
[0.780s] -- Up-to-date symlink: /home/noh0906/robot_ws/install/my_first_package_msgs/include/my_first_package_msgs/my_first_package_msgs/msg/detail/cmd_and_pose_vel__functions.h
[0.781s] -- Up-to-date symlink: /home/noh0906/robot_ws/install/my_first_package_msgs/include/my_first_package_msgs/my_first_package_msgs/msg/detail/cmd_and_pose_vel__struct.h
[0.782s] -- Up-to-date symlink: /home/noh0906/robot_ws/install/my_first_package_msgs/include/my_first_package_msgs/my_first_package_msgs/msg/detail/cmd_and_pose_vel__type_support.h
[0.782s] -- Up-to-date symlink: /home/noh0906/robot_ws/install/my_first_package_msgs/include/my_first_package_msgs/my_first_package_msgs/msg/rosidl_generator_c__visibility_control.h
[0.782s] -- Up-to-date symlink: /home/noh0906/robot_ws/install/my_first_package_msgs/share/my_first_package_msgs/environment/library_path.sh
[0.782s] -- Up-to-date symlink: /home/noh0906/robot_ws/install/my_first_package_msgs/share/my_first_package_msgs/environment/library_path.dsv
[0.785s] -- Up-to-date symlink: /home/noh0906/robot_ws/install/my_first_package_msgs/include/my_first_package_msgs/my_first_package_msgs/msg/detail/cmd_and_pose_vel__rosidl_typesupport_fastrtps_c.h
[0.785s] -- Up-to-date symlink: /home/noh0906/robot_ws/install/my_first_package_msgs/include/my_first_package_msgs/my_first_package_msgs/msg/rosidl_typesupport_fastrtps_c__visibility_control.h
[0.785s] -- Up-to-date symlink: /home/noh0906/robot_ws/install/my_first_package_msgs/include/my_first_package_msgs/my_first_package_msgs/msg/detail/cmd_and_pose_vel__rosidl_typesupport_introspection_c.h
[0.785s] -- Up-to-date symlink: /home/noh0906/robot_ws/install/my_first_package_msgs/include/my_first_package_msgs/my_first_package_msgs/msg/rosidl_typesupport_introspection_c__visibility_control.h
[0.786s] -- Up-to-date symlink: /home/noh0906/robot_ws/install/my_first_package_msgs/include/my_first_package_msgs/my_first_package_msgs/msg/cmd_and_pose_vel.hpp
[0.786s] -- Up-to-date symlink: /home/noh0906/robot_ws/install/my_first_package_msgs/include/my_first_package_msgs/my_first_package_msgs/msg/detail/cmd_and_pose_vel__builder.hpp
[0.786s] -- Up-to-date symlink: /home/noh0906/robot_ws/install/my_first_package_msgs/include/my_first_package_msgs/my_first_package_msgs/msg/detail/cmd_and_pose_vel__struct.hpp
[0.788s] -- Up-to-date symlink: /home/noh0906/robot_ws/install/my_first_package_msgs/include/my_first_package_msgs/my_first_package_msgs/msg/detail/cmd_and_pose_vel__traits.hpp
[0.789s] -- Up-to-date symlink: /home/noh0906/robot_ws/install/my_first_package_msgs/include/my_first_package_msgs/my_first_package_msgs/msg/detail/cmd_and_pose_vel__type_support.hpp
[0.789s] -- Up-to-date symlink: /home/noh0906/robot_ws/install/my_first_package_msgs/include/my_first_package_msgs/my_first_package_msgs/msg/rosidl_generator_cpp__visibility_control.hpp
[0.789s] -- Up-to-date symlink: /home/noh0906/robot_ws/install/my_first_package_msgs/include/my_first_package_msgs/my_first_package_msgs/msg/detail/cmd_and_pose_vel__rosidl_typesupport_fastrtps_cpp.hpp
[0.790s] -- Up-to-date symlink: /home/noh0906/robot_ws/install/my_first_package_msgs/include/my_first_package_msgs/my_first_package_msgs/msg/rosidl_typesupport_fastrtps_cpp__visibility_control.h
[0.790s] -- Up-to-date symlink: /home/noh0906/robot_ws/install/my_first_package_msgs/include/my_first_package_msgs/my_first_package_msgs/msg/detail/cmd_and_pose_vel__rosidl_typesupport_introspection_cpp.hpp
[0.792s] -- Up-to-date symlink: /home/noh0906/robot_ws/install/my_first_package_msgs/share/my_first_package_msgs/environment/pythonpath.sh
[0.792s] -- Up-to-date symlink: /home/noh0906/robot_ws/install/my_first_package_msgs/share/my_first_package_msgs/environment/pythonpath.dsv
[0.793s] -- Up-to-date symlink: /home/noh0906/robot_ws/install/my_first_package_msgs/local/lib/python3.10/dist-packages/my_first_package_msgs-0.0.0-py3.10.egg-info/PKG-INFO
[0.794s] -- Up-to-date symlink: /home/noh0906/robot_ws/install/my_first_package_msgs/local/lib/python3.10/dist-packages/my_first_package_msgs-0.0.0-py3.10.egg-info/SOURCES.txt
[0.795s] -- Up-to-date symlink: /home/noh0906/robot_ws/install/my_first_package_msgs/local/lib/python3.10/dist-packages/my_first_package_msgs-0.0.0-py3.10.egg-info/dependency_links.txt
[0.795s] -- Up-to-date symlink: /home/noh0906/robot_ws/install/my_first_package_msgs/local/lib/python3.10/dist-packages/my_first_package_msgs-0.0.0-py3.10.egg-info/top_level.txt
[0.795s] -- Up-to-date symlink: /home/noh0906/robot_ws/install/my_first_package_msgs/local/lib/python3.10/dist-packages/my_first_package_msgs/__init__.py
[0.796s] -- Up-to-date symlink: /home/noh0906/robot_ws/install/my_first_package_msgs/local/lib/python3.10/dist-packages/my_first_package_msgs/_my_first_package_msgs_s.ep.rosidl_typesupport_c.c
[0.796s] -- Up-to-date symlink: /home/noh0906/robot_ws/install/my_first_package_msgs/local/lib/python3.10/dist-packages/my_first_package_msgs/_my_first_package_msgs_s.ep.rosidl_typesupport_fastrtps_c.c
[0.799s] -- Up-to-date symlink: /home/noh0906/robot_ws/install/my_first_package_msgs/local/lib/python3.10/dist-packages/my_first_package_msgs/_my_first_package_msgs_s.ep.rosidl_typesupport_introspection_c.c
[0.800s] -- Up-to-date symlink: /home/noh0906/robot_ws/install/my_first_package_msgs/local/lib/python3.10/dist-packages/my_first_package_msgs/libmy_first_package_msgs__rosidl_generator_py.so
[0.800s] -- Up-to-date symlink: /home/noh0906/robot_ws/install/my_first_package_msgs/local/lib/python3.10/dist-packages/my_first_package_msgs/msg/__init__.py
[0.801s] -- Up-to-date symlink: /home/noh0906/robot_ws/install/my_first_package_msgs/local/lib/python3.10/dist-packages/my_first_package_msgs/msg/_cmd_and_pose_vel.py
[0.802s] -- Up-to-date symlink: /home/noh0906/robot_ws/install/my_first_package_msgs/local/lib/python3.10/dist-packages/my_first_package_msgs/msg/_cmd_and_pose_vel_s.c
[0.802s] -- Up-to-date symlink: /home/noh0906/robot_ws/install/my_first_package_msgs/local/lib/python3.10/dist-packages/my_first_package_msgs/my_first_package_msgs_s__rosidl_typesupport_c.cpython-310-x86_64-linux-gnu.so
[0.802s] -- Up-to-date symlink: /home/noh0906/robot_ws/install/my_first_package_msgs/local/lib/python3.10/dist-packages/my_first_package_msgs/my_first_package_msgs_s__rosidl_typesupport_fastrtps_c.cpython-310-x86_64-linux-gnu.so
[0.802s] -- Up-to-date symlink: /home/noh0906/robot_ws/install/my_first_package_msgs/local/lib/python3.10/dist-packages/my_first_package_msgs/my_first_package_msgs_s__rosidl_typesupport_introspection_c.cpython-310-x86_64-linux-gnu.so
[0.802s] -- Up-to-date symlink: /home/noh0906/robot_ws/install/my_first_package_msgs/local/lib/python3.10/dist-packages/my_first_package_msgs/my_first_package_msgs_s__rosidl_typesupport_fastrtps_c.cpython-310-x86_64-linux-gnu.so
[0.802s] -- Up-to-date symlink: /home/noh0906/robot_ws/install/my_first_package_msgs/local/lib/python3.10/dist-packages/my_first_package_msgs/my_first_package_msgs_s__rosidl_typesupport_introspection_c.cpython-310-x86_64-linux-gnu.so
[0.802s] -- Up-to-date symlink: /home/noh0906/robot_ws/install/my_first_package_msgs/local/lib/python3.10/dist-packages/my_first_package_msgs/my_first_package_msgs_s__rosidl_typesupport_c.cpython-310-x86_64-linux-gnu.so
[0.802s] -- Up-to-date symlink: /home/noh0906/robot_ws/install/my_first_package_msgs/share/my_first_package_msgs/msg/CmdAndPoseVel.idl
[0.802s] -- Up-to-date symlink: /home/noh0906/robot_ws/install/my_first_package_msgs/share/my_first_package_msgs/msg/CmdAndPoseVel.msg
[0.802s] -- Up-to-date symlink: /home/noh0906/robot_ws/install/my_first_package_msgs/share/ament_index/resource_index/package_run_dependencies/my_first_package_msgs
[0.803s] -- Up-to-date symlink: /home/noh0906/robot_ws/install/my_first_package_msgs/share/ament_index/resource_index/parent_prefix_path/my_first_package_msgs
[0.803s] -- Up-to-date symlink: /home/noh0906/robot_ws/install/my_first_package_msgs/share/my_first_package_msgs/environment/ament_prefix_path.sh
[0.803s] -- Up-to-date symlink: /home/noh0906/robot_ws/install/my_first_package_msgs/share/my_first_package_msgs/environment/ament_prefix_path.dsv
[0.803s] -- Up-to-date symlink: /home/noh0906/robot_ws/install/my_first_package_msgs/share/my_first_package_msgs/environment/path.sh
[0.803s] -- Up-to-date symlink: /home/noh0906/robot_ws/install/my_first_package_msgs/share/my_first_package_msgs/environment/path.dsv
[0.803s] -- Up-to-date symlink: /home/noh0906/robot_ws/install/my_first_package_msgs/share/my_first_package_msgs/local_setup.bash
[0.803s] -- Up-to-date symlink: /home/noh0906/robot_ws/install/my_first_package_msgs/share/my_first_package_msgs/local_setup.sh
[0.803s] -- Up-to-date symlink: /home/noh0906/robot_ws/install/my_first_package_msgs/share/my_first_package_msgs/local_setup.zsh
[0.807s] -- Up-to-date symlink: /home/noh0906/robot_ws/install/my_first_package_msgs/share/my_first_package_msgs/local_setup.dsv
[0.807s] -- Symlinking: /home/noh0906/robot_ws/install/my_first_package_msgs/share/my_first_package_msgs/package.dsv
[0.822s] -- Up-to-date symlink: /home/noh0906/robot_ws/install/my_first_package_msgs/share/ament_index/resource_index/packages/my_first_package_msgs
[0.822s] -- Up-to-date symlink: /home/noh0906/robot_ws/install/my_first_package_msgs/share/my_first_package_msgs/cmake/rosidl_cmake-extras.cmake
[0.823s] -- Up-to-date symlink: /home/noh0906/robot_ws/install/my_first_package_msgs/share/my_first_package_msgs/cmake/ament_cmake_export_include_directories-extras.cmake
[0.823s] -- Up-to-date symlink: /home/noh0906/robot_ws/install/my_first_package_msgs/share/my_first_package_msgs/cmake/ament_cmake_export_libraries-extras.cmake
[0.823s] -- Up-to-date symlink: /home/noh0906/robot_ws/install/my_first_package_msgs/share/my_first_package_msgs/cmake/ament_cmake_export_targets-extras.cmake
[0.823s] -- Up-to-date symlink: /home/noh0906/robot_ws/install/my_first_package_msgs/share/my_first_package_msgs/cmake/rosidl_cmake_export_typesupport_targets-extras.cmake
[0.823s] -- Up-to-date symlink: /home/noh0906/robot_ws/install/my_first_package_msgs/share/my_first_package_msgs/cmake/ament_cmake_export_dependencies-extras.cmake
[0.823s] -- Up-to-date symlink: /home/noh0906/robot_ws/install/my_first_package_msgs/share/my_first_package_msgs/cmake/rosidl_cmake_export_typesupport_libraries-extras.cmake
[0.823s] -- Up-to-date symlink: /home/noh0906/robot_ws/install/my_first_package_msgs/share/my_first_package_msgs/cmake/my_first_package_msgsConfig.cmake
[0.823s] -- Up-to-date symlink: /home/noh0906/robot_ws/install/my_first_package_msgs/share/my_first_package_msgs/cmake/my_first_package_msgsConfig-version.cmake
[0.823s] -- Up-to-date symlink: /home/noh0906/robot_ws/install/my_first_package_msgs/share/my_first_package_msgs/package.xml
[0.823s] -- Up-to-date: /home/noh0906/robot_ws/install/my_first_package_msgs/lib/libmy_first_package_msgs__rosidl_generator_c.so
[0.823s] -- Up-to-date: /home/noh0906/robot_ws/install/my_first_package_msgs/lib/libmy_first_package_msgs__rosidl_typesupport_fastrtps_c.so
[0.823s] -- Up-to-date: /home/noh0906/robot_ws/install/my_first_package_msgs/lib/libmy_first_package_msgs__rosidl_typesupport_introspection_c.so
[0.823s] -- Up-to-date: /home/noh0906/robot_ws/install/my_first_package_msgs/lib/libmy_first_package_msgs__rosidl_typesupport_c.so
[0.823s] -- Up-to-date: /home/noh0906/robot_ws/install/my_first_package_msgs/lib/libmy_first_package_msgs__rosidl_typesupport_fastrtps_cpp.so
[0.823s] -- Up-to-date: /home/noh0906/robot_ws/install/my_first_package_msgs/lib/libmy_first_package_msgs__rosidl_typesupport_introspection_cpp.so
[0.823s] -- Up-to-date: /home/noh0906/robot_ws/install/my_first_package_msgs/lib/libmy_first_package_msgs__rosidl_typesupport_cpp.so
[0.876s] Listing '/home/noh0906/robot_ws/install/my_first_package_msgs/local/lib/python3.10/dist-packages/my_first_package_msgs'...
[0.877s] Listing '/home/noh0906/robot_ws/install/my_first_package_msgs/local/lib/python3.10/dist-packages/my_first_package_msgs/msg'...
[0.880s] -- Up-to-date: /home/noh0906/robot_ws/install/my_first_package_msgs/lib/libmy_first_package_msgs__rosidl_generator_py.so
[0.880s] -- Up-to-date: /home/noh0906/robot_ws/install/my_first_package_msgs/share/my_first_package_msgs/cmake/export_my_first_package_msgs__rosidl_generator_cExport.cmake
[0.880s] -- Up-to-date: /home/noh0906/robot_ws/install/my_first_package_msgs/share/my_first_package_msgs/cmake/export_my_first_package_msgs__rosidl_generator_cExport-noconfig.cmake
[0.880s] -- Up-to-date: /home/noh0906/robot_ws/install/my_first_package_msgs/share/my_first_package_msgs/cmake/export_my_first_package_msgs__rosidl_typesupport_fastrtps_cExport.cmake
[0.880s] -- Up-to-date: /home/noh0906/robot_ws/install/my_first_package_msgs/share/my_first_package_msgs/cmake/export_my_first_package_msgs__rosidl_typesupport_fastrtps_cExport-noconfig.cmake
[0.881s] -- Up-to-date: /home/noh0906/robot_ws/install/my_first_package_msgs/share/my_first_package_msgs/cmake/my_first_package_msgs__rosidl_typesupport_introspection_cExport.cmake
[0.881s] -- Up-to-date: /home/noh0906/robot_ws/install/my_first_package_msgs/share/my_first_package_msgs/cmake/my_first_package_msgs__rosidl_typesupport_introspection_cExport-noconfig.cmake
[0.881s] -- Up-to-date: /home/noh0906/robot_ws/install/my_first_package_msgs/share/my_first_package_msgs/cmake/my_first_package_msgs__rosidl_typesupport_cExport.cmake
[0.881s] -- Up-to-date: /home/noh0906/robot_ws/install/my_first_package_msgs/share/my_first_package_msgs/cmake/my_first_package_msgs__rosidl_typesupport_cExport-noconfig.cmake
[0.881s] -- Up-to-date: /home/noh0906/robot_ws/install/my_first_package_msgs/share/my_first_package_msgs/cmake/export_my_first_package_msgs__rosidl_generator_cppExport.cmake
[0.881s] -- Up-to-date: /home/noh0906/robot_ws/install/my_first_package_msgs/share/my_first_package_msgs/cmake/export_my_first_package_msgs__rosidl_typesupport_fastrtps_cppExport.cmake
[0.881s] -- Up-to-date: /home/noh0906/robot_ws/install/my_first_package_msgs/share/my_first_package_msgs/cmake/export_my_first_package_msgs__rosidl_typesupport_fastrtps_cppExport-noconfig.cmake
[0.881s] -- Up-to-date: /home/noh0906/robot_ws/install/my_first_package_msgs/share/my_first_package_msgs/cmake/my_first_package_msgs__rosidl_typesupport_introspection_cppExport.cmake
[0.881s] -- Up-to-date: /home/noh0906/robot_ws/install/my_first_package_msgs/share/my_first_package_msgs/cmake/my_first_package_msgs__rosidl_typesupport_introspection_cppExport-noconfig.cmake
[0.881s] -- Up-to-date: /home/noh0906/robot_ws/install/my_first_package_msgs/share/my_first_package_msgs/cmake/my_first_package_msgs__rosidl_typesupport_cppExport.cmake
[0.883s] -- Up-to-date: /home/noh0906/robot_ws/install/my_first_package_msgs/share/my_first_package_msgs/cmake/my_first_package_msgs__rosidl_typesupport_cppExport-noconfig.cmake
[0.883s] -- Up-to-date: /home/noh0906/robot_ws/install/my_first_package_msgs/share/my_first_package_msgs/cmake/export_my_first_package_msgs__rosidl_generator_pyExport.cmake
[0.883s] -- Up-to-date: /home/noh0906/robot_ws/install/my_first_package_msgs/share/my_first_package_msgs/cmake/export_my_first_package_msgs__rosidl_generator_pyExport-noconfig.cmake
[0.883s] Invoked command in '/home/noh0906/robot_ws/build/my_first_package_msgs' returned '0': CMAKE_PREFIX_PATH=${CMAKE_PREFIX_PATH}:/home/noh0906/turtlebot3_ws/install/turtlebot3_teleop:/home/noh0906/turtlebot3_ws/install/turtlebot3_example:/home/noh0906/turtlebot3_ws/install/turtlebot3_dqn:/home/noh0906/robot_ws/install/turtle_pkg:/home/noh0906/robot_ws/install/ros_time_pkg:/home/noh0906/robot_ws/install/my_move_turtle_pkg:/home/noh0906/robot_ws/install/my_first_ros_rclpy_pkg:/opt/ros/humble /usr/bin/cmake --install /home/noh0906/robot_ws/build/my_first_package_msgs
