[0.022s] Invoking command in '/home/noh0906/robot_ws/build/my_first_package_msgs': CMAKE_PREFIX_PATH=${CMAKE_PREFIX_PATH}:/home/noh0906/turtlebot3_ws/install/turtlebot3_teleop:/home/noh0906/turtlebot3_ws/install/turtlebot3_example:/home/noh0906/turtlebot3_ws/install/turtlebot3_dqn:/home/noh0906/robot_ws/install/turtle_pkg:/home/noh0906/robot_ws/install/ros_time_pkg:/home/noh0906/robot_ws/install/my_move_turtle_pkg:/home/noh0906/robot_ws/install/my_first_ros_rclpy_pkg:/opt/ros/humble /usr/bin/cmake --build /home/noh0906/robot_ws/build/my_first_package_msgs -- -j2 -l2
[0.095s] [ 10%] Built target my_first_package_msgs__rosidl_generator_c
[0.114s] [ 12%] Built target my_first_package_msgs__cpp
[0.149s] [ 12%] Built target ament_cmake_python_symlink_my_first_package_msgs
[0.167s] [ 23%] Built target my_first_package_msgs__rosidl_typesupport_fastrtps_c
[0.188s] [ 34%] Built target my_first_package_msgs__rosidl_typesupport_introspection_c
[0.208s] [ 44%] Built target my_first_package_msgs__rosidl_typesupport_c
[0.237s] [ 55%] Built target my_first_package_msgs__rosidl_typesupport_introspection_cpp
[0.255s] [ 65%] Built target my_first_package_msgs__rosidl_typesupport_fastrtps_cpp
[0.269s] [ 76%] Built target my_first_package_msgs__rosidl_typesupport_cpp
[0.294s] [ 76%] Built target my_first_package_msgs
[0.331s] [ 78%] Built target my_first_package_msgs__py
[0.389s] [ 87%] Built target my_first_package_msgs__rosidl_generator_py
[0.462s] [ 91%] Built target my_first_package_msgs__rosidl_typesupport_fastrtps_c__pyext
[0.533s] [ 95%] Built target my_first_package_msgs__rosidl_typesupport_introspection_c__pyext
[0.600s] [100%] Built target my_first_package_msgs__rosidl_typesupport_c__pyext
[0.810s] running egg_info
[0.811s] writing my_first_package_msgs.egg-info/PKG-INFO
[0.812s] writing dependency_links to my_first_package_msgs.egg-info/dependency_links.txt
[0.813s] writing top-level names to my_first_package_msgs.egg-info/top_level.txt
[0.819s] reading manifest file 'my_first_package_msgs.egg-info/SOURCES.txt'
[0.819s] writing manifest file 'my_first_package_msgs.egg-info/SOURCES.txt'
[0.845s] [100%] Built target ament_cmake_python_build_my_first_package_msgs_egg
[0.868s] Invoked command in '/home/noh0906/robot_ws/build/my_first_package_msgs' returned '0': CMAKE_PREFIX_PATH=${CMAKE_PREFIX_PATH}:/home/noh0906/turtlebot3_ws/install/turtlebot3_teleop:/home/noh0906/turtlebot3_ws/install/turtlebot3_example:/home/noh0906/turtlebot3_ws/install/turtlebot3_dqn:/home/noh0906/robot_ws/install/turtle_pkg:/home/noh0906/robot_ws/install/ros_time_pkg:/home/noh0906/robot_ws/install/my_move_turtle_pkg:/home/noh0906/robot_ws/install/my_first_ros_rclpy_pkg:/opt/ros/humble /usr/bin/cmake --build /home/noh0906/robot_ws/build/my_first_package_msgs -- -j2 -l2
[0.878s] Invoking command in '/home/noh0906/robot_ws/build/my_first_package_msgs': CMAKE_PREFIX_PATH=${CMAKE_PREFIX_PATH}:/home/noh0906/turtlebot3_ws/install/turtlebot3_teleop:/home/noh0906/turtlebot3_ws/install/turtlebot3_example:/home/noh0906/turtlebot3_ws/install/turtlebot3_dqn:/home/noh0906/robot_ws/install/turtle_pkg:/home/noh0906/robot_ws/install/ros_time_pkg:/home/noh0906/robot_ws/install/my_move_turtle_pkg:/home/noh0906/robot_ws/install/my_first_ros_rclpy_pkg:/opt/ros/humble /usr/bin/cmake --install /home/noh0906/robot_ws/build/my_first_package_msgs
[0.886s] -- Install configuration: ""
[0.887s] -- Execute custom install script
[0.888s] -- Up-to-date symlink: /home/noh0906/robot_ws/install/my_first_package_msgs/share/ament_index/resource_index/rosidl_interfaces/my_first_package_msgs
[0.889s] -- Up-to-date symlink: /home/noh0906/robot_ws/install/my_first_package_msgs/include/my_first_package_msgs/my_first_package_msgs/action/detail/dist_turtle__functions.h
[0.890s] -- Up-to-date symlink: /home/noh0906/robot_ws/install/my_first_package_msgs/include/my_first_package_msgs/my_first_package_msgs/action/detail/dist_turtle__struct.h
[0.890s] -- Up-to-date symlink: /home/noh0906/robot_ws/install/my_first_package_msgs/include/my_first_package_msgs/my_first_package_msgs/action/detail/dist_turtle__type_support.h
[0.891s] -- Up-to-date symlink: /home/noh0906/robot_ws/install/my_first_package_msgs/include/my_first_package_msgs/my_first_package_msgs/action/dist_turtle.h
[0.891s] -- Up-to-date symlink: /home/noh0906/robot_ws/install/my_first_package_msgs/include/my_first_package_msgs/my_first_package_msgs/msg/cmd_and_pose_vel.h
[0.892s] -- Up-to-date symlink: /home/noh0906/robot_ws/install/my_first_package_msgs/include/my_first_package_msgs/my_first_package_msgs/msg/detail/cmd_and_pose_vel__functions.h
[0.892s] -- Up-to-date symlink: /home/noh0906/robot_ws/install/my_first_package_msgs/include/my_first_package_msgs/my_first_package_msgs/msg/detail/cmd_and_pose_vel__struct.h
[0.892s] -- Up-to-date symlink: /home/noh0906/robot_ws/install/my_first_package_msgs/include/my_first_package_msgs/my_first_package_msgs/msg/detail/cmd_and_pose_vel__type_support.h
[0.893s] -- Up-to-date symlink: /home/noh0906/robot_ws/install/my_first_package_msgs/include/my_first_package_msgs/my_first_package_msgs/msg/rosidl_generator_c__visibility_control.h
[0.893s] -- Up-to-date symlink: /home/noh0906/robot_ws/install/my_first_package_msgs/include/my_first_package_msgs/my_first_package_msgs/srv/detail/multi_spawn__functions.h
[0.894s] -- Up-to-date symlink: /home/noh0906/robot_ws/install/my_first_package_msgs/include/my_first_package_msgs/my_first_package_msgs/srv/detail/multi_spawn__struct.h
[0.894s] -- Up-to-date symlink: /home/noh0906/robot_ws/install/my_first_package_msgs/include/my_first_package_msgs/my_first_package_msgs/srv/detail/multi_spawn__type_support.h
[0.895s] -- Up-to-date symlink: /home/noh0906/robot_ws/install/my_first_package_msgs/include/my_first_package_msgs/my_first_package_msgs/srv/multi_spawn.h
[0.895s] -- Up-to-date symlink: /home/noh0906/robot_ws/install/my_first_package_msgs/share/my_first_package_msgs/environment/library_path.sh
[0.896s] -- Up-to-date symlink: /home/noh0906/robot_ws/install/my_first_package_msgs/share/my_first_package_msgs/environment/library_path.dsv
[0.897s] -- Up-to-date symlink: /home/noh0906/robot_ws/install/my_first_package_msgs/include/my_first_package_msgs/my_first_package_msgs/action/detail/dist_turtle__rosidl_typesupport_fastrtps_c.h
[0.897s] -- Up-to-date symlink: /home/noh0906/robot_ws/install/my_first_package_msgs/include/my_first_package_msgs/my_first_package_msgs/msg/detail/cmd_and_pose_vel__rosidl_typesupport_fastrtps_c.h
[0.897s] -- Up-to-date symlink: /home/noh0906/robot_ws/install/my_first_package_msgs/include/my_first_package_msgs/my_first_package_msgs/msg/rosidl_typesupport_fastrtps_c__visibility_control.h
[0.898s] -- Up-to-date symlink: /home/noh0906/robot_ws/install/my_first_package_msgs/include/my_first_package_msgs/my_first_package_msgs/srv/detail/multi_spawn__rosidl_typesupport_fastrtps_c.h
[0.899s] -- Up-to-date symlink: /home/noh0906/robot_ws/install/my_first_package_msgs/include/my_first_package_msgs/my_first_package_msgs/action/detail/dist_turtle__rosidl_typesupport_introspection_c.h
[0.899s] -- Up-to-date symlink: /home/noh0906/robot_ws/install/my_first_package_msgs/include/my_first_package_msgs/my_first_package_msgs/msg/detail/cmd_and_pose_vel__rosidl_typesupport_introspection_c.h
[0.900s] -- Up-to-date symlink: /home/noh0906/robot_ws/install/my_first_package_msgs/include/my_first_package_msgs/my_first_package_msgs/msg/rosidl_typesupport_introspection_c__visibility_control.h
[0.901s] -- Up-to-date symlink: /home/noh0906/robot_ws/install/my_first_package_msgs/include/my_first_package_msgs/my_first_package_msgs/srv/detail/multi_spawn__rosidl_typesupport_introspection_c.h
[0.901s] -- Up-to-date symlink: /home/noh0906/robot_ws/install/my_first_package_msgs/include/my_first_package_msgs/my_first_package_msgs/action/detail/dist_turtle__builder.hpp
[0.901s] -- Up-to-date symlink: /home/noh0906/robot_ws/install/my_first_package_msgs/include/my_first_package_msgs/my_first_package_msgs/action/detail/dist_turtle__struct.hpp
[0.902s] -- Up-to-date symlink: /home/noh0906/robot_ws/install/my_first_package_msgs/include/my_first_package_msgs/my_first_package_msgs/action/detail/dist_turtle__traits.hpp
[0.902s] -- Up-to-date symlink: /home/noh0906/robot_ws/install/my_first_package_msgs/include/my_first_package_msgs/my_first_package_msgs/action/detail/dist_turtle__type_support.hpp
[0.903s] -- Up-to-date symlink: /home/noh0906/robot_ws/install/my_first_package_msgs/include/my_first_package_msgs/my_first_package_msgs/action/dist_turtle.hpp
[0.904s] -- Up-to-date symlink: /home/noh0906/robot_ws/install/my_first_package_msgs/include/my_first_package_msgs/my_first_package_msgs/msg/cmd_and_pose_vel.hpp
[0.904s] -- Up-to-date symlink: /home/noh0906/robot_ws/install/my_first_package_msgs/include/my_first_package_msgs/my_first_package_msgs/msg/detail/cmd_and_pose_vel__builder.hpp
[0.905s] -- Up-to-date symlink: /home/noh0906/robot_ws/install/my_first_package_msgs/include/my_first_package_msgs/my_first_package_msgs/msg/detail/cmd_and_pose_vel__struct.hpp
[0.908s] -- Up-to-date symlink: /home/noh0906/robot_ws/install/my_first_package_msgs/include/my_first_package_msgs/my_first_package_msgs/msg/detail/cmd_and_pose_vel__traits.hpp
[0.909s] -- Up-to-date symlink: /home/noh0906/robot_ws/install/my_first_package_msgs/include/my_first_package_msgs/my_first_package_msgs/msg/detail/cmd_and_pose_vel__type_support.hpp
[0.909s] -- Up-to-date symlink: /home/noh0906/robot_ws/install/my_first_package_msgs/include/my_first_package_msgs/my_first_package_msgs/msg/rosidl_generator_cpp__visibility_control.hpp
[0.909s] -- Up-to-date symlink: /home/noh0906/robot_ws/install/my_first_package_msgs/include/my_first_package_msgs/my_first_package_msgs/srv/detail/multi_spawn__builder.hpp
[0.909s] -- Up-to-date symlink: /home/noh0906/robot_ws/install/my_first_package_msgs/include/my_first_package_msgs/my_first_package_msgs/srv/detail/multi_spawn__struct.hpp
[0.909s] -- Up-to-date symlink: /home/noh0906/robot_ws/install/my_first_package_msgs/include/my_first_package_msgs/my_first_package_msgs/srv/detail/multi_spawn__traits.hpp
[0.912s] -- Up-to-date symlink: /home/noh0906/robot_ws/install/my_first_package_msgs/include/my_first_package_msgs/my_first_package_msgs/srv/detail/multi_spawn__type_support.hpp
[0.912s] -- Up-to-date symlink: /home/noh0906/robot_ws/install/my_first_package_msgs/include/my_first_package_msgs/my_first_package_msgs/srv/multi_spawn.hpp
[0.913s] -- Up-to-date symlink: /home/noh0906/robot_ws/install/my_first_package_msgs/include/my_first_package_msgs/my_first_package_msgs/action/detail/dist_turtle__rosidl_typesupport_fastrtps_cpp.hpp
[0.913s] -- Up-to-date symlink: /home/noh0906/robot_ws/install/my_first_package_msgs/include/my_first_package_msgs/my_first_package_msgs/msg/detail/cmd_and_pose_vel__rosidl_typesupport_fastrtps_cpp.hpp
[0.913s] -- Up-to-date symlink: /home/noh0906/robot_ws/install/my_first_package_msgs/include/my_first_package_msgs/my_first_package_msgs/msg/rosidl_typesupport_fastrtps_cpp__visibility_control.h
[0.913s] -- Up-to-date symlink: /home/noh0906/robot_ws/install/my_first_package_msgs/include/my_first_package_msgs/my_first_package_msgs/srv/detail/multi_spawn__rosidl_typesupport_fastrtps_cpp.hpp
[0.914s] -- Up-to-date symlink: /home/noh0906/robot_ws/install/my_first_package_msgs/include/my_first_package_msgs/my_first_package_msgs/action/detail/dist_turtle__rosidl_typesupport_introspection_cpp.hpp
[0.914s] -- Up-to-date symlink: /home/noh0906/robot_ws/install/my_first_package_msgs/include/my_first_package_msgs/my_first_package_msgs/msg/detail/cmd_and_pose_vel__rosidl_typesupport_introspection_cpp.hpp
[0.914s] -- Up-to-date symlink: /home/noh0906/robot_ws/install/my_first_package_msgs/include/my_first_package_msgs/my_first_package_msgs/srv/detail/multi_spawn__rosidl_typesupport_introspection_cpp.hpp
[0.914s] -- Up-to-date symlink: /home/noh0906/robot_ws/install/my_first_package_msgs/share/my_first_package_msgs/environment/pythonpath.sh
[0.914s] -- Up-to-date symlink: /home/noh0906/robot_ws/install/my_first_package_msgs/share/my_first_package_msgs/environment/pythonpath.dsv
[0.915s] -- Up-to-date symlink: /home/noh0906/robot_ws/install/my_first_package_msgs/local/lib/python3.10/dist-packages/my_first_package_msgs-0.0.0-py3.10.egg-info/PKG-INFO
[0.916s] -- Up-to-date symlink: /home/noh0906/robot_ws/install/my_first_package_msgs/local/lib/python3.10/dist-packages/my_first_package_msgs-0.0.0-py3.10.egg-info/SOURCES.txt
[0.916s] -- Up-to-date symlink: /home/noh0906/robot_ws/install/my_first_package_msgs/local/lib/python3.10/dist-packages/my_first_package_msgs-0.0.0-py3.10.egg-info/dependency_links.txt
[0.918s] -- Up-to-date symlink: /home/noh0906/robot_ws/install/my_first_package_msgs/local/lib/python3.10/dist-packages/my_first_package_msgs-0.0.0-py3.10.egg-info/top_level.txt
[0.919s] -- Up-to-date symlink: /home/noh0906/robot_ws/install/my_first_package_msgs/local/lib/python3.10/dist-packages/my_first_package_msgs/__init__.py
[0.919s] -- Up-to-date symlink: /home/noh0906/robot_ws/install/my_first_package_msgs/local/lib/python3.10/dist-packages/my_first_package_msgs/_my_first_package_msgs_s.ep.rosidl_typesupport_c.c
[0.919s] -- Up-to-date symlink: /home/noh0906/robot_ws/install/my_first_package_msgs/local/lib/python3.10/dist-packages/my_first_package_msgs/_my_first_package_msgs_s.ep.rosidl_typesupport_fastrtps_c.c
[0.922s] -- Up-to-date symlink: /home/noh0906/robot_ws/install/my_first_package_msgs/local/lib/python3.10/dist-packages/my_first_package_msgs/_my_first_package_msgs_s.ep.rosidl_typesupport_introspection_c.c
[0.922s] -- Up-to-date symlink: /home/noh0906/robot_ws/install/my_first_package_msgs/local/lib/python3.10/dist-packages/my_first_package_msgs/action/__init__.py
[0.922s] -- Up-to-date symlink: /home/noh0906/robot_ws/install/my_first_package_msgs/local/lib/python3.10/dist-packages/my_first_package_msgs/action/_dist_turtle.py
[0.922s] -- Up-to-date symlink: /home/noh0906/robot_ws/install/my_first_package_msgs/local/lib/python3.10/dist-packages/my_first_package_msgs/action/_dist_turtle_s.c
[0.922s] -- Up-to-date symlink: /home/noh0906/robot_ws/install/my_first_package_msgs/local/lib/python3.10/dist-packages/my_first_package_msgs/libmy_first_package_msgs__rosidl_generator_py.so
[0.922s] -- Up-to-date symlink: /home/noh0906/robot_ws/install/my_first_package_msgs/local/lib/python3.10/dist-packages/my_first_package_msgs/msg/__init__.py
[0.922s] -- Up-to-date symlink: /home/noh0906/robot_ws/install/my_first_package_msgs/local/lib/python3.10/dist-packages/my_first_package_msgs/msg/_cmd_and_pose_vel.py
[0.922s] -- Up-to-date symlink: /home/noh0906/robot_ws/install/my_first_package_msgs/local/lib/python3.10/dist-packages/my_first_package_msgs/msg/_cmd_and_pose_vel_s.c
[0.922s] -- Up-to-date symlink: /home/noh0906/robot_ws/install/my_first_package_msgs/local/lib/python3.10/dist-packages/my_first_package_msgs/my_first_package_msgs_s__rosidl_typesupport_c.cpython-310-x86_64-linux-gnu.so
[0.922s] -- Up-to-date symlink: /home/noh0906/robot_ws/install/my_first_package_msgs/local/lib/python3.10/dist-packages/my_first_package_msgs/my_first_package_msgs_s__rosidl_typesupport_fastrtps_c.cpython-310-x86_64-linux-gnu.so
[0.923s] -- Up-to-date symlink: /home/noh0906/robot_ws/install/my_first_package_msgs/local/lib/python3.10/dist-packages/my_first_package_msgs/my_first_package_msgs_s__rosidl_typesupport_introspection_c.cpython-310-x86_64-linux-gnu.so
[0.923s] -- Up-to-date symlink: /home/noh0906/robot_ws/install/my_first_package_msgs/local/lib/python3.10/dist-packages/my_first_package_msgs/srv/__init__.py
[0.923s] -- Up-to-date symlink: /home/noh0906/robot_ws/install/my_first_package_msgs/local/lib/python3.10/dist-packages/my_first_package_msgs/srv/_multi_spawn.py
[0.923s] -- Up-to-date symlink: /home/noh0906/robot_ws/install/my_first_package_msgs/local/lib/python3.10/dist-packages/my_first_package_msgs/srv/_multi_spawn_s.c
[0.925s] -- Up-to-date symlink: /home/noh0906/robot_ws/install/my_first_package_msgs/local/lib/python3.10/dist-packages/my_first_package_msgs/my_first_package_msgs_s__rosidl_typesupport_fastrtps_c.cpython-310-x86_64-linux-gnu.so
[0.925s] -- Up-to-date symlink: /home/noh0906/robot_ws/install/my_first_package_msgs/local/lib/python3.10/dist-packages/my_first_package_msgs/my_first_package_msgs_s__rosidl_typesupport_introspection_c.cpython-310-x86_64-linux-gnu.so
[0.926s] -- Up-to-date symlink: /home/noh0906/robot_ws/install/my_first_package_msgs/local/lib/python3.10/dist-packages/my_first_package_msgs/my_first_package_msgs_s__rosidl_typesupport_c.cpython-310-x86_64-linux-gnu.so
[0.928s] -- Up-to-date symlink: /home/noh0906/robot_ws/install/my_first_package_msgs/share/my_first_package_msgs/msg/CmdAndPoseVel.idl
[0.928s] -- Up-to-date symlink: /home/noh0906/robot_ws/install/my_first_package_msgs/share/my_first_package_msgs/srv/MultiSpawn.idl
[0.928s] -- Up-to-date symlink: /home/noh0906/robot_ws/install/my_first_package_msgs/share/my_first_package_msgs/action/DistTurtle.idl
[0.928s] -- Up-to-date symlink: /home/noh0906/robot_ws/install/my_first_package_msgs/share/my_first_package_msgs/msg/CmdAndPoseVel.msg
[0.929s] -- Up-to-date symlink: /home/noh0906/robot_ws/install/my_first_package_msgs/share/my_first_package_msgs/srv/MultiSpawn.srv
[0.930s] -- Up-to-date symlink: /home/noh0906/robot_ws/install/my_first_package_msgs/share/my_first_package_msgs/srv/MultiSpawn_Request.msg
[0.931s] -- Up-to-date symlink: /home/noh0906/robot_ws/install/my_first_package_msgs/share/my_first_package_msgs/srv/MultiSpawn_Response.msg
[0.931s] -- Up-to-date symlink: /home/noh0906/robot_ws/install/my_first_package_msgs/share/my_first_package_msgs/action/DistTurtle.action
[0.933s] -- Up-to-date symlink: /home/noh0906/robot_ws/install/my_first_package_msgs/share/ament_index/resource_index/package_run_dependencies/my_first_package_msgs
[0.933s] -- Up-to-date symlink: /home/noh0906/robot_ws/install/my_first_package_msgs/share/ament_index/resource_index/parent_prefix_path/my_first_package_msgs
[0.934s] -- Up-to-date symlink: /home/noh0906/robot_ws/install/my_first_package_msgs/share/my_first_package_msgs/environment/ament_prefix_path.sh
[0.935s] -- Up-to-date symlink: /home/noh0906/robot_ws/install/my_first_package_msgs/share/my_first_package_msgs/environment/ament_prefix_path.dsv
[0.936s] -- Up-to-date symlink: /home/noh0906/robot_ws/install/my_first_package_msgs/share/my_first_package_msgs/environment/path.sh
[0.936s] -- Up-to-date symlink: /home/noh0906/robot_ws/install/my_first_package_msgs/share/my_first_package_msgs/environment/path.dsv
[0.937s] -- Up-to-date symlink: /home/noh0906/robot_ws/install/my_first_package_msgs/share/my_first_package_msgs/local_setup.bash
[0.938s] -- Up-to-date symlink: /home/noh0906/robot_ws/install/my_first_package_msgs/share/my_first_package_msgs/local_setup.sh
[0.938s] -- Up-to-date symlink: /home/noh0906/robot_ws/install/my_first_package_msgs/share/my_first_package_msgs/local_setup.zsh
[0.939s] -- Up-to-date symlink: /home/noh0906/robot_ws/install/my_first_package_msgs/share/my_first_package_msgs/local_setup.dsv
[0.939s] -- Symlinking: /home/noh0906/robot_ws/install/my_first_package_msgs/share/my_first_package_msgs/package.dsv
[0.952s] -- Up-to-date symlink: /home/noh0906/robot_ws/install/my_first_package_msgs/share/ament_index/resource_index/packages/my_first_package_msgs
[0.952s] -- Up-to-date symlink: /home/noh0906/robot_ws/install/my_first_package_msgs/share/my_first_package_msgs/cmake/rosidl_cmake-extras.cmake
[0.952s] -- Up-to-date symlink: /home/noh0906/robot_ws/install/my_first_package_msgs/share/my_first_package_msgs/cmake/ament_cmake_export_dependencies-extras.cmake
[0.953s] -- Up-to-date symlink: /home/noh0906/robot_ws/install/my_first_package_msgs/share/my_first_package_msgs/cmake/ament_cmake_export_include_directories-extras.cmake
[0.954s] -- Up-to-date symlink: /home/noh0906/robot_ws/install/my_first_package_msgs/share/my_first_package_msgs/cmake/ament_cmake_export_libraries-extras.cmake
[0.954s] -- Up-to-date symlink: /home/noh0906/robot_ws/install/my_first_package_msgs/share/my_first_package_msgs/cmake/ament_cmake_export_targets-extras.cmake
[0.955s] -- Up-to-date symlink: /home/noh0906/robot_ws/install/my_first_package_msgs/share/my_first_package_msgs/cmake/rosidl_cmake_export_typesupport_targets-extras.cmake
[0.955s] -- Up-to-date symlink: /home/noh0906/robot_ws/install/my_first_package_msgs/share/my_first_package_msgs/cmake/rosidl_cmake_export_typesupport_libraries-extras.cmake
[0.956s] -- Up-to-date symlink: /home/noh0906/robot_ws/install/my_first_package_msgs/share/my_first_package_msgs/cmake/my_first_package_msgsConfig.cmake
[0.956s] -- Up-to-date symlink: /home/noh0906/robot_ws/install/my_first_package_msgs/share/my_first_package_msgs/cmake/my_first_package_msgsConfig-version.cmake
[0.957s] -- Up-to-date symlink: /home/noh0906/robot_ws/install/my_first_package_msgs/share/my_first_package_msgs/package.xml
[0.957s] -- Up-to-date: /home/noh0906/robot_ws/install/my_first_package_msgs/lib/libmy_first_package_msgs__rosidl_generator_c.so
[0.959s] -- Up-to-date: /home/noh0906/robot_ws/install/my_first_package_msgs/lib/libmy_first_package_msgs__rosidl_typesupport_fastrtps_c.so
[0.959s] -- Up-to-date: /home/noh0906/robot_ws/install/my_first_package_msgs/lib/libmy_first_package_msgs__rosidl_typesupport_introspection_c.so
[0.960s] -- Up-to-date: /home/noh0906/robot_ws/install/my_first_package_msgs/lib/libmy_first_package_msgs__rosidl_typesupport_c.so
[0.960s] -- Up-to-date: /home/noh0906/robot_ws/install/my_first_package_msgs/lib/libmy_first_package_msgs__rosidl_typesupport_fastrtps_cpp.so
[0.961s] -- Up-to-date: /home/noh0906/robot_ws/install/my_first_package_msgs/lib/libmy_first_package_msgs__rosidl_typesupport_introspection_cpp.so
[0.961s] -- Up-to-date: /home/noh0906/robot_ws/install/my_first_package_msgs/lib/libmy_first_package_msgs__rosidl_typesupport_cpp.so
[0.996s] Listing '/home/noh0906/robot_ws/install/my_first_package_msgs/local/lib/python3.10/dist-packages/my_first_package_msgs'...
[0.996s] Listing '/home/noh0906/robot_ws/install/my_first_package_msgs/local/lib/python3.10/dist-packages/my_first_package_msgs/action'...
[0.996s] Listing '/home/noh0906/robot_ws/install/my_first_package_msgs/local/lib/python3.10/dist-packages/my_first_package_msgs/msg'...
[0.996s] Listing '/home/noh0906/robot_ws/install/my_first_package_msgs/local/lib/python3.10/dist-packages/my_first_package_msgs/srv'...
[1.002s] -- Up-to-date: /home/noh0906/robot_ws/install/my_first_package_msgs/lib/libmy_first_package_msgs__rosidl_generator_py.so
[1.003s] -- Up-to-date: /home/noh0906/robot_ws/install/my_first_package_msgs/share/my_first_package_msgs/cmake/export_my_first_package_msgs__rosidl_generator_cExport.cmake
[1.003s] -- Up-to-date: /home/noh0906/robot_ws/install/my_first_package_msgs/share/my_first_package_msgs/cmake/export_my_first_package_msgs__rosidl_generator_cExport-noconfig.cmake
[1.004s] -- Up-to-date: /home/noh0906/robot_ws/install/my_first_package_msgs/share/my_first_package_msgs/cmake/export_my_first_package_msgs__rosidl_typesupport_fastrtps_cExport.cmake
[1.004s] -- Up-to-date: /home/noh0906/robot_ws/install/my_first_package_msgs/share/my_first_package_msgs/cmake/export_my_first_package_msgs__rosidl_typesupport_fastrtps_cExport-noconfig.cmake
[1.004s] -- Up-to-date: /home/noh0906/robot_ws/install/my_first_package_msgs/share/my_first_package_msgs/cmake/my_first_package_msgs__rosidl_typesupport_introspection_cExport.cmake
[1.004s] -- Up-to-date: /home/noh0906/robot_ws/install/my_first_package_msgs/share/my_first_package_msgs/cmake/my_first_package_msgs__rosidl_typesupport_introspection_cExport-noconfig.cmake
[1.004s] -- Up-to-date: /home/noh0906/robot_ws/install/my_first_package_msgs/share/my_first_package_msgs/cmake/my_first_package_msgs__rosidl_typesupport_cExport.cmake
[1.004s] -- Up-to-date: /home/noh0906/robot_ws/install/my_first_package_msgs/share/my_first_package_msgs/cmake/my_first_package_msgs__rosidl_typesupport_cExport-noconfig.cmake
[1.005s] -- Up-to-date: /home/noh0906/robot_ws/install/my_first_package_msgs/share/my_first_package_msgs/cmake/export_my_first_package_msgs__rosidl_generator_cppExport.cmake
[1.006s] -- Up-to-date: /home/noh0906/robot_ws/install/my_first_package_msgs/share/my_first_package_msgs/cmake/export_my_first_package_msgs__rosidl_typesupport_fastrtps_cppExport.cmake
[1.006s] -- Up-to-date: /home/noh0906/robot_ws/install/my_first_package_msgs/share/my_first_package_msgs/cmake/export_my_first_package_msgs__rosidl_typesupport_fastrtps_cppExport-noconfig.cmake
[1.006s] -- Up-to-date: /home/noh0906/robot_ws/install/my_first_package_msgs/share/my_first_package_msgs/cmake/my_first_package_msgs__rosidl_typesupport_introspection_cppExport.cmake
[1.007s] -- Up-to-date: /home/noh0906/robot_ws/install/my_first_package_msgs/share/my_first_package_msgs/cmake/my_first_package_msgs__rosidl_typesupport_introspection_cppExport-noconfig.cmake
[1.007s] -- Up-to-date: /home/noh0906/robot_ws/install/my_first_package_msgs/share/my_first_package_msgs/cmake/my_first_package_msgs__rosidl_typesupport_cppExport.cmake
[1.007s] -- Up-to-date: /home/noh0906/robot_ws/install/my_first_package_msgs/share/my_first_package_msgs/cmake/my_first_package_msgs__rosidl_typesupport_cppExport-noconfig.cmake
[1.007s] -- Up-to-date: /home/noh0906/robot_ws/install/my_first_package_msgs/share/my_first_package_msgs/cmake/export_my_first_package_msgs__rosidl_generator_pyExport.cmake
[1.012s] -- Up-to-date: /home/noh0906/robot_ws/install/my_first_package_msgs/share/my_first_package_msgs/cmake/export_my_first_package_msgs__rosidl_generator_pyExport-noconfig.cmake
[1.013s] Invoked command in '/home/noh0906/robot_ws/build/my_first_package_msgs' returned '0': CMAKE_PREFIX_PATH=${CMAKE_PREFIX_PATH}:/home/noh0906/turtlebot3_ws/install/turtlebot3_teleop:/home/noh0906/turtlebot3_ws/install/turtlebot3_example:/home/noh0906/turtlebot3_ws/install/turtlebot3_dqn:/home/noh0906/robot_ws/install/turtle_pkg:/home/noh0906/robot_ws/install/ros_time_pkg:/home/noh0906/robot_ws/install/my_move_turtle_pkg:/home/noh0906/robot_ws/install/my_first_ros_rclpy_pkg:/opt/ros/humble /usr/bin/cmake --install /home/noh0906/robot_ws/build/my_first_package_msgs
