[0.951s] Invoking command in '/home/noh0906/robot_ws/build/turtle_pkg': PYTHONPATH=/home/noh0906/robot_ws/build/turtle_pkg/prefix_override:/usr/lib/python3/dist-packages/colcon_core/task/python/colcon_distutils_commands:/home/noh0906/robot_ws/install/turtle_pkg/lib/python3.10/site-packages:${PYTHONPATH} /usr/bin/python3 -W ignore:setup.py install is deprecated -W ignore:easy_install command is deprecated setup.py develop --editable --build-directory /home/noh0906/robot_ws/build/turtle_pkg/build --no-deps symlink_data
[1.236s] running develop
[1.413s] running egg_info
[1.415s] writing turtle_pkg.egg-info/PKG-INFO
[1.415s] writing dependency_links to turtle_pkg.egg-info/dependency_links.txt
[1.415s] writing entry points to turtle_pkg.egg-info/entry_points.txt
[1.415s] writing requirements to turtle_pkg.egg-info/requires.txt
[1.415s] writing top-level names to turtle_pkg.egg-info/top_level.txt
[1.417s] reading manifest file 'turtle_pkg.egg-info/SOURCES.txt'
[1.417s] writing manifest file 'turtle_pkg.egg-info/SOURCES.txt'
[1.421s] running build_ext
[1.421s] Creating /home/noh0906/robot_ws/install/turtle_pkg/lib/python3.10/site-packages/turtle-pkg.egg-link (link to .)
[1.421s] Installing dist_turtle_action_server script to /home/noh0906/robot_ws/install/turtle_pkg/lib/turtle_pkg
[1.421s] Installing my_multi_thread script to /home/noh0906/robot_ws/install/turtle_pkg/lib/turtle_pkg
[1.421s] Installing my_service_server script to /home/noh0906/robot_ws/install/turtle_pkg/lib/turtle_pkg
[1.421s] Installing my_subscriber script to /home/noh0906/robot_ws/install/turtle_pkg/lib/turtle_pkg
[1.421s] Installing turtle_cmd_and_pose script to /home/noh0906/robot_ws/install/turtle_pkg/lib/turtle_pkg
[1.421s] Installing turtle_pub script to /home/noh0906/robot_ws/install/turtle_pkg/lib/turtle_pkg
[1.421s] Installing turtlesim_and_teleop.launch script to /home/noh0906/robot_ws/install/turtle_pkg/lib/turtle_pkg
[1.421s] 
[1.421s] Installed /home/noh0906/robot_ws/build/turtle_pkg
[1.421s] running symlink_data
[1.463s] Invoked command in '/home/noh0906/robot_ws/build/turtle_pkg' returned '0': PYTHONPATH=/home/noh0906/robot_ws/build/turtle_pkg/prefix_override:/usr/lib/python3/dist-packages/colcon_core/task/python/colcon_distutils_commands:/home/noh0906/robot_ws/install/turtle_pkg/lib/python3.10/site-packages:${PYTHONPATH} /usr/bin/python3 -W ignore:setup.py install is deprecated -W ignore:easy_install command is deprecated setup.py develop --editable --build-directory /home/noh0906/robot_ws/build/turtle_pkg/build --no-deps symlink_data
