[0.632s] Invoking command in '/home/noh0906/robot_ws/build/topic_service_action_rclpy_example': PYTHONPATH=/home/noh0906/robot_ws/build/topic_service_action_rclpy_example/prefix_override:/usr/lib/python3/dist-packages/colcon_core/task/python/colcon_distutils_commands:/home/noh0906/robot_ws/install/topic_service_action_rclpy_example/lib/python3.10/site-packages:${PYTHONPATH} /usr/bin/python3 -W ignore:setup.py install is deprecated -W ignore:easy_install command is deprecated setup.py develop --editable --build-directory /home/noh0906/robot_ws/build/topic_service_action_rclpy_example/build --no-deps symlink_data
[0.877s] running develop
[1.034s] running egg_info
[1.034s] writing topic_service_action_rclpy_example.egg-info/PKG-INFO
[1.034s] writing dependency_links to topic_service_action_rclpy_example.egg-info/dependency_links.txt
[1.034s] writing entry points to topic_service_action_rclpy_example.egg-info/entry_points.txt
[1.034s] writing requirements to topic_service_action_rclpy_example.egg-info/requires.txt
[1.034s] writing top-level names to topic_service_action_rclpy_example.egg-info/top_level.txt
[1.034s] reading manifest file 'topic_service_action_rclpy_example.egg-info/SOURCES.txt'
[1.035s] writing manifest file 'topic_service_action_rclpy_example.egg-info/SOURCES.txt'
[1.037s] running build_ext
[1.037s] Creating /home/noh0906/robot_ws/install/topic_service_action_rclpy_example/lib/python3.10/site-packages/topic-service-action-rclpy-example.egg-link (link to .)
[1.038s] Installing argument script to /home/noh0906/robot_ws/install/topic_service_action_rclpy_example/lib/topic_service_action_rclpy_example
[1.040s] Installing arithmetic.launch script to /home/noh0906/robot_ws/install/topic_service_action_rclpy_example/lib/topic_service_action_rclpy_example
[1.040s] Installing arithmetic_action_server script to /home/noh0906/robot_ws/install/topic_service_action_rclpy_example/lib/topic_service_action_rclpy_example
[1.040s] Installing calculator script to /home/noh0906/robot_ws/install/topic_service_action_rclpy_example/lib/topic_service_action_rclpy_example
[1.040s] Installing checker script to /home/noh0906/robot_ws/install/topic_service_action_rclpy_example/lib/topic_service_action_rclpy_example
[1.040s] Installing multi_thread script to /home/noh0906/robot_ws/install/topic_service_action_rclpy_example/lib/topic_service_action_rclpy_example
[1.041s] Installing operator script to /home/noh0906/robot_ws/install/topic_service_action_rclpy_example/lib/topic_service_action_rclpy_example
[1.041s] 
[1.041s] Installed /home/noh0906/robot_ws/build/topic_service_action_rclpy_example
[1.041s] running symlink_data
[1.072s] Invoked command in '/home/noh0906/robot_ws/build/topic_service_action_rclpy_example' returned '0': PYTHONPATH=/home/noh0906/robot_ws/build/topic_service_action_rclpy_example/prefix_override:/usr/lib/python3/dist-packages/colcon_core/task/python/colcon_distutils_commands:/home/noh0906/robot_ws/install/topic_service_action_rclpy_example/lib/python3.10/site-packages:${PYTHONPATH} /usr/bin/python3 -W ignore:setup.py install is deprecated -W ignore:easy_install command is deprecated setup.py develop --editable --build-directory /home/noh0906/robot_ws/build/topic_service_action_rclpy_example/build --no-deps symlink_data
