[0.020s] Invoking command in '/home/noh0906/robot_ws/build/my_first_package_msgs': CMAKE_PREFIX_PATH=${CMAKE_PREFIX_PATH}:/home/noh0906/turtlebot3_ws/install/turtlebot3_teleop:/home/noh0906/turtlebot3_ws/install/turtlebot3_example:/home/noh0906/turtlebot3_ws/install/turtlebot3_dqn:/home/noh0906/robot_ws/install/turtle_pkg:/home/noh0906/robot_ws/install/ros_time_pkg:/home/noh0906/robot_ws/install/my_move_turtle_pkg:/home/noh0906/robot_ws/install/my_first_ros_rclpy_pkg:/opt/ros/humble /usr/bin/cmake --build /home/noh0906/robot_ws/build/my_first_package_msgs -- -j2 -l2
[0.083s] [ 10%] Built target my_first_package_msgs__rosidl_generator_c
[0.092s] [ 12%] Built target my_first_package_msgs__cpp
[0.135s] [ 14%] Built target ament_cmake_python_symlink_my_first_package_msgs
[0.136s] [ 23%] Built target my_first_package_msgs__rosidl_typesupport_fastrtps_c
[0.174s] [ 34%] Built target my_first_package_msgs__rosidl_typesupport_introspection_c
[0.175s] [ 44%] Built target my_first_package_msgs__rosidl_typesupport_c
[0.222s] [ 57%] Built target my_first_package_msgs__rosidl_typesupport_introspection_cpp
[0.224s] [ 65%] Built target my_first_package_msgs__rosidl_typesupport_fastrtps_cpp
[0.256s] [ 76%] Built target my_first_package_msgs__rosidl_typesupport_cpp
[0.301s] [ 76%] Built target my_first_package_msgs
[0.379s] [ 78%] Built target my_first_package_msgs__py
[0.467s] [ 87%] Built target my_first_package_msgs__rosidl_generator_py
[0.595s] [ 91%] Built target my_first_package_msgs__rosidl_typesupport_fastrtps_c__pyext
[0.682s] [ 95%] Built target my_first_package_msgs__rosidl_typesupport_introspection_c__pyext
[0.727s] [100%] Built target my_first_package_msgs__rosidl_typesupport_c__pyext
[0.807s] running egg_info
[0.811s] writing my_first_package_msgs.egg-info/PKG-INFO
[0.811s] writing dependency_links to my_first_package_msgs.egg-info/dependency_links.txt
[0.811s] writing top-level names to my_first_package_msgs.egg-info/top_level.txt
[0.815s] reading manifest file 'my_first_package_msgs.egg-info/SOURCES.txt'
[0.815s] writing manifest file 'my_first_package_msgs.egg-info/SOURCES.txt'
[0.849s] [100%] Built target ament_cmake_python_build_my_first_package_msgs_egg
