[0.829s] Invoking command in '/home/noh0906/robot_ws/build/my_first_ros_rclpy_pkg': PYTHONPATH=/home/noh0906/robot_ws/build/my_first_ros_rclpy_pkg/prefix_override:/usr/lib/python3/dist-packages/colcon_core/task/python/colcon_distutils_commands:/home/noh0906/robot_ws/install/my_first_ros_rclpy_pkg/lib/python3.10/site-packages:${PYTHONPATH} /usr/bin/python3 -W ignore:setup.py install is deprecated -W ignore:easy_install command is deprecated setup.py develop --editable --build-directory /home/noh0906/robot_ws/build/my_first_ros_rclpy_pkg/build --no-deps symlink_data
[1.088s] running develop
[1.241s] running egg_info
[1.241s] creating my_first_ros_rclpy_pkg.egg-info
[1.243s] writing my_first_ros_rclpy_pkg.egg-info/PKG-INFO
[1.243s] writing dependency_links to my_first_ros_rclpy_pkg.egg-info/dependency_links.txt
[1.243s] writing entry points to my_first_ros_rclpy_pkg.egg-info/entry_points.txt
[1.243s] writing requirements to my_first_ros_rclpy_pkg.egg-info/requires.txt
[1.243s] writing top-level names to my_first_ros_rclpy_pkg.egg-info/top_level.txt
[1.243s] writing manifest file 'my_first_ros_rclpy_pkg.egg-info/SOURCES.txt'
[1.246s] reading manifest file 'my_first_ros_rclpy_pkg.egg-info/SOURCES.txt'
[1.247s] writing manifest file 'my_first_ros_rclpy_pkg.egg-info/SOURCES.txt'
[1.249s] running build_ext
[1.249s] Creating /home/noh0906/robot_ws/install/my_first_ros_rclpy_pkg/lib/python3.10/site-packages/my-first-ros-rclpy-pkg.egg-link (link to .)
[1.250s] Installing helloworld_publisher script to /home/noh0906/robot_ws/install/my_first_ros_rclpy_pkg/lib/my_first_ros_rclpy_pkg
[1.250s] Installing helloworld_subscriber script to /home/noh0906/robot_ws/install/my_first_ros_rclpy_pkg/lib/my_first_ros_rclpy_pkg
[1.250s] 
[1.250s] Installed /home/noh0906/robot_ws/build/my_first_ros_rclpy_pkg
[1.250s] running symlink_data
[1.250s] creating /home/noh0906/robot_ws/install/my_first_ros_rclpy_pkg/share/ament_index
[1.250s] creating /home/noh0906/robot_ws/install/my_first_ros_rclpy_pkg/share/ament_index/resource_index
[1.250s] creating /home/noh0906/robot_ws/install/my_first_ros_rclpy_pkg/share/ament_index/resource_index/packages
[1.251s] symbolically linking /home/noh0906/robot_ws/build/my_first_ros_rclpy_pkg/resource/my_first_ros_rclpy_pkg -> /home/noh0906/robot_ws/install/my_first_ros_rclpy_pkg/share/ament_index/resource_index/packages
[1.251s] symbolically linking /home/noh0906/robot_ws/build/my_first_ros_rclpy_pkg/package.xml -> /home/noh0906/robot_ws/install/my_first_ros_rclpy_pkg/share/my_first_ros_rclpy_pkg
[1.280s] Invoked command in '/home/noh0906/robot_ws/build/my_first_ros_rclpy_pkg' returned '0': PYTHONPATH=/home/noh0906/robot_ws/build/my_first_ros_rclpy_pkg/prefix_override:/usr/lib/python3/dist-packages/colcon_core/task/python/colcon_distutils_commands:/home/noh0906/robot_ws/install/my_first_ros_rclpy_pkg/lib/python3.10/site-packages:${PYTHONPATH} /usr/bin/python3 -W ignore:setup.py install is deprecated -W ignore:easy_install command is deprecated setup.py develop --editable --build-directory /home/noh0906/robot_ws/build/my_first_ros_rclpy_pkg/build --no-deps symlink_data
