running develop
running egg_info
creating my_move_turtle_pkg.egg-info
writing my_move_turtle_pkg.egg-info/PKG-INFO
writing dependency_links to my_move_turtle_pkg.egg-info/dependency_links.txt
writing entry points to my_move_turtle_pkg.egg-info/entry_points.txt
writing requirements to my_move_turtle_pkg.egg-info/requires.txt
writing top-level names to my_move_turtle_pkg.egg-info/top_level.txt
writing manifest file 'my_move_turtle_pkg.egg-info/SOURCES.txt'
reading manifest file 'my_move_turtle_pkg.egg-info/SOURCES.txt'
writing manifest file 'my_move_turtle_pkg.egg-info/SOURCES.txt'
running build_ext
Creating /home/noh0906/robot_ws/install/my_move_turtle_pkg/lib/python3.10/site-packages/my-move-turtle-pkg.egg-link (link to .)
Installing hp script to /home/noh0906/robot_ws/install/my_move_turtle_pkg/lib/my_move_turtle_pkg

Installed /home/noh0906/robot_ws/build/my_move_turtle_pkg
running symlink_data
creating /home/noh0906/robot_ws/install/my_move_turtle_pkg/share/ament_index
creating /home/noh0906/robot_ws/install/my_move_turtle_pkg/share/ament_index/resource_index
creating /home/noh0906/robot_ws/install/my_move_turtle_pkg/share/ament_index/resource_index/packages
symbolically linking /home/noh0906/robot_ws/build/my_move_turtle_pkg/resource/my_move_turtle_pkg -> /home/noh0906/robot_ws/install/my_move_turtle_pkg/share/ament_index/resource_index/packages
symbolically linking /home/noh0906/robot_ws/build/my_move_turtle_pkg/package.xml -> /home/noh0906/robot_ws/install/my_move_turtle_pkg/share/my_move_turtle_pkg
