[0.597s] Invoking command in '/home/noh0906/robot_ws/build/my_move_turtle_pkg': PYTHONPATH=/home/noh0906/robot_ws/build/my_move_turtle_pkg/prefix_override:/usr/lib/python3/dist-packages/colcon_core/task/python/colcon_distutils_commands:/home/noh0906/robot_ws/install/my_move_turtle_pkg/lib/python3.10/site-packages:${PYTHONPATH} /usr/bin/python3 -W ignore:setup.py install is deprecated -W ignore:easy_install command is deprecated setup.py develop --editable --build-directory /home/noh0906/robot_ws/build/my_move_turtle_pkg/build --no-deps symlink_data
[0.833s] running develop
[0.977s] running egg_info
[0.977s] creating my_move_turtle_pkg.egg-info
[0.977s] writing my_move_turtle_pkg.egg-info/PKG-INFO
[0.977s] writing dependency_links to my_move_turtle_pkg.egg-info/dependency_links.txt
[0.977s] writing entry points to my_move_turtle_pkg.egg-info/entry_points.txt
[0.977s] writing requirements to my_move_turtle_pkg.egg-info/requires.txt
[0.977s] writing top-level names to my_move_turtle_pkg.egg-info/top_level.txt
[0.978s] writing manifest file 'my_move_turtle_pkg.egg-info/SOURCES.txt'
[0.978s] reading manifest file 'my_move_turtle_pkg.egg-info/SOURCES.txt'
[0.978s] writing manifest file 'my_move_turtle_pkg.egg-info/SOURCES.txt'
[0.980s] running build_ext
[0.980s] Creating /home/noh0906/robot_ws/install/my_move_turtle_pkg/lib/python3.10/site-packages/my-move-turtle-pkg.egg-link (link to .)
[0.980s] Installing hp script to /home/noh0906/robot_ws/install/my_move_turtle_pkg/lib/my_move_turtle_pkg
[0.981s] 
[0.981s] Installed /home/noh0906/robot_ws/build/my_move_turtle_pkg
[0.981s] running symlink_data
[0.981s] creating /home/noh0906/robot_ws/install/my_move_turtle_pkg/share/ament_index
[0.981s] creating /home/noh0906/robot_ws/install/my_move_turtle_pkg/share/ament_index/resource_index
[0.981s] creating /home/noh0906/robot_ws/install/my_move_turtle_pkg/share/ament_index/resource_index/packages
[0.981s] symbolically linking /home/noh0906/robot_ws/build/my_move_turtle_pkg/resource/my_move_turtle_pkg -> /home/noh0906/robot_ws/install/my_move_turtle_pkg/share/ament_index/resource_index/packages
[0.981s] symbolically linking /home/noh0906/robot_ws/build/my_move_turtle_pkg/package.xml -> /home/noh0906/robot_ws/install/my_move_turtle_pkg/share/my_move_turtle_pkg
[1.015s] Invoked command in '/home/noh0906/robot_ws/build/my_move_turtle_pkg' returned '0': PYTHONPATH=/home/noh0906/robot_ws/build/my_move_turtle_pkg/prefix_override:/usr/lib/python3/dist-packages/colcon_core/task/python/colcon_distutils_commands:/home/noh0906/robot_ws/install/my_move_turtle_pkg/lib/python3.10/site-packages:${PYTHONPATH} /usr/bin/python3 -W ignore:setup.py install is deprecated -W ignore:easy_install command is deprecated setup.py develop --editable --build-directory /home/noh0906/robot_ws/build/my_move_turtle_pkg/build --no-deps symlink_data
